[0.052s] Invoking command in '/home/giovanna/argo_go2_ws/build/unitree_api': CMAKE_PREFIX_PATH=/opt/ros/foxy /usr/bin/cmake --build /home/giovanna/argo_go2_ws/build/unitree_api -- -j16 -l16
[0.094s] -- Found ament_cmake: 0.9.12 (/opt/ros/foxy/share/ament_cmake/cmake)
[0.120s] -- Found PythonInterp: /usr/bin/python3 (found suitable version "3.8.10", minimum required is "3") 
[0.120s] -- Using PYTHON_EXECUTABLE: /usr/bin/python3
[0.347s] -- Override CMake install command with custom implementation using symlinks instead of copying resources
[0.357s] -- Found geometry_msgs: 2.0.5 (/opt/ros/foxy/share/geometry_msgs/cmake)
[0.381s] -- Using all available rosidl_typesupport_c: rosidl_typesupport_fastrtps_c;rosidl_typesupport_introspection_c
[0.384s] -- Found rosidl_adapter: 1.3.1 (/opt/ros/foxy/share/rosidl_adapter/cmake)
[0.586s] -- Using all available rosidl_typesupport_cpp: rosidl_typesupport_fastrtps_cpp;rosidl_typesupport_introspection_cpp
[0.683s] -- Found rosidl_default_generators: 1.0.1 (/opt/ros/foxy/share/rosidl_default_generators/cmake)
[0.730s] -- Found PythonInterp: /usr/bin/python3 (found version "3.8.10") 
[0.940s] -- Found ament_cmake_ros: 0.9.2 (/opt/ros/foxy/share/ament_cmake_ros/cmake)
[1.184s] -- Using all available rosidl_typesupport_c: rosidl_typesupport_fastrtps_c;rosidl_typesupport_introspection_c
[1.291s] -- Using all available rosidl_typesupport_cpp: rosidl_typesupport_fastrtps_cpp;rosidl_typesupport_introspection_cpp
[1.315s] -- Found PythonInterp: /usr/bin/python3 (found suitable version "3.8.10", minimum required is "3.5") 
[1.315s] -- Found python_cmake_module: 0.8.1 (/opt/ros/foxy/share/python_cmake_module/cmake)
[1.339s] -- Using PYTHON_EXECUTABLE: /usr/bin/python3
[1.339s] -- Using PYTHON_INCLUDE_DIRS: /usr/include/python3.8
[1.339s] -- Using PYTHON_LIBRARIES: /usr/lib/x86_64-linux-gnu/libpython3.8.so
[1.387s] -- Found ament_lint_auto: 0.9.8 (/opt/ros/foxy/share/ament_lint_auto/cmake)
[1.399s] -- Added test 'copyright' to check source files copyright and LICENSE
[1.401s] -- Added test 'lint_cmake' to check CMake code style
[1.402s] -- Added test 'xmllint' to check XML markup files
[1.408s] -- Configuring done
[1.478s] -- Generating done
[1.497s] -- Build files have been written to: /home/giovanna/argo_go2_ws/build/unitree_api
[1.550s] [  1%] Built target unitree_api__cpp
[1.553s] [ 12%] Built target unitree_api__rosidl_generator_c
[1.578s] [ 24%] Built target unitree_api__rosidl_typesupport_cpp
[1.581s] [ 35%] Built target unitree_api__rosidl_typesupport_introspection_cpp
[1.581s] [ 58%] Built target unitree_api__rosidl_typesupport_c
[1.581s] [ 58%] Built target unitree_api__rosidl_typesupport_introspection_c
[1.584s] [ 70%] Built target unitree_api__rosidl_typesupport_fastrtps_cpp
[1.616s] [ 81%] Built target unitree_api__rosidl_typesupport_fastrtps_c
[1.639s] [ 81%] Built target unitree_api
[1.665s] [ 82%] Built target unitree_api__py
[1.698s] [ 93%] Built target unitree_api__python
[1.728s] [ 95%] Built target unitree_api__rosidl_typesupport_fastrtps_c__pyext
[1.729s] [ 97%] Built target unitree_api__rosidl_typesupport_introspection_c__pyext
[1.730s] [100%] Built target unitree_api__rosidl_typesupport_c__pyext
[1.746s] Invoked command in '/home/giovanna/argo_go2_ws/build/unitree_api' returned '0': CMAKE_PREFIX_PATH=/opt/ros/foxy /usr/bin/cmake --build /home/giovanna/argo_go2_ws/build/unitree_api -- -j16 -l16
[1.750s] Invoking command in '/home/giovanna/argo_go2_ws/build/unitree_api': CMAKE_PREFIX_PATH=/opt/ros/foxy /usr/bin/cmake --install /home/giovanna/argo_go2_ws/build/unitree_api
[1.761s] -- Install configuration: ""
[1.761s] -- Execute custom install script
[1.762s] -- Up-to-date symlink: /home/giovanna/argo_go2_ws/install/unitree_api/share/ament_index/resource_index/rosidl_interfaces/unitree_api
[1.763s] -- Up-to-date symlink: /home/giovanna/argo_go2_ws/install/unitree_api/include/unitree_api/msg/detail/request__functions.h
[1.763s] -- Up-to-date symlink: /home/giovanna/argo_go2_ws/install/unitree_api/include/unitree_api/msg/detail/request__struct.h
[1.763s] -- Up-to-date symlink: /home/giovanna/argo_go2_ws/install/unitree_api/include/unitree_api/msg/detail/request__type_support.h
[1.763s] -- Up-to-date symlink: /home/giovanna/argo_go2_ws/install/unitree_api/include/unitree_api/msg/detail/request_header__functions.h
[1.763s] -- Up-to-date symlink: /home/giovanna/argo_go2_ws/install/unitree_api/include/unitree_api/msg/detail/request_header__struct.h
[1.763s] -- Up-to-date symlink: /home/giovanna/argo_go2_ws/install/unitree_api/include/unitree_api/msg/detail/request_header__type_support.h
[1.764s] -- Up-to-date symlink: /home/giovanna/argo_go2_ws/install/unitree_api/include/unitree_api/msg/detail/request_identity__functions.h
[1.764s] -- Up-to-date symlink: /home/giovanna/argo_go2_ws/install/unitree_api/include/unitree_api/msg/detail/request_identity__struct.h
[1.765s] -- Up-to-date symlink: /home/giovanna/argo_go2_ws/install/unitree_api/include/unitree_api/msg/detail/request_identity__type_support.h
[1.765s] -- Up-to-date symlink: /home/giovanna/argo_go2_ws/install/unitree_api/include/unitree_api/msg/detail/request_lease__functions.h
[1.765s] -- Up-to-date symlink: /home/giovanna/argo_go2_ws/install/unitree_api/include/unitree_api/msg/detail/request_lease__struct.h
[1.766s] -- Up-to-date symlink: /home/giovanna/argo_go2_ws/install/unitree_api/include/unitree_api/msg/detail/request_lease__type_support.h
[1.766s] -- Up-to-date symlink: /home/giovanna/argo_go2_ws/install/unitree_api/include/unitree_api/msg/detail/request_policy__functions.h
[1.766s] -- Up-to-date symlink: /home/giovanna/argo_go2_ws/install/unitree_api/include/unitree_api/msg/detail/request_policy__struct.h
[1.767s] -- Up-to-date symlink: /home/giovanna/argo_go2_ws/install/unitree_api/include/unitree_api/msg/detail/request_policy__type_support.h
[1.767s] -- Up-to-date symlink: /home/giovanna/argo_go2_ws/install/unitree_api/include/unitree_api/msg/detail/response__functions.h
[1.767s] -- Up-to-date symlink: /home/giovanna/argo_go2_ws/install/unitree_api/include/unitree_api/msg/detail/response__struct.h
[1.767s] -- Up-to-date symlink: /home/giovanna/argo_go2_ws/install/unitree_api/include/unitree_api/msg/detail/response__type_support.h
[1.767s] -- Up-to-date symlink: /home/giovanna/argo_go2_ws/install/unitree_api/include/unitree_api/msg/detail/response_header__functions.h
[1.771s] -- Up-to-date symlink: /home/giovanna/argo_go2_ws/install/unitree_api/include/unitree_api/msg/detail/response_header__struct.h
[1.771s] -- Up-to-date symlink: /home/giovanna/argo_go2_ws/install/unitree_api/include/unitree_api/msg/detail/response_header__type_support.h
[1.771s] -- Up-to-date symlink: /home/giovanna/argo_go2_ws/install/unitree_api/include/unitree_api/msg/detail/response_status__functions.h
[1.771s] -- Up-to-date symlink: /home/giovanna/argo_go2_ws/install/unitree_api/include/unitree_api/msg/detail/response_status__struct.h
[1.772s] -- Up-to-date symlink: /home/giovanna/argo_go2_ws/install/unitree_api/include/unitree_api/msg/detail/response_status__type_support.h
[1.772s] -- Up-to-date symlink: /home/giovanna/argo_go2_ws/install/unitree_api/include/unitree_api/msg/request.h
[1.772s] -- Up-to-date symlink: /home/giovanna/argo_go2_ws/install/unitree_api/include/unitree_api/msg/request_header.h
[1.772s] -- Up-to-date symlink: /home/giovanna/argo_go2_ws/install/unitree_api/include/unitree_api/msg/request_identity.h
[1.772s] -- Up-to-date symlink: /home/giovanna/argo_go2_ws/install/unitree_api/include/unitree_api/msg/request_lease.h
[1.772s] -- Up-to-date symlink: /home/giovanna/argo_go2_ws/install/unitree_api/include/unitree_api/msg/request_policy.h
[1.772s] -- Up-to-date symlink: /home/giovanna/argo_go2_ws/install/unitree_api/include/unitree_api/msg/response.h
[1.772s] -- Up-to-date symlink: /home/giovanna/argo_go2_ws/install/unitree_api/include/unitree_api/msg/response_header.h
[1.772s] -- Up-to-date symlink: /home/giovanna/argo_go2_ws/install/unitree_api/include/unitree_api/msg/response_status.h
[1.772s] -- Up-to-date symlink: /home/giovanna/argo_go2_ws/install/unitree_api/include/unitree_api/msg/rosidl_generator_c__visibility_control.h
[1.773s] -- Up-to-date symlink: /home/giovanna/argo_go2_ws/install/unitree_api/share/unitree_api/environment/library_path.sh
[1.773s] -- Up-to-date symlink: /home/giovanna/argo_go2_ws/install/unitree_api/share/unitree_api/environment/library_path.dsv
[1.774s] -- Up-to-date symlink: /home/giovanna/argo_go2_ws/install/unitree_api/include/unitree_api/msg/detail/request__rosidl_typesupport_fastrtps_c.h
[1.774s] -- Up-to-date symlink: /home/giovanna/argo_go2_ws/install/unitree_api/include/unitree_api/msg/detail/request_header__rosidl_typesupport_fastrtps_c.h
[1.774s] -- Up-to-date symlink: /home/giovanna/argo_go2_ws/install/unitree_api/include/unitree_api/msg/detail/request_identity__rosidl_typesupport_fastrtps_c.h
[1.774s] -- Up-to-date symlink: /home/giovanna/argo_go2_ws/install/unitree_api/include/unitree_api/msg/detail/request_lease__rosidl_typesupport_fastrtps_c.h
[1.774s] -- Up-to-date symlink: /home/giovanna/argo_go2_ws/install/unitree_api/include/unitree_api/msg/detail/request_policy__rosidl_typesupport_fastrtps_c.h
[1.774s] -- Up-to-date symlink: /home/giovanna/argo_go2_ws/install/unitree_api/include/unitree_api/msg/detail/response__rosidl_typesupport_fastrtps_c.h
[1.774s] -- Up-to-date symlink: /home/giovanna/argo_go2_ws/install/unitree_api/include/unitree_api/msg/detail/response_header__rosidl_typesupport_fastrtps_c.h
[1.774s] -- Up-to-date symlink: /home/giovanna/argo_go2_ws/install/unitree_api/include/unitree_api/msg/detail/response_status__rosidl_typesupport_fastrtps_c.h
[1.774s] -- Up-to-date symlink: /home/giovanna/argo_go2_ws/install/unitree_api/include/unitree_api/msg/rosidl_typesupport_fastrtps_c__visibility_control.h
[1.774s] -- Up-to-date symlink: /home/giovanna/argo_go2_ws/install/unitree_api/lib/libunitree_api__rosidl_typesupport_fastrtps_c.so
[1.774s] -- Up-to-date symlink: /home/giovanna/argo_go2_ws/install/unitree_api/include/unitree_api/msg/detail/request__rosidl_typesupport_fastrtps_cpp.hpp
[1.774s] -- Up-to-date symlink: /home/giovanna/argo_go2_ws/install/unitree_api/include/unitree_api/msg/detail/request_header__rosidl_typesupport_fastrtps_cpp.hpp
[1.774s] -- Up-to-date symlink: /home/giovanna/argo_go2_ws/install/unitree_api/include/unitree_api/msg/detail/request_identity__rosidl_typesupport_fastrtps_cpp.hpp
[1.774s] -- Up-to-date symlink: /home/giovanna/argo_go2_ws/install/unitree_api/include/unitree_api/msg/detail/request_lease__rosidl_typesupport_fastrtps_cpp.hpp
[1.775s] -- Up-to-date symlink: /home/giovanna/argo_go2_ws/install/unitree_api/include/unitree_api/msg/detail/request_policy__rosidl_typesupport_fastrtps_cpp.hpp
[1.775s] -- Up-to-date symlink: /home/giovanna/argo_go2_ws/install/unitree_api/include/unitree_api/msg/detail/response__rosidl_typesupport_fastrtps_cpp.hpp
[1.775s] -- Up-to-date symlink: /home/giovanna/argo_go2_ws/install/unitree_api/include/unitree_api/msg/detail/response_header__rosidl_typesupport_fastrtps_cpp.hpp
[1.775s] -- Up-to-date symlink: /home/giovanna/argo_go2_ws/install/unitree_api/include/unitree_api/msg/detail/response_status__rosidl_typesupport_fastrtps_cpp.hpp
[1.775s] -- Up-to-date symlink: /home/giovanna/argo_go2_ws/install/unitree_api/include/unitree_api/msg/rosidl_typesupport_fastrtps_cpp__visibility_control.h
[1.775s] -- Up-to-date symlink: /home/giovanna/argo_go2_ws/install/unitree_api/lib/libunitree_api__rosidl_typesupport_fastrtps_cpp.so
[1.775s] -- Up-to-date symlink: /home/giovanna/argo_go2_ws/install/unitree_api/include/unitree_api/msg/detail/request__rosidl_typesupport_introspection_c.h
[1.776s] -- Up-to-date symlink: /home/giovanna/argo_go2_ws/install/unitree_api/include/unitree_api/msg/detail/request_header__rosidl_typesupport_introspection_c.h
[1.776s] -- Up-to-date symlink: /home/giovanna/argo_go2_ws/install/unitree_api/include/unitree_api/msg/detail/request_identity__rosidl_typesupport_introspection_c.h
[1.776s] -- Up-to-date symlink: /home/giovanna/argo_go2_ws/install/unitree_api/include/unitree_api/msg/detail/request_lease__rosidl_typesupport_introspection_c.h
[1.776s] -- Up-to-date symlink: /home/giovanna/argo_go2_ws/install/unitree_api/include/unitree_api/msg/detail/request_policy__rosidl_typesupport_introspection_c.h
[1.777s] -- Up-to-date symlink: /home/giovanna/argo_go2_ws/install/unitree_api/include/unitree_api/msg/detail/response__rosidl_typesupport_introspection_c.h
[1.777s] -- Up-to-date symlink: /home/giovanna/argo_go2_ws/install/unitree_api/include/unitree_api/msg/detail/response_header__rosidl_typesupport_introspection_c.h
[1.777s] -- Up-to-date symlink: /home/giovanna/argo_go2_ws/install/unitree_api/include/unitree_api/msg/detail/response_status__rosidl_typesupport_introspection_c.h
[1.777s] -- Up-to-date symlink: /home/giovanna/argo_go2_ws/install/unitree_api/include/unitree_api/msg/rosidl_typesupport_introspection_c__visibility_control.h
[1.778s] -- Up-to-date symlink: /home/giovanna/argo_go2_ws/install/unitree_api/include/unitree_api/msg/detail/request__builder.hpp
[1.778s] -- Up-to-date symlink: /home/giovanna/argo_go2_ws/install/unitree_api/include/unitree_api/msg/detail/request__struct.hpp
[1.778s] -- Up-to-date symlink: /home/giovanna/argo_go2_ws/install/unitree_api/include/unitree_api/msg/detail/request__traits.hpp
[1.779s] -- Up-to-date symlink: /home/giovanna/argo_go2_ws/install/unitree_api/include/unitree_api/msg/detail/request__type_support.hpp
[1.779s] -- Up-to-date symlink: /home/giovanna/argo_go2_ws/install/unitree_api/include/unitree_api/msg/detail/request_header__builder.hpp
[1.779s] -- Up-to-date symlink: /home/giovanna/argo_go2_ws/install/unitree_api/include/unitree_api/msg/detail/request_header__struct.hpp
[1.779s] -- Up-to-date symlink: /home/giovanna/argo_go2_ws/install/unitree_api/include/unitree_api/msg/detail/request_header__traits.hpp
[1.779s] -- Up-to-date symlink: /home/giovanna/argo_go2_ws/install/unitree_api/include/unitree_api/msg/detail/request_header__type_support.hpp
[1.779s] -- Up-to-date symlink: /home/giovanna/argo_go2_ws/install/unitree_api/include/unitree_api/msg/detail/request_identity__builder.hpp
[1.780s] -- Up-to-date symlink: /home/giovanna/argo_go2_ws/install/unitree_api/include/unitree_api/msg/detail/request_identity__struct.hpp
[1.780s] -- Up-to-date symlink: /home/giovanna/argo_go2_ws/install/unitree_api/include/unitree_api/msg/detail/request_identity__traits.hpp
[1.780s] -- Up-to-date symlink: /home/giovanna/argo_go2_ws/install/unitree_api/include/unitree_api/msg/detail/request_identity__type_support.hpp
[1.780s] -- Up-to-date symlink: /home/giovanna/argo_go2_ws/install/unitree_api/include/unitree_api/msg/detail/request_lease__builder.hpp
[1.780s] -- Up-to-date symlink: /home/giovanna/argo_go2_ws/install/unitree_api/include/unitree_api/msg/detail/request_lease__struct.hpp
[1.781s] -- Up-to-date symlink: /home/giovanna/argo_go2_ws/install/unitree_api/include/unitree_api/msg/detail/request_lease__traits.hpp
[1.781s] -- Up-to-date symlink: /home/giovanna/argo_go2_ws/install/unitree_api/include/unitree_api/msg/detail/request_lease__type_support.hpp
[1.781s] -- Up-to-date symlink: /home/giovanna/argo_go2_ws/install/unitree_api/include/unitree_api/msg/detail/request_policy__builder.hpp
[1.781s] -- Up-to-date symlink: /home/giovanna/argo_go2_ws/install/unitree_api/include/unitree_api/msg/detail/request_policy__struct.hpp
[1.781s] -- Up-to-date symlink: /home/giovanna/argo_go2_ws/install/unitree_api/include/unitree_api/msg/detail/request_policy__traits.hpp
[1.782s] -- Up-to-date symlink: /home/giovanna/argo_go2_ws/install/unitree_api/include/unitree_api/msg/detail/request_policy__type_support.hpp
[1.782s] -- Up-to-date symlink: /home/giovanna/argo_go2_ws/install/unitree_api/include/unitree_api/msg/detail/response__builder.hpp
[1.782s] -- Up-to-date symlink: /home/giovanna/argo_go2_ws/install/unitree_api/include/unitree_api/msg/detail/response__struct.hpp
[1.782s] -- Up-to-date symlink: /home/giovanna/argo_go2_ws/install/unitree_api/include/unitree_api/msg/detail/response__traits.hpp
[1.782s] -- Up-to-date symlink: /home/giovanna/argo_go2_ws/install/unitree_api/include/unitree_api/msg/detail/response__type_support.hpp
[1.783s] -- Up-to-date symlink: /home/giovanna/argo_go2_ws/install/unitree_api/include/unitree_api/msg/detail/response_header__builder.hpp
[1.783s] -- Up-to-date symlink: /home/giovanna/argo_go2_ws/install/unitree_api/include/unitree_api/msg/detail/response_header__struct.hpp
[1.783s] -- Up-to-date symlink: /home/giovanna/argo_go2_ws/install/unitree_api/include/unitree_api/msg/detail/response_header__traits.hpp
[1.783s] -- Up-to-date symlink: /home/giovanna/argo_go2_ws/install/unitree_api/include/unitree_api/msg/detail/response_header__type_support.hpp
[1.783s] -- Up-to-date symlink: /home/giovanna/argo_go2_ws/install/unitree_api/include/unitree_api/msg/detail/response_status__builder.hpp
[1.783s] -- Up-to-date symlink: /home/giovanna/argo_go2_ws/install/unitree_api/include/unitree_api/msg/detail/response_status__struct.hpp
[1.784s] -- Up-to-date symlink: /home/giovanna/argo_go2_ws/install/unitree_api/include/unitree_api/msg/detail/response_status__traits.hpp
[1.784s] -- Up-to-date symlink: /home/giovanna/argo_go2_ws/install/unitree_api/include/unitree_api/msg/detail/response_status__type_support.hpp
[1.784s] -- Up-to-date symlink: /home/giovanna/argo_go2_ws/install/unitree_api/include/unitree_api/msg/request.hpp
[1.784s] -- Up-to-date symlink: /home/giovanna/argo_go2_ws/install/unitree_api/include/unitree_api/msg/request_header.hpp
[1.784s] -- Up-to-date symlink: /home/giovanna/argo_go2_ws/install/unitree_api/include/unitree_api/msg/request_identity.hpp
[1.785s] -- Up-to-date symlink: /home/giovanna/argo_go2_ws/install/unitree_api/include/unitree_api/msg/request_lease.hpp
[1.785s] -- Up-to-date symlink: /home/giovanna/argo_go2_ws/install/unitree_api/include/unitree_api/msg/request_policy.hpp
[1.785s] -- Up-to-date symlink: /home/giovanna/argo_go2_ws/install/unitree_api/include/unitree_api/msg/response.hpp
[1.785s] -- Up-to-date symlink: /home/giovanna/argo_go2_ws/install/unitree_api/include/unitree_api/msg/response_header.hpp
[1.785s] -- Up-to-date symlink: /home/giovanna/argo_go2_ws/install/unitree_api/include/unitree_api/msg/response_status.hpp
[1.785s] -- Up-to-date symlink: /home/giovanna/argo_go2_ws/install/unitree_api/include/unitree_api/msg/rosidl_generator_cpp__visibility_control.hpp
[1.786s] -- Up-to-date symlink: /home/giovanna/argo_go2_ws/install/unitree_api/include/unitree_api/msg/detail/request__rosidl_typesupport_introspection_cpp.hpp
[1.786s] -- Up-to-date symlink: /home/giovanna/argo_go2_ws/install/unitree_api/include/unitree_api/msg/detail/request_header__rosidl_typesupport_introspection_cpp.hpp
[1.786s] -- Up-to-date symlink: /home/giovanna/argo_go2_ws/install/unitree_api/include/unitree_api/msg/detail/request_identity__rosidl_typesupport_introspection_cpp.hpp
[1.786s] -- Up-to-date symlink: /home/giovanna/argo_go2_ws/install/unitree_api/include/unitree_api/msg/detail/request_lease__rosidl_typesupport_introspection_cpp.hpp
[1.787s] -- Up-to-date symlink: /home/giovanna/argo_go2_ws/install/unitree_api/include/unitree_api/msg/detail/request_policy__rosidl_typesupport_introspection_cpp.hpp
[1.787s] -- Up-to-date symlink: /home/giovanna/argo_go2_ws/install/unitree_api/include/unitree_api/msg/detail/response__rosidl_typesupport_introspection_cpp.hpp
[1.787s] -- Up-to-date symlink: /home/giovanna/argo_go2_ws/install/unitree_api/include/unitree_api/msg/detail/response_header__rosidl_typesupport_introspection_cpp.hpp
[1.787s] -- Up-to-date symlink: /home/giovanna/argo_go2_ws/install/unitree_api/include/unitree_api/msg/detail/response_status__rosidl_typesupport_introspection_cpp.hpp
[1.787s] -- Up-to-date symlink: /home/giovanna/argo_go2_ws/install/unitree_api/share/unitree_api/environment/pythonpath.sh
[1.788s] -- Up-to-date symlink: /home/giovanna/argo_go2_ws/install/unitree_api/share/unitree_api/environment/pythonpath.dsv
[1.788s] -- Up-to-date symlink: /home/giovanna/argo_go2_ws/install/unitree_api/lib/python3.8/site-packages/unitree_api/__init__.py
[1.788s] -- Up-to-date symlink: /home/giovanna/argo_go2_ws/install/unitree_api/lib/python3.8/site-packages/unitree_api/msg/__init__.py
[1.788s] -- Up-to-date symlink: /home/giovanna/argo_go2_ws/install/unitree_api/lib/python3.8/site-packages/unitree_api/msg/_request.py
[1.789s] -- Up-to-date symlink: /home/giovanna/argo_go2_ws/install/unitree_api/lib/python3.8/site-packages/unitree_api/msg/_request_header.py
[1.789s] -- Up-to-date symlink: /home/giovanna/argo_go2_ws/install/unitree_api/lib/python3.8/site-packages/unitree_api/msg/_request_identity.py
[1.789s] -- Up-to-date symlink: /home/giovanna/argo_go2_ws/install/unitree_api/lib/python3.8/site-packages/unitree_api/msg/_request_lease.py
[1.789s] -- Up-to-date symlink: /home/giovanna/argo_go2_ws/install/unitree_api/lib/python3.8/site-packages/unitree_api/msg/_request_policy.py
[1.789s] -- Up-to-date symlink: /home/giovanna/argo_go2_ws/install/unitree_api/lib/python3.8/site-packages/unitree_api/msg/_response.py
[1.789s] -- Up-to-date symlink: /home/giovanna/argo_go2_ws/install/unitree_api/lib/python3.8/site-packages/unitree_api/msg/_response_header.py
[1.790s] -- Up-to-date symlink: /home/giovanna/argo_go2_ws/install/unitree_api/lib/python3.8/site-packages/unitree_api/msg/_response_status.py
[1.790s] -- Up-to-date symlink: /home/giovanna/argo_go2_ws/install/unitree_api/lib/python3.8/site-packages/unitree_api/unitree_api_s__rosidl_typesupport_fastrtps_c.cpython-38-x86_64-linux-gnu.so
[1.790s] -- Up-to-date symlink: /home/giovanna/argo_go2_ws/install/unitree_api/lib/python3.8/site-packages/unitree_api/unitree_api_s__rosidl_typesupport_introspection_c.cpython-38-x86_64-linux-gnu.so
[1.791s] -- Up-to-date symlink: /home/giovanna/argo_go2_ws/install/unitree_api/lib/python3.8/site-packages/unitree_api/unitree_api_s__rosidl_typesupport_c.cpython-38-x86_64-linux-gnu.so
[1.791s] -- Up-to-date symlink: /home/giovanna/argo_go2_ws/install/unitree_api/lib/libunitree_api__python.so
[1.791s] -- Up-to-date symlink: /home/giovanna/argo_go2_ws/install/unitree_api/share/unitree_api/msg/Request.idl
[1.792s] -- Up-to-date symlink: /home/giovanna/argo_go2_ws/install/unitree_api/share/unitree_api/msg/RequestHeader.idl
[1.792s] -- Up-to-date symlink: /home/giovanna/argo_go2_ws/install/unitree_api/share/unitree_api/msg/RequestIdentity.idl
[1.792s] -- Up-to-date symlink: /home/giovanna/argo_go2_ws/install/unitree_api/share/unitree_api/msg/RequestLease.idl
[1.792s] -- Up-to-date symlink: /home/giovanna/argo_go2_ws/install/unitree_api/share/unitree_api/msg/RequestPolicy.idl
[1.793s] -- Up-to-date symlink: /home/giovanna/argo_go2_ws/install/unitree_api/share/unitree_api/msg/Response.idl
[1.793s] -- Up-to-date symlink: /home/giovanna/argo_go2_ws/install/unitree_api/share/unitree_api/msg/ResponseHeader.idl
[1.793s] -- Up-to-date symlink: /home/giovanna/argo_go2_ws/install/unitree_api/share/unitree_api/msg/ResponseStatus.idl
[1.793s] -- Up-to-date symlink: /home/giovanna/argo_go2_ws/install/unitree_api/share/unitree_api/msg/Request.msg
[1.794s] -- Up-to-date symlink: /home/giovanna/argo_go2_ws/install/unitree_api/share/unitree_api/msg/RequestHeader.msg
[1.794s] -- Up-to-date symlink: /home/giovanna/argo_go2_ws/install/unitree_api/share/unitree_api/msg/RequestIdentity.msg
[1.794s] -- Up-to-date symlink: /home/giovanna/argo_go2_ws/install/unitree_api/share/unitree_api/msg/RequestLease.msg
[1.794s] -- Up-to-date symlink: /home/giovanna/argo_go2_ws/install/unitree_api/share/unitree_api/msg/RequestPolicy.msg
[1.794s] -- Up-to-date symlink: /home/giovanna/argo_go2_ws/install/unitree_api/share/unitree_api/msg/Response.msg
[1.795s] -- Up-to-date symlink: /home/giovanna/argo_go2_ws/install/unitree_api/share/unitree_api/msg/ResponseHeader.msg
[1.795s] -- Up-to-date symlink: /home/giovanna/argo_go2_ws/install/unitree_api/share/unitree_api/msg/ResponseStatus.msg
[1.795s] -- Up-to-date symlink: /home/giovanna/argo_go2_ws/install/unitree_api/share/ament_index/resource_index/package_run_dependencies/unitree_api
[1.795s] -- Up-to-date symlink: /home/giovanna/argo_go2_ws/install/unitree_api/share/ament_index/resource_index/parent_prefix_path/unitree_api
[1.796s] -- Up-to-date symlink: /home/giovanna/argo_go2_ws/install/unitree_api/share/unitree_api/environment/ament_prefix_path.sh
[1.796s] -- Up-to-date symlink: /home/giovanna/argo_go2_ws/install/unitree_api/share/unitree_api/environment/ament_prefix_path.dsv
[1.796s] -- Up-to-date symlink: /home/giovanna/argo_go2_ws/install/unitree_api/share/unitree_api/environment/path.sh
[1.796s] -- Up-to-date symlink: /home/giovanna/argo_go2_ws/install/unitree_api/share/unitree_api/environment/path.dsv
[1.797s] -- Up-to-date symlink: /home/giovanna/argo_go2_ws/install/unitree_api/share/unitree_api/local_setup.bash
[1.797s] -- Up-to-date symlink: /home/giovanna/argo_go2_ws/install/unitree_api/share/unitree_api/local_setup.sh
[1.797s] -- Up-to-date symlink: /home/giovanna/argo_go2_ws/install/unitree_api/share/unitree_api/local_setup.zsh
[1.797s] -- Up-to-date symlink: /home/giovanna/argo_go2_ws/install/unitree_api/share/unitree_api/local_setup.dsv
[1.797s] -- Symlinking: /home/giovanna/argo_go2_ws/install/unitree_api/share/unitree_api/package.dsv
[1.805s] -- Up-to-date symlink: /home/giovanna/argo_go2_ws/install/unitree_api/share/ament_index/resource_index/packages/unitree_api
[1.806s] -- Up-to-date symlink: /home/giovanna/argo_go2_ws/install/unitree_api/share/unitree_api/cmake/rosidl_cmake-extras.cmake
[1.806s] -- Up-to-date symlink: /home/giovanna/argo_go2_ws/install/unitree_api/share/unitree_api/cmake/ament_cmake_export_dependencies-extras.cmake
[1.806s] -- Up-to-date symlink: /home/giovanna/argo_go2_ws/install/unitree_api/share/unitree_api/cmake/ament_cmake_export_libraries-extras.cmake
[1.806s] -- Up-to-date symlink: /home/giovanna/argo_go2_ws/install/unitree_api/share/unitree_api/cmake/ament_cmake_export_targets-extras.cmake
[1.807s] -- Up-to-date symlink: /home/giovanna/argo_go2_ws/install/unitree_api/share/unitree_api/cmake/ament_cmake_export_include_directories-extras.cmake
[1.807s] -- Up-to-date symlink: /home/giovanna/argo_go2_ws/install/unitree_api/share/unitree_api/cmake/rosidl_cmake_export_typesupport_libraries-extras.cmake
[1.807s] -- Up-to-date symlink: /home/giovanna/argo_go2_ws/install/unitree_api/share/unitree_api/cmake/rosidl_cmake_export_typesupport_targets-extras.cmake
[1.807s] -- Up-to-date symlink: /home/giovanna/argo_go2_ws/install/unitree_api/share/unitree_api/cmake/unitree_apiConfig.cmake
[1.808s] -- Up-to-date symlink: /home/giovanna/argo_go2_ws/install/unitree_api/share/unitree_api/cmake/unitree_apiConfig-version.cmake
[1.808s] -- Up-to-date symlink: /home/giovanna/argo_go2_ws/install/unitree_api/share/unitree_api/package.xml
[1.808s] -- Up-to-date: /home/giovanna/argo_go2_ws/install/unitree_api/lib/libunitree_api__rosidl_generator_c.so
[1.809s] -- Up-to-date: /home/giovanna/argo_go2_ws/install/unitree_api/lib/libunitree_api__rosidl_typesupport_introspection_c.so
[1.810s] -- Up-to-date: /home/giovanna/argo_go2_ws/install/unitree_api/lib/libunitree_api__rosidl_typesupport_c.so
[1.811s] -- Up-to-date: /home/giovanna/argo_go2_ws/install/unitree_api/lib/libunitree_api__rosidl_typesupport_introspection_cpp.so
[1.811s] -- Up-to-date: /home/giovanna/argo_go2_ws/install/unitree_api/lib/libunitree_api__rosidl_typesupport_cpp.so
[1.855s] Compiling '/home/giovanna/argo_go2_ws/install/unitree_api/lib/python3.8/site-packages/unitree_api/__init__.py'...
[1.862s] -- Up-to-date: /home/giovanna/argo_go2_ws/install/unitree_api/share/unitree_api/cmake/unitree_api__rosidl_generator_cExport.cmake
[1.862s] -- Installing: /home/giovanna/argo_go2_ws/install/unitree_api/share/unitree_api/cmake/unitree_api__rosidl_generator_cExport-noconfig.cmake
[1.863s] -- Up-to-date: /home/giovanna/argo_go2_ws/install/unitree_api/share/unitree_api/cmake/unitree_api__rosidl_typesupport_introspection_cExport.cmake
[1.863s] -- Installing: /home/giovanna/argo_go2_ws/install/unitree_api/share/unitree_api/cmake/unitree_api__rosidl_typesupport_introspection_cExport-noconfig.cmake
[1.863s] -- Up-to-date: /home/giovanna/argo_go2_ws/install/unitree_api/share/unitree_api/cmake/unitree_api__rosidl_typesupport_cExport.cmake
[1.864s] -- Installing: /home/giovanna/argo_go2_ws/install/unitree_api/share/unitree_api/cmake/unitree_api__rosidl_typesupport_cExport-noconfig.cmake
[1.864s] -- Up-to-date: /home/giovanna/argo_go2_ws/install/unitree_api/share/unitree_api/cmake/unitree_api__rosidl_generator_cppExport.cmake
[1.864s] -- Up-to-date: /home/giovanna/argo_go2_ws/install/unitree_api/share/unitree_api/cmake/unitree_api__rosidl_typesupport_introspection_cppExport.cmake
[1.865s] -- Installing: /home/giovanna/argo_go2_ws/install/unitree_api/share/unitree_api/cmake/unitree_api__rosidl_typesupport_introspection_cppExport-noconfig.cmake
[1.865s] -- Up-to-date: /home/giovanna/argo_go2_ws/install/unitree_api/share/unitree_api/cmake/unitree_api__rosidl_typesupport_cppExport.cmake
[1.865s] -- Installing: /home/giovanna/argo_go2_ws/install/unitree_api/share/unitree_api/cmake/unitree_api__rosidl_typesupport_cppExport-noconfig.cmake
[1.875s] Invoked command in '/home/giovanna/argo_go2_ws/build/unitree_api' returned '0': CMAKE_PREFIX_PATH=/opt/ros/foxy /usr/bin/cmake --install /home/giovanna/argo_go2_ws/build/unitree_api
