-- Found ament_cmake: 0.9.12 (/opt/ros/foxy/share/ament_cmake/cmake)
-- Using PYTHON_EXECUTABLE: /usr/bin/python3
-- Override CMake install command with custom implementation using symlinks instead of copying resources
-- Found ament_lint_auto: 0.9.8 (/opt/ros/foxy/share/ament_lint_auto/cmake)
-- Added test 'flake8' to check Python code syntax and style conventions
-- Added test 'lint_cmake' to check CMake code style
-- Added test 'pep257' to check Python code against some of the style conventions in PEP 257
-- Added test 'xmllint' to check XML markup files
-- Configuring done
-- Generating done
-- Build files have been written to: /home/giovanna/argo_go2_ws/build/go2_bringup
-- Install configuration: ""
-- Execute custom install script
-- Up-to-date symlink: /home/giovanna/argo_go2_ws/install/go2_bringup/share/go2_bringup/launch/go2.launch.py
-- Up-to-date symlink: /home/giovanna/argo_go2_ws/install/go2_bringup/share/ament_index/resource_index/package_run_dependencies/go2_bringup
-- Up-to-date symlink: /home/giovanna/argo_go2_ws/install/go2_bringup/share/ament_index/resource_index/parent_prefix_path/go2_bringup
-- Up-to-date symlink: /home/giovanna/argo_go2_ws/install/go2_bringup/share/go2_bringup/environment/ament_prefix_path.sh
-- Up-to-date symlink: /home/giovanna/argo_go2_ws/install/go2_bringup/share/go2_bringup/environment/ament_prefix_path.dsv
-- Up-to-date symlink: /home/giovanna/argo_go2_ws/install/go2_bringup/share/go2_bringup/environment/path.sh
-- Up-to-date symlink: /home/giovanna/argo_go2_ws/install/go2_bringup/share/go2_bringup/environment/path.dsv
-- Up-to-date symlink: /home/giovanna/argo_go2_ws/install/go2_bringup/share/go2_bringup/local_setup.bash
-- Up-to-date symlink: /home/giovanna/argo_go2_ws/install/go2_bringup/share/go2_bringup/local_setup.sh
-- Up-to-date symlink: /home/giovanna/argo_go2_ws/install/go2_bringup/share/go2_bringup/local_setup.zsh
-- Up-to-date symlink: /home/giovanna/argo_go2_ws/install/go2_bringup/share/go2_bringup/local_setup.dsv
-- Symlinking: /home/giovanna/argo_go2_ws/install/go2_bringup/share/go2_bringup/package.dsv
-- Up-to-date symlink: /home/giovanna/argo_go2_ws/install/go2_bringup/share/ament_index/resource_index/packages/go2_bringup
-- Up-to-date symlink: /home/giovanna/argo_go2_ws/install/go2_bringup/share/go2_bringup/cmake/go2_bringupConfig.cmake
-- Up-to-date symlink: /home/giovanna/argo_go2_ws/install/go2_bringup/share/go2_bringup/cmake/go2_bringupConfig-version.cmake
-- Up-to-date symlink: /home/giovanna/argo_go2_ws/install/go2_bringup/share/go2_bringup/package.xml
