[0.022s] Invoking command in '/home/giovanna/argo_go2_ws/build/go2_bringup': AMENT_PREFIX_PATH=/home/giovanna/argo_go2_ws/install/go2_driver:/home/giovanna/argo_go2_ws/install/unitree_go:/home/giovanna/argo_go2_ws/install/unitree_api:/home/giovanna/argo_go2_ws/install/go2_rviz:/home/giovanna/argo_go2_ws/install/go2_interfaces:/home/giovanna/argo_go2_ws/install/go2_description:${AMENT_PREFIX_PATH} CMAKE_PREFIX_PATH=/home/giovanna/argo_go2_ws/install/go2_driver:/home/giovanna/argo_go2_ws/install/unitree_go:/home/giovanna/argo_go2_ws/install/unitree_api:/home/giovanna/argo_go2_ws/install/go2_rviz:/home/giovanna/argo_go2_ws/install/go2_interfaces:/home/giovanna/argo_go2_ws/install/go2_description:/opt/ros/foxy LD_LIBRARY_PATH=/home/giovanna/argo_go2_ws/install/go2_driver/lib:/home/giovanna/argo_go2_ws/install/unitree_go/lib:/home/giovanna/argo_go2_ws/install/unitree_api/lib:/home/giovanna/argo_go2_ws/install/go2_interfaces/lib:${LD_LIBRARY_PATH} PYTHONPATH=/home/giovanna/argo_go2_ws/install/unitree_go/lib/python3.8/site-packages:/home/giovanna/argo_go2_ws/install/unitree_api/lib/python3.8/site-packages:/home/giovanna/argo_go2_ws/install/go2_interfaces/lib/python3.8/site-packages:${PYTHONPATH} /usr/bin/cmake --build /home/giovanna/argo_go2_ws/build/go2_bringup -- -j16 -l16
[0.048s] -- Found ament_cmake: 0.9.12 (/opt/ros/foxy/share/ament_cmake/cmake)
[0.070s] -- Using PYTHON_EXECUTABLE: /usr/bin/python3
[0.217s] -- Override CMake install command with custom implementation using symlinks instead of copying resources
[0.225s] -- Found ament_lint_auto: 0.9.8 (/opt/ros/foxy/share/ament_lint_auto/cmake)
[0.286s] -- Added test 'flake8' to check Python code syntax and style conventions
[0.287s] -- Added test 'lint_cmake' to check CMake code style
[0.287s] -- Added test 'pep257' to check Python code against some of the style conventions in PEP 257
[0.288s] -- Added test 'xmllint' to check XML markup files
[0.290s] -- Configuring done
[0.293s] -- Generating done
[0.295s] -- Build files have been written to: /home/giovanna/argo_go2_ws/build/go2_bringup
[0.319s] Invoked command in '/home/giovanna/argo_go2_ws/build/go2_bringup' returned '0': AMENT_PREFIX_PATH=/home/giovanna/argo_go2_ws/install/go2_driver:/home/giovanna/argo_go2_ws/install/unitree_go:/home/giovanna/argo_go2_ws/install/unitree_api:/home/giovanna/argo_go2_ws/install/go2_rviz:/home/giovanna/argo_go2_ws/install/go2_interfaces:/home/giovanna/argo_go2_ws/install/go2_description:${AMENT_PREFIX_PATH} CMAKE_PREFIX_PATH=/home/giovanna/argo_go2_ws/install/go2_driver:/home/giovanna/argo_go2_ws/install/unitree_go:/home/giovanna/argo_go2_ws/install/unitree_api:/home/giovanna/argo_go2_ws/install/go2_rviz:/home/giovanna/argo_go2_ws/install/go2_interfaces:/home/giovanna/argo_go2_ws/install/go2_description:/opt/ros/foxy LD_LIBRARY_PATH=/home/giovanna/argo_go2_ws/install/go2_driver/lib:/home/giovanna/argo_go2_ws/install/unitree_go/lib:/home/giovanna/argo_go2_ws/install/unitree_api/lib:/home/giovanna/argo_go2_ws/install/go2_interfaces/lib:${LD_LIBRARY_PATH} PYTHONPATH=/home/giovanna/argo_go2_ws/install/unitree_go/lib/python3.8/site-packages:/home/giovanna/argo_go2_ws/install/unitree_api/lib/python3.8/site-packages:/home/giovanna/argo_go2_ws/install/go2_interfaces/lib/python3.8/site-packages:${PYTHONPATH} /usr/bin/cmake --build /home/giovanna/argo_go2_ws/build/go2_bringup -- -j16 -l16
[0.323s] Invoking command in '/home/giovanna/argo_go2_ws/build/go2_bringup': AMENT_PREFIX_PATH=/home/giovanna/argo_go2_ws/install/go2_driver:/home/giovanna/argo_go2_ws/install/unitree_go:/home/giovanna/argo_go2_ws/install/unitree_api:/home/giovanna/argo_go2_ws/install/go2_rviz:/home/giovanna/argo_go2_ws/install/go2_interfaces:/home/giovanna/argo_go2_ws/install/go2_description:${AMENT_PREFIX_PATH} CMAKE_PREFIX_PATH=/home/giovanna/argo_go2_ws/install/go2_driver:/home/giovanna/argo_go2_ws/install/unitree_go:/home/giovanna/argo_go2_ws/install/unitree_api:/home/giovanna/argo_go2_ws/install/go2_rviz:/home/giovanna/argo_go2_ws/install/go2_interfaces:/home/giovanna/argo_go2_ws/install/go2_description:/opt/ros/foxy LD_LIBRARY_PATH=/home/giovanna/argo_go2_ws/install/go2_driver/lib:/home/giovanna/argo_go2_ws/install/unitree_go/lib:/home/giovanna/argo_go2_ws/install/unitree_api/lib:/home/giovanna/argo_go2_ws/install/go2_interfaces/lib:${LD_LIBRARY_PATH} PYTHONPATH=/home/giovanna/argo_go2_ws/install/unitree_go/lib/python3.8/site-packages:/home/giovanna/argo_go2_ws/install/unitree_api/lib/python3.8/site-packages:/home/giovanna/argo_go2_ws/install/go2_interfaces/lib/python3.8/site-packages:${PYTHONPATH} /usr/bin/cmake --install /home/giovanna/argo_go2_ws/build/go2_bringup
[0.331s] -- Install configuration: ""
[0.332s] -- Execute custom install script
[0.332s] -- Up-to-date symlink: /home/giovanna/argo_go2_ws/install/go2_bringup/share/go2_bringup/launch/go2.launch.py
[0.333s] -- Up-to-date symlink: /home/giovanna/argo_go2_ws/install/go2_bringup/share/ament_index/resource_index/package_run_dependencies/go2_bringup
[0.333s] -- Up-to-date symlink: /home/giovanna/argo_go2_ws/install/go2_bringup/share/ament_index/resource_index/parent_prefix_path/go2_bringup
[0.333s] -- Up-to-date symlink: /home/giovanna/argo_go2_ws/install/go2_bringup/share/go2_bringup/environment/ament_prefix_path.sh
[0.334s] -- Up-to-date symlink: /home/giovanna/argo_go2_ws/install/go2_bringup/share/go2_bringup/environment/ament_prefix_path.dsv
[0.334s] -- Up-to-date symlink: /home/giovanna/argo_go2_ws/install/go2_bringup/share/go2_bringup/environment/path.sh
[0.334s] -- Up-to-date symlink: /home/giovanna/argo_go2_ws/install/go2_bringup/share/go2_bringup/environment/path.dsv
[0.334s] -- Up-to-date symlink: /home/giovanna/argo_go2_ws/install/go2_bringup/share/go2_bringup/local_setup.bash
[0.335s] -- Up-to-date symlink: /home/giovanna/argo_go2_ws/install/go2_bringup/share/go2_bringup/local_setup.sh
[0.335s] -- Up-to-date symlink: /home/giovanna/argo_go2_ws/install/go2_bringup/share/go2_bringup/local_setup.zsh
[0.335s] -- Up-to-date symlink: /home/giovanna/argo_go2_ws/install/go2_bringup/share/go2_bringup/local_setup.dsv
[0.335s] -- Symlinking: /home/giovanna/argo_go2_ws/install/go2_bringup/share/go2_bringup/package.dsv
[0.346s] -- Up-to-date symlink: /home/giovanna/argo_go2_ws/install/go2_bringup/share/ament_index/resource_index/packages/go2_bringup
[0.346s] -- Up-to-date symlink: /home/giovanna/argo_go2_ws/install/go2_bringup/share/go2_bringup/cmake/go2_bringupConfig.cmake
[0.346s] -- Up-to-date symlink: /home/giovanna/argo_go2_ws/install/go2_bringup/share/go2_bringup/cmake/go2_bringupConfig-version.cmake
[0.347s] -- Up-to-date symlink: /home/giovanna/argo_go2_ws/install/go2_bringup/share/go2_bringup/package.xml
[0.350s] Invoked command in '/home/giovanna/argo_go2_ws/build/go2_bringup' returned '0': AMENT_PREFIX_PATH=/home/giovanna/argo_go2_ws/install/go2_driver:/home/giovanna/argo_go2_ws/install/unitree_go:/home/giovanna/argo_go2_ws/install/unitree_api:/home/giovanna/argo_go2_ws/install/go2_rviz:/home/giovanna/argo_go2_ws/install/go2_interfaces:/home/giovanna/argo_go2_ws/install/go2_description:${AMENT_PREFIX_PATH} CMAKE_PREFIX_PATH=/home/giovanna/argo_go2_ws/install/go2_driver:/home/giovanna/argo_go2_ws/install/unitree_go:/home/giovanna/argo_go2_ws/install/unitree_api:/home/giovanna/argo_go2_ws/install/go2_rviz:/home/giovanna/argo_go2_ws/install/go2_interfaces:/home/giovanna/argo_go2_ws/install/go2_description:/opt/ros/foxy LD_LIBRARY_PATH=/home/giovanna/argo_go2_ws/install/go2_driver/lib:/home/giovanna/argo_go2_ws/install/unitree_go/lib:/home/giovanna/argo_go2_ws/install/unitree_api/lib:/home/giovanna/argo_go2_ws/install/go2_interfaces/lib:${LD_LIBRARY_PATH} PYTHONPATH=/home/giovanna/argo_go2_ws/install/unitree_go/lib/python3.8/site-packages:/home/giovanna/argo_go2_ws/install/unitree_api/lib/python3.8/site-packages:/home/giovanna/argo_go2_ws/install/go2_interfaces/lib/python3.8/site-packages:${PYTHONPATH} /usr/bin/cmake --install /home/giovanna/argo_go2_ws/build/go2_bringup
