[0.057s] Invoking command in '/home/giovanna/argo_go2_ws/build/go2_hardware': CMAKE_PREFIX_PATH=/opt/ros/foxy /usr/bin/cmake --build /home/giovanna/argo_go2_ws/build/go2_hardware -- -j16 -l16
[0.086s] -- Found ament_cmake: 0.9.12 (/opt/ros/foxy/share/ament_cmake/cmake)
[0.112s] -- Using PYTHON_EXECUTABLE: /usr/bin/python3
[0.332s] -- Override CMake install command with custom implementation using symlinks instead of copying resources
[0.344s] -- Found ament_lint_auto: 0.9.8 (/opt/ros/foxy/share/ament_lint_auto/cmake)
[0.438s] -- Added test 'lint_cmake' to check CMake code style
[0.439s] -- Added test 'xmllint' to check XML markup files
[0.442s] -- Configuring done
[0.444s] -- Generating done
[0.447s] -- Build files have been written to: /home/giovanna/argo_go2_ws/build/go2_hardware
[0.485s] Invoked command in '/home/giovanna/argo_go2_ws/build/go2_hardware' returned '0': CMAKE_PREFIX_PATH=/opt/ros/foxy /usr/bin/cmake --build /home/giovanna/argo_go2_ws/build/go2_hardware -- -j16 -l16
[0.489s] Invoking command in '/home/giovanna/argo_go2_ws/build/go2_hardware': CMAKE_PREFIX_PATH=/opt/ros/foxy /usr/bin/cmake --install /home/giovanna/argo_go2_ws/build/go2_hardware
[0.499s] -- Install configuration: ""
[0.499s] -- Execute custom install script
[0.500s] -- Up-to-date symlink: /home/giovanna/argo_go2_ws/install/go2_hardware/share/ament_index/resource_index/package_run_dependencies/go2_hardware
[0.502s] -- Up-to-date symlink: /home/giovanna/argo_go2_ws/install/go2_hardware/share/ament_index/resource_index/parent_prefix_path/go2_hardware
[0.502s] -- Up-to-date symlink: /home/giovanna/argo_go2_ws/install/go2_hardware/share/go2_hardware/environment/ament_prefix_path.sh
[0.503s] -- Up-to-date symlink: /home/giovanna/argo_go2_ws/install/go2_hardware/share/go2_hardware/environment/ament_prefix_path.dsv
[0.503s] -- Up-to-date symlink: /home/giovanna/argo_go2_ws/install/go2_hardware/share/go2_hardware/environment/path.sh
[0.503s] -- Up-to-date symlink: /home/giovanna/argo_go2_ws/install/go2_hardware/share/go2_hardware/environment/path.dsv
[0.504s] -- Up-to-date symlink: /home/giovanna/argo_go2_ws/install/go2_hardware/share/go2_hardware/local_setup.bash
[0.504s] -- Up-to-date symlink: /home/giovanna/argo_go2_ws/install/go2_hardware/share/go2_hardware/local_setup.sh
[0.505s] -- Up-to-date symlink: /home/giovanna/argo_go2_ws/install/go2_hardware/share/go2_hardware/local_setup.zsh
[0.505s] -- Up-to-date symlink: /home/giovanna/argo_go2_ws/install/go2_hardware/share/go2_hardware/local_setup.dsv
[0.505s] -- Symlinking: /home/giovanna/argo_go2_ws/install/go2_hardware/share/go2_hardware/package.dsv
[0.514s] -- Up-to-date symlink: /home/giovanna/argo_go2_ws/install/go2_hardware/share/ament_index/resource_index/packages/go2_hardware
[0.515s] -- Up-to-date symlink: /home/giovanna/argo_go2_ws/install/go2_hardware/share/go2_hardware/cmake/go2_hardwareConfig.cmake
[0.515s] -- Up-to-date symlink: /home/giovanna/argo_go2_ws/install/go2_hardware/share/go2_hardware/cmake/go2_hardwareConfig-version.cmake
[0.517s] -- Up-to-date symlink: /home/giovanna/argo_go2_ws/install/go2_hardware/share/go2_hardware/package.xml
[0.553s] Invoked command in '/home/giovanna/argo_go2_ws/build/go2_hardware' returned '0': CMAKE_PREFIX_PATH=/opt/ros/foxy /usr/bin/cmake --install /home/giovanna/argo_go2_ws/build/go2_hardware
