[0.054s] Invoking command in '/home/giovanna/argo_go2_ws/build/unitree_api': CMAKE_PREFIX_PATH=/opt/ros/foxy /usr/bin/cmake --build /home/giovanna/argo_go2_ws/build/unitree_api -- -j16 -l16
[0.145s] [  1%] Built target unitree_api__cpp
[0.146s] [ 12%] Built target unitree_api__rosidl_generator_c
[0.209s] [ 24%] Built target unitree_api__rosidl_typesupport_fastrtps_cpp
[0.215s] [ 35%] Built target unitree_api__rosidl_typesupport_introspection_c
[0.217s] [ 47%] Built target unitree_api__rosidl_typesupport_cpp
[0.239s] [ 68%] Built target unitree_api__rosidl_typesupport_introspection_cpp
[0.240s] [ 70%] Built target unitree_api__rosidl_typesupport_c
[0.264s] [ 81%] Built target unitree_api__rosidl_typesupport_fastrtps_c
[0.292s] [ 81%] Built target unitree_api
[0.317s] [ 82%] Built target unitree_api__py
[0.353s] [ 93%] Built target unitree_api__python
[0.389s] [ 95%] Built target unitree_api__rosidl_typesupport_introspection_c__pyext
[0.398s] [100%] Built target unitree_api__rosidl_typesupport_c__pyext
[0.398s] [100%] Built target unitree_api__rosidl_typesupport_fastrtps_c__pyext
[0.417s] Invoked command in '/home/giovanna/argo_go2_ws/build/unitree_api' returned '0': CMAKE_PREFIX_PATH=/opt/ros/foxy /usr/bin/cmake --build /home/giovanna/argo_go2_ws/build/unitree_api -- -j16 -l16
[0.422s] Invoking command in '/home/giovanna/argo_go2_ws/build/unitree_api': CMAKE_PREFIX_PATH=/opt/ros/foxy /usr/bin/cmake --install /home/giovanna/argo_go2_ws/build/unitree_api
[0.442s] -- Install configuration: ""
[0.443s] -- Execute custom install script
[0.443s] -- Up-to-date symlink: /home/giovanna/argo_go2_ws/install/unitree_api/share/ament_index/resource_index/rosidl_interfaces/unitree_api
[0.444s] -- Up-to-date symlink: /home/giovanna/argo_go2_ws/install/unitree_api/include/unitree_api/msg/detail/request__functions.h
[0.444s] -- Up-to-date symlink: /home/giovanna/argo_go2_ws/install/unitree_api/include/unitree_api/msg/detail/request__struct.h
[0.444s] -- Up-to-date symlink: /home/giovanna/argo_go2_ws/install/unitree_api/include/unitree_api/msg/detail/request__type_support.h
[0.444s] -- Up-to-date symlink: /home/giovanna/argo_go2_ws/install/unitree_api/include/unitree_api/msg/detail/request_header__functions.h
[0.444s] -- Up-to-date symlink: /home/giovanna/argo_go2_ws/install/unitree_api/include/unitree_api/msg/detail/request_header__struct.h
[0.444s] -- Up-to-date symlink: /home/giovanna/argo_go2_ws/install/unitree_api/include/unitree_api/msg/detail/request_header__type_support.h
[0.444s] -- Up-to-date symlink: /home/giovanna/argo_go2_ws/install/unitree_api/include/unitree_api/msg/detail/request_identity__functions.h
[0.445s] -- Up-to-date symlink: /home/giovanna/argo_go2_ws/install/unitree_api/include/unitree_api/msg/detail/request_identity__struct.h
[0.445s] -- Up-to-date symlink: /home/giovanna/argo_go2_ws/install/unitree_api/include/unitree_api/msg/detail/request_identity__type_support.h
[0.445s] -- Up-to-date symlink: /home/giovanna/argo_go2_ws/install/unitree_api/include/unitree_api/msg/detail/request_lease__functions.h
[0.445s] -- Up-to-date symlink: /home/giovanna/argo_go2_ws/install/unitree_api/include/unitree_api/msg/detail/request_lease__struct.h
[0.446s] -- Up-to-date symlink: /home/giovanna/argo_go2_ws/install/unitree_api/include/unitree_api/msg/detail/request_lease__type_support.h
[0.446s] -- Up-to-date symlink: /home/giovanna/argo_go2_ws/install/unitree_api/include/unitree_api/msg/detail/request_policy__functions.h
[0.446s] -- Up-to-date symlink: /home/giovanna/argo_go2_ws/install/unitree_api/include/unitree_api/msg/detail/request_policy__struct.h
[0.446s] -- Up-to-date symlink: /home/giovanna/argo_go2_ws/install/unitree_api/include/unitree_api/msg/detail/request_policy__type_support.h
[0.446s] -- Up-to-date symlink: /home/giovanna/argo_go2_ws/install/unitree_api/include/unitree_api/msg/detail/response__functions.h
[0.446s] -- Up-to-date symlink: /home/giovanna/argo_go2_ws/install/unitree_api/include/unitree_api/msg/detail/response__struct.h
[0.447s] -- Up-to-date symlink: /home/giovanna/argo_go2_ws/install/unitree_api/include/unitree_api/msg/detail/response__type_support.h
[0.447s] -- Up-to-date symlink: /home/giovanna/argo_go2_ws/install/unitree_api/include/unitree_api/msg/detail/response_header__functions.h
[0.447s] -- Up-to-date symlink: /home/giovanna/argo_go2_ws/install/unitree_api/include/unitree_api/msg/detail/response_header__struct.h
[0.447s] -- Up-to-date symlink: /home/giovanna/argo_go2_ws/install/unitree_api/include/unitree_api/msg/detail/response_header__type_support.h
[0.447s] -- Up-to-date symlink: /home/giovanna/argo_go2_ws/install/unitree_api/include/unitree_api/msg/detail/response_status__functions.h
[0.448s] -- Up-to-date symlink: /home/giovanna/argo_go2_ws/install/unitree_api/include/unitree_api/msg/detail/response_status__struct.h
[0.448s] -- Up-to-date symlink: /home/giovanna/argo_go2_ws/install/unitree_api/include/unitree_api/msg/detail/response_status__type_support.h
[0.449s] -- Up-to-date symlink: /home/giovanna/argo_go2_ws/install/unitree_api/include/unitree_api/msg/request.h
[0.450s] -- Up-to-date symlink: /home/giovanna/argo_go2_ws/install/unitree_api/include/unitree_api/msg/request_header.h
[0.450s] -- Up-to-date symlink: /home/giovanna/argo_go2_ws/install/unitree_api/include/unitree_api/msg/request_identity.h
[0.451s] -- Up-to-date symlink: /home/giovanna/argo_go2_ws/install/unitree_api/include/unitree_api/msg/request_lease.h
[0.454s] -- Up-to-date symlink: /home/giovanna/argo_go2_ws/install/unitree_api/include/unitree_api/msg/request_policy.h
[0.456s] -- Up-to-date symlink: /home/giovanna/argo_go2_ws/install/unitree_api/include/unitree_api/msg/response.h
[0.456s] -- Up-to-date symlink: /home/giovanna/argo_go2_ws/install/unitree_api/include/unitree_api/msg/response_header.h
[0.456s] -- Up-to-date symlink: /home/giovanna/argo_go2_ws/install/unitree_api/include/unitree_api/msg/response_status.h
[0.456s] -- Up-to-date symlink: /home/giovanna/argo_go2_ws/install/unitree_api/include/unitree_api/msg/rosidl_generator_c__visibility_control.h
[0.459s] -- Up-to-date symlink: /home/giovanna/argo_go2_ws/install/unitree_api/share/unitree_api/environment/library_path.sh
[0.459s] -- Up-to-date symlink: /home/giovanna/argo_go2_ws/install/unitree_api/share/unitree_api/environment/library_path.dsv
[0.460s] -- Up-to-date symlink: /home/giovanna/argo_go2_ws/install/unitree_api/include/unitree_api/msg/detail/request__rosidl_typesupport_fastrtps_c.h
[0.461s] -- Up-to-date symlink: /home/giovanna/argo_go2_ws/install/unitree_api/include/unitree_api/msg/detail/request_header__rosidl_typesupport_fastrtps_c.h
[0.461s] -- Up-to-date symlink: /home/giovanna/argo_go2_ws/install/unitree_api/include/unitree_api/msg/detail/request_identity__rosidl_typesupport_fastrtps_c.h
[0.461s] -- Up-to-date symlink: /home/giovanna/argo_go2_ws/install/unitree_api/include/unitree_api/msg/detail/request_lease__rosidl_typesupport_fastrtps_c.h
[0.461s] -- Up-to-date symlink: /home/giovanna/argo_go2_ws/install/unitree_api/include/unitree_api/msg/detail/request_policy__rosidl_typesupport_fastrtps_c.h
[0.464s] -- Up-to-date symlink: /home/giovanna/argo_go2_ws/install/unitree_api/include/unitree_api/msg/detail/response__rosidl_typesupport_fastrtps_c.h
[0.464s] -- Up-to-date symlink: /home/giovanna/argo_go2_ws/install/unitree_api/include/unitree_api/msg/detail/response_header__rosidl_typesupport_fastrtps_c.h
[0.464s] -- Up-to-date symlink: /home/giovanna/argo_go2_ws/install/unitree_api/include/unitree_api/msg/detail/response_status__rosidl_typesupport_fastrtps_c.h
[0.464s] -- Up-to-date symlink: /home/giovanna/argo_go2_ws/install/unitree_api/include/unitree_api/msg/rosidl_typesupport_fastrtps_c__visibility_control.h
[0.464s] -- Up-to-date symlink: /home/giovanna/argo_go2_ws/install/unitree_api/lib/libunitree_api__rosidl_typesupport_fastrtps_c.so
[0.465s] -- Up-to-date symlink: /home/giovanna/argo_go2_ws/install/unitree_api/include/unitree_api/msg/detail/request__rosidl_typesupport_fastrtps_cpp.hpp
[0.466s] -- Up-to-date symlink: /home/giovanna/argo_go2_ws/install/unitree_api/include/unitree_api/msg/detail/request_header__rosidl_typesupport_fastrtps_cpp.hpp
[0.466s] -- Up-to-date symlink: /home/giovanna/argo_go2_ws/install/unitree_api/include/unitree_api/msg/detail/request_identity__rosidl_typesupport_fastrtps_cpp.hpp
[0.467s] -- Up-to-date symlink: /home/giovanna/argo_go2_ws/install/unitree_api/include/unitree_api/msg/detail/request_lease__rosidl_typesupport_fastrtps_cpp.hpp
[0.468s] -- Up-to-date symlink: /home/giovanna/argo_go2_ws/install/unitree_api/include/unitree_api/msg/detail/request_policy__rosidl_typesupport_fastrtps_cpp.hpp
[0.468s] -- Up-to-date symlink: /home/giovanna/argo_go2_ws/install/unitree_api/include/unitree_api/msg/detail/response__rosidl_typesupport_fastrtps_cpp.hpp
[0.468s] -- Up-to-date symlink: /home/giovanna/argo_go2_ws/install/unitree_api/include/unitree_api/msg/detail/response_header__rosidl_typesupport_fastrtps_cpp.hpp
[0.469s] -- Up-to-date symlink: /home/giovanna/argo_go2_ws/install/unitree_api/include/unitree_api/msg/detail/response_status__rosidl_typesupport_fastrtps_cpp.hpp
[0.470s] -- Up-to-date symlink: /home/giovanna/argo_go2_ws/install/unitree_api/include/unitree_api/msg/rosidl_typesupport_fastrtps_cpp__visibility_control.h
[0.471s] -- Up-to-date symlink: /home/giovanna/argo_go2_ws/install/unitree_api/lib/libunitree_api__rosidl_typesupport_fastrtps_cpp.so
[0.471s] -- Up-to-date symlink: /home/giovanna/argo_go2_ws/install/unitree_api/include/unitree_api/msg/detail/request__rosidl_typesupport_introspection_c.h
[0.473s] -- Up-to-date symlink: /home/giovanna/argo_go2_ws/install/unitree_api/include/unitree_api/msg/detail/request_header__rosidl_typesupport_introspection_c.h
[0.473s] -- Up-to-date symlink: /home/giovanna/argo_go2_ws/install/unitree_api/include/unitree_api/msg/detail/request_identity__rosidl_typesupport_introspection_c.h
[0.474s] -- Up-to-date symlink: /home/giovanna/argo_go2_ws/install/unitree_api/include/unitree_api/msg/detail/request_lease__rosidl_typesupport_introspection_c.h
[0.475s] -- Up-to-date symlink: /home/giovanna/argo_go2_ws/install/unitree_api/include/unitree_api/msg/detail/request_policy__rosidl_typesupport_introspection_c.h
[0.480s] -- Up-to-date symlink: /home/giovanna/argo_go2_ws/install/unitree_api/include/unitree_api/msg/detail/response__rosidl_typesupport_introspection_c.h
[0.481s] -- Up-to-date symlink: /home/giovanna/argo_go2_ws/install/unitree_api/include/unitree_api/msg/detail/response_header__rosidl_typesupport_introspection_c.h
[0.481s] -- Up-to-date symlink: /home/giovanna/argo_go2_ws/install/unitree_api/include/unitree_api/msg/detail/response_status__rosidl_typesupport_introspection_c.h
[0.481s] -- Up-to-date symlink: /home/giovanna/argo_go2_ws/install/unitree_api/include/unitree_api/msg/rosidl_typesupport_introspection_c__visibility_control.h
[0.484s] -- Up-to-date symlink: /home/giovanna/argo_go2_ws/install/unitree_api/include/unitree_api/msg/detail/request__builder.hpp
[0.484s] -- Up-to-date symlink: /home/giovanna/argo_go2_ws/install/unitree_api/include/unitree_api/msg/detail/request__struct.hpp
[0.484s] -- Up-to-date symlink: /home/giovanna/argo_go2_ws/install/unitree_api/include/unitree_api/msg/detail/request__traits.hpp
[0.486s] -- Up-to-date symlink: /home/giovanna/argo_go2_ws/install/unitree_api/include/unitree_api/msg/detail/request__type_support.hpp
[0.486s] -- Up-to-date symlink: /home/giovanna/argo_go2_ws/install/unitree_api/include/unitree_api/msg/detail/request_header__builder.hpp
[0.487s] -- Up-to-date symlink: /home/giovanna/argo_go2_ws/install/unitree_api/include/unitree_api/msg/detail/request_header__struct.hpp
[0.487s] -- Up-to-date symlink: /home/giovanna/argo_go2_ws/install/unitree_api/include/unitree_api/msg/detail/request_header__traits.hpp
[0.490s] -- Up-to-date symlink: /home/giovanna/argo_go2_ws/install/unitree_api/include/unitree_api/msg/detail/request_header__type_support.hpp
[0.490s] -- Up-to-date symlink: /home/giovanna/argo_go2_ws/install/unitree_api/include/unitree_api/msg/detail/request_identity__builder.hpp
[0.492s] -- Up-to-date symlink: /home/giovanna/argo_go2_ws/install/unitree_api/include/unitree_api/msg/detail/request_identity__struct.hpp
[0.492s] -- Up-to-date symlink: /home/giovanna/argo_go2_ws/install/unitree_api/include/unitree_api/msg/detail/request_identity__traits.hpp
[0.492s] -- Up-to-date symlink: /home/giovanna/argo_go2_ws/install/unitree_api/include/unitree_api/msg/detail/request_identity__type_support.hpp
[0.493s] -- Up-to-date symlink: /home/giovanna/argo_go2_ws/install/unitree_api/include/unitree_api/msg/detail/request_lease__builder.hpp
[0.494s] -- Up-to-date symlink: /home/giovanna/argo_go2_ws/install/unitree_api/include/unitree_api/msg/detail/request_lease__struct.hpp
[0.494s] -- Up-to-date symlink: /home/giovanna/argo_go2_ws/install/unitree_api/include/unitree_api/msg/detail/request_lease__traits.hpp
[0.495s] -- Up-to-date symlink: /home/giovanna/argo_go2_ws/install/unitree_api/include/unitree_api/msg/detail/request_lease__type_support.hpp
[0.495s] -- Up-to-date symlink: /home/giovanna/argo_go2_ws/install/unitree_api/include/unitree_api/msg/detail/request_policy__builder.hpp
[0.496s] -- Up-to-date symlink: /home/giovanna/argo_go2_ws/install/unitree_api/include/unitree_api/msg/detail/request_policy__struct.hpp
[0.496s] -- Up-to-date symlink: /home/giovanna/argo_go2_ws/install/unitree_api/include/unitree_api/msg/detail/request_policy__traits.hpp
[0.496s] -- Up-to-date symlink: /home/giovanna/argo_go2_ws/install/unitree_api/include/unitree_api/msg/detail/request_policy__type_support.hpp
[0.497s] -- Up-to-date symlink: /home/giovanna/argo_go2_ws/install/unitree_api/include/unitree_api/msg/detail/response__builder.hpp
[0.497s] -- Up-to-date symlink: /home/giovanna/argo_go2_ws/install/unitree_api/include/unitree_api/msg/detail/response__struct.hpp
[0.498s] -- Up-to-date symlink: /home/giovanna/argo_go2_ws/install/unitree_api/include/unitree_api/msg/detail/response__traits.hpp
[0.498s] -- Up-to-date symlink: /home/giovanna/argo_go2_ws/install/unitree_api/include/unitree_api/msg/detail/response__type_support.hpp
[0.501s] -- Up-to-date symlink: /home/giovanna/argo_go2_ws/install/unitree_api/include/unitree_api/msg/detail/response_header__builder.hpp
[0.502s] -- Up-to-date symlink: /home/giovanna/argo_go2_ws/install/unitree_api/include/unitree_api/msg/detail/response_header__struct.hpp
[0.502s] -- Up-to-date symlink: /home/giovanna/argo_go2_ws/install/unitree_api/include/unitree_api/msg/detail/response_header__traits.hpp
[0.503s] -- Up-to-date symlink: /home/giovanna/argo_go2_ws/install/unitree_api/include/unitree_api/msg/detail/response_header__type_support.hpp
[0.504s] -- Up-to-date symlink: /home/giovanna/argo_go2_ws/install/unitree_api/include/unitree_api/msg/detail/response_status__builder.hpp
[0.504s] -- Up-to-date symlink: /home/giovanna/argo_go2_ws/install/unitree_api/include/unitree_api/msg/detail/response_status__struct.hpp
[0.504s] -- Up-to-date symlink: /home/giovanna/argo_go2_ws/install/unitree_api/include/unitree_api/msg/detail/response_status__traits.hpp
[0.506s] -- Up-to-date symlink: /home/giovanna/argo_go2_ws/install/unitree_api/include/unitree_api/msg/detail/response_status__type_support.hpp
[0.507s] -- Up-to-date symlink: /home/giovanna/argo_go2_ws/install/unitree_api/include/unitree_api/msg/request.hpp
[0.508s] -- Up-to-date symlink: /home/giovanna/argo_go2_ws/install/unitree_api/include/unitree_api/msg/request_header.hpp
[0.508s] -- Up-to-date symlink: /home/giovanna/argo_go2_ws/install/unitree_api/include/unitree_api/msg/request_identity.hpp
[0.508s] -- Up-to-date symlink: /home/giovanna/argo_go2_ws/install/unitree_api/include/unitree_api/msg/request_lease.hpp
[0.509s] -- Up-to-date symlink: /home/giovanna/argo_go2_ws/install/unitree_api/include/unitree_api/msg/request_policy.hpp
[0.510s] -- Up-to-date symlink: /home/giovanna/argo_go2_ws/install/unitree_api/include/unitree_api/msg/response.hpp
[0.510s] -- Up-to-date symlink: /home/giovanna/argo_go2_ws/install/unitree_api/include/unitree_api/msg/response_header.hpp
[0.511s] -- Up-to-date symlink: /home/giovanna/argo_go2_ws/install/unitree_api/include/unitree_api/msg/response_status.hpp
[0.511s] -- Up-to-date symlink: /home/giovanna/argo_go2_ws/install/unitree_api/include/unitree_api/msg/rosidl_generator_cpp__visibility_control.hpp
[0.513s] -- Up-to-date symlink: /home/giovanna/argo_go2_ws/install/unitree_api/include/unitree_api/msg/detail/request__rosidl_typesupport_introspection_cpp.hpp
[0.514s] -- Up-to-date symlink: /home/giovanna/argo_go2_ws/install/unitree_api/include/unitree_api/msg/detail/request_header__rosidl_typesupport_introspection_cpp.hpp
[0.515s] -- Up-to-date symlink: /home/giovanna/argo_go2_ws/install/unitree_api/include/unitree_api/msg/detail/request_identity__rosidl_typesupport_introspection_cpp.hpp
[0.517s] -- Up-to-date symlink: /home/giovanna/argo_go2_ws/install/unitree_api/include/unitree_api/msg/detail/request_lease__rosidl_typesupport_introspection_cpp.hpp
[0.520s] -- Up-to-date symlink: /home/giovanna/argo_go2_ws/install/unitree_api/include/unitree_api/msg/detail/request_policy__rosidl_typesupport_introspection_cpp.hpp
[0.520s] -- Up-to-date symlink: /home/giovanna/argo_go2_ws/install/unitree_api/include/unitree_api/msg/detail/response__rosidl_typesupport_introspection_cpp.hpp
[0.521s] -- Up-to-date symlink: /home/giovanna/argo_go2_ws/install/unitree_api/include/unitree_api/msg/detail/response_header__rosidl_typesupport_introspection_cpp.hpp
[0.521s] -- Up-to-date symlink: /home/giovanna/argo_go2_ws/install/unitree_api/include/unitree_api/msg/detail/response_status__rosidl_typesupport_introspection_cpp.hpp
[0.521s] -- Up-to-date symlink: /home/giovanna/argo_go2_ws/install/unitree_api/share/unitree_api/environment/pythonpath.sh
[0.521s] -- Up-to-date symlink: /home/giovanna/argo_go2_ws/install/unitree_api/share/unitree_api/environment/pythonpath.dsv
[0.521s] -- Up-to-date symlink: /home/giovanna/argo_go2_ws/install/unitree_api/lib/python3.8/site-packages/unitree_api/__init__.py
[0.522s] -- Up-to-date symlink: /home/giovanna/argo_go2_ws/install/unitree_api/lib/python3.8/site-packages/unitree_api/msg/__init__.py
[0.522s] -- Up-to-date symlink: /home/giovanna/argo_go2_ws/install/unitree_api/lib/python3.8/site-packages/unitree_api/msg/_request.py
[0.523s] -- Up-to-date symlink: /home/giovanna/argo_go2_ws/install/unitree_api/lib/python3.8/site-packages/unitree_api/msg/_request_header.py
[0.523s] -- Up-to-date symlink: /home/giovanna/argo_go2_ws/install/unitree_api/lib/python3.8/site-packages/unitree_api/msg/_request_identity.py
[0.524s] -- Up-to-date symlink: /home/giovanna/argo_go2_ws/install/unitree_api/lib/python3.8/site-packages/unitree_api/msg/_request_lease.py
[0.524s] -- Up-to-date symlink: /home/giovanna/argo_go2_ws/install/unitree_api/lib/python3.8/site-packages/unitree_api/msg/_request_policy.py
[0.524s] -- Up-to-date symlink: /home/giovanna/argo_go2_ws/install/unitree_api/lib/python3.8/site-packages/unitree_api/msg/_response.py
[0.524s] -- Up-to-date symlink: /home/giovanna/argo_go2_ws/install/unitree_api/lib/python3.8/site-packages/unitree_api/msg/_response_header.py
[0.524s] -- Up-to-date symlink: /home/giovanna/argo_go2_ws/install/unitree_api/lib/python3.8/site-packages/unitree_api/msg/_response_status.py
[0.525s] -- Up-to-date symlink: /home/giovanna/argo_go2_ws/install/unitree_api/lib/python3.8/site-packages/unitree_api/unitree_api_s__rosidl_typesupport_fastrtps_c.cpython-38-x86_64-linux-gnu.so
[0.525s] -- Up-to-date symlink: /home/giovanna/argo_go2_ws/install/unitree_api/lib/python3.8/site-packages/unitree_api/unitree_api_s__rosidl_typesupport_introspection_c.cpython-38-x86_64-linux-gnu.so
[0.526s] -- Up-to-date symlink: /home/giovanna/argo_go2_ws/install/unitree_api/lib/python3.8/site-packages/unitree_api/unitree_api_s__rosidl_typesupport_c.cpython-38-x86_64-linux-gnu.so
[0.526s] -- Up-to-date symlink: /home/giovanna/argo_go2_ws/install/unitree_api/lib/libunitree_api__python.so
[0.526s] -- Up-to-date symlink: /home/giovanna/argo_go2_ws/install/unitree_api/share/unitree_api/msg/Request.idl
[0.526s] -- Up-to-date symlink: /home/giovanna/argo_go2_ws/install/unitree_api/share/unitree_api/msg/RequestHeader.idl
[0.526s] -- Up-to-date symlink: /home/giovanna/argo_go2_ws/install/unitree_api/share/unitree_api/msg/RequestIdentity.idl
[0.526s] -- Up-to-date symlink: /home/giovanna/argo_go2_ws/install/unitree_api/share/unitree_api/msg/RequestLease.idl
[0.526s] -- Up-to-date symlink: /home/giovanna/argo_go2_ws/install/unitree_api/share/unitree_api/msg/RequestPolicy.idl
[0.527s] -- Up-to-date symlink: /home/giovanna/argo_go2_ws/install/unitree_api/share/unitree_api/msg/Response.idl
[0.527s] -- Up-to-date symlink: /home/giovanna/argo_go2_ws/install/unitree_api/share/unitree_api/msg/ResponseHeader.idl
[0.530s] -- Up-to-date symlink: /home/giovanna/argo_go2_ws/install/unitree_api/share/unitree_api/msg/ResponseStatus.idl
[0.530s] -- Up-to-date symlink: /home/giovanna/argo_go2_ws/install/unitree_api/share/unitree_api/msg/Request.msg
[0.531s] -- Up-to-date symlink: /home/giovanna/argo_go2_ws/install/unitree_api/share/unitree_api/msg/RequestHeader.msg
[0.531s] -- Up-to-date symlink: /home/giovanna/argo_go2_ws/install/unitree_api/share/unitree_api/msg/RequestIdentity.msg
[0.532s] -- Up-to-date symlink: /home/giovanna/argo_go2_ws/install/unitree_api/share/unitree_api/msg/RequestLease.msg
[0.532s] -- Up-to-date symlink: /home/giovanna/argo_go2_ws/install/unitree_api/share/unitree_api/msg/RequestPolicy.msg
[0.533s] -- Up-to-date symlink: /home/giovanna/argo_go2_ws/install/unitree_api/share/unitree_api/msg/Response.msg
[0.534s] -- Up-to-date symlink: /home/giovanna/argo_go2_ws/install/unitree_api/share/unitree_api/msg/ResponseHeader.msg
[0.534s] -- Up-to-date symlink: /home/giovanna/argo_go2_ws/install/unitree_api/share/unitree_api/msg/ResponseStatus.msg
[0.535s] -- Up-to-date symlink: /home/giovanna/argo_go2_ws/install/unitree_api/share/ament_index/resource_index/package_run_dependencies/unitree_api
[0.535s] -- Up-to-date symlink: /home/giovanna/argo_go2_ws/install/unitree_api/share/ament_index/resource_index/parent_prefix_path/unitree_api
[0.538s] -- Up-to-date symlink: /home/giovanna/argo_go2_ws/install/unitree_api/share/unitree_api/environment/ament_prefix_path.sh
[0.538s] -- Up-to-date symlink: /home/giovanna/argo_go2_ws/install/unitree_api/share/unitree_api/environment/ament_prefix_path.dsv
[0.538s] -- Up-to-date symlink: /home/giovanna/argo_go2_ws/install/unitree_api/share/unitree_api/environment/path.sh
[0.538s] -- Up-to-date symlink: /home/giovanna/argo_go2_ws/install/unitree_api/share/unitree_api/environment/path.dsv
[0.538s] -- Up-to-date symlink: /home/giovanna/argo_go2_ws/install/unitree_api/share/unitree_api/local_setup.bash
[0.538s] -- Up-to-date symlink: /home/giovanna/argo_go2_ws/install/unitree_api/share/unitree_api/local_setup.sh
[0.538s] -- Up-to-date symlink: /home/giovanna/argo_go2_ws/install/unitree_api/share/unitree_api/local_setup.zsh
[0.538s] -- Up-to-date symlink: /home/giovanna/argo_go2_ws/install/unitree_api/share/unitree_api/local_setup.dsv
[0.539s] -- Symlinking: /home/giovanna/argo_go2_ws/install/unitree_api/share/unitree_api/package.dsv
[0.555s] -- Up-to-date symlink: /home/giovanna/argo_go2_ws/install/unitree_api/share/ament_index/resource_index/packages/unitree_api
[0.556s] -- Up-to-date symlink: /home/giovanna/argo_go2_ws/install/unitree_api/share/unitree_api/cmake/rosidl_cmake-extras.cmake
[0.556s] -- Up-to-date symlink: /home/giovanna/argo_go2_ws/install/unitree_api/share/unitree_api/cmake/ament_cmake_export_dependencies-extras.cmake
[0.556s] -- Up-to-date symlink: /home/giovanna/argo_go2_ws/install/unitree_api/share/unitree_api/cmake/ament_cmake_export_libraries-extras.cmake
[0.556s] -- Up-to-date symlink: /home/giovanna/argo_go2_ws/install/unitree_api/share/unitree_api/cmake/ament_cmake_export_targets-extras.cmake
[0.556s] -- Up-to-date symlink: /home/giovanna/argo_go2_ws/install/unitree_api/share/unitree_api/cmake/ament_cmake_export_include_directories-extras.cmake
[0.558s] -- Up-to-date symlink: /home/giovanna/argo_go2_ws/install/unitree_api/share/unitree_api/cmake/rosidl_cmake_export_typesupport_libraries-extras.cmake
[0.558s] -- Up-to-date symlink: /home/giovanna/argo_go2_ws/install/unitree_api/share/unitree_api/cmake/rosidl_cmake_export_typesupport_targets-extras.cmake
[0.558s] -- Up-to-date symlink: /home/giovanna/argo_go2_ws/install/unitree_api/share/unitree_api/cmake/unitree_apiConfig.cmake
[0.559s] -- Up-to-date symlink: /home/giovanna/argo_go2_ws/install/unitree_api/share/unitree_api/cmake/unitree_apiConfig-version.cmake
[0.559s] -- Up-to-date symlink: /home/giovanna/argo_go2_ws/install/unitree_api/share/unitree_api/package.xml
[0.560s] -- Up-to-date: /home/giovanna/argo_go2_ws/install/unitree_api/lib/libunitree_api__rosidl_generator_c.so
[0.560s] -- Up-to-date: /home/giovanna/argo_go2_ws/install/unitree_api/lib/libunitree_api__rosidl_typesupport_introspection_c.so
[0.560s] -- Up-to-date: /home/giovanna/argo_go2_ws/install/unitree_api/lib/libunitree_api__rosidl_typesupport_c.so
[0.560s] -- Up-to-date: /home/giovanna/argo_go2_ws/install/unitree_api/lib/libunitree_api__rosidl_typesupport_introspection_cpp.so
[0.561s] -- Up-to-date: /home/giovanna/argo_go2_ws/install/unitree_api/lib/libunitree_api__rosidl_typesupport_cpp.so
[0.597s] -- Up-to-date: /home/giovanna/argo_go2_ws/install/unitree_api/share/unitree_api/cmake/unitree_api__rosidl_generator_cExport.cmake
[0.597s] -- Up-to-date: /home/giovanna/argo_go2_ws/install/unitree_api/share/unitree_api/cmake/unitree_api__rosidl_generator_cExport-noconfig.cmake
[0.597s] -- Up-to-date: /home/giovanna/argo_go2_ws/install/unitree_api/share/unitree_api/cmake/unitree_api__rosidl_typesupport_introspection_cExport.cmake
[0.597s] -- Up-to-date: /home/giovanna/argo_go2_ws/install/unitree_api/share/unitree_api/cmake/unitree_api__rosidl_typesupport_introspection_cExport-noconfig.cmake
[0.597s] -- Up-to-date: /home/giovanna/argo_go2_ws/install/unitree_api/share/unitree_api/cmake/unitree_api__rosidl_typesupport_cExport.cmake
[0.598s] -- Up-to-date: /home/giovanna/argo_go2_ws/install/unitree_api/share/unitree_api/cmake/unitree_api__rosidl_typesupport_cExport-noconfig.cmake
[0.598s] -- Up-to-date: /home/giovanna/argo_go2_ws/install/unitree_api/share/unitree_api/cmake/unitree_api__rosidl_generator_cppExport.cmake
[0.598s] -- Up-to-date: /home/giovanna/argo_go2_ws/install/unitree_api/share/unitree_api/cmake/unitree_api__rosidl_typesupport_introspection_cppExport.cmake
[0.598s] -- Up-to-date: /home/giovanna/argo_go2_ws/install/unitree_api/share/unitree_api/cmake/unitree_api__rosidl_typesupport_introspection_cppExport-noconfig.cmake
[0.599s] -- Up-to-date: /home/giovanna/argo_go2_ws/install/unitree_api/share/unitree_api/cmake/unitree_api__rosidl_typesupport_cppExport.cmake
[0.599s] -- Up-to-date: /home/giovanna/argo_go2_ws/install/unitree_api/share/unitree_api/cmake/unitree_api__rosidl_typesupport_cppExport-noconfig.cmake
[0.602s] Invoked command in '/home/giovanna/argo_go2_ws/build/unitree_api' returned '0': CMAKE_PREFIX_PATH=/opt/ros/foxy /usr/bin/cmake --install /home/giovanna/argo_go2_ws/build/unitree_api
