[0.058s] Invoking command in '/home/giovanna/argo_go2_ws/build/go2_interfaces': CMAKE_PREFIX_PATH=/opt/ros/foxy /usr/bin/cmake --build /home/giovanna/argo_go2_ws/build/go2_interfaces -- -j16 -l16
[0.099s] -- Found rosidl_default_generators: 1.0.1 (/opt/ros/foxy/share/rosidl_default_generators/cmake)
[0.099s] -- Found ament_cmake_core: 0.9.12 (/opt/ros/foxy/share/ament_cmake_core/cmake)
[0.122s] -- Found PythonInterp: /usr/bin/python3 (found suitable version "3.8.10", minimum required is "3") 
[0.122s] -- Using PYTHON_EXECUTABLE: /usr/bin/python3
[0.346s] -- Override CMake install command with custom implementation using symlinks instead of copying resources
[0.349s] -- Using all available rosidl_typesupport_c: rosidl_typesupport_fastrtps_c;rosidl_typesupport_introspection_c
[0.354s] -- Found rosidl_adapter: 1.3.1 (/opt/ros/foxy/share/rosidl_adapter/cmake)
[0.542s] -- Using all available rosidl_typesupport_cpp: rosidl_typesupport_fastrtps_cpp;rosidl_typesupport_introspection_cpp
[0.569s] -- Found std_msgs: 2.0.5 (/opt/ros/foxy/share/std_msgs/cmake)
[0.644s] -- Found PythonInterp: /usr/bin/python3 (found version "3.8.10") 
[0.829s] -- Found ament_cmake_ros: 0.9.2 (/opt/ros/foxy/share/ament_cmake_ros/cmake)
[0.981s] -- Using all available rosidl_typesupport_c: rosidl_typesupport_fastrtps_c;rosidl_typesupport_introspection_c
[0.993s] -- Using all available rosidl_typesupport_cpp: rosidl_typesupport_fastrtps_cpp;rosidl_typesupport_introspection_cpp
[1.020s] -- Found PythonInterp: /usr/bin/python3 (found suitable version "3.8.10", minimum required is "3.5") 
[1.020s] -- Found python_cmake_module: 0.8.1 (/opt/ros/foxy/share/python_cmake_module/cmake)
[1.044s] -- Using PYTHON_EXECUTABLE: /usr/bin/python3
[1.044s] -- Using PYTHON_INCLUDE_DIRS: /usr/include/python3.8
[1.044s] -- Using PYTHON_LIBRARIES: /usr/lib/x86_64-linux-gnu/libpython3.8.so
[1.068s] -- Found ament_lint_auto: 0.9.8 (/opt/ros/foxy/share/ament_lint_auto/cmake)
[1.081s] -- Added test 'lint_cmake' to check CMake code style
[1.082s] -- Added test 'xmllint' to check XML markup files
[1.089s] -- Configuring done
[1.141s] -- Generating done
[1.156s] -- Build files have been written to: /home/giovanna/argo_go2_ws/build/go2_interfaces
[1.188s] [  1%] Generating C code for ROS interfaces
[1.188s] Scanning dependencies of target go2_interfaces__cpp
[1.204s] [  2%] Generating C++ code for ROS interfaces
[2.237s] [  2%] Built target go2_interfaces__cpp
[2.254s] [  3%] Generating C++ type support for eProsima Fast-RTPS
[2.255s] [  4%] Generating C++ introspection for ROS interfaces
[2.264s] [  5%] Generating C++ type support dispatch for ROS interfaces
[2.272s] Scanning dependencies of target go2_interfaces__rosidl_generator_c
[2.303s] [  8%] Building C object CMakeFiles/go2_interfaces__rosidl_generator_c.dir/rosidl_generator_c/go2_interfaces/srv/detail/body_height__functions.c.o
[2.303s] [  8%] Building C object CMakeFiles/go2_interfaces__rosidl_generator_c.dir/rosidl_generator_c/go2_interfaces/srv/detail/foot_raise_height__functions.c.o
[2.303s] [  8%] Building C object CMakeFiles/go2_interfaces__rosidl_generator_c.dir/rosidl_generator_c/go2_interfaces/srv/detail/continuous_gait__functions.c.o
[2.304s] [ 11%] Building C object CMakeFiles/go2_interfaces__rosidl_generator_c.dir/rosidl_generator_c/go2_interfaces/srv/detail/mode__functions.c.o
[2.304s] [ 11%] Building C object CMakeFiles/go2_interfaces__rosidl_generator_c.dir/rosidl_generator_c/go2_interfaces/srv/detail/pose__functions.c.o
[2.304s] [ 11%] Building C object CMakeFiles/go2_interfaces__rosidl_generator_c.dir/rosidl_generator_c/go2_interfaces/srv/detail/euler__functions.c.o
[2.320s] [ 12%] Building C object CMakeFiles/go2_interfaces__rosidl_generator_c.dir/rosidl_generator_c/go2_interfaces/srv/detail/speed_level__functions.c.o
[2.324s] [ 13%] Building C object CMakeFiles/go2_interfaces__rosidl_generator_c.dir/rosidl_generator_c/go2_interfaces/srv/detail/switch_joystick__functions.c.o
[2.353s] [ 14%] Building C object CMakeFiles/go2_interfaces__rosidl_generator_c.dir/rosidl_generator_c/go2_interfaces/srv/detail/switch_gait__functions.c.o
[2.522s] [ 15%] Linking C shared library libgo2_interfaces__rosidl_generator_c.so
[2.592s] [ 15%] Built target go2_interfaces__rosidl_generator_c
[2.614s] [ 16%] Generating C introspection for ROS interfaces
[2.615s] [ 17%] Generating C type support dispatch for ROS interfaces
[3.275s] Scanning dependencies of target go2_interfaces__rosidl_typesupport_cpp
[3.329s] [ 18%] Building CXX object CMakeFiles/go2_interfaces__rosidl_typesupport_cpp.dir/rosidl_typesupport_cpp/go2_interfaces/srv/euler__type_support.cpp.o
[3.331s] [ 20%] Building CXX object CMakeFiles/go2_interfaces__rosidl_typesupport_cpp.dir/rosidl_typesupport_cpp/go2_interfaces/srv/body_height__type_support.cpp.o
[3.340s] [ 21%] Building CXX object CMakeFiles/go2_interfaces__rosidl_typesupport_cpp.dir/rosidl_typesupport_cpp/go2_interfaces/srv/continuous_gait__type_support.cpp.o
[3.347s] [ 22%] Building CXX object CMakeFiles/go2_interfaces__rosidl_typesupport_cpp.dir/rosidl_typesupport_cpp/go2_interfaces/srv/foot_raise_height__type_support.cpp.o
[3.348s] [ 23%] Building CXX object CMakeFiles/go2_interfaces__rosidl_typesupport_cpp.dir/rosidl_typesupport_cpp/go2_interfaces/srv/mode__type_support.cpp.o
[3.375s] [ 24%] Building CXX object CMakeFiles/go2_interfaces__rosidl_typesupport_cpp.dir/rosidl_typesupport_cpp/go2_interfaces/srv/speed_level__type_support.cpp.o
[3.377s] [ 25%] Building CXX object CMakeFiles/go2_interfaces__rosidl_typesupport_cpp.dir/rosidl_typesupport_cpp/go2_interfaces/srv/pose__type_support.cpp.o
[3.455s] [ 26%] Building CXX object CMakeFiles/go2_interfaces__rosidl_typesupport_cpp.dir/rosidl_typesupport_cpp/go2_interfaces/srv/switch_gait__type_support.cpp.o
[3.462s] [ 27%] Building CXX object CMakeFiles/go2_interfaces__rosidl_typesupport_cpp.dir/rosidl_typesupport_cpp/go2_interfaces/srv/switch_joystick__type_support.cpp.o
[3.621s] Scanning dependencies of target go2_interfaces__rosidl_typesupport_introspection_cpp
[3.774s] [ 28%] Building CXX object CMakeFiles/go2_interfaces__rosidl_typesupport_introspection_cpp.dir/rosidl_typesupport_introspection_cpp/go2_interfaces/srv/detail/continuous_gait__type_support.cpp.o
[3.788s] [ 29%] Building CXX object CMakeFiles/go2_interfaces__rosidl_typesupport_introspection_cpp.dir/rosidl_typesupport_introspection_cpp/go2_interfaces/srv/detail/body_height__type_support.cpp.o
[3.794s] [ 30%] Building CXX object CMakeFiles/go2_interfaces__rosidl_typesupport_introspection_cpp.dir/rosidl_typesupport_introspection_cpp/go2_interfaces/srv/detail/euler__type_support.cpp.o
[3.901s] [ 31%] Building CXX object CMakeFiles/go2_interfaces__rosidl_typesupport_introspection_cpp.dir/rosidl_typesupport_introspection_cpp/go2_interfaces/srv/detail/foot_raise_height__type_support.cpp.o
[4.065s] Scanning dependencies of target go2_interfaces__rosidl_typesupport_c
[4.171s] [ 32%] Building CXX object CMakeFiles/go2_interfaces__rosidl_typesupport_c.dir/rosidl_typesupport_c/go2_interfaces/srv/body_height__type_support.cpp.o
[4.318s] [ 33%] Building CXX object CMakeFiles/go2_interfaces__rosidl_typesupport_c.dir/rosidl_typesupport_c/go2_interfaces/srv/continuous_gait__type_support.cpp.o
[4.396s] [ 34%] Building CXX object CMakeFiles/go2_interfaces__rosidl_typesupport_introspection_cpp.dir/rosidl_typesupport_introspection_cpp/go2_interfaces/srv/detail/mode__type_support.cpp.o
[4.461s] [ 35%] Building CXX object CMakeFiles/go2_interfaces__rosidl_typesupport_c.dir/rosidl_typesupport_c/go2_interfaces/srv/euler__type_support.cpp.o
[4.537s] [ 36%] Building CXX object CMakeFiles/go2_interfaces__rosidl_typesupport_introspection_cpp.dir/rosidl_typesupport_introspection_cpp/go2_interfaces/srv/detail/pose__type_support.cpp.o
[4.645s] [ 37%] Building CXX object CMakeFiles/go2_interfaces__rosidl_typesupport_introspection_cpp.dir/rosidl_typesupport_introspection_cpp/go2_interfaces/srv/detail/speed_level__type_support.cpp.o
[4.651s] [ 38%] Building CXX object CMakeFiles/go2_interfaces__rosidl_typesupport_introspection_cpp.dir/rosidl_typesupport_introspection_cpp/go2_interfaces/srv/detail/switch_gait__type_support.cpp.o
[4.682s] [ 40%] Building CXX object CMakeFiles/go2_interfaces__rosidl_typesupport_introspection_cpp.dir/rosidl_typesupport_introspection_cpp/go2_interfaces/srv/detail/switch_joystick__type_support.cpp.o
[4.695s] Scanning dependencies of target go2_interfaces__rosidl_typesupport_fastrtps_cpp
[4.696s] [ 41%] Building CXX object CMakeFiles/go2_interfaces__rosidl_typesupport_c.dir/rosidl_typesupport_c/go2_interfaces/srv/foot_raise_height__type_support.cpp.o
[4.740s] [ 42%] Building CXX object CMakeFiles/go2_interfaces__rosidl_typesupport_c.dir/rosidl_typesupport_c/go2_interfaces/srv/mode__type_support.cpp.o
[4.782s] [ 43%] Building CXX object CMakeFiles/go2_interfaces__rosidl_typesupport_c.dir/rosidl_typesupport_c/go2_interfaces/srv/pose__type_support.cpp.o
[4.793s] [ 44%] Building CXX object CMakeFiles/go2_interfaces__rosidl_typesupport_c.dir/rosidl_typesupport_c/go2_interfaces/srv/speed_level__type_support.cpp.o
[4.839s] [ 45%] Building CXX object CMakeFiles/go2_interfaces__rosidl_typesupport_c.dir/rosidl_typesupport_c/go2_interfaces/srv/switch_gait__type_support.cpp.o
[4.877s] [ 46%] Building CXX object CMakeFiles/go2_interfaces__rosidl_typesupport_c.dir/rosidl_typesupport_c/go2_interfaces/srv/switch_joystick__type_support.cpp.o
[4.881s] [ 47%] Building CXX object CMakeFiles/go2_interfaces__rosidl_typesupport_fastrtps_cpp.dir/rosidl_typesupport_fastrtps_cpp/go2_interfaces/srv/detail/dds_fastrtps/body_height__type_support.cpp.o
[4.906s] [ 48%] Building CXX object CMakeFiles/go2_interfaces__rosidl_typesupport_fastrtps_cpp.dir/rosidl_typesupport_fastrtps_cpp/go2_interfaces/srv/detail/dds_fastrtps/continuous_gait__type_support.cpp.o
[4.934s] [ 49%] Linking CXX shared library libgo2_interfaces__rosidl_typesupport_cpp.so
[4.958s] [ 50%] Building CXX object CMakeFiles/go2_interfaces__rosidl_typesupport_fastrtps_cpp.dir/rosidl_typesupport_fastrtps_cpp/go2_interfaces/srv/detail/dds_fastrtps/euler__type_support.cpp.o
[4.963s] [ 51%] Building CXX object CMakeFiles/go2_interfaces__rosidl_typesupport_fastrtps_cpp.dir/rosidl_typesupport_fastrtps_cpp/go2_interfaces/srv/detail/dds_fastrtps/foot_raise_height__type_support.cpp.o
[4.996s] [ 52%] Building CXX object CMakeFiles/go2_interfaces__rosidl_typesupport_fastrtps_cpp.dir/rosidl_typesupport_fastrtps_cpp/go2_interfaces/srv/detail/dds_fastrtps/mode__type_support.cpp.o
[5.064s] [ 53%] Building CXX object CMakeFiles/go2_interfaces__rosidl_typesupport_fastrtps_cpp.dir/rosidl_typesupport_fastrtps_cpp/go2_interfaces/srv/detail/dds_fastrtps/pose__type_support.cpp.o
[5.103s] [ 54%] Linking CXX shared library libgo2_interfaces__rosidl_typesupport_c.so
[5.174s] [ 54%] Built target go2_interfaces__rosidl_typesupport_cpp
[5.247s] [ 55%] Building CXX object CMakeFiles/go2_interfaces__rosidl_typesupport_fastrtps_cpp.dir/rosidl_typesupport_fastrtps_cpp/go2_interfaces/srv/detail/dds_fastrtps/speed_level__type_support.cpp.o
[5.286s] [ 56%] Building CXX object CMakeFiles/go2_interfaces__rosidl_typesupport_fastrtps_cpp.dir/rosidl_typesupport_fastrtps_cpp/go2_interfaces/srv/detail/dds_fastrtps/switch_gait__type_support.cpp.o
[5.342s] [ 57%] Building CXX object CMakeFiles/go2_interfaces__rosidl_typesupport_fastrtps_cpp.dir/rosidl_typesupport_fastrtps_cpp/go2_interfaces/srv/detail/dds_fastrtps/switch_joystick__type_support.cpp.o
[5.369s] [ 57%] Built target go2_interfaces__rosidl_typesupport_c
[5.490s] Scanning dependencies of target go2_interfaces__rosidl_typesupport_introspection_c
[5.586s] [ 58%] Building C object CMakeFiles/go2_interfaces__rosidl_typesupport_introspection_c.dir/rosidl_typesupport_introspection_c/go2_interfaces/srv/detail/body_height__type_support.c.o
[5.633s] [ 61%] Building C object CMakeFiles/go2_interfaces__rosidl_typesupport_introspection_c.dir/rosidl_typesupport_introspection_c/go2_interfaces/srv/detail/euler__type_support.c.o
[5.634s] [ 61%] Building C object CMakeFiles/go2_interfaces__rosidl_typesupport_introspection_c.dir/rosidl_typesupport_introspection_c/go2_interfaces/srv/detail/continuous_gait__type_support.c.o
[5.658s] [ 62%] Building C object CMakeFiles/go2_interfaces__rosidl_typesupport_introspection_c.dir/rosidl_typesupport_introspection_c/go2_interfaces/srv/detail/foot_raise_height__type_support.c.o
[5.750s] [ 63%] Building C object CMakeFiles/go2_interfaces__rosidl_typesupport_introspection_c.dir/rosidl_typesupport_introspection_c/go2_interfaces/srv/detail/mode__type_support.c.o
[5.755s] [ 64%] Building C object CMakeFiles/go2_interfaces__rosidl_typesupport_introspection_c.dir/rosidl_typesupport_introspection_c/go2_interfaces/srv/detail/pose__type_support.c.o
[5.775s] [ 65%] Building C object CMakeFiles/go2_interfaces__rosidl_typesupport_introspection_c.dir/rosidl_typesupport_introspection_c/go2_interfaces/srv/detail/switch_gait__type_support.c.o
[5.778s] [ 66%] Building C object CMakeFiles/go2_interfaces__rosidl_typesupport_introspection_c.dir/rosidl_typesupport_introspection_c/go2_interfaces/srv/detail/speed_level__type_support.c.o
[5.838s] [ 67%] Building C object CMakeFiles/go2_interfaces__rosidl_typesupport_introspection_c.dir/rosidl_typesupport_introspection_c/go2_interfaces/srv/detail/switch_joystick__type_support.c.o
[5.973s] [ 68%] Linking CXX shared library libgo2_interfaces__rosidl_typesupport_introspection_cpp.so
[6.011s] [ 69%] Linking C shared library libgo2_interfaces__rosidl_typesupport_introspection_c.so
[6.173s] [ 69%] Built target go2_interfaces__rosidl_typesupport_introspection_c
[6.306s] [ 69%] Built target go2_interfaces__rosidl_typesupport_introspection_cpp
[6.542s] [ 70%] Linking CXX shared library libgo2_interfaces__rosidl_typesupport_fastrtps_cpp.so
[6.737s] [ 70%] Built target go2_interfaces__rosidl_typesupport_fastrtps_cpp
[6.768s] [ 71%] Generating C type support for eProsima Fast-RTPS
[7.928s] Scanning dependencies of target go2_interfaces__rosidl_typesupport_fastrtps_c
[7.992s] [ 73%] Building CXX object CMakeFiles/go2_interfaces__rosidl_typesupport_fastrtps_c.dir/rosidl_typesupport_fastrtps_c/go2_interfaces/srv/detail/foot_raise_height__type_support_c.cpp.o
[7.992s] [ 73%] Building CXX object CMakeFiles/go2_interfaces__rosidl_typesupport_fastrtps_c.dir/rosidl_typesupport_fastrtps_c/go2_interfaces/srv/detail/continuous_gait__type_support_c.cpp.o
[8.007s] [ 74%] Building CXX object CMakeFiles/go2_interfaces__rosidl_typesupport_fastrtps_c.dir/rosidl_typesupport_fastrtps_c/go2_interfaces/srv/detail/pose__type_support_c.cpp.o
[8.012s] [ 75%] Building CXX object CMakeFiles/go2_interfaces__rosidl_typesupport_fastrtps_c.dir/rosidl_typesupport_fastrtps_c/go2_interfaces/srv/detail/body_height__type_support_c.cpp.o
[8.013s] [ 76%] Building CXX object CMakeFiles/go2_interfaces__rosidl_typesupport_fastrtps_c.dir/rosidl_typesupport_fastrtps_c/go2_interfaces/srv/detail/speed_level__type_support_c.cpp.o
[8.015s] [ 77%] Building CXX object CMakeFiles/go2_interfaces__rosidl_typesupport_fastrtps_c.dir/rosidl_typesupport_fastrtps_c/go2_interfaces/srv/detail/mode__type_support_c.cpp.o
[8.020s] [ 78%] Building CXX object CMakeFiles/go2_interfaces__rosidl_typesupport_fastrtps_c.dir/rosidl_typesupport_fastrtps_c/go2_interfaces/srv/detail/euler__type_support_c.cpp.o
[8.020s] [ 80%] Building CXX object CMakeFiles/go2_interfaces__rosidl_typesupport_fastrtps_c.dir/rosidl_typesupport_fastrtps_c/go2_interfaces/srv/detail/switch_gait__type_support_c.cpp.o
[8.085s] [ 81%] Building CXX object CMakeFiles/go2_interfaces__rosidl_typesupport_fastrtps_c.dir/rosidl_typesupport_fastrtps_c/go2_interfaces/srv/detail/switch_joystick__type_support_c.cpp.o
[9.016s] [ 82%] Linking CXX shared library libgo2_interfaces__rosidl_typesupport_fastrtps_c.so
[9.301s] [ 82%] Built target go2_interfaces__rosidl_typesupport_fastrtps_c
[9.320s] Scanning dependencies of target go2_interfaces
[9.366s] [ 82%] Built target go2_interfaces
[9.387s] Scanning dependencies of target go2_interfaces__py
[9.405s] [ 83%] Generating Python code for ROS interfaces
[13.029s] [ 83%] Built target go2_interfaces__py
[13.041s] Scanning dependencies of target go2_interfaces__python
[13.088s] [ 84%] Building C object CMakeFiles/go2_interfaces__python.dir/rosidl_generator_py/go2_interfaces/srv/_continuous_gait_s.c.o
[13.088s] [ 85%] Building C object CMakeFiles/go2_interfaces__python.dir/rosidl_generator_py/go2_interfaces/srv/_mode_s.c.o
[13.088s] [ 87%] Building C object CMakeFiles/go2_interfaces__python.dir/rosidl_generator_py/go2_interfaces/srv/_body_height_s.c.o
[13.088s] [ 87%] Building C object CMakeFiles/go2_interfaces__python.dir/rosidl_generator_py/go2_interfaces/srv/_foot_raise_height_s.c.o
[13.088s] [ 88%] Building C object CMakeFiles/go2_interfaces__python.dir/rosidl_generator_py/go2_interfaces/srv/_euler_s.c.o
[13.089s] [ 89%] Building C object CMakeFiles/go2_interfaces__python.dir/rosidl_generator_py/go2_interfaces/srv/_pose_s.c.o
[13.090s] [ 90%] Building C object CMakeFiles/go2_interfaces__python.dir/rosidl_generator_py/go2_interfaces/srv/_speed_level_s.c.o
[13.090s] [ 91%] Building C object CMakeFiles/go2_interfaces__python.dir/rosidl_generator_py/go2_interfaces/srv/_switch_joystick_s.c.o
[13.091s] [ 92%] Building C object CMakeFiles/go2_interfaces__python.dir/rosidl_generator_py/go2_interfaces/srv/_switch_gait_s.c.o
[13.248s] [ 93%] Linking C shared library rosidl_generator_py/go2_interfaces/libgo2_interfaces__python.so
[13.300s] [ 93%] Built target go2_interfaces__python
[13.309s] Scanning dependencies of target go2_interfaces__rosidl_typesupport_introspection_c__pyext
[13.310s] Scanning dependencies of target go2_interfaces__rosidl_typesupport_fastrtps_c__pyext
[13.310s] Scanning dependencies of target go2_interfaces__rosidl_typesupport_c__pyext
[13.333s] [ 94%] Building C object CMakeFiles/go2_interfaces__rosidl_typesupport_c__pyext.dir/rosidl_generator_py/go2_interfaces/_go2_interfaces_s.ep.rosidl_typesupport_c.c.o
[13.333s] [ 96%] Building C object CMakeFiles/go2_interfaces__rosidl_typesupport_fastrtps_c__pyext.dir/rosidl_generator_py/go2_interfaces/_go2_interfaces_s.ep.rosidl_typesupport_fastrtps_c.c.o
[13.333s] [ 96%] Building C object CMakeFiles/go2_interfaces__rosidl_typesupport_introspection_c__pyext.dir/rosidl_generator_py/go2_interfaces/_go2_interfaces_s.ep.rosidl_typesupport_introspection_c.c.o
[13.477s] [ 97%] Linking C shared library rosidl_generator_py/go2_interfaces/go2_interfaces_s__rosidl_typesupport_c.cpython-38-x86_64-linux-gnu.so
[13.479s] [ 98%] Linking C shared library rosidl_generator_py/go2_interfaces/go2_interfaces_s__rosidl_typesupport_introspection_c.cpython-38-x86_64-linux-gnu.so
[13.480s] [100%] Linking CXX shared library rosidl_generator_py/go2_interfaces/go2_interfaces_s__rosidl_typesupport_fastrtps_c.cpython-38-x86_64-linux-gnu.so
[13.518s] [100%] Built target go2_interfaces__rosidl_typesupport_introspection_c__pyext
[13.519s] [100%] Built target go2_interfaces__rosidl_typesupport_c__pyext
[13.549s] [100%] Built target go2_interfaces__rosidl_typesupport_fastrtps_c__pyext
