[2026-04-28 11:32:14][INFO][0x2a8e5d16][/home/unitree/argo_go2_ws/src/hesai_ros_driver/src/driver/HesaiLidar_SDK_2.0/libhesai/Logger/src/logger.cc:62 bool Logger::Start()]logger start to run
[2026-04-28 11:32:14][INFO][0x2a8e5d16][/home/unitree/argo_go2_ws/src/hesai_ros_driver/src/driver/HesaiLidar_SDK_2.0/libhesai/Source/src/socket_source.cc:102 virtual bool hesai::lidar::SocketSource::Open()]OS current udp socket recv buff size is: 425984
[2026-04-28 11:32:14][INFO][0x2a8e5d16][/home/unitree/argo_go2_ws/src/hesai_ros_driver/src/driver/HesaiLidar_SDK_2.0/libhesai/Source/src/socket_source.cc:131 virtual bool hesai::lidar::SocketSource::Open()]SocketSource::Open succeed, sock:22
[2026-04-28 11:32:14][ERROR][0x2a8e5d16][/home/unitree/argo_go2_ws/src/hesai_ros_driver/src/driver/HesaiLidar_SDK_2.0/libhesai/Source/src/socket_source.cc:160 virtual bool hesai::lidar::SocketSource::Open()]Multicast IP error, set correct multicast ip address or keep it empty
[2026-04-28 11:32:14][INFO][0xcb61bb64][/home/unitree/argo_go2_ws/src/hesai_ros_driver/src/driver/HesaiLidar_SDK_2.0/libhesai/Lidar/lidar.cc:526 void hesai::lidar::Lidar<T_Point>::RecieveUdpThread() [with T_Point = hesai::lidar::LidarPointXYZIRT]]Lidar::Recieve Udp Thread start to run
[2026-04-28 11:32:14][INFO][0xcb61bb64][/home/unitree/argo_go2_ws/src/hesai_ros_driver/src/driver/HesaiLidar_SDK_2.0/libhesai/src/plat_utils.cc:54 void SetThreadPriority(int, int)]set thread 281473313999104, tid 104464, policy 1 and priority 70
[2026-04-28 11:32:14][INFO][0xcb61bb64][/home/unitree/argo_go2_ws/src/hesai_ros_driver/src/driver/HesaiLidar_SDK_2.0/libhesai/src/plat_utils.cc:62 void SetThreadPriority(int, int)]get thead 281473313999104, tid 104464, policy 0 and priority 0
[2026-04-28 11:32:14][INFO][0xf2ae63a3][/home/unitree/argo_go2_ws/src/hesai_ros_driver/src/driver/HesaiLidar_SDK_2.0/libhesai/PtcClient/src/ptc_client.cc:96 void hesai::lidar::PtcClient::TryOpen()]PtcClient::PtcClient() 192.168.123.20 9347
[2026-04-28 11:32:14][INFO][0xf2ae63a3][/home/unitree/argo_go2_ws/src/hesai_ros_driver/src/driver/HesaiLidar_SDK_2.0/libhesai/PtcClient/src/tcp_client.cc:171 virtual bool hesai::lidar::TcpClient::TryOpen(std::string, uint16_t, bool, const char*, const char*, const char*, uint32_t)]TryOpen succeed, IP 192.168.123.20 port 9347
[2026-04-28 11:32:14][INFO][0xf2ae63a3][/home/unitree/argo_go2_ws/src/hesai_ros_driver/src/driver/HesaiLidar_SDK_2.0/libhesai/PtcClient/src/ptc_client.cc:109 void hesai::lidar::PtcClient::TryOpen()]u32RecvTimeoutMs 2000
[2026-04-28 11:32:14][INFO][0xf2ae63a3][/home/unitree/argo_go2_ws/src/hesai_ros_driver/src/driver/HesaiLidar_SDK_2.0/libhesai/PtcClient/src/ptc_client.cc:110 void hesai::lidar::PtcClient::TryOpen()]u32SendTimeoutMs 2000
[2026-04-28 11:32:15][INFO][0x2a8e5d16][/home/unitree/argo_go2_ws/src/hesai_ros_driver/src/driver/HesaiLidar_SDK_2.0/libhesai/PtcClient/src/ptc_client.cc:390 int hesai::lidar::PtcClient::GetCorrectionInfo(hesai::lidar::u8Array_t&)]Read correction file from lidar success
[2026-04-28 11:32:15][WARNING][0x2a8e5d16][/home/unitree/argo_go2_ws/src/hesai_ros_driver/src/driver/HesaiLidar_SDK_2.0/libhesai/UdpParser/src/general_parser.cc:222 void hesai::lidar::GeneralParser<T_Point>::LoadFiretimesFile(std::string) [with T_Point = hesai::lidar::LidarPointXYZIRT; std::string = std::__cxx11::basic_string<char>]]Open firetime file failed
[2026-04-28 11:32:15][INFO][0x2a8e5d16][/home/unitree/argo_go2_ws/src/hesai_ros_driver/src/driver/HesaiLidar_SDK_2.0/libhesai/PtcClient/src/ptc_client.cc:390 int hesai::lidar::PtcClient::GetCorrectionInfo(hesai::lidar::u8Array_t&)]Read correction file from lidar success
[2026-04-28 11:32:20][WARNING][0xd4554cd][/home/unitree/argo_go2_ws/src/hesai_ros_driver/src/driver/HesaiLidar_SDK_2.0/libhesai/UdpParser/src/general_parser.cc:358 void hesai::lidar::GeneralParser<T_Point>::CalPktLoss(uint32_t) [with T_Point = hesai::lidar::LidarPointXYZIRT; uint32_t = unsigned int]]pkt loss freq: 3/28060
[2026-04-28 11:32:21][WARNING][0xd4554cd][/home/unitree/argo_go2_ws/src/hesai_ros_driver/src/driver/HesaiLidar_SDK_2.0/libhesai/UdpParser/src/general_parser.cc:358 void hesai::lidar::GeneralParser<T_Point>::CalPktLoss(uint32_t) [with T_Point = hesai::lidar::LidarPointXYZIRT; uint32_t = unsigned int]]pkt loss freq: 13/5558
[2026-04-28 11:33:43][WARNING][0xd4554cd][/home/unitree/argo_go2_ws/src/hesai_ros_driver/src/driver/HesaiLidar_SDK_2.0/libhesai/UdpParser/src/general_parser.cc:358 void hesai::lidar::GeneralParser<T_Point>::CalPktLoss(uint32_t) [with T_Point = hesai::lidar::LidarPointXYZIRT; uint32_t = unsigned int]]pkt loss freq: 11/410754
[2026-04-28 11:34:12][INFO][0x2a8e5d16][/home/unitree/argo_go2_ws/src/hesai_ros_driver/src/driver/HesaiLidar_SDK_2.0/libhesai/UdpParser/src/udp6_1_parser.cc:51 hesai::lidar::Udp6_1Parser<T_Point>::~Udp6_1Parser() [with T_Point = hesai::lidar::LidarPointXYZIRT]]release Udp6_1parser
[2026-04-28 11:34:12][INFO][0x2a8e5d16][/home/unitree/argo_go2_ws/src/hesai_ros_driver/src/driver/HesaiLidar_SDK_2.0/libhesai/UdpParser/src/general_parser.cc:83 hesai::lidar::GeneralParser<T_Point>::~GeneralParser() [with T_Point = hesai::lidar::LidarPointXYZIRT]]release general parser
[2026-04-28 11:34:12][INFO][0x2a8e5d16][/home/unitree/argo_go2_ws/src/hesai_ros_driver/src/driver/HesaiLidar_SDK_2.0/libhesai/Source/src/socket_source.cc:50 virtual void hesai::lidar::SocketSource::Close()]SocketSource::Close()
[2026-04-28 11:34:12][INFO][0x2a8e5d16][/home/unitree/argo_go2_ws/src/hesai_ros_driver/src/driver/HesaiLidar_SDK_2.0/libhesai/Source/src/source.cc:42 virtual void hesai::lidar::Source::Close()]Source::Close()
