-- The C compiler identification is GNU 9.4.0
-- The CXX compiler identification is GNU 9.4.0
-- Check for working C compiler: /usr/bin/cc
-- Check for working C compiler: /usr/bin/cc -- works
-- Detecting C compiler ABI info
-- Detecting C compiler ABI info - done
-- Detecting C compile features
-- Detecting C compile features - done
-- Check for working CXX compiler: /usr/bin/c++
-- Check for working CXX compiler: /usr/bin/c++ -- works
-- Detecting CXX compiler ABI info
-- Detecting CXX compiler ABI info - done
-- Detecting CXX compile features
-- Detecting CXX compile features - done
-- Found ament_cmake: 0.9.12 (/opt/ros/foxy/share/ament_cmake/cmake)
-- Found PythonInterp: /usr/bin/python3 (found suitable version "3.8.10", minimum required is "3") 
-- Using PYTHON_EXECUTABLE: /usr/bin/python3
-- Override CMake install command with custom implementation using symlinks instead of copying resources
-- Found ament_lint_auto: 0.9.8 (/opt/ros/foxy/share/ament_lint_auto/cmake)
-- Added test 'flake8' to check Python code syntax and style conventions
-- Added test 'lint_cmake' to check CMake code style
-- Added test 'pep257' to check Python code against some of the style conventions in PEP 257
-- Added test 'xmllint' to check XML markup files
-- Configuring done
-- Generating done
-- Build files have been written to: /home/giovanna/argo_go2_ws/build/go2_description
-- Install configuration: ""
-- Execute custom install script
-- Symlinking: /home/giovanna/argo_go2_ws/install/go2_description/share/go2_description/launch/robot.launch.py
-- Symlinking: /home/giovanna/argo_go2_ws/install/go2_description/share/go2_description/urdf/go2_description.urdf
-- Symlinking: /home/giovanna/argo_go2_ws/install/go2_description/share/go2_description/meshes/calf.dae
-- Symlinking: /home/giovanna/argo_go2_ws/install/go2_description/share/go2_description/meshes/calf_mirror.dae
-- Symlinking: /home/giovanna/argo_go2_ws/install/go2_description/share/go2_description/meshes/foot.dae
-- Symlinking: /home/giovanna/argo_go2_ws/install/go2_description/share/go2_description/meshes/hip.dae
-- Symlinking: /home/giovanna/argo_go2_ws/install/go2_description/share/go2_description/meshes/thigh.dae
-- Symlinking: /home/giovanna/argo_go2_ws/install/go2_description/share/go2_description/meshes/thigh_mirror.dae
-- Symlinking: /home/giovanna/argo_go2_ws/install/go2_description/share/go2_description/meshes/trunk.dae
-- Symlinking: /home/giovanna/argo_go2_ws/install/go2_description/share/go2_description/dae/base.dae
-- Symlinking: /home/giovanna/argo_go2_ws/install/go2_description/share/go2_description/dae/calf.dae
-- Symlinking: /home/giovanna/argo_go2_ws/install/go2_description/share/go2_description/dae/calf_mirror.dae
-- Symlinking: /home/giovanna/argo_go2_ws/install/go2_description/share/go2_description/dae/foot.dae
-- Symlinking: /home/giovanna/argo_go2_ws/install/go2_description/share/go2_description/dae/hip.dae
-- Symlinking: /home/giovanna/argo_go2_ws/install/go2_description/share/go2_description/dae/thigh.dae
-- Symlinking: /home/giovanna/argo_go2_ws/install/go2_description/share/go2_description/dae/thigh_mirror.dae
-- Symlinking: /home/giovanna/argo_go2_ws/install/go2_description/share/go2_description/config/go2_description.rviz
-- Symlinking: /home/giovanna/argo_go2_ws/install/go2_description/share/ament_index/resource_index/package_run_dependencies/go2_description
-- Symlinking: /home/giovanna/argo_go2_ws/install/go2_description/share/ament_index/resource_index/parent_prefix_path/go2_description
-- Symlinking: /home/giovanna/argo_go2_ws/install/go2_description/share/go2_description/environment/ament_prefix_path.sh
-- Symlinking: /home/giovanna/argo_go2_ws/install/go2_description/share/go2_description/environment/ament_prefix_path.dsv
-- Symlinking: /home/giovanna/argo_go2_ws/install/go2_description/share/go2_description/environment/path.sh
-- Symlinking: /home/giovanna/argo_go2_ws/install/go2_description/share/go2_description/environment/path.dsv
-- Symlinking: /home/giovanna/argo_go2_ws/install/go2_description/share/go2_description/local_setup.bash
-- Symlinking: /home/giovanna/argo_go2_ws/install/go2_description/share/go2_description/local_setup.sh
-- Symlinking: /home/giovanna/argo_go2_ws/install/go2_description/share/go2_description/local_setup.zsh
-- Symlinking: /home/giovanna/argo_go2_ws/install/go2_description/share/go2_description/local_setup.dsv
-- Symlinking: /home/giovanna/argo_go2_ws/install/go2_description/share/go2_description/package.dsv
-- Symlinking: /home/giovanna/argo_go2_ws/install/go2_description/share/ament_index/resource_index/packages/go2_description
-- Symlinking: /home/giovanna/argo_go2_ws/install/go2_description/share/go2_description/cmake/go2_descriptionConfig.cmake
-- Symlinking: /home/giovanna/argo_go2_ws/install/go2_description/share/go2_description/cmake/go2_descriptionConfig-version.cmake
-- Symlinking: /home/giovanna/argo_go2_ws/install/go2_description/share/go2_description/package.xml
