[  0%] Built target unitree_go__cpp
[ 12%] Built target unitree_go__rosidl_generator_c
[ 37%] Built target unitree_go__rosidl_typesupport_cpp
[ 37%] Built target unitree_go__rosidl_typesupport_introspection_cpp
[ 49%] Built target unitree_go__rosidl_typesupport_c
[ 61%] Built target unitree_go__rosidl_typesupport_fastrtps_cpp
[ 73%] Built target unitree_go__rosidl_typesupport_introspection_c
[ 85%] Built target unitree_go__rosidl_typesupport_fastrtps_c
[ 85%] Built target unitree_go
[ 85%] Built target unitree_go__py
[ 97%] Built target unitree_go__python
[100%] Built target unitree_go__rosidl_typesupport_c__pyext
[100%] Built target unitree_go__rosidl_typesupport_introspection_c__pyext
[100%] Built target unitree_go__rosidl_typesupport_fastrtps_c__pyext
-- Install configuration: ""
-- Execute custom install script
-- Symlinking: /home/giovanna/argo_go2_ws/install/unitree_go/share/ament_index/resource_index/rosidl_interfaces/unitree_go
-- Symlinking: /home/giovanna/argo_go2_ws/install/unitree_go/include/unitree_go/msg/audio_data.h
-- Symlinking: /home/giovanna/argo_go2_ws/install/unitree_go/include/unitree_go/msg/bms_cmd.h
-- Symlinking: /home/giovanna/argo_go2_ws/install/unitree_go/include/unitree_go/msg/bms_state.h
-- Symlinking: /home/giovanna/argo_go2_ws/install/unitree_go/include/unitree_go/msg/detail/audio_data__functions.h
-- Symlinking: /home/giovanna/argo_go2_ws/install/unitree_go/include/unitree_go/msg/detail/audio_data__struct.h
-- Symlinking: /home/giovanna/argo_go2_ws/install/unitree_go/include/unitree_go/msg/detail/audio_data__type_support.h
-- Symlinking: /home/giovanna/argo_go2_ws/install/unitree_go/include/unitree_go/msg/detail/bms_cmd__functions.h
-- Symlinking: /home/giovanna/argo_go2_ws/install/unitree_go/include/unitree_go/msg/detail/bms_cmd__struct.h
-- Symlinking: /home/giovanna/argo_go2_ws/install/unitree_go/include/unitree_go/msg/detail/bms_cmd__type_support.h
-- Symlinking: /home/giovanna/argo_go2_ws/install/unitree_go/include/unitree_go/msg/detail/bms_state__functions.h
-- Symlinking: /home/giovanna/argo_go2_ws/install/unitree_go/include/unitree_go/msg/detail/bms_state__struct.h
-- Symlinking: /home/giovanna/argo_go2_ws/install/unitree_go/include/unitree_go/msg/detail/bms_state__type_support.h
-- Symlinking: /home/giovanna/argo_go2_ws/install/unitree_go/include/unitree_go/msg/detail/error__functions.h
-- Symlinking: /home/giovanna/argo_go2_ws/install/unitree_go/include/unitree_go/msg/detail/error__struct.h
-- Symlinking: /home/giovanna/argo_go2_ws/install/unitree_go/include/unitree_go/msg/detail/error__type_support.h
-- Symlinking: /home/giovanna/argo_go2_ws/install/unitree_go/include/unitree_go/msg/detail/height_map__functions.h
-- Symlinking: /home/giovanna/argo_go2_ws/install/unitree_go/include/unitree_go/msg/detail/height_map__struct.h
-- Symlinking: /home/giovanna/argo_go2_ws/install/unitree_go/include/unitree_go/msg/detail/height_map__type_support.h
-- Symlinking: /home/giovanna/argo_go2_ws/install/unitree_go/include/unitree_go/msg/detail/imu_state__functions.h
-- Symlinking: /home/giovanna/argo_go2_ws/install/unitree_go/include/unitree_go/msg/detail/imu_state__struct.h
-- Symlinking: /home/giovanna/argo_go2_ws/install/unitree_go/include/unitree_go/msg/detail/imu_state__type_support.h
-- Symlinking: /home/giovanna/argo_go2_ws/install/unitree_go/include/unitree_go/msg/detail/interface_config__functions.h
-- Symlinking: /home/giovanna/argo_go2_ws/install/unitree_go/include/unitree_go/msg/detail/interface_config__struct.h
-- Symlinking: /home/giovanna/argo_go2_ws/install/unitree_go/include/unitree_go/msg/detail/interface_config__type_support.h
-- Symlinking: /home/giovanna/argo_go2_ws/install/unitree_go/include/unitree_go/msg/detail/lidar_state__functions.h
-- Symlinking: /home/giovanna/argo_go2_ws/install/unitree_go/include/unitree_go/msg/detail/lidar_state__struct.h
-- Symlinking: /home/giovanna/argo_go2_ws/install/unitree_go/include/unitree_go/msg/detail/lidar_state__type_support.h
-- Symlinking: /home/giovanna/argo_go2_ws/install/unitree_go/include/unitree_go/msg/detail/low_cmd__functions.h
-- Symlinking: /home/giovanna/argo_go2_ws/install/unitree_go/include/unitree_go/msg/detail/low_cmd__struct.h
-- Symlinking: /home/giovanna/argo_go2_ws/install/unitree_go/include/unitree_go/msg/detail/low_cmd__type_support.h
-- Symlinking: /home/giovanna/argo_go2_ws/install/unitree_go/include/unitree_go/msg/detail/low_state__functions.h
-- Symlinking: /home/giovanna/argo_go2_ws/install/unitree_go/include/unitree_go/msg/detail/low_state__struct.h
-- Symlinking: /home/giovanna/argo_go2_ws/install/unitree_go/include/unitree_go/msg/detail/low_state__type_support.h
-- Symlinking: /home/giovanna/argo_go2_ws/install/unitree_go/include/unitree_go/msg/detail/motor_cmd__functions.h
-- Symlinking: /home/giovanna/argo_go2_ws/install/unitree_go/include/unitree_go/msg/detail/motor_cmd__struct.h
-- Symlinking: /home/giovanna/argo_go2_ws/install/unitree_go/include/unitree_go/msg/detail/motor_cmd__type_support.h
-- Symlinking: /home/giovanna/argo_go2_ws/install/unitree_go/include/unitree_go/msg/detail/motor_cmds__functions.h
-- Symlinking: /home/giovanna/argo_go2_ws/install/unitree_go/include/unitree_go/msg/detail/motor_cmds__struct.h
-- Symlinking: /home/giovanna/argo_go2_ws/install/unitree_go/include/unitree_go/msg/detail/motor_cmds__type_support.h
-- Symlinking: /home/giovanna/argo_go2_ws/install/unitree_go/include/unitree_go/msg/detail/motor_state__functions.h
-- Symlinking: /home/giovanna/argo_go2_ws/install/unitree_go/include/unitree_go/msg/detail/motor_state__struct.h
-- Symlinking: /home/giovanna/argo_go2_ws/install/unitree_go/include/unitree_go/msg/detail/motor_state__type_support.h
-- Symlinking: /home/giovanna/argo_go2_ws/install/unitree_go/include/unitree_go/msg/detail/motor_states__functions.h
-- Symlinking: /home/giovanna/argo_go2_ws/install/unitree_go/include/unitree_go/msg/detail/motor_states__struct.h
-- Symlinking: /home/giovanna/argo_go2_ws/install/unitree_go/include/unitree_go/msg/detail/motor_states__type_support.h
-- Symlinking: /home/giovanna/argo_go2_ws/install/unitree_go/include/unitree_go/msg/detail/path_point__functions.h
-- Symlinking: /home/giovanna/argo_go2_ws/install/unitree_go/include/unitree_go/msg/detail/path_point__struct.h
-- Symlinking: /home/giovanna/argo_go2_ws/install/unitree_go/include/unitree_go/msg/detail/path_point__type_support.h
-- Symlinking: /home/giovanna/argo_go2_ws/install/unitree_go/include/unitree_go/msg/detail/req__functions.h
-- Symlinking: /home/giovanna/argo_go2_ws/install/unitree_go/include/unitree_go/msg/detail/req__struct.h
-- Symlinking: /home/giovanna/argo_go2_ws/install/unitree_go/include/unitree_go/msg/detail/req__type_support.h
-- Symlinking: /home/giovanna/argo_go2_ws/install/unitree_go/include/unitree_go/msg/detail/res__functions.h
-- Symlinking: /home/giovanna/argo_go2_ws/install/unitree_go/include/unitree_go/msg/detail/res__struct.h
-- Symlinking: /home/giovanna/argo_go2_ws/install/unitree_go/include/unitree_go/msg/detail/res__type_support.h
-- Symlinking: /home/giovanna/argo_go2_ws/install/unitree_go/include/unitree_go/msg/detail/sport_mode_cmd__functions.h
-- Symlinking: /home/giovanna/argo_go2_ws/install/unitree_go/include/unitree_go/msg/detail/sport_mode_cmd__struct.h
-- Symlinking: /home/giovanna/argo_go2_ws/install/unitree_go/include/unitree_go/msg/detail/sport_mode_cmd__type_support.h
-- Symlinking: /home/giovanna/argo_go2_ws/install/unitree_go/include/unitree_go/msg/detail/sport_mode_state__functions.h
-- Symlinking: /home/giovanna/argo_go2_ws/install/unitree_go/include/unitree_go/msg/detail/sport_mode_state__struct.h
-- Symlinking: /home/giovanna/argo_go2_ws/install/unitree_go/include/unitree_go/msg/detail/sport_mode_state__type_support.h
-- Symlinking: /home/giovanna/argo_go2_ws/install/unitree_go/include/unitree_go/msg/detail/time_spec__functions.h
-- Symlinking: /home/giovanna/argo_go2_ws/install/unitree_go/include/unitree_go/msg/detail/time_spec__struct.h
-- Symlinking: /home/giovanna/argo_go2_ws/install/unitree_go/include/unitree_go/msg/detail/time_spec__type_support.h
-- Symlinking: /home/giovanna/argo_go2_ws/install/unitree_go/include/unitree_go/msg/detail/uwb_state__functions.h
-- Symlinking: /home/giovanna/argo_go2_ws/install/unitree_go/include/unitree_go/msg/detail/uwb_state__struct.h
-- Symlinking: /home/giovanna/argo_go2_ws/install/unitree_go/include/unitree_go/msg/detail/uwb_state__type_support.h
-- Symlinking: /home/giovanna/argo_go2_ws/install/unitree_go/include/unitree_go/msg/detail/uwb_switch__functions.h
-- Symlinking: /home/giovanna/argo_go2_ws/install/unitree_go/include/unitree_go/msg/detail/uwb_switch__struct.h
-- Symlinking: /home/giovanna/argo_go2_ws/install/unitree_go/include/unitree_go/msg/detail/uwb_switch__type_support.h
-- Symlinking: /home/giovanna/argo_go2_ws/install/unitree_go/include/unitree_go/msg/detail/wireless_controller__functions.h
-- Symlinking: /home/giovanna/argo_go2_ws/install/unitree_go/include/unitree_go/msg/detail/wireless_controller__struct.h
-- Symlinking: /home/giovanna/argo_go2_ws/install/unitree_go/include/unitree_go/msg/detail/wireless_controller__type_support.h
-- Symlinking: /home/giovanna/argo_go2_ws/install/unitree_go/include/unitree_go/msg/error.h
-- Symlinking: /home/giovanna/argo_go2_ws/install/unitree_go/include/unitree_go/msg/height_map.h
-- Symlinking: /home/giovanna/argo_go2_ws/install/unitree_go/include/unitree_go/msg/imu_state.h
-- Symlinking: /home/giovanna/argo_go2_ws/install/unitree_go/include/unitree_go/msg/interface_config.h
-- Symlinking: /home/giovanna/argo_go2_ws/install/unitree_go/include/unitree_go/msg/lidar_state.h
-- Symlinking: /home/giovanna/argo_go2_ws/install/unitree_go/include/unitree_go/msg/low_cmd.h
-- Symlinking: /home/giovanna/argo_go2_ws/install/unitree_go/include/unitree_go/msg/low_state.h
-- Symlinking: /home/giovanna/argo_go2_ws/install/unitree_go/include/unitree_go/msg/motor_cmd.h
-- Symlinking: /home/giovanna/argo_go2_ws/install/unitree_go/include/unitree_go/msg/motor_cmds.h
-- Symlinking: /home/giovanna/argo_go2_ws/install/unitree_go/include/unitree_go/msg/motor_state.h
-- Symlinking: /home/giovanna/argo_go2_ws/install/unitree_go/include/unitree_go/msg/motor_states.h
-- Symlinking: /home/giovanna/argo_go2_ws/install/unitree_go/include/unitree_go/msg/path_point.h
-- Symlinking: /home/giovanna/argo_go2_ws/install/unitree_go/include/unitree_go/msg/req.h
-- Symlinking: /home/giovanna/argo_go2_ws/install/unitree_go/include/unitree_go/msg/res.h
-- Symlinking: /home/giovanna/argo_go2_ws/install/unitree_go/include/unitree_go/msg/rosidl_generator_c__visibility_control.h
-- Symlinking: /home/giovanna/argo_go2_ws/install/unitree_go/include/unitree_go/msg/sport_mode_cmd.h
-- Symlinking: /home/giovanna/argo_go2_ws/install/unitree_go/include/unitree_go/msg/sport_mode_state.h
-- Symlinking: /home/giovanna/argo_go2_ws/install/unitree_go/include/unitree_go/msg/time_spec.h
-- Symlinking: /home/giovanna/argo_go2_ws/install/unitree_go/include/unitree_go/msg/uwb_state.h
-- Symlinking: /home/giovanna/argo_go2_ws/install/unitree_go/include/unitree_go/msg/uwb_switch.h
-- Symlinking: /home/giovanna/argo_go2_ws/install/unitree_go/include/unitree_go/msg/wireless_controller.h
-- Symlinking: /home/giovanna/argo_go2_ws/install/unitree_go/share/unitree_go/environment/library_path.sh
-- Symlinking: /home/giovanna/argo_go2_ws/install/unitree_go/share/unitree_go/environment/library_path.dsv
-- Symlinking: /home/giovanna/argo_go2_ws/install/unitree_go/include/unitree_go/msg/detail/audio_data__rosidl_typesupport_fastrtps_c.h
-- Symlinking: /home/giovanna/argo_go2_ws/install/unitree_go/include/unitree_go/msg/detail/bms_cmd__rosidl_typesupport_fastrtps_c.h
-- Symlinking: /home/giovanna/argo_go2_ws/install/unitree_go/include/unitree_go/msg/detail/bms_state__rosidl_typesupport_fastrtps_c.h
-- Symlinking: /home/giovanna/argo_go2_ws/install/unitree_go/include/unitree_go/msg/detail/error__rosidl_typesupport_fastrtps_c.h
-- Symlinking: /home/giovanna/argo_go2_ws/install/unitree_go/include/unitree_go/msg/detail/height_map__rosidl_typesupport_fastrtps_c.h
-- Symlinking: /home/giovanna/argo_go2_ws/install/unitree_go/include/unitree_go/msg/detail/imu_state__rosidl_typesupport_fastrtps_c.h
-- Symlinking: /home/giovanna/argo_go2_ws/install/unitree_go/include/unitree_go/msg/detail/interface_config__rosidl_typesupport_fastrtps_c.h
-- Symlinking: /home/giovanna/argo_go2_ws/install/unitree_go/include/unitree_go/msg/detail/lidar_state__rosidl_typesupport_fastrtps_c.h
-- Symlinking: /home/giovanna/argo_go2_ws/install/unitree_go/include/unitree_go/msg/detail/low_cmd__rosidl_typesupport_fastrtps_c.h
-- Symlinking: /home/giovanna/argo_go2_ws/install/unitree_go/include/unitree_go/msg/detail/low_state__rosidl_typesupport_fastrtps_c.h
-- Symlinking: /home/giovanna/argo_go2_ws/install/unitree_go/include/unitree_go/msg/detail/motor_cmd__rosidl_typesupport_fastrtps_c.h
-- Symlinking: /home/giovanna/argo_go2_ws/install/unitree_go/include/unitree_go/msg/detail/motor_cmds__rosidl_typesupport_fastrtps_c.h
-- Symlinking: /home/giovanna/argo_go2_ws/install/unitree_go/include/unitree_go/msg/detail/motor_state__rosidl_typesupport_fastrtps_c.h
-- Symlinking: /home/giovanna/argo_go2_ws/install/unitree_go/include/unitree_go/msg/detail/motor_states__rosidl_typesupport_fastrtps_c.h
-- Symlinking: /home/giovanna/argo_go2_ws/install/unitree_go/include/unitree_go/msg/detail/path_point__rosidl_typesupport_fastrtps_c.h
-- Symlinking: /home/giovanna/argo_go2_ws/install/unitree_go/include/unitree_go/msg/detail/req__rosidl_typesupport_fastrtps_c.h
-- Symlinking: /home/giovanna/argo_go2_ws/install/unitree_go/include/unitree_go/msg/detail/res__rosidl_typesupport_fastrtps_c.h
-- Symlinking: /home/giovanna/argo_go2_ws/install/unitree_go/include/unitree_go/msg/detail/sport_mode_cmd__rosidl_typesupport_fastrtps_c.h
-- Symlinking: /home/giovanna/argo_go2_ws/install/unitree_go/include/unitree_go/msg/detail/sport_mode_state__rosidl_typesupport_fastrtps_c.h
-- Symlinking: /home/giovanna/argo_go2_ws/install/unitree_go/include/unitree_go/msg/detail/time_spec__rosidl_typesupport_fastrtps_c.h
-- Symlinking: /home/giovanna/argo_go2_ws/install/unitree_go/include/unitree_go/msg/detail/uwb_state__rosidl_typesupport_fastrtps_c.h
-- Symlinking: /home/giovanna/argo_go2_ws/install/unitree_go/include/unitree_go/msg/detail/uwb_switch__rosidl_typesupport_fastrtps_c.h
-- Symlinking: /home/giovanna/argo_go2_ws/install/unitree_go/include/unitree_go/msg/detail/wireless_controller__rosidl_typesupport_fastrtps_c.h
-- Symlinking: /home/giovanna/argo_go2_ws/install/unitree_go/include/unitree_go/msg/rosidl_typesupport_fastrtps_c__visibility_control.h
-- Symlinking: /home/giovanna/argo_go2_ws/install/unitree_go/lib/libunitree_go__rosidl_typesupport_fastrtps_c.so
-- Symlinking: /home/giovanna/argo_go2_ws/install/unitree_go/include/unitree_go/msg/detail/audio_data__rosidl_typesupport_fastrtps_cpp.hpp
-- Symlinking: /home/giovanna/argo_go2_ws/install/unitree_go/include/unitree_go/msg/detail/bms_cmd__rosidl_typesupport_fastrtps_cpp.hpp
-- Symlinking: /home/giovanna/argo_go2_ws/install/unitree_go/include/unitree_go/msg/detail/bms_state__rosidl_typesupport_fastrtps_cpp.hpp
-- Symlinking: /home/giovanna/argo_go2_ws/install/unitree_go/include/unitree_go/msg/detail/error__rosidl_typesupport_fastrtps_cpp.hpp
-- Symlinking: /home/giovanna/argo_go2_ws/install/unitree_go/include/unitree_go/msg/detail/height_map__rosidl_typesupport_fastrtps_cpp.hpp
-- Symlinking: /home/giovanna/argo_go2_ws/install/unitree_go/include/unitree_go/msg/detail/imu_state__rosidl_typesupport_fastrtps_cpp.hpp
-- Symlinking: /home/giovanna/argo_go2_ws/install/unitree_go/include/unitree_go/msg/detail/interface_config__rosidl_typesupport_fastrtps_cpp.hpp
-- Symlinking: /home/giovanna/argo_go2_ws/install/unitree_go/include/unitree_go/msg/detail/lidar_state__rosidl_typesupport_fastrtps_cpp.hpp
-- Symlinking: /home/giovanna/argo_go2_ws/install/unitree_go/include/unitree_go/msg/detail/low_cmd__rosidl_typesupport_fastrtps_cpp.hpp
-- Symlinking: /home/giovanna/argo_go2_ws/install/unitree_go/include/unitree_go/msg/detail/low_state__rosidl_typesupport_fastrtps_cpp.hpp
-- Symlinking: /home/giovanna/argo_go2_ws/install/unitree_go/include/unitree_go/msg/detail/motor_cmd__rosidl_typesupport_fastrtps_cpp.hpp
-- Symlinking: /home/giovanna/argo_go2_ws/install/unitree_go/include/unitree_go/msg/detail/motor_cmds__rosidl_typesupport_fastrtps_cpp.hpp
-- Symlinking: /home/giovanna/argo_go2_ws/install/unitree_go/include/unitree_go/msg/detail/motor_state__rosidl_typesupport_fastrtps_cpp.hpp
-- Symlinking: /home/giovanna/argo_go2_ws/install/unitree_go/include/unitree_go/msg/detail/motor_states__rosidl_typesupport_fastrtps_cpp.hpp
-- Symlinking: /home/giovanna/argo_go2_ws/install/unitree_go/include/unitree_go/msg/detail/path_point__rosidl_typesupport_fastrtps_cpp.hpp
-- Symlinking: /home/giovanna/argo_go2_ws/install/unitree_go/include/unitree_go/msg/detail/req__rosidl_typesupport_fastrtps_cpp.hpp
-- Symlinking: /home/giovanna/argo_go2_ws/install/unitree_go/include/unitree_go/msg/detail/res__rosidl_typesupport_fastrtps_cpp.hpp
-- Symlinking: /home/giovanna/argo_go2_ws/install/unitree_go/include/unitree_go/msg/detail/sport_mode_cmd__rosidl_typesupport_fastrtps_cpp.hpp
-- Symlinking: /home/giovanna/argo_go2_ws/install/unitree_go/include/unitree_go/msg/detail/sport_mode_state__rosidl_typesupport_fastrtps_cpp.hpp
-- Symlinking: /home/giovanna/argo_go2_ws/install/unitree_go/include/unitree_go/msg/detail/time_spec__rosidl_typesupport_fastrtps_cpp.hpp
-- Symlinking: /home/giovanna/argo_go2_ws/install/unitree_go/include/unitree_go/msg/detail/uwb_state__rosidl_typesupport_fastrtps_cpp.hpp
-- Symlinking: /home/giovanna/argo_go2_ws/install/unitree_go/include/unitree_go/msg/detail/uwb_switch__rosidl_typesupport_fastrtps_cpp.hpp
-- Symlinking: /home/giovanna/argo_go2_ws/install/unitree_go/include/unitree_go/msg/detail/wireless_controller__rosidl_typesupport_fastrtps_cpp.hpp
-- Symlinking: /home/giovanna/argo_go2_ws/install/unitree_go/include/unitree_go/msg/rosidl_typesupport_fastrtps_cpp__visibility_control.h
-- Symlinking: /home/giovanna/argo_go2_ws/install/unitree_go/lib/libunitree_go__rosidl_typesupport_fastrtps_cpp.so
-- Symlinking: /home/giovanna/argo_go2_ws/install/unitree_go/include/unitree_go/msg/detail/audio_data__rosidl_typesupport_introspection_c.h
-- Symlinking: /home/giovanna/argo_go2_ws/install/unitree_go/include/unitree_go/msg/detail/bms_cmd__rosidl_typesupport_introspection_c.h
-- Symlinking: /home/giovanna/argo_go2_ws/install/unitree_go/include/unitree_go/msg/detail/bms_state__rosidl_typesupport_introspection_c.h
-- Symlinking: /home/giovanna/argo_go2_ws/install/unitree_go/include/unitree_go/msg/detail/error__rosidl_typesupport_introspection_c.h
-- Symlinking: /home/giovanna/argo_go2_ws/install/unitree_go/include/unitree_go/msg/detail/height_map__rosidl_typesupport_introspection_c.h
-- Symlinking: /home/giovanna/argo_go2_ws/install/unitree_go/include/unitree_go/msg/detail/imu_state__rosidl_typesupport_introspection_c.h
-- Symlinking: /home/giovanna/argo_go2_ws/install/unitree_go/include/unitree_go/msg/detail/interface_config__rosidl_typesupport_introspection_c.h
-- Symlinking: /home/giovanna/argo_go2_ws/install/unitree_go/include/unitree_go/msg/detail/lidar_state__rosidl_typesupport_introspection_c.h
-- Symlinking: /home/giovanna/argo_go2_ws/install/unitree_go/include/unitree_go/msg/detail/low_cmd__rosidl_typesupport_introspection_c.h
-- Symlinking: /home/giovanna/argo_go2_ws/install/unitree_go/include/unitree_go/msg/detail/low_state__rosidl_typesupport_introspection_c.h
-- Symlinking: /home/giovanna/argo_go2_ws/install/unitree_go/include/unitree_go/msg/detail/motor_cmd__rosidl_typesupport_introspection_c.h
-- Symlinking: /home/giovanna/argo_go2_ws/install/unitree_go/include/unitree_go/msg/detail/motor_cmds__rosidl_typesupport_introspection_c.h
-- Symlinking: /home/giovanna/argo_go2_ws/install/unitree_go/include/unitree_go/msg/detail/motor_state__rosidl_typesupport_introspection_c.h
-- Symlinking: /home/giovanna/argo_go2_ws/install/unitree_go/include/unitree_go/msg/detail/motor_states__rosidl_typesupport_introspection_c.h
-- Symlinking: /home/giovanna/argo_go2_ws/install/unitree_go/include/unitree_go/msg/detail/path_point__rosidl_typesupport_introspection_c.h
-- Symlinking: /home/giovanna/argo_go2_ws/install/unitree_go/include/unitree_go/msg/detail/req__rosidl_typesupport_introspection_c.h
-- Symlinking: /home/giovanna/argo_go2_ws/install/unitree_go/include/unitree_go/msg/detail/res__rosidl_typesupport_introspection_c.h
-- Symlinking: /home/giovanna/argo_go2_ws/install/unitree_go/include/unitree_go/msg/detail/sport_mode_cmd__rosidl_typesupport_introspection_c.h
-- Symlinking: /home/giovanna/argo_go2_ws/install/unitree_go/include/unitree_go/msg/detail/sport_mode_state__rosidl_typesupport_introspection_c.h
-- Symlinking: /home/giovanna/argo_go2_ws/install/unitree_go/include/unitree_go/msg/detail/time_spec__rosidl_typesupport_introspection_c.h
-- Symlinking: /home/giovanna/argo_go2_ws/install/unitree_go/include/unitree_go/msg/detail/uwb_state__rosidl_typesupport_introspection_c.h
-- Symlinking: /home/giovanna/argo_go2_ws/install/unitree_go/include/unitree_go/msg/detail/uwb_switch__rosidl_typesupport_introspection_c.h
-- Symlinking: /home/giovanna/argo_go2_ws/install/unitree_go/include/unitree_go/msg/detail/wireless_controller__rosidl_typesupport_introspection_c.h
-- Symlinking: /home/giovanna/argo_go2_ws/install/unitree_go/include/unitree_go/msg/rosidl_typesupport_introspection_c__visibility_control.h
-- Symlinking: /home/giovanna/argo_go2_ws/install/unitree_go/include/unitree_go/msg/audio_data.hpp
-- Symlinking: /home/giovanna/argo_go2_ws/install/unitree_go/include/unitree_go/msg/bms_cmd.hpp
-- Symlinking: /home/giovanna/argo_go2_ws/install/unitree_go/include/unitree_go/msg/bms_state.hpp
-- Symlinking: /home/giovanna/argo_go2_ws/install/unitree_go/include/unitree_go/msg/detail/audio_data__builder.hpp
-- Symlinking: /home/giovanna/argo_go2_ws/install/unitree_go/include/unitree_go/msg/detail/audio_data__struct.hpp
-- Symlinking: /home/giovanna/argo_go2_ws/install/unitree_go/include/unitree_go/msg/detail/audio_data__traits.hpp
-- Symlinking: /home/giovanna/argo_go2_ws/install/unitree_go/include/unitree_go/msg/detail/audio_data__type_support.hpp
-- Symlinking: /home/giovanna/argo_go2_ws/install/unitree_go/include/unitree_go/msg/detail/bms_cmd__builder.hpp
-- Symlinking: /home/giovanna/argo_go2_ws/install/unitree_go/include/unitree_go/msg/detail/bms_cmd__struct.hpp
-- Symlinking: /home/giovanna/argo_go2_ws/install/unitree_go/include/unitree_go/msg/detail/bms_cmd__traits.hpp
-- Symlinking: /home/giovanna/argo_go2_ws/install/unitree_go/include/unitree_go/msg/detail/bms_cmd__type_support.hpp
-- Symlinking: /home/giovanna/argo_go2_ws/install/unitree_go/include/unitree_go/msg/detail/bms_state__builder.hpp
-- Symlinking: /home/giovanna/argo_go2_ws/install/unitree_go/include/unitree_go/msg/detail/bms_state__struct.hpp
-- Symlinking: /home/giovanna/argo_go2_ws/install/unitree_go/include/unitree_go/msg/detail/bms_state__traits.hpp
-- Symlinking: /home/giovanna/argo_go2_ws/install/unitree_go/include/unitree_go/msg/detail/bms_state__type_support.hpp
-- Symlinking: /home/giovanna/argo_go2_ws/install/unitree_go/include/unitree_go/msg/detail/error__builder.hpp
-- Symlinking: /home/giovanna/argo_go2_ws/install/unitree_go/include/unitree_go/msg/detail/error__struct.hpp
-- Symlinking: /home/giovanna/argo_go2_ws/install/unitree_go/include/unitree_go/msg/detail/error__traits.hpp
-- Symlinking: /home/giovanna/argo_go2_ws/install/unitree_go/include/unitree_go/msg/detail/error__type_support.hpp
-- Symlinking: /home/giovanna/argo_go2_ws/install/unitree_go/include/unitree_go/msg/detail/height_map__builder.hpp
-- Symlinking: /home/giovanna/argo_go2_ws/install/unitree_go/include/unitree_go/msg/detail/height_map__struct.hpp
-- Symlinking: /home/giovanna/argo_go2_ws/install/unitree_go/include/unitree_go/msg/detail/height_map__traits.hpp
-- Symlinking: /home/giovanna/argo_go2_ws/install/unitree_go/include/unitree_go/msg/detail/height_map__type_support.hpp
-- Symlinking: /home/giovanna/argo_go2_ws/install/unitree_go/include/unitree_go/msg/detail/imu_state__builder.hpp
-- Symlinking: /home/giovanna/argo_go2_ws/install/unitree_go/include/unitree_go/msg/detail/imu_state__struct.hpp
-- Symlinking: /home/giovanna/argo_go2_ws/install/unitree_go/include/unitree_go/msg/detail/imu_state__traits.hpp
-- Symlinking: /home/giovanna/argo_go2_ws/install/unitree_go/include/unitree_go/msg/detail/imu_state__type_support.hpp
-- Symlinking: /home/giovanna/argo_go2_ws/install/unitree_go/include/unitree_go/msg/detail/interface_config__builder.hpp
-- Symlinking: /home/giovanna/argo_go2_ws/install/unitree_go/include/unitree_go/msg/detail/interface_config__struct.hpp
-- Symlinking: /home/giovanna/argo_go2_ws/install/unitree_go/include/unitree_go/msg/detail/interface_config__traits.hpp
-- Symlinking: /home/giovanna/argo_go2_ws/install/unitree_go/include/unitree_go/msg/detail/interface_config__type_support.hpp
-- Symlinking: /home/giovanna/argo_go2_ws/install/unitree_go/include/unitree_go/msg/detail/lidar_state__builder.hpp
-- Symlinking: /home/giovanna/argo_go2_ws/install/unitree_go/include/unitree_go/msg/detail/lidar_state__struct.hpp
-- Symlinking: /home/giovanna/argo_go2_ws/install/unitree_go/include/unitree_go/msg/detail/lidar_state__traits.hpp
-- Symlinking: /home/giovanna/argo_go2_ws/install/unitree_go/include/unitree_go/msg/detail/lidar_state__type_support.hpp
-- Symlinking: /home/giovanna/argo_go2_ws/install/unitree_go/include/unitree_go/msg/detail/low_cmd__builder.hpp
-- Symlinking: /home/giovanna/argo_go2_ws/install/unitree_go/include/unitree_go/msg/detail/low_cmd__struct.hpp
-- Symlinking: /home/giovanna/argo_go2_ws/install/unitree_go/include/unitree_go/msg/detail/low_cmd__traits.hpp
-- Symlinking: /home/giovanna/argo_go2_ws/install/unitree_go/include/unitree_go/msg/detail/low_cmd__type_support.hpp
-- Symlinking: /home/giovanna/argo_go2_ws/install/unitree_go/include/unitree_go/msg/detail/low_state__builder.hpp
-- Symlinking: /home/giovanna/argo_go2_ws/install/unitree_go/include/unitree_go/msg/detail/low_state__struct.hpp
-- Symlinking: /home/giovanna/argo_go2_ws/install/unitree_go/include/unitree_go/msg/detail/low_state__traits.hpp
-- Symlinking: /home/giovanna/argo_go2_ws/install/unitree_go/include/unitree_go/msg/detail/low_state__type_support.hpp
-- Symlinking: /home/giovanna/argo_go2_ws/install/unitree_go/include/unitree_go/msg/detail/motor_cmd__builder.hpp
-- Symlinking: /home/giovanna/argo_go2_ws/install/unitree_go/include/unitree_go/msg/detail/motor_cmd__struct.hpp
-- Symlinking: /home/giovanna/argo_go2_ws/install/unitree_go/include/unitree_go/msg/detail/motor_cmd__traits.hpp
-- Symlinking: /home/giovanna/argo_go2_ws/install/unitree_go/include/unitree_go/msg/detail/motor_cmd__type_support.hpp
-- Symlinking: /home/giovanna/argo_go2_ws/install/unitree_go/include/unitree_go/msg/detail/motor_cmds__builder.hpp
-- Symlinking: /home/giovanna/argo_go2_ws/install/unitree_go/include/unitree_go/msg/detail/motor_cmds__struct.hpp
-- Symlinking: /home/giovanna/argo_go2_ws/install/unitree_go/include/unitree_go/msg/detail/motor_cmds__traits.hpp
-- Symlinking: /home/giovanna/argo_go2_ws/install/unitree_go/include/unitree_go/msg/detail/motor_cmds__type_support.hpp
-- Symlinking: /home/giovanna/argo_go2_ws/install/unitree_go/include/unitree_go/msg/detail/motor_state__builder.hpp
-- Symlinking: /home/giovanna/argo_go2_ws/install/unitree_go/include/unitree_go/msg/detail/motor_state__struct.hpp
-- Symlinking: /home/giovanna/argo_go2_ws/install/unitree_go/include/unitree_go/msg/detail/motor_state__traits.hpp
-- Symlinking: /home/giovanna/argo_go2_ws/install/unitree_go/include/unitree_go/msg/detail/motor_state__type_support.hpp
-- Symlinking: /home/giovanna/argo_go2_ws/install/unitree_go/include/unitree_go/msg/detail/motor_states__builder.hpp
-- Symlinking: /home/giovanna/argo_go2_ws/install/unitree_go/include/unitree_go/msg/detail/motor_states__struct.hpp
-- Symlinking: /home/giovanna/argo_go2_ws/install/unitree_go/include/unitree_go/msg/detail/motor_states__traits.hpp
-- Symlinking: /home/giovanna/argo_go2_ws/install/unitree_go/include/unitree_go/msg/detail/motor_states__type_support.hpp
-- Symlinking: /home/giovanna/argo_go2_ws/install/unitree_go/include/unitree_go/msg/detail/path_point__builder.hpp
-- Symlinking: /home/giovanna/argo_go2_ws/install/unitree_go/include/unitree_go/msg/detail/path_point__struct.hpp
-- Symlinking: /home/giovanna/argo_go2_ws/install/unitree_go/include/unitree_go/msg/detail/path_point__traits.hpp
-- Symlinking: /home/giovanna/argo_go2_ws/install/unitree_go/include/unitree_go/msg/detail/path_point__type_support.hpp
-- Symlinking: /home/giovanna/argo_go2_ws/install/unitree_go/include/unitree_go/msg/detail/req__builder.hpp
-- Symlinking: /home/giovanna/argo_go2_ws/install/unitree_go/include/unitree_go/msg/detail/req__struct.hpp
-- Symlinking: /home/giovanna/argo_go2_ws/install/unitree_go/include/unitree_go/msg/detail/req__traits.hpp
-- Symlinking: /home/giovanna/argo_go2_ws/install/unitree_go/include/unitree_go/msg/detail/req__type_support.hpp
-- Symlinking: /home/giovanna/argo_go2_ws/install/unitree_go/include/unitree_go/msg/detail/res__builder.hpp
-- Symlinking: /home/giovanna/argo_go2_ws/install/unitree_go/include/unitree_go/msg/detail/res__struct.hpp
-- Symlinking: /home/giovanna/argo_go2_ws/install/unitree_go/include/unitree_go/msg/detail/res__traits.hpp
-- Symlinking: /home/giovanna/argo_go2_ws/install/unitree_go/include/unitree_go/msg/detail/res__type_support.hpp
-- Symlinking: /home/giovanna/argo_go2_ws/install/unitree_go/include/unitree_go/msg/detail/sport_mode_cmd__builder.hpp
-- Symlinking: /home/giovanna/argo_go2_ws/install/unitree_go/include/unitree_go/msg/detail/sport_mode_cmd__struct.hpp
-- Symlinking: /home/giovanna/argo_go2_ws/install/unitree_go/include/unitree_go/msg/detail/sport_mode_cmd__traits.hpp
-- Symlinking: /home/giovanna/argo_go2_ws/install/unitree_go/include/unitree_go/msg/detail/sport_mode_cmd__type_support.hpp
-- Symlinking: /home/giovanna/argo_go2_ws/install/unitree_go/include/unitree_go/msg/detail/sport_mode_state__builder.hpp
-- Symlinking: /home/giovanna/argo_go2_ws/install/unitree_go/include/unitree_go/msg/detail/sport_mode_state__struct.hpp
-- Symlinking: /home/giovanna/argo_go2_ws/install/unitree_go/include/unitree_go/msg/detail/sport_mode_state__traits.hpp
-- Symlinking: /home/giovanna/argo_go2_ws/install/unitree_go/include/unitree_go/msg/detail/sport_mode_state__type_support.hpp
-- Symlinking: /home/giovanna/argo_go2_ws/install/unitree_go/include/unitree_go/msg/detail/time_spec__builder.hpp
-- Symlinking: /home/giovanna/argo_go2_ws/install/unitree_go/include/unitree_go/msg/detail/time_spec__struct.hpp
-- Symlinking: /home/giovanna/argo_go2_ws/install/unitree_go/include/unitree_go/msg/detail/time_spec__traits.hpp
-- Symlinking: /home/giovanna/argo_go2_ws/install/unitree_go/include/unitree_go/msg/detail/time_spec__type_support.hpp
-- Symlinking: /home/giovanna/argo_go2_ws/install/unitree_go/include/unitree_go/msg/detail/uwb_state__builder.hpp
-- Symlinking: /home/giovanna/argo_go2_ws/install/unitree_go/include/unitree_go/msg/detail/uwb_state__struct.hpp
-- Symlinking: /home/giovanna/argo_go2_ws/install/unitree_go/include/unitree_go/msg/detail/uwb_state__traits.hpp
-- Symlinking: /home/giovanna/argo_go2_ws/install/unitree_go/include/unitree_go/msg/detail/uwb_state__type_support.hpp
-- Symlinking: /home/giovanna/argo_go2_ws/install/unitree_go/include/unitree_go/msg/detail/uwb_switch__builder.hpp
-- Symlinking: /home/giovanna/argo_go2_ws/install/unitree_go/include/unitree_go/msg/detail/uwb_switch__struct.hpp
-- Symlinking: /home/giovanna/argo_go2_ws/install/unitree_go/include/unitree_go/msg/detail/uwb_switch__traits.hpp
-- Symlinking: /home/giovanna/argo_go2_ws/install/unitree_go/include/unitree_go/msg/detail/uwb_switch__type_support.hpp
-- Symlinking: /home/giovanna/argo_go2_ws/install/unitree_go/include/unitree_go/msg/detail/wireless_controller__builder.hpp
-- Symlinking: /home/giovanna/argo_go2_ws/install/unitree_go/include/unitree_go/msg/detail/wireless_controller__struct.hpp
-- Symlinking: /home/giovanna/argo_go2_ws/install/unitree_go/include/unitree_go/msg/detail/wireless_controller__traits.hpp
-- Symlinking: /home/giovanna/argo_go2_ws/install/unitree_go/include/unitree_go/msg/detail/wireless_controller__type_support.hpp
-- Symlinking: /home/giovanna/argo_go2_ws/install/unitree_go/include/unitree_go/msg/error.hpp
-- Symlinking: /home/giovanna/argo_go2_ws/install/unitree_go/include/unitree_go/msg/height_map.hpp
-- Symlinking: /home/giovanna/argo_go2_ws/install/unitree_go/include/unitree_go/msg/imu_state.hpp
-- Symlinking: /home/giovanna/argo_go2_ws/install/unitree_go/include/unitree_go/msg/interface_config.hpp
-- Symlinking: /home/giovanna/argo_go2_ws/install/unitree_go/include/unitree_go/msg/lidar_state.hpp
-- Symlinking: /home/giovanna/argo_go2_ws/install/unitree_go/include/unitree_go/msg/low_cmd.hpp
-- Symlinking: /home/giovanna/argo_go2_ws/install/unitree_go/include/unitree_go/msg/low_state.hpp
-- Symlinking: /home/giovanna/argo_go2_ws/install/unitree_go/include/unitree_go/msg/motor_cmd.hpp
-- Symlinking: /home/giovanna/argo_go2_ws/install/unitree_go/include/unitree_go/msg/motor_cmds.hpp
-- Symlinking: /home/giovanna/argo_go2_ws/install/unitree_go/include/unitree_go/msg/motor_state.hpp
-- Symlinking: /home/giovanna/argo_go2_ws/install/unitree_go/include/unitree_go/msg/motor_states.hpp
-- Symlinking: /home/giovanna/argo_go2_ws/install/unitree_go/include/unitree_go/msg/path_point.hpp
-- Symlinking: /home/giovanna/argo_go2_ws/install/unitree_go/include/unitree_go/msg/req.hpp
-- Symlinking: /home/giovanna/argo_go2_ws/install/unitree_go/include/unitree_go/msg/res.hpp
-- Symlinking: /home/giovanna/argo_go2_ws/install/unitree_go/include/unitree_go/msg/rosidl_generator_cpp__visibility_control.hpp
-- Symlinking: /home/giovanna/argo_go2_ws/install/unitree_go/include/unitree_go/msg/sport_mode_cmd.hpp
-- Symlinking: /home/giovanna/argo_go2_ws/install/unitree_go/include/unitree_go/msg/sport_mode_state.hpp
-- Symlinking: /home/giovanna/argo_go2_ws/install/unitree_go/include/unitree_go/msg/time_spec.hpp
-- Symlinking: /home/giovanna/argo_go2_ws/install/unitree_go/include/unitree_go/msg/uwb_state.hpp
-- Symlinking: /home/giovanna/argo_go2_ws/install/unitree_go/include/unitree_go/msg/uwb_switch.hpp
-- Symlinking: /home/giovanna/argo_go2_ws/install/unitree_go/include/unitree_go/msg/wireless_controller.hpp
-- Symlinking: /home/giovanna/argo_go2_ws/install/unitree_go/include/unitree_go/msg/detail/audio_data__rosidl_typesupport_introspection_cpp.hpp
-- Symlinking: /home/giovanna/argo_go2_ws/install/unitree_go/include/unitree_go/msg/detail/bms_cmd__rosidl_typesupport_introspection_cpp.hpp
-- Symlinking: /home/giovanna/argo_go2_ws/install/unitree_go/include/unitree_go/msg/detail/bms_state__rosidl_typesupport_introspection_cpp.hpp
-- Symlinking: /home/giovanna/argo_go2_ws/install/unitree_go/include/unitree_go/msg/detail/error__rosidl_typesupport_introspection_cpp.hpp
-- Symlinking: /home/giovanna/argo_go2_ws/install/unitree_go/include/unitree_go/msg/detail/height_map__rosidl_typesupport_introspection_cpp.hpp
-- Symlinking: /home/giovanna/argo_go2_ws/install/unitree_go/include/unitree_go/msg/detail/imu_state__rosidl_typesupport_introspection_cpp.hpp
-- Symlinking: /home/giovanna/argo_go2_ws/install/unitree_go/include/unitree_go/msg/detail/interface_config__rosidl_typesupport_introspection_cpp.hpp
-- Symlinking: /home/giovanna/argo_go2_ws/install/unitree_go/include/unitree_go/msg/detail/lidar_state__rosidl_typesupport_introspection_cpp.hpp
-- Symlinking: /home/giovanna/argo_go2_ws/install/unitree_go/include/unitree_go/msg/detail/low_cmd__rosidl_typesupport_introspection_cpp.hpp
-- Symlinking: /home/giovanna/argo_go2_ws/install/unitree_go/include/unitree_go/msg/detail/low_state__rosidl_typesupport_introspection_cpp.hpp
-- Symlinking: /home/giovanna/argo_go2_ws/install/unitree_go/include/unitree_go/msg/detail/motor_cmd__rosidl_typesupport_introspection_cpp.hpp
-- Symlinking: /home/giovanna/argo_go2_ws/install/unitree_go/include/unitree_go/msg/detail/motor_cmds__rosidl_typesupport_introspection_cpp.hpp
-- Symlinking: /home/giovanna/argo_go2_ws/install/unitree_go/include/unitree_go/msg/detail/motor_state__rosidl_typesupport_introspection_cpp.hpp
-- Symlinking: /home/giovanna/argo_go2_ws/install/unitree_go/include/unitree_go/msg/detail/motor_states__rosidl_typesupport_introspection_cpp.hpp
-- Symlinking: /home/giovanna/argo_go2_ws/install/unitree_go/include/unitree_go/msg/detail/path_point__rosidl_typesupport_introspection_cpp.hpp
-- Symlinking: /home/giovanna/argo_go2_ws/install/unitree_go/include/unitree_go/msg/detail/req__rosidl_typesupport_introspection_cpp.hpp
-- Symlinking: /home/giovanna/argo_go2_ws/install/unitree_go/include/unitree_go/msg/detail/res__rosidl_typesupport_introspection_cpp.hpp
-- Symlinking: /home/giovanna/argo_go2_ws/install/unitree_go/include/unitree_go/msg/detail/sport_mode_cmd__rosidl_typesupport_introspection_cpp.hpp
-- Symlinking: /home/giovanna/argo_go2_ws/install/unitree_go/include/unitree_go/msg/detail/sport_mode_state__rosidl_typesupport_introspection_cpp.hpp
-- Symlinking: /home/giovanna/argo_go2_ws/install/unitree_go/include/unitree_go/msg/detail/time_spec__rosidl_typesupport_introspection_cpp.hpp
-- Symlinking: /home/giovanna/argo_go2_ws/install/unitree_go/include/unitree_go/msg/detail/uwb_state__rosidl_typesupport_introspection_cpp.hpp
-- Symlinking: /home/giovanna/argo_go2_ws/install/unitree_go/include/unitree_go/msg/detail/uwb_switch__rosidl_typesupport_introspection_cpp.hpp
-- Symlinking: /home/giovanna/argo_go2_ws/install/unitree_go/include/unitree_go/msg/detail/wireless_controller__rosidl_typesupport_introspection_cpp.hpp
-- Symlinking: /home/giovanna/argo_go2_ws/install/unitree_go/share/unitree_go/environment/pythonpath.sh
-- Symlinking: /home/giovanna/argo_go2_ws/install/unitree_go/share/unitree_go/environment/pythonpath.dsv
-- Symlinking: /home/giovanna/argo_go2_ws/install/unitree_go/lib/python3.8/site-packages/unitree_go/__init__.py
-- Symlinking: /home/giovanna/argo_go2_ws/install/unitree_go/lib/python3.8/site-packages/unitree_go/msg/__init__.py
-- Symlinking: /home/giovanna/argo_go2_ws/install/unitree_go/lib/python3.8/site-packages/unitree_go/msg/_audio_data.py
-- Symlinking: /home/giovanna/argo_go2_ws/install/unitree_go/lib/python3.8/site-packages/unitree_go/msg/_bms_cmd.py
-- Symlinking: /home/giovanna/argo_go2_ws/install/unitree_go/lib/python3.8/site-packages/unitree_go/msg/_bms_state.py
-- Symlinking: /home/giovanna/argo_go2_ws/install/unitree_go/lib/python3.8/site-packages/unitree_go/msg/_error.py
-- Symlinking: /home/giovanna/argo_go2_ws/install/unitree_go/lib/python3.8/site-packages/unitree_go/msg/_height_map.py
-- Symlinking: /home/giovanna/argo_go2_ws/install/unitree_go/lib/python3.8/site-packages/unitree_go/msg/_imu_state.py
-- Symlinking: /home/giovanna/argo_go2_ws/install/unitree_go/lib/python3.8/site-packages/unitree_go/msg/_interface_config.py
-- Symlinking: /home/giovanna/argo_go2_ws/install/unitree_go/lib/python3.8/site-packages/unitree_go/msg/_lidar_state.py
-- Symlinking: /home/giovanna/argo_go2_ws/install/unitree_go/lib/python3.8/site-packages/unitree_go/msg/_low_cmd.py
-- Symlinking: /home/giovanna/argo_go2_ws/install/unitree_go/lib/python3.8/site-packages/unitree_go/msg/_low_state.py
-- Symlinking: /home/giovanna/argo_go2_ws/install/unitree_go/lib/python3.8/site-packages/unitree_go/msg/_motor_cmd.py
-- Symlinking: /home/giovanna/argo_go2_ws/install/unitree_go/lib/python3.8/site-packages/unitree_go/msg/_motor_cmds.py
-- Symlinking: /home/giovanna/argo_go2_ws/install/unitree_go/lib/python3.8/site-packages/unitree_go/msg/_motor_state.py
-- Symlinking: /home/giovanna/argo_go2_ws/install/unitree_go/lib/python3.8/site-packages/unitree_go/msg/_motor_states.py
-- Symlinking: /home/giovanna/argo_go2_ws/install/unitree_go/lib/python3.8/site-packages/unitree_go/msg/_path_point.py
-- Symlinking: /home/giovanna/argo_go2_ws/install/unitree_go/lib/python3.8/site-packages/unitree_go/msg/_req.py
-- Symlinking: /home/giovanna/argo_go2_ws/install/unitree_go/lib/python3.8/site-packages/unitree_go/msg/_res.py
-- Symlinking: /home/giovanna/argo_go2_ws/install/unitree_go/lib/python3.8/site-packages/unitree_go/msg/_sport_mode_cmd.py
-- Symlinking: /home/giovanna/argo_go2_ws/install/unitree_go/lib/python3.8/site-packages/unitree_go/msg/_sport_mode_state.py
-- Symlinking: /home/giovanna/argo_go2_ws/install/unitree_go/lib/python3.8/site-packages/unitree_go/msg/_time_spec.py
-- Symlinking: /home/giovanna/argo_go2_ws/install/unitree_go/lib/python3.8/site-packages/unitree_go/msg/_uwb_state.py
-- Symlinking: /home/giovanna/argo_go2_ws/install/unitree_go/lib/python3.8/site-packages/unitree_go/msg/_uwb_switch.py
-- Symlinking: /home/giovanna/argo_go2_ws/install/unitree_go/lib/python3.8/site-packages/unitree_go/msg/_wireless_controller.py
-- Symlinking: /home/giovanna/argo_go2_ws/install/unitree_go/lib/python3.8/site-packages/unitree_go/unitree_go_s__rosidl_typesupport_fastrtps_c.cpython-38-x86_64-linux-gnu.so
-- Symlinking: /home/giovanna/argo_go2_ws/install/unitree_go/lib/python3.8/site-packages/unitree_go/unitree_go_s__rosidl_typesupport_introspection_c.cpython-38-x86_64-linux-gnu.so
-- Symlinking: /home/giovanna/argo_go2_ws/install/unitree_go/lib/python3.8/site-packages/unitree_go/unitree_go_s__rosidl_typesupport_c.cpython-38-x86_64-linux-gnu.so
-- Symlinking: /home/giovanna/argo_go2_ws/install/unitree_go/lib/libunitree_go__python.so
-- Symlinking: /home/giovanna/argo_go2_ws/install/unitree_go/share/unitree_go/msg/AudioData.idl
-- Symlinking: /home/giovanna/argo_go2_ws/install/unitree_go/share/unitree_go/msg/BmsCmd.idl
-- Symlinking: /home/giovanna/argo_go2_ws/install/unitree_go/share/unitree_go/msg/BmsState.idl
-- Symlinking: /home/giovanna/argo_go2_ws/install/unitree_go/share/unitree_go/msg/Error.idl
-- Symlinking: /home/giovanna/argo_go2_ws/install/unitree_go/share/unitree_go/msg/HeightMap.idl
-- Symlinking: /home/giovanna/argo_go2_ws/install/unitree_go/share/unitree_go/msg/IMUState.idl
-- Symlinking: /home/giovanna/argo_go2_ws/install/unitree_go/share/unitree_go/msg/InterfaceConfig.idl
-- Symlinking: /home/giovanna/argo_go2_ws/install/unitree_go/share/unitree_go/msg/LidarState.idl
-- Symlinking: /home/giovanna/argo_go2_ws/install/unitree_go/share/unitree_go/msg/LowCmd.idl
-- Symlinking: /home/giovanna/argo_go2_ws/install/unitree_go/share/unitree_go/msg/LowState.idl
-- Symlinking: /home/giovanna/argo_go2_ws/install/unitree_go/share/unitree_go/msg/MotorCmd.idl
-- Symlinking: /home/giovanna/argo_go2_ws/install/unitree_go/share/unitree_go/msg/MotorCmds.idl
-- Symlinking: /home/giovanna/argo_go2_ws/install/unitree_go/share/unitree_go/msg/MotorState.idl
-- Symlinking: /home/giovanna/argo_go2_ws/install/unitree_go/share/unitree_go/msg/MotorStates.idl
-- Symlinking: /home/giovanna/argo_go2_ws/install/unitree_go/share/unitree_go/msg/PathPoint.idl
-- Symlinking: /home/giovanna/argo_go2_ws/install/unitree_go/share/unitree_go/msg/Req.idl
-- Symlinking: /home/giovanna/argo_go2_ws/install/unitree_go/share/unitree_go/msg/Res.idl
-- Symlinking: /home/giovanna/argo_go2_ws/install/unitree_go/share/unitree_go/msg/SportModeCmd.idl
-- Symlinking: /home/giovanna/argo_go2_ws/install/unitree_go/share/unitree_go/msg/SportModeState.idl
-- Symlinking: /home/giovanna/argo_go2_ws/install/unitree_go/share/unitree_go/msg/TimeSpec.idl
-- Symlinking: /home/giovanna/argo_go2_ws/install/unitree_go/share/unitree_go/msg/UwbState.idl
-- Symlinking: /home/giovanna/argo_go2_ws/install/unitree_go/share/unitree_go/msg/UwbSwitch.idl
-- Symlinking: /home/giovanna/argo_go2_ws/install/unitree_go/share/unitree_go/msg/WirelessController.idl
-- Symlinking: /home/giovanna/argo_go2_ws/install/unitree_go/share/unitree_go/msg/AudioData.msg
-- Symlinking: /home/giovanna/argo_go2_ws/install/unitree_go/share/unitree_go/msg/BmsCmd.msg
-- Symlinking: /home/giovanna/argo_go2_ws/install/unitree_go/share/unitree_go/msg/BmsState.msg
-- Symlinking: /home/giovanna/argo_go2_ws/install/unitree_go/share/unitree_go/msg/Error.msg
-- Symlinking: /home/giovanna/argo_go2_ws/install/unitree_go/share/unitree_go/msg/HeightMap.msg
-- Symlinking: /home/giovanna/argo_go2_ws/install/unitree_go/share/unitree_go/msg/IMUState.msg
-- Symlinking: /home/giovanna/argo_go2_ws/install/unitree_go/share/unitree_go/msg/InterfaceConfig.msg
-- Symlinking: /home/giovanna/argo_go2_ws/install/unitree_go/share/unitree_go/msg/LidarState.msg
-- Symlinking: /home/giovanna/argo_go2_ws/install/unitree_go/share/unitree_go/msg/LowCmd.msg
-- Symlinking: /home/giovanna/argo_go2_ws/install/unitree_go/share/unitree_go/msg/LowState.msg
-- Symlinking: /home/giovanna/argo_go2_ws/install/unitree_go/share/unitree_go/msg/MotorCmd.msg
-- Symlinking: /home/giovanna/argo_go2_ws/install/unitree_go/share/unitree_go/msg/MotorCmds.msg
-- Symlinking: /home/giovanna/argo_go2_ws/install/unitree_go/share/unitree_go/msg/MotorState.msg
-- Symlinking: /home/giovanna/argo_go2_ws/install/unitree_go/share/unitree_go/msg/MotorStates.msg
-- Symlinking: /home/giovanna/argo_go2_ws/install/unitree_go/share/unitree_go/msg/PathPoint.msg
-- Symlinking: /home/giovanna/argo_go2_ws/install/unitree_go/share/unitree_go/msg/Req.msg
-- Symlinking: /home/giovanna/argo_go2_ws/install/unitree_go/share/unitree_go/msg/Res.msg
-- Symlinking: /home/giovanna/argo_go2_ws/install/unitree_go/share/unitree_go/msg/SportModeCmd.msg
-- Symlinking: /home/giovanna/argo_go2_ws/install/unitree_go/share/unitree_go/msg/SportModeState.msg
-- Symlinking: /home/giovanna/argo_go2_ws/install/unitree_go/share/unitree_go/msg/TimeSpec.msg
-- Symlinking: /home/giovanna/argo_go2_ws/install/unitree_go/share/unitree_go/msg/UwbState.msg
-- Symlinking: /home/giovanna/argo_go2_ws/install/unitree_go/share/unitree_go/msg/UwbSwitch.msg
-- Symlinking: /home/giovanna/argo_go2_ws/install/unitree_go/share/unitree_go/msg/WirelessController.msg
-- Symlinking: /home/giovanna/argo_go2_ws/install/unitree_go/share/ament_index/resource_index/package_run_dependencies/unitree_go
-- Symlinking: /home/giovanna/argo_go2_ws/install/unitree_go/share/ament_index/resource_index/parent_prefix_path/unitree_go
-- Symlinking: /home/giovanna/argo_go2_ws/install/unitree_go/share/unitree_go/environment/ament_prefix_path.sh
-- Symlinking: /home/giovanna/argo_go2_ws/install/unitree_go/share/unitree_go/environment/ament_prefix_path.dsv
-- Symlinking: /home/giovanna/argo_go2_ws/install/unitree_go/share/unitree_go/environment/path.sh
-- Symlinking: /home/giovanna/argo_go2_ws/install/unitree_go/share/unitree_go/environment/path.dsv
-- Symlinking: /home/giovanna/argo_go2_ws/install/unitree_go/share/unitree_go/local_setup.bash
-- Symlinking: /home/giovanna/argo_go2_ws/install/unitree_go/share/unitree_go/local_setup.sh
-- Symlinking: /home/giovanna/argo_go2_ws/install/unitree_go/share/unitree_go/local_setup.zsh
-- Symlinking: /home/giovanna/argo_go2_ws/install/unitree_go/share/unitree_go/local_setup.dsv
-- Symlinking: /home/giovanna/argo_go2_ws/install/unitree_go/share/unitree_go/package.dsv
-- Symlinking: /home/giovanna/argo_go2_ws/install/unitree_go/share/ament_index/resource_index/packages/unitree_go
-- Symlinking: /home/giovanna/argo_go2_ws/install/unitree_go/share/unitree_go/cmake/rosidl_cmake-extras.cmake
-- Symlinking: /home/giovanna/argo_go2_ws/install/unitree_go/share/unitree_go/cmake/ament_cmake_export_dependencies-extras.cmake
-- Symlinking: /home/giovanna/argo_go2_ws/install/unitree_go/share/unitree_go/cmake/ament_cmake_export_libraries-extras.cmake
-- Symlinking: /home/giovanna/argo_go2_ws/install/unitree_go/share/unitree_go/cmake/ament_cmake_export_targets-extras.cmake
-- Symlinking: /home/giovanna/argo_go2_ws/install/unitree_go/share/unitree_go/cmake/ament_cmake_export_include_directories-extras.cmake
-- Symlinking: /home/giovanna/argo_go2_ws/install/unitree_go/share/unitree_go/cmake/rosidl_cmake_export_typesupport_libraries-extras.cmake
-- Symlinking: /home/giovanna/argo_go2_ws/install/unitree_go/share/unitree_go/cmake/rosidl_cmake_export_typesupport_targets-extras.cmake
-- Symlinking: /home/giovanna/argo_go2_ws/install/unitree_go/share/unitree_go/cmake/unitree_goConfig.cmake
-- Symlinking: /home/giovanna/argo_go2_ws/install/unitree_go/share/unitree_go/cmake/unitree_goConfig-version.cmake
-- Symlinking: /home/giovanna/argo_go2_ws/install/unitree_go/share/unitree_go/package.xml
-- Installing: /home/giovanna/argo_go2_ws/install/unitree_go/lib/libunitree_go__rosidl_generator_c.so
-- Set runtime path of "/home/giovanna/argo_go2_ws/install/unitree_go/lib/libunitree_go__rosidl_generator_c.so" to ""
-- Installing: /home/giovanna/argo_go2_ws/install/unitree_go/lib/libunitree_go__rosidl_typesupport_introspection_c.so
-- Set runtime path of "/home/giovanna/argo_go2_ws/install/unitree_go/lib/libunitree_go__rosidl_typesupport_introspection_c.so" to ""
-- Installing: /home/giovanna/argo_go2_ws/install/unitree_go/lib/libunitree_go__rosidl_typesupport_c.so
-- Set runtime path of "/home/giovanna/argo_go2_ws/install/unitree_go/lib/libunitree_go__rosidl_typesupport_c.so" to ""
-- Installing: /home/giovanna/argo_go2_ws/install/unitree_go/lib/libunitree_go__rosidl_typesupport_introspection_cpp.so
-- Set runtime path of "/home/giovanna/argo_go2_ws/install/unitree_go/lib/libunitree_go__rosidl_typesupport_introspection_cpp.so" to ""
-- Installing: /home/giovanna/argo_go2_ws/install/unitree_go/lib/libunitree_go__rosidl_typesupport_cpp.so
-- Set runtime path of "/home/giovanna/argo_go2_ws/install/unitree_go/lib/libunitree_go__rosidl_typesupport_cpp.so" to ""
Compiling '/home/giovanna/argo_go2_ws/install/unitree_go/lib/python3.8/site-packages/unitree_go/__init__.py'...
-- Installing: /home/giovanna/argo_go2_ws/install/unitree_go/share/unitree_go/cmake/unitree_go__rosidl_generator_cExport.cmake
-- Installing: /home/giovanna/argo_go2_ws/install/unitree_go/share/unitree_go/cmake/unitree_go__rosidl_generator_cExport-noconfig.cmake
-- Installing: /home/giovanna/argo_go2_ws/install/unitree_go/share/unitree_go/cmake/unitree_go__rosidl_typesupport_introspection_cExport.cmake
-- Installing: /home/giovanna/argo_go2_ws/install/unitree_go/share/unitree_go/cmake/unitree_go__rosidl_typesupport_introspection_cExport-noconfig.cmake
-- Installing: /home/giovanna/argo_go2_ws/install/unitree_go/share/unitree_go/cmake/unitree_go__rosidl_typesupport_cExport.cmake
-- Installing: /home/giovanna/argo_go2_ws/install/unitree_go/share/unitree_go/cmake/unitree_go__rosidl_typesupport_cExport-noconfig.cmake
-- Installing: /home/giovanna/argo_go2_ws/install/unitree_go/share/unitree_go/cmake/unitree_go__rosidl_generator_cppExport.cmake
-- Installing: /home/giovanna/argo_go2_ws/install/unitree_go/share/unitree_go/cmake/unitree_go__rosidl_typesupport_introspection_cppExport.cmake
-- Installing: /home/giovanna/argo_go2_ws/install/unitree_go/share/unitree_go/cmake/unitree_go__rosidl_typesupport_introspection_cppExport-noconfig.cmake
-- Installing: /home/giovanna/argo_go2_ws/install/unitree_go/share/unitree_go/cmake/unitree_go__rosidl_typesupport_cppExport.cmake
-- Installing: /home/giovanna/argo_go2_ws/install/unitree_go/share/unitree_go/cmake/unitree_go__rosidl_typesupport_cppExport-noconfig.cmake
