[0.048s] Invoking command in '/home/giovanna/argo_go2_ws/build/go2_hardware': CMAKE_PREFIX_PATH=/opt/ros/foxy /usr/bin/cmake /home/giovanna/argo_go2_ws/src/go2_hardware -DAMENT_CMAKE_SYMLINK_INSTALL=1 -DCMAKE_INSTALL_PREFIX=/home/giovanna/argo_go2_ws/install/go2_hardware
[0.192s] -- The C compiler identification is GNU 9.4.0
[0.314s] -- The CXX compiler identification is GNU 9.4.0
[0.324s] -- Check for working C compiler: /usr/bin/cc
[0.447s] -- Check for working C compiler: /usr/bin/cc -- works
[0.448s] -- Detecting C compiler ABI info
[0.536s] -- Detecting C compiler ABI info - done
[0.549s] -- Detecting C compile features
[0.549s] -- Detecting C compile features - done
[0.552s] -- Check for working CXX compiler: /usr/bin/c++
[0.657s] -- Check for working CXX compiler: /usr/bin/c++ -- works
[0.658s] -- Detecting CXX compiler ABI info
[0.774s] -- Detecting CXX compiler ABI info - done
[0.788s] -- Detecting CXX compile features
[0.788s] -- Detecting CXX compile features - done
[0.791s] -- Found ament_cmake: 0.9.12 (/opt/ros/foxy/share/ament_cmake/cmake)
[0.823s] -- Found PythonInterp: /usr/bin/python3 (found suitable version "3.8.10", minimum required is "3") 
[0.823s] -- Using PYTHON_EXECUTABLE: /usr/bin/python3
[1.053s] -- Override CMake install command with custom implementation using symlinks instead of copying resources
[1.091s] -- Found ament_lint_auto: 0.9.8 (/opt/ros/foxy/share/ament_lint_auto/cmake)
[1.188s] -- Added test 'lint_cmake' to check CMake code style
[1.189s] -- Added test 'xmllint' to check XML markup files
[1.194s] -- Configuring done
[1.196s] -- Generating done
[1.198s] -- Build files have been written to: /home/giovanna/argo_go2_ws/build/go2_hardware
[1.209s] Invoked command in '/home/giovanna/argo_go2_ws/build/go2_hardware' returned '0': CMAKE_PREFIX_PATH=/opt/ros/foxy /usr/bin/cmake /home/giovanna/argo_go2_ws/src/go2_hardware -DAMENT_CMAKE_SYMLINK_INSTALL=1 -DCMAKE_INSTALL_PREFIX=/home/giovanna/argo_go2_ws/install/go2_hardware
[1.213s] Invoking command in '/home/giovanna/argo_go2_ws/build/go2_hardware': CMAKE_PREFIX_PATH=/opt/ros/foxy /usr/bin/cmake --build /home/giovanna/argo_go2_ws/build/go2_hardware -- -j16 -l16
[1.293s] Invoked command in '/home/giovanna/argo_go2_ws/build/go2_hardware' returned '0': CMAKE_PREFIX_PATH=/opt/ros/foxy /usr/bin/cmake --build /home/giovanna/argo_go2_ws/build/go2_hardware -- -j16 -l16
[1.297s] Invoking command in '/home/giovanna/argo_go2_ws/build/go2_hardware': CMAKE_PREFIX_PATH=/opt/ros/foxy /usr/bin/cmake --install /home/giovanna/argo_go2_ws/build/go2_hardware
[1.308s] -- Install configuration: ""
[1.308s] -- Execute custom install script
[1.309s] -- Symlinking: /home/giovanna/argo_go2_ws/install/go2_hardware/share/ament_index/resource_index/package_run_dependencies/go2_hardware
[1.319s] -- Symlinking: /home/giovanna/argo_go2_ws/install/go2_hardware/share/ament_index/resource_index/parent_prefix_path/go2_hardware
[1.330s] -- Symlinking: /home/giovanna/argo_go2_ws/install/go2_hardware/share/go2_hardware/environment/ament_prefix_path.sh
[1.343s] -- Symlinking: /home/giovanna/argo_go2_ws/install/go2_hardware/share/go2_hardware/environment/ament_prefix_path.dsv
[1.354s] -- Symlinking: /home/giovanna/argo_go2_ws/install/go2_hardware/share/go2_hardware/environment/path.sh
[1.366s] -- Symlinking: /home/giovanna/argo_go2_ws/install/go2_hardware/share/go2_hardware/environment/path.dsv
[1.377s] -- Symlinking: /home/giovanna/argo_go2_ws/install/go2_hardware/share/go2_hardware/local_setup.bash
[1.389s] -- Symlinking: /home/giovanna/argo_go2_ws/install/go2_hardware/share/go2_hardware/local_setup.sh
[1.400s] -- Symlinking: /home/giovanna/argo_go2_ws/install/go2_hardware/share/go2_hardware/local_setup.zsh
[1.411s] -- Symlinking: /home/giovanna/argo_go2_ws/install/go2_hardware/share/go2_hardware/local_setup.dsv
[1.422s] -- Symlinking: /home/giovanna/argo_go2_ws/install/go2_hardware/share/go2_hardware/package.dsv
[1.434s] -- Symlinking: /home/giovanna/argo_go2_ws/install/go2_hardware/share/ament_index/resource_index/packages/go2_hardware
[1.446s] -- Symlinking: /home/giovanna/argo_go2_ws/install/go2_hardware/share/go2_hardware/cmake/go2_hardwareConfig.cmake
[1.457s] -- Symlinking: /home/giovanna/argo_go2_ws/install/go2_hardware/share/go2_hardware/cmake/go2_hardwareConfig-version.cmake
[1.469s] -- Symlinking: /home/giovanna/argo_go2_ws/install/go2_hardware/share/go2_hardware/package.xml
[1.506s] Invoked command in '/home/giovanna/argo_go2_ws/build/go2_hardware' returned '0': CMAKE_PREFIX_PATH=/opt/ros/foxy /usr/bin/cmake --install /home/giovanna/argo_go2_ws/build/go2_hardware
