[0.057s] Invoking command in '/home/giovanna/argo_go2_ws/build/go2_rviz': CMAKE_PREFIX_PATH=/opt/ros/foxy /usr/bin/cmake --build /home/giovanna/argo_go2_ws/build/go2_rviz -- -j16 -l16
[0.091s] -- Found ament_cmake: 0.9.12 (/opt/ros/foxy/share/ament_cmake/cmake)
[0.119s] -- Using PYTHON_EXECUTABLE: /usr/bin/python3
[0.343s] -- Override CMake install command with custom implementation using symlinks instead of copying resources
[0.357s] -- Found ament_lint_auto: 0.9.8 (/opt/ros/foxy/share/ament_lint_auto/cmake)
[0.445s] -- Added test 'flake8' to check Python code syntax and style conventions
[0.445s] -- Added test 'lint_cmake' to check CMake code style
[0.445s] -- Added test 'pep257' to check Python code against some of the style conventions in PEP 257
[0.446s] -- Added test 'xmllint' to check XML markup files
[0.448s] -- Configuring done
[0.451s] -- Generating done
[0.454s] -- Build files have been written to: /home/giovanna/argo_go2_ws/build/go2_rviz
[0.480s] Invoked command in '/home/giovanna/argo_go2_ws/build/go2_rviz' returned '0': CMAKE_PREFIX_PATH=/opt/ros/foxy /usr/bin/cmake --build /home/giovanna/argo_go2_ws/build/go2_rviz -- -j16 -l16
[0.486s] Invoking command in '/home/giovanna/argo_go2_ws/build/go2_rviz': CMAKE_PREFIX_PATH=/opt/ros/foxy /usr/bin/cmake --install /home/giovanna/argo_go2_ws/build/go2_rviz
[0.498s] -- Install configuration: ""
[0.499s] -- Execute custom install script
[0.499s] -- Up-to-date symlink: /home/giovanna/argo_go2_ws/install/go2_rviz/share/go2_rviz/launch/rviz.launch.py
[0.499s] -- Up-to-date symlink: /home/giovanna/argo_go2_ws/install/go2_rviz/share/go2_rviz/config/go2_rviz.rviz
[0.499s] -- Up-to-date symlink: /home/giovanna/argo_go2_ws/install/go2_rviz/share/ament_index/resource_index/package_run_dependencies/go2_rviz
[0.500s] -- Up-to-date symlink: /home/giovanna/argo_go2_ws/install/go2_rviz/share/ament_index/resource_index/parent_prefix_path/go2_rviz
[0.500s] -- Up-to-date symlink: /home/giovanna/argo_go2_ws/install/go2_rviz/share/go2_rviz/environment/ament_prefix_path.sh
[0.501s] -- Up-to-date symlink: /home/giovanna/argo_go2_ws/install/go2_rviz/share/go2_rviz/environment/ament_prefix_path.dsv
[0.501s] -- Up-to-date symlink: /home/giovanna/argo_go2_ws/install/go2_rviz/share/go2_rviz/environment/path.sh
[0.502s] -- Up-to-date symlink: /home/giovanna/argo_go2_ws/install/go2_rviz/share/go2_rviz/environment/path.dsv
[0.502s] -- Up-to-date symlink: /home/giovanna/argo_go2_ws/install/go2_rviz/share/go2_rviz/local_setup.bash
[0.502s] -- Up-to-date symlink: /home/giovanna/argo_go2_ws/install/go2_rviz/share/go2_rviz/local_setup.sh
[0.502s] -- Up-to-date symlink: /home/giovanna/argo_go2_ws/install/go2_rviz/share/go2_rviz/local_setup.zsh
[0.502s] -- Up-to-date symlink: /home/giovanna/argo_go2_ws/install/go2_rviz/share/go2_rviz/local_setup.dsv
[0.503s] -- Symlinking: /home/giovanna/argo_go2_ws/install/go2_rviz/share/go2_rviz/package.dsv
[0.517s] -- Up-to-date symlink: /home/giovanna/argo_go2_ws/install/go2_rviz/share/ament_index/resource_index/packages/go2_rviz
[0.517s] -- Up-to-date symlink: /home/giovanna/argo_go2_ws/install/go2_rviz/share/go2_rviz/cmake/go2_rvizConfig.cmake
[0.518s] -- Up-to-date symlink: /home/giovanna/argo_go2_ws/install/go2_rviz/share/go2_rviz/cmake/go2_rvizConfig-version.cmake
[0.519s] -- Up-to-date symlink: /home/giovanna/argo_go2_ws/install/go2_rviz/share/go2_rviz/package.xml
[0.538s] Invoked command in '/home/giovanna/argo_go2_ws/build/go2_rviz' returned '0': CMAKE_PREFIX_PATH=/opt/ros/foxy /usr/bin/cmake --install /home/giovanna/argo_go2_ws/build/go2_rviz
