[0.143s] DEBUG:colcon:Command line arguments: ['/usr/bin/colcon', 'build', '--symlink-install', '--packages-select', 'go2_description', 'go2_rviz', 'go2_simulation', 'go2_bringup', 'go2_nav']
[0.143s] DEBUG:colcon:Parsed command line arguments: Namespace(allow_overriding=[], ament_cmake_args=None, base_paths=['.'], build_base='build', catkin_cmake_args=None, catkin_skip_building_tests=False, cmake_args=None, cmake_clean_cache=False, cmake_clean_first=False, cmake_force_configure=False, cmake_target=None, cmake_target_skip_unavailable=False, continue_on_error=False, event_handlers=None, executor='parallel', ignore_user_meta=False, install_base='install', log_base=None, log_level=None, main=<bound method BuildVerb.main of <colcon_core.verb.build.BuildVerb object at 0x7fbcb3b810d0>>, merge_install=False, metas=['./colcon.meta'], packages_above=None, packages_above_and_dependencies=None, packages_above_depth=None, packages_end=None, packages_ignore=None, packages_ignore_regex=None, packages_select=['go2_description', 'go2_rviz', 'go2_simulation', 'go2_bringup', 'go2_nav'], packages_select_build_failed=False, packages_select_by_dep=None, packages_select_regex=None, packages_select_test_failures=False, packages_skip=None, packages_skip_build_finished=False, packages_skip_by_dep=None, packages_skip_regex=None, packages_skip_test_passed=False, packages_skip_up_to=None, packages_start=None, packages_up_to=None, packages_up_to_regex=None, parallel_workers=16, paths=None, symlink_install=True, test_result_base=None, verb_extension=<colcon_core.verb.build.BuildVerb object at 0x7fbcb3b810d0>, verb_name='build', verb_parser=<colcon_defaults.argument_parser.defaults.DefaultArgumentsDecorator object at 0x7fbcb3b815b0>)
[0.257s] Level 1:colcon.colcon_core.package_discovery:discover_packages(colcon_meta) check parameters
[0.257s] Level 1:colcon.colcon_core.package_discovery:discover_packages(recursive) check parameters
[0.257s] Level 1:colcon.colcon_core.package_discovery:discover_packages(ignore) check parameters
[0.257s] Level 1:colcon.colcon_core.package_discovery:discover_packages(path) check parameters
[0.257s] Level 1:colcon.colcon_core.package_discovery:discover_packages(colcon_meta) discover
[0.257s] Level 1:colcon.colcon_core.package_discovery:discover_packages(recursive) discover
[0.257s] INFO:colcon.colcon_core.package_discovery:Crawling recursively for packages in '/home/giovanna/argo_go2_ws'
[0.258s] Level 1:colcon.colcon_core.package_identification:_identify(.) by extensions ['ignore', 'ignore_ament_install']
[0.258s] Level 1:colcon.colcon_core.package_identification:_identify(.) by extension 'ignore'
[0.258s] Level 1:colcon.colcon_core.package_identification:_identify(.) by extension 'ignore_ament_install'
[0.258s] Level 1:colcon.colcon_core.package_identification:_identify(.) by extensions ['colcon_pkg']
[0.258s] Level 1:colcon.colcon_core.package_identification:_identify(.) by extension 'colcon_pkg'
[0.258s] Level 1:colcon.colcon_core.package_identification:_identify(.) by extensions ['colcon_meta']
[0.258s] Level 1:colcon.colcon_core.package_identification:_identify(.) by extension 'colcon_meta'
[0.258s] Level 1:colcon.colcon_core.package_identification:_identify(.) by extensions ['ros']
[0.258s] Level 1:colcon.colcon_core.package_identification:_identify(.) by extension 'ros'
[0.267s] Level 1:colcon.colcon_core.package_identification:_identify(.) by extensions ['cmake', 'python']
[0.267s] Level 1:colcon.colcon_core.package_identification:_identify(.) by extension 'cmake'
[0.267s] Level 1:colcon.colcon_core.package_identification:_identify(.) by extension 'python'
[0.267s] Level 1:colcon.colcon_core.package_identification:_identify(.) by extensions ['python_setup_py']
[0.267s] Level 1:colcon.colcon_core.package_identification:_identify(.) by extension 'python_setup_py'
[0.267s] Level 1:colcon.colcon_core.package_identification:_identify(build) by extensions ['ignore', 'ignore_ament_install']
[0.267s] Level 1:colcon.colcon_core.package_identification:_identify(build) by extension 'ignore'
[0.267s] Level 1:colcon.colcon_core.package_identification:_identify(build) ignored
[0.267s] Level 1:colcon.colcon_core.package_identification:_identify(install) by extensions ['ignore', 'ignore_ament_install']
[0.267s] Level 1:colcon.colcon_core.package_identification:_identify(install) by extension 'ignore'
[0.267s] Level 1:colcon.colcon_core.package_identification:_identify(install) ignored
[0.268s] Level 1:colcon.colcon_core.package_identification:_identify(log) by extensions ['ignore', 'ignore_ament_install']
[0.268s] Level 1:colcon.colcon_core.package_identification:_identify(log) by extension 'ignore'
[0.268s] Level 1:colcon.colcon_core.package_identification:_identify(log) ignored
[0.268s] Level 1:colcon.colcon_core.package_identification:_identify(src) by extensions ['ignore', 'ignore_ament_install']
[0.268s] Level 1:colcon.colcon_core.package_identification:_identify(src) by extension 'ignore'
[0.268s] Level 1:colcon.colcon_core.package_identification:_identify(src) by extension 'ignore_ament_install'
[0.268s] Level 1:colcon.colcon_core.package_identification:_identify(src) by extensions ['colcon_pkg']
[0.268s] Level 1:colcon.colcon_core.package_identification:_identify(src) by extension 'colcon_pkg'
[0.268s] Level 1:colcon.colcon_core.package_identification:_identify(src) by extensions ['colcon_meta']
[0.268s] Level 1:colcon.colcon_core.package_identification:_identify(src) by extension 'colcon_meta'
[0.268s] Level 1:colcon.colcon_core.package_identification:_identify(src) by extensions ['ros']
[0.268s] Level 1:colcon.colcon_core.package_identification:_identify(src) by extension 'ros'
[0.268s] Level 1:colcon.colcon_core.package_identification:_identify(src) by extensions ['cmake', 'python']
[0.268s] Level 1:colcon.colcon_core.package_identification:_identify(src) by extension 'cmake'
[0.268s] Level 1:colcon.colcon_core.package_identification:_identify(src) by extension 'python'
[0.268s] Level 1:colcon.colcon_core.package_identification:_identify(src) by extensions ['python_setup_py']
[0.268s] Level 1:colcon.colcon_core.package_identification:_identify(src) by extension 'python_setup_py'
[0.268s] Level 1:colcon.colcon_core.package_identification:_identify(src/go2_bringup) by extensions ['ignore', 'ignore_ament_install']
[0.268s] Level 1:colcon.colcon_core.package_identification:_identify(src/go2_bringup) by extension 'ignore'
[0.268s] Level 1:colcon.colcon_core.package_identification:_identify(src/go2_bringup) by extension 'ignore_ament_install'
[0.269s] Level 1:colcon.colcon_core.package_identification:_identify(src/go2_bringup) by extensions ['colcon_pkg']
[0.269s] Level 1:colcon.colcon_core.package_identification:_identify(src/go2_bringup) by extension 'colcon_pkg'
[0.269s] Level 1:colcon.colcon_core.package_identification:_identify(src/go2_bringup) by extensions ['colcon_meta']
[0.269s] Level 1:colcon.colcon_core.package_identification:_identify(src/go2_bringup) by extension 'colcon_meta'
[0.269s] Level 1:colcon.colcon_core.package_identification:_identify(src/go2_bringup) by extensions ['ros']
[0.269s] Level 1:colcon.colcon_core.package_identification:_identify(src/go2_bringup) by extension 'ros'
[0.271s] DEBUG:colcon.colcon_core.package_identification:Package 'src/go2_bringup' with type 'ros.ament_cmake' and name 'go2_bringup'
[0.271s] Level 1:colcon.colcon_core.package_identification:_identify(src/go2_description) by extensions ['ignore', 'ignore_ament_install']
[0.271s] Level 1:colcon.colcon_core.package_identification:_identify(src/go2_description) by extension 'ignore'
[0.271s] Level 1:colcon.colcon_core.package_identification:_identify(src/go2_description) by extension 'ignore_ament_install'
[0.271s] Level 1:colcon.colcon_core.package_identification:_identify(src/go2_description) by extensions ['colcon_pkg']
[0.271s] Level 1:colcon.colcon_core.package_identification:_identify(src/go2_description) by extension 'colcon_pkg'
[0.271s] Level 1:colcon.colcon_core.package_identification:_identify(src/go2_description) by extensions ['colcon_meta']
[0.271s] Level 1:colcon.colcon_core.package_identification:_identify(src/go2_description) by extension 'colcon_meta'
[0.271s] Level 1:colcon.colcon_core.package_identification:_identify(src/go2_description) by extensions ['ros']
[0.271s] Level 1:colcon.colcon_core.package_identification:_identify(src/go2_description) by extension 'ros'
[0.271s] DEBUG:colcon.colcon_core.package_identification:Package 'src/go2_description' with type 'ros.ament_cmake' and name 'go2_description'
[0.272s] Level 1:colcon.colcon_core.package_identification:_identify(src/go2_driver) by extensions ['ignore', 'ignore_ament_install']
[0.272s] Level 1:colcon.colcon_core.package_identification:_identify(src/go2_driver) by extension 'ignore'
[0.272s] Level 1:colcon.colcon_core.package_identification:_identify(src/go2_driver) by extension 'ignore_ament_install'
[0.272s] Level 1:colcon.colcon_core.package_identification:_identify(src/go2_driver) by extensions ['colcon_pkg']
[0.272s] Level 1:colcon.colcon_core.package_identification:_identify(src/go2_driver) by extension 'colcon_pkg'
[0.272s] Level 1:colcon.colcon_core.package_identification:_identify(src/go2_driver) by extensions ['colcon_meta']
[0.272s] Level 1:colcon.colcon_core.package_identification:_identify(src/go2_driver) by extension 'colcon_meta'
[0.272s] Level 1:colcon.colcon_core.package_identification:_identify(src/go2_driver) by extensions ['ros']
[0.272s] Level 1:colcon.colcon_core.package_identification:_identify(src/go2_driver) by extension 'ros'
[0.273s] DEBUG:colcon.colcon_core.package_identification:Package 'src/go2_driver' with type 'ros.ament_cmake' and name 'go2_driver'
[0.273s] Level 1:colcon.colcon_core.package_identification:_identify(src/go2_hardware) by extensions ['ignore', 'ignore_ament_install']
[0.273s] Level 1:colcon.colcon_core.package_identification:_identify(src/go2_hardware) by extension 'ignore'
[0.273s] Level 1:colcon.colcon_core.package_identification:_identify(src/go2_hardware) by extension 'ignore_ament_install'
[0.273s] Level 1:colcon.colcon_core.package_identification:_identify(src/go2_hardware) by extensions ['colcon_pkg']
[0.273s] Level 1:colcon.colcon_core.package_identification:_identify(src/go2_hardware) by extension 'colcon_pkg'
[0.273s] Level 1:colcon.colcon_core.package_identification:_identify(src/go2_hardware) by extensions ['colcon_meta']
[0.273s] Level 1:colcon.colcon_core.package_identification:_identify(src/go2_hardware) by extension 'colcon_meta'
[0.273s] Level 1:colcon.colcon_core.package_identification:_identify(src/go2_hardware) by extensions ['ros']
[0.273s] Level 1:colcon.colcon_core.package_identification:_identify(src/go2_hardware) by extension 'ros'
[0.273s] DEBUG:colcon.colcon_core.package_identification:Package 'src/go2_hardware' with type 'ros.ament_cmake' and name 'go2_hardware'
[0.274s] Level 1:colcon.colcon_core.package_identification:_identify(src/go2_interfaces) by extensions ['ignore', 'ignore_ament_install']
[0.274s] Level 1:colcon.colcon_core.package_identification:_identify(src/go2_interfaces) by extension 'ignore'
[0.274s] Level 1:colcon.colcon_core.package_identification:_identify(src/go2_interfaces) by extension 'ignore_ament_install'
[0.274s] Level 1:colcon.colcon_core.package_identification:_identify(src/go2_interfaces) by extensions ['colcon_pkg']
[0.274s] Level 1:colcon.colcon_core.package_identification:_identify(src/go2_interfaces) by extension 'colcon_pkg'
[0.274s] Level 1:colcon.colcon_core.package_identification:_identify(src/go2_interfaces) by extensions ['colcon_meta']
[0.274s] Level 1:colcon.colcon_core.package_identification:_identify(src/go2_interfaces) by extension 'colcon_meta'
[0.274s] Level 1:colcon.colcon_core.package_identification:_identify(src/go2_interfaces) by extensions ['ros']
[0.274s] Level 1:colcon.colcon_core.package_identification:_identify(src/go2_interfaces) by extension 'ros'
[0.274s] DEBUG:colcon.colcon_core.package_identification:Package 'src/go2_interfaces' with type 'ros.ament_cmake' and name 'go2_interfaces'
[0.274s] Level 1:colcon.colcon_core.package_identification:_identify(src/go2_nav) by extensions ['ignore', 'ignore_ament_install']
[0.274s] Level 1:colcon.colcon_core.package_identification:_identify(src/go2_nav) by extension 'ignore'
[0.274s] Level 1:colcon.colcon_core.package_identification:_identify(src/go2_nav) by extension 'ignore_ament_install'
[0.274s] Level 1:colcon.colcon_core.package_identification:_identify(src/go2_nav) by extensions ['colcon_pkg']
[0.275s] Level 1:colcon.colcon_core.package_identification:_identify(src/go2_nav) by extension 'colcon_pkg'
[0.275s] Level 1:colcon.colcon_core.package_identification:_identify(src/go2_nav) by extensions ['colcon_meta']
[0.275s] Level 1:colcon.colcon_core.package_identification:_identify(src/go2_nav) by extension 'colcon_meta'
[0.275s] Level 1:colcon.colcon_core.package_identification:_identify(src/go2_nav) by extensions ['ros']
[0.275s] Level 1:colcon.colcon_core.package_identification:_identify(src/go2_nav) by extension 'ros'
[0.275s] DEBUG:colcon.colcon_core.package_identification:Package 'src/go2_nav' with type 'ros.ament_cmake' and name 'go2_nav'
[0.275s] Level 1:colcon.colcon_core.package_identification:_identify(src/go2_robot) by extensions ['ignore', 'ignore_ament_install']
[0.275s] Level 1:colcon.colcon_core.package_identification:_identify(src/go2_robot) by extension 'ignore'
[0.275s] Level 1:colcon.colcon_core.package_identification:_identify(src/go2_robot) by extension 'ignore_ament_install'
[0.275s] Level 1:colcon.colcon_core.package_identification:_identify(src/go2_robot) by extensions ['colcon_pkg']
[0.275s] Level 1:colcon.colcon_core.package_identification:_identify(src/go2_robot) by extension 'colcon_pkg'
[0.275s] Level 1:colcon.colcon_core.package_identification:_identify(src/go2_robot) by extensions ['colcon_meta']
[0.275s] Level 1:colcon.colcon_core.package_identification:_identify(src/go2_robot) by extension 'colcon_meta'
[0.275s] Level 1:colcon.colcon_core.package_identification:_identify(src/go2_robot) by extensions ['ros']
[0.275s] Level 1:colcon.colcon_core.package_identification:_identify(src/go2_robot) by extension 'ros'
[0.276s] DEBUG:colcon.colcon_core.package_identification:Package 'src/go2_robot' with type 'ros.ament_cmake' and name 'go2_robot'
[0.276s] Level 1:colcon.colcon_core.package_identification:_identify(src/go2_rviz) by extensions ['ignore', 'ignore_ament_install']
[0.276s] Level 1:colcon.colcon_core.package_identification:_identify(src/go2_rviz) by extension 'ignore'
[0.276s] Level 1:colcon.colcon_core.package_identification:_identify(src/go2_rviz) by extension 'ignore_ament_install'
[0.276s] Level 1:colcon.colcon_core.package_identification:_identify(src/go2_rviz) by extensions ['colcon_pkg']
[0.276s] Level 1:colcon.colcon_core.package_identification:_identify(src/go2_rviz) by extension 'colcon_pkg'
[0.276s] Level 1:colcon.colcon_core.package_identification:_identify(src/go2_rviz) by extensions ['colcon_meta']
[0.276s] Level 1:colcon.colcon_core.package_identification:_identify(src/go2_rviz) by extension 'colcon_meta'
[0.276s] Level 1:colcon.colcon_core.package_identification:_identify(src/go2_rviz) by extensions ['ros']
[0.276s] Level 1:colcon.colcon_core.package_identification:_identify(src/go2_rviz) by extension 'ros'
[0.276s] DEBUG:colcon.colcon_core.package_identification:Package 'src/go2_rviz' with type 'ros.ament_cmake' and name 'go2_rviz'
[0.277s] Level 1:colcon.colcon_core.package_identification:_identify(src/go2_simulation) by extensions ['ignore', 'ignore_ament_install']
[0.277s] Level 1:colcon.colcon_core.package_identification:_identify(src/go2_simulation) by extension 'ignore'
[0.277s] Level 1:colcon.colcon_core.package_identification:_identify(src/go2_simulation) by extension 'ignore_ament_install'
[0.277s] Level 1:colcon.colcon_core.package_identification:_identify(src/go2_simulation) by extensions ['colcon_pkg']
[0.277s] Level 1:colcon.colcon_core.package_identification:_identify(src/go2_simulation) by extension 'colcon_pkg'
[0.277s] Level 1:colcon.colcon_core.package_identification:_identify(src/go2_simulation) by extensions ['colcon_meta']
[0.277s] Level 1:colcon.colcon_core.package_identification:_identify(src/go2_simulation) by extension 'colcon_meta'
[0.277s] Level 1:colcon.colcon_core.package_identification:_identify(src/go2_simulation) by extensions ['ros']
[0.277s] Level 1:colcon.colcon_core.package_identification:_identify(src/go2_simulation) by extension 'ros'
[0.277s] DEBUG:colcon.colcon_core.package_identification:Package 'src/go2_simulation' with type 'ros.ament_cmake' and name 'go2_simulation'
[0.277s] Level 1:colcon.colcon_core.package_identification:_identify(src/hesai_ros_driver) by extensions ['ignore', 'ignore_ament_install']
[0.277s] Level 1:colcon.colcon_core.package_identification:_identify(src/hesai_ros_driver) by extension 'ignore'
[0.277s] Level 1:colcon.colcon_core.package_identification:_identify(src/hesai_ros_driver) by extension 'ignore_ament_install'
[0.277s] Level 1:colcon.colcon_core.package_identification:_identify(src/hesai_ros_driver) by extensions ['colcon_pkg']
[0.277s] Level 1:colcon.colcon_core.package_identification:_identify(src/hesai_ros_driver) by extension 'colcon_pkg'
[0.277s] Level 1:colcon.colcon_core.package_identification:_identify(src/hesai_ros_driver) by extensions ['colcon_meta']
[0.277s] Level 1:colcon.colcon_core.package_identification:_identify(src/hesai_ros_driver) by extension 'colcon_meta'
[0.278s] Level 1:colcon.colcon_core.package_identification:_identify(src/hesai_ros_driver) by extensions ['ros']
[0.278s] Level 1:colcon.colcon_core.package_identification:_identify(src/hesai_ros_driver) by extension 'ros'
[0.282s] DEBUG:colcon.colcon_core.package_identification:Package 'src/hesai_ros_driver' with type 'ros.ament_cmake' and name 'hesai_ros_driver'
[0.282s] Level 1:colcon.colcon_core.package_identification:_identify(src/unitree_api) by extensions ['ignore', 'ignore_ament_install']
[0.282s] Level 1:colcon.colcon_core.package_identification:_identify(src/unitree_api) by extension 'ignore'
[0.282s] Level 1:colcon.colcon_core.package_identification:_identify(src/unitree_api) by extension 'ignore_ament_install'
[0.282s] Level 1:colcon.colcon_core.package_identification:_identify(src/unitree_api) by extensions ['colcon_pkg']
[0.282s] Level 1:colcon.colcon_core.package_identification:_identify(src/unitree_api) by extension 'colcon_pkg'
[0.282s] Level 1:colcon.colcon_core.package_identification:_identify(src/unitree_api) by extensions ['colcon_meta']
[0.282s] Level 1:colcon.colcon_core.package_identification:_identify(src/unitree_api) by extension 'colcon_meta'
[0.282s] Level 1:colcon.colcon_core.package_identification:_identify(src/unitree_api) by extensions ['ros']
[0.282s] Level 1:colcon.colcon_core.package_identification:_identify(src/unitree_api) by extension 'ros'
[0.283s] DEBUG:colcon.colcon_core.package_identification:Package 'src/unitree_api' with type 'ros.ament_cmake' and name 'unitree_api'
[0.283s] Level 1:colcon.colcon_core.package_identification:_identify(src/unitree_go) by extensions ['ignore', 'ignore_ament_install']
[0.283s] Level 1:colcon.colcon_core.package_identification:_identify(src/unitree_go) by extension 'ignore'
[0.283s] Level 1:colcon.colcon_core.package_identification:_identify(src/unitree_go) by extension 'ignore_ament_install'
[0.283s] Level 1:colcon.colcon_core.package_identification:_identify(src/unitree_go) by extensions ['colcon_pkg']
[0.283s] Level 1:colcon.colcon_core.package_identification:_identify(src/unitree_go) by extension 'colcon_pkg'
[0.283s] Level 1:colcon.colcon_core.package_identification:_identify(src/unitree_go) by extensions ['colcon_meta']
[0.283s] Level 1:colcon.colcon_core.package_identification:_identify(src/unitree_go) by extension 'colcon_meta'
[0.283s] Level 1:colcon.colcon_core.package_identification:_identify(src/unitree_go) by extensions ['ros']
[0.283s] Level 1:colcon.colcon_core.package_identification:_identify(src/unitree_go) by extension 'ros'
[0.284s] DEBUG:colcon.colcon_core.package_identification:Package 'src/unitree_go' with type 'ros.ament_cmake' and name 'unitree_go'
[0.284s] Level 1:colcon.colcon_core.package_discovery:discover_packages(recursive) using defaults
[0.284s] Level 1:colcon.colcon_core.package_discovery:discover_packages(ignore) discover
[0.284s] Level 1:colcon.colcon_core.package_discovery:discover_packages(ignore) using defaults
[0.284s] Level 1:colcon.colcon_core.package_discovery:discover_packages(path) discover
[0.284s] Level 1:colcon.colcon_core.package_discovery:discover_packages(path) using defaults
[0.318s] INFO:colcon.colcon_core.package_selection:Skipping not selected package 'go2_hardware' in 'src/go2_hardware'
[0.318s] INFO:colcon.colcon_core.package_selection:Skipping not selected package 'go2_interfaces' in 'src/go2_interfaces'
[0.318s] INFO:colcon.colcon_core.package_selection:Skipping not selected package 'hesai_ros_driver' in 'src/hesai_ros_driver'
[0.318s] INFO:colcon.colcon_core.package_selection:Skipping not selected package 'unitree_api' in 'src/unitree_api'
[0.318s] INFO:colcon.colcon_core.package_selection:Skipping not selected package 'unitree_go' in 'src/unitree_go'
[0.318s] INFO:colcon.colcon_core.package_selection:Skipping not selected package 'go2_driver' in 'src/go2_driver'
[0.318s] INFO:colcon.colcon_core.package_selection:Skipping not selected package 'go2_robot' in 'src/go2_robot'
[0.318s] Level 1:colcon.colcon_core.package_discovery:discover_packages(prefix_path) check parameters
[0.318s] Level 1:colcon.colcon_core.package_discovery:discover_packages(prefix_path) discover
[0.320s] DEBUG:colcon.colcon_installed_package_information.package_discovery:Found 291 installed packages in /opt/ros/foxy
[0.321s] Level 1:colcon.colcon_core.package_discovery:discover_packages(prefix_path) using defaults
[0.368s] Level 5:colcon.colcon_core.verb:set package 'go2_description' build argument 'cmake_args' from command line to 'None'
[0.368s] Level 5:colcon.colcon_core.verb:set package 'go2_description' build argument 'cmake_target' from command line to 'None'
[0.368s] Level 5:colcon.colcon_core.verb:set package 'go2_description' build argument 'cmake_target_skip_unavailable' from command line to 'False'
[0.368s] Level 5:colcon.colcon_core.verb:set package 'go2_description' build argument 'cmake_clean_cache' from command line to 'False'
[0.368s] Level 5:colcon.colcon_core.verb:set package 'go2_description' build argument 'cmake_clean_first' from command line to 'False'
[0.368s] Level 5:colcon.colcon_core.verb:set package 'go2_description' build argument 'cmake_force_configure' from command line to 'False'
[0.368s] Level 5:colcon.colcon_core.verb:set package 'go2_description' build argument 'ament_cmake_args' from command line to 'None'
[0.368s] Level 5:colcon.colcon_core.verb:set package 'go2_description' build argument 'catkin_cmake_args' from command line to 'None'
[0.368s] Level 5:colcon.colcon_core.verb:set package 'go2_description' build argument 'catkin_skip_building_tests' from command line to 'False'
[0.368s] DEBUG:colcon.colcon_core.verb:Building package 'go2_description' with the following arguments: {'ament_cmake_args': None, 'build_base': '/home/giovanna/argo_go2_ws/build/go2_description', 'catkin_cmake_args': None, 'catkin_skip_building_tests': False, 'cmake_args': None, 'cmake_clean_cache': False, 'cmake_clean_first': False, 'cmake_force_configure': False, 'cmake_target': None, 'cmake_target_skip_unavailable': False, 'install_base': '/home/giovanna/argo_go2_ws/install/go2_description', 'merge_install': False, 'path': '/home/giovanna/argo_go2_ws/src/go2_description', 'symlink_install': True, 'test_result_base': None}
[0.368s] Level 5:colcon.colcon_core.verb:set package 'go2_nav' build argument 'cmake_args' from command line to 'None'
[0.368s] Level 5:colcon.colcon_core.verb:set package 'go2_nav' build argument 'cmake_target' from command line to 'None'
[0.368s] Level 5:colcon.colcon_core.verb:set package 'go2_nav' build argument 'cmake_target_skip_unavailable' from command line to 'False'
[0.368s] Level 5:colcon.colcon_core.verb:set package 'go2_nav' build argument 'cmake_clean_cache' from command line to 'False'
[0.369s] Level 5:colcon.colcon_core.verb:set package 'go2_nav' build argument 'cmake_clean_first' from command line to 'False'
[0.369s] Level 5:colcon.colcon_core.verb:set package 'go2_nav' build argument 'cmake_force_configure' from command line to 'False'
[0.369s] Level 5:colcon.colcon_core.verb:set package 'go2_nav' build argument 'ament_cmake_args' from command line to 'None'
[0.369s] Level 5:colcon.colcon_core.verb:set package 'go2_nav' build argument 'catkin_cmake_args' from command line to 'None'
[0.369s] Level 5:colcon.colcon_core.verb:set package 'go2_nav' build argument 'catkin_skip_building_tests' from command line to 'False'
[0.369s] DEBUG:colcon.colcon_core.verb:Building package 'go2_nav' with the following arguments: {'ament_cmake_args': None, 'build_base': '/home/giovanna/argo_go2_ws/build/go2_nav', 'catkin_cmake_args': None, 'catkin_skip_building_tests': False, 'cmake_args': None, 'cmake_clean_cache': False, 'cmake_clean_first': False, 'cmake_force_configure': False, 'cmake_target': None, 'cmake_target_skip_unavailable': False, 'install_base': '/home/giovanna/argo_go2_ws/install/go2_nav', 'merge_install': False, 'path': '/home/giovanna/argo_go2_ws/src/go2_nav', 'symlink_install': True, 'test_result_base': None}
[0.369s] Level 5:colcon.colcon_core.verb:set package 'go2_rviz' build argument 'cmake_args' from command line to 'None'
[0.369s] Level 5:colcon.colcon_core.verb:set package 'go2_rviz' build argument 'cmake_target' from command line to 'None'
[0.369s] Level 5:colcon.colcon_core.verb:set package 'go2_rviz' build argument 'cmake_target_skip_unavailable' from command line to 'False'
[0.369s] Level 5:colcon.colcon_core.verb:set package 'go2_rviz' build argument 'cmake_clean_cache' from command line to 'False'
[0.369s] Level 5:colcon.colcon_core.verb:set package 'go2_rviz' build argument 'cmake_clean_first' from command line to 'False'
[0.369s] Level 5:colcon.colcon_core.verb:set package 'go2_rviz' build argument 'cmake_force_configure' from command line to 'False'
[0.369s] Level 5:colcon.colcon_core.verb:set package 'go2_rviz' build argument 'ament_cmake_args' from command line to 'None'
[0.369s] Level 5:colcon.colcon_core.verb:set package 'go2_rviz' build argument 'catkin_cmake_args' from command line to 'None'
[0.369s] Level 5:colcon.colcon_core.verb:set package 'go2_rviz' build argument 'catkin_skip_building_tests' from command line to 'False'
[0.369s] DEBUG:colcon.colcon_core.verb:Building package 'go2_rviz' with the following arguments: {'ament_cmake_args': None, 'build_base': '/home/giovanna/argo_go2_ws/build/go2_rviz', 'catkin_cmake_args': None, 'catkin_skip_building_tests': False, 'cmake_args': None, 'cmake_clean_cache': False, 'cmake_clean_first': False, 'cmake_force_configure': False, 'cmake_target': None, 'cmake_target_skip_unavailable': False, 'install_base': '/home/giovanna/argo_go2_ws/install/go2_rviz', 'merge_install': False, 'path': '/home/giovanna/argo_go2_ws/src/go2_rviz', 'symlink_install': True, 'test_result_base': None}
[0.369s] Level 5:colcon.colcon_core.verb:set package 'go2_simulation' build argument 'cmake_args' from command line to 'None'
[0.369s] Level 5:colcon.colcon_core.verb:set package 'go2_simulation' build argument 'cmake_target' from command line to 'None'
[0.369s] Level 5:colcon.colcon_core.verb:set package 'go2_simulation' build argument 'cmake_target_skip_unavailable' from command line to 'False'
[0.369s] Level 5:colcon.colcon_core.verb:set package 'go2_simulation' build argument 'cmake_clean_cache' from command line to 'False'
[0.369s] Level 5:colcon.colcon_core.verb:set package 'go2_simulation' build argument 'cmake_clean_first' from command line to 'False'
[0.369s] Level 5:colcon.colcon_core.verb:set package 'go2_simulation' build argument 'cmake_force_configure' from command line to 'False'
[0.369s] Level 5:colcon.colcon_core.verb:set package 'go2_simulation' build argument 'ament_cmake_args' from command line to 'None'
[0.370s] Level 5:colcon.colcon_core.verb:set package 'go2_simulation' build argument 'catkin_cmake_args' from command line to 'None'
[0.370s] Level 5:colcon.colcon_core.verb:set package 'go2_simulation' build argument 'catkin_skip_building_tests' from command line to 'False'
[0.370s] DEBUG:colcon.colcon_core.verb:Building package 'go2_simulation' with the following arguments: {'ament_cmake_args': None, 'build_base': '/home/giovanna/argo_go2_ws/build/go2_simulation', 'catkin_cmake_args': None, 'catkin_skip_building_tests': False, 'cmake_args': None, 'cmake_clean_cache': False, 'cmake_clean_first': False, 'cmake_force_configure': False, 'cmake_target': None, 'cmake_target_skip_unavailable': False, 'install_base': '/home/giovanna/argo_go2_ws/install/go2_simulation', 'merge_install': False, 'path': '/home/giovanna/argo_go2_ws/src/go2_simulation', 'symlink_install': True, 'test_result_base': None}
[0.370s] Level 5:colcon.colcon_core.verb:set package 'go2_bringup' build argument 'cmake_args' from command line to 'None'
[0.370s] Level 5:colcon.colcon_core.verb:set package 'go2_bringup' build argument 'cmake_target' from command line to 'None'
[0.370s] Level 5:colcon.colcon_core.verb:set package 'go2_bringup' build argument 'cmake_target_skip_unavailable' from command line to 'False'
[0.370s] Level 5:colcon.colcon_core.verb:set package 'go2_bringup' build argument 'cmake_clean_cache' from command line to 'False'
[0.370s] Level 5:colcon.colcon_core.verb:set package 'go2_bringup' build argument 'cmake_clean_first' from command line to 'False'
[0.370s] Level 5:colcon.colcon_core.verb:set package 'go2_bringup' build argument 'cmake_force_configure' from command line to 'False'
[0.370s] Level 5:colcon.colcon_core.verb:set package 'go2_bringup' build argument 'ament_cmake_args' from command line to 'None'
[0.370s] Level 5:colcon.colcon_core.verb:set package 'go2_bringup' build argument 'catkin_cmake_args' from command line to 'None'
[0.370s] Level 5:colcon.colcon_core.verb:set package 'go2_bringup' build argument 'catkin_skip_building_tests' from command line to 'False'
[0.370s] DEBUG:colcon.colcon_core.verb:Building package 'go2_bringup' with the following arguments: {'ament_cmake_args': None, 'build_base': '/home/giovanna/argo_go2_ws/build/go2_bringup', 'catkin_cmake_args': None, 'catkin_skip_building_tests': False, 'cmake_args': None, 'cmake_clean_cache': False, 'cmake_clean_first': False, 'cmake_force_configure': False, 'cmake_target': None, 'cmake_target_skip_unavailable': False, 'install_base': '/home/giovanna/argo_go2_ws/install/go2_bringup', 'merge_install': False, 'path': '/home/giovanna/argo_go2_ws/src/go2_bringup', 'symlink_install': True, 'test_result_base': None}
[0.370s] INFO:colcon.colcon_core.executor:Executing jobs using 'parallel' executor
[0.371s] DEBUG:colcon.colcon_parallel_executor.executor.parallel:run_until_complete
[0.371s] INFO:colcon.colcon_ros.task.ament_cmake.build:Building ROS package in '/home/giovanna/argo_go2_ws/src/go2_description' with build type 'ament_cmake'
[0.372s] INFO:colcon.colcon_cmake.task.cmake.build:Building CMake package in '/home/giovanna/argo_go2_ws/src/go2_description'
[0.374s] INFO:colcon.colcon_core.plugin_system:Skipping extension 'colcon_core.shell.bat': Not used on non-Windows systems
[0.374s] INFO:colcon.colcon_core.shell:Skip shell extension 'powershell' for command environment: Not usable outside of PowerShell
[0.375s] DEBUG:colcon.colcon_core.shell:Skip shell extension 'dsv' for command environment
[0.387s] INFO:colcon.colcon_ros.task.ament_cmake.build:Building ROS package in '/home/giovanna/argo_go2_ws/src/go2_rviz' with build type 'ament_cmake'
[0.387s] INFO:colcon.colcon_cmake.task.cmake.build:Building CMake package in '/home/giovanna/argo_go2_ws/src/go2_rviz'
[0.388s] INFO:colcon.colcon_core.shell:Skip shell extension 'powershell' for command environment: Not usable outside of PowerShell
[0.388s] DEBUG:colcon.colcon_core.shell:Skip shell extension 'dsv' for command environment
[0.392s] INFO:colcon.colcon_ros.task.ament_cmake.build:Building ROS package in '/home/giovanna/argo_go2_ws/src/go2_nav' with build type 'ament_cmake'
[0.393s] INFO:colcon.colcon_cmake.task.cmake.build:Building CMake package in '/home/giovanna/argo_go2_ws/src/go2_nav'
[0.393s] INFO:colcon.colcon_core.shell:Skip shell extension 'powershell' for command environment: Not usable outside of PowerShell
[0.393s] DEBUG:colcon.colcon_core.shell:Skip shell extension 'dsv' for command environment
[0.397s] INFO:colcon.colcon_ros.task.ament_cmake.build:Building ROS package in '/home/giovanna/argo_go2_ws/src/go2_simulation' with build type 'ament_cmake'
[0.398s] INFO:colcon.colcon_cmake.task.cmake.build:Building CMake package in '/home/giovanna/argo_go2_ws/src/go2_simulation'
[0.398s] INFO:colcon.colcon_core.shell:Skip shell extension 'powershell' for command environment: Not usable outside of PowerShell
[0.398s] DEBUG:colcon.colcon_core.shell:Skip shell extension 'dsv' for command environment
[0.413s] DEBUG:colcon.colcon_core.event_handler.log_command:Invoking command in '/home/giovanna/argo_go2_ws/build/go2_description': CMAKE_PREFIX_PATH=/opt/ros/foxy /usr/bin/cmake --build /home/giovanna/argo_go2_ws/build/go2_description -- -j16 -l16
[0.420s] DEBUG:colcon.colcon_core.event_handler.log_command:Invoking command in '/home/giovanna/argo_go2_ws/build/go2_rviz': CMAKE_PREFIX_PATH=/opt/ros/foxy /usr/bin/cmake --build /home/giovanna/argo_go2_ws/build/go2_rviz -- -j16 -l16
[0.425s] DEBUG:colcon.colcon_core.event_handler.log_command:Invoking command in '/home/giovanna/argo_go2_ws/build/go2_nav': CMAKE_PREFIX_PATH=/opt/ros/foxy /usr/bin/cmake --build /home/giovanna/argo_go2_ws/build/go2_nav -- -j16 -l16
[0.433s] DEBUG:colcon.colcon_core.event_handler.log_command:Invoking command in '/home/giovanna/argo_go2_ws/build/go2_simulation': CMAKE_PREFIX_PATH=/opt/ros/foxy /usr/bin/cmake --build /home/giovanna/argo_go2_ws/build/go2_simulation -- -j16 -l16
[0.468s] DEBUG:colcon.colcon_core.event_handler.log_command:Invoked command in '/home/giovanna/argo_go2_ws/build/go2_description' returned '0': CMAKE_PREFIX_PATH=/opt/ros/foxy /usr/bin/cmake --build /home/giovanna/argo_go2_ws/build/go2_description -- -j16 -l16
[0.490s] DEBUG:colcon.colcon_core.event_handler.log_command:Invoking command in '/home/giovanna/argo_go2_ws/build/go2_description': CMAKE_PREFIX_PATH=/opt/ros/foxy /usr/bin/cmake --install /home/giovanna/argo_go2_ws/build/go2_description
[0.491s] DEBUG:colcon.colcon_core.event_handler.log_command:Invoked command in '/home/giovanna/argo_go2_ws/build/go2_rviz' returned '0': CMAKE_PREFIX_PATH=/opt/ros/foxy /usr/bin/cmake --build /home/giovanna/argo_go2_ws/build/go2_rviz -- -j16 -l16
[0.494s] DEBUG:colcon.colcon_core.event_handler.log_command:Invoking command in '/home/giovanna/argo_go2_ws/build/go2_rviz': CMAKE_PREFIX_PATH=/opt/ros/foxy /usr/bin/cmake --install /home/giovanna/argo_go2_ws/build/go2_rviz
[0.498s] DEBUG:colcon.colcon_core.event_handler.log_command:Invoked command in '/home/giovanna/argo_go2_ws/build/go2_simulation' returned '0': CMAKE_PREFIX_PATH=/opt/ros/foxy /usr/bin/cmake --build /home/giovanna/argo_go2_ws/build/go2_simulation -- -j16 -l16
[0.505s] DEBUG:colcon.colcon_core.event_handler.log_command:Invoking command in '/home/giovanna/argo_go2_ws/build/go2_simulation': CMAKE_PREFIX_PATH=/opt/ros/foxy /usr/bin/cmake --install /home/giovanna/argo_go2_ws/build/go2_simulation
[0.513s] DEBUG:colcon.colcon_core.event_handler.log_command:Invoked command in '/home/giovanna/argo_go2_ws/build/go2_nav' returned '0': CMAKE_PREFIX_PATH=/opt/ros/foxy /usr/bin/cmake --build /home/giovanna/argo_go2_ws/build/go2_nav -- -j16 -l16
[0.517s] DEBUG:colcon.colcon_core.event_handler.log_command:Invoking command in '/home/giovanna/argo_go2_ws/build/go2_nav': CMAKE_PREFIX_PATH=/opt/ros/foxy /usr/bin/cmake --install /home/giovanna/argo_go2_ws/build/go2_nav
[0.528s] Level 1:colcon.colcon_core.environment:create_environment_scripts_only(go2_description)
[0.529s] DEBUG:colcon.colcon_core.event_handler.log_command:Invoked command in '/home/giovanna/argo_go2_ws/build/go2_description' returned '0': CMAKE_PREFIX_PATH=/opt/ros/foxy /usr/bin/cmake --install /home/giovanna/argo_go2_ws/build/go2_description
[0.532s] Level 1:colcon.colcon_core.environment:checking '/home/giovanna/argo_go2_ws/install/go2_description' for CMake module files
[0.532s] Level 1:colcon.colcon_core.environment:checking '/home/giovanna/argo_go2_ws/install/go2_description' for CMake config files
[0.533s] Level 1:colcon.colcon_core.shell:create_environment_hook('go2_description', 'cmake_prefix_path')
[0.533s] INFO:colcon.colcon_core.shell:Creating environment hook '/home/giovanna/argo_go2_ws/install/go2_description/share/go2_description/hook/cmake_prefix_path.ps1'
[0.534s] INFO:colcon.colcon_core.shell:Creating environment descriptor '/home/giovanna/argo_go2_ws/install/go2_description/share/go2_description/hook/cmake_prefix_path.dsv'
[0.535s] INFO:colcon.colcon_core.shell:Creating environment hook '/home/giovanna/argo_go2_ws/install/go2_description/share/go2_description/hook/cmake_prefix_path.sh'
[0.536s] Level 1:colcon.colcon_core.environment:checking '/home/giovanna/argo_go2_ws/install/go2_description/bin'
[0.536s] Level 1:colcon.colcon_core.environment:checking '/home/giovanna/argo_go2_ws/install/go2_description/lib/pkgconfig/go2_description.pc'
[0.536s] Level 1:colcon.colcon_core.environment:checking '/home/giovanna/argo_go2_ws/install/go2_description/lib/python3.8/site-packages'
[0.537s] Level 1:colcon.colcon_core.environment:checking '/home/giovanna/argo_go2_ws/install/go2_description/bin'
[0.537s] INFO:colcon.colcon_core.shell:Creating package script '/home/giovanna/argo_go2_ws/install/go2_description/share/go2_description/package.ps1'
[0.539s] INFO:colcon.colcon_core.shell:Creating package descriptor '/home/giovanna/argo_go2_ws/install/go2_description/share/go2_description/package.dsv'
[0.540s] INFO:colcon.colcon_core.shell:Creating package script '/home/giovanna/argo_go2_ws/install/go2_description/share/go2_description/package.sh'
[0.541s] INFO:colcon.colcon_core.shell:Creating package script '/home/giovanna/argo_go2_ws/install/go2_description/share/go2_description/package.bash'
[0.542s] INFO:colcon.colcon_core.shell:Creating package script '/home/giovanna/argo_go2_ws/install/go2_description/share/go2_description/package.zsh'
[0.542s] Level 1:colcon.colcon_core.environment:create_file_with_runtime_dependencies(/home/giovanna/argo_go2_ws/install/go2_description/share/colcon-core/packages/go2_description)
[0.543s] Level 1:colcon.colcon_core.environment:create_environment_scripts_only(go2_description)
[0.543s] Level 1:colcon.colcon_core.environment:checking '/home/giovanna/argo_go2_ws/install/go2_description' for CMake module files
[0.544s] Level 1:colcon.colcon_core.environment:checking '/home/giovanna/argo_go2_ws/install/go2_description' for CMake config files
[0.544s] Level 1:colcon.colcon_core.shell:create_environment_hook('go2_description', 'cmake_prefix_path')
[0.544s] INFO:colcon.colcon_core.shell:Creating environment hook '/home/giovanna/argo_go2_ws/install/go2_description/share/go2_description/hook/cmake_prefix_path.ps1'
[0.548s] INFO:colcon.colcon_core.shell:Creating environment descriptor '/home/giovanna/argo_go2_ws/install/go2_description/share/go2_description/hook/cmake_prefix_path.dsv'
[0.549s] INFO:colcon.colcon_core.shell:Creating environment hook '/home/giovanna/argo_go2_ws/install/go2_description/share/go2_description/hook/cmake_prefix_path.sh'
[0.550s] Level 1:colcon.colcon_core.environment:checking '/home/giovanna/argo_go2_ws/install/go2_description/bin'
[0.550s] Level 1:colcon.colcon_core.environment:checking '/home/giovanna/argo_go2_ws/install/go2_description/lib/pkgconfig/go2_description.pc'
[0.550s] Level 1:colcon.colcon_core.environment:checking '/home/giovanna/argo_go2_ws/install/go2_description/lib/python3.8/site-packages'
[0.550s] Level 1:colcon.colcon_core.environment:checking '/home/giovanna/argo_go2_ws/install/go2_description/bin'
[0.551s] INFO:colcon.colcon_core.shell:Creating package script '/home/giovanna/argo_go2_ws/install/go2_description/share/go2_description/package.ps1'
[0.551s] INFO:colcon.colcon_core.shell:Creating package descriptor '/home/giovanna/argo_go2_ws/install/go2_description/share/go2_description/package.dsv'
[0.552s] INFO:colcon.colcon_core.shell:Creating package script '/home/giovanna/argo_go2_ws/install/go2_description/share/go2_description/package.sh'
[0.552s] INFO:colcon.colcon_core.shell:Creating package script '/home/giovanna/argo_go2_ws/install/go2_description/share/go2_description/package.bash'
[0.552s] INFO:colcon.colcon_core.shell:Creating package script '/home/giovanna/argo_go2_ws/install/go2_description/share/go2_description/package.zsh'
[0.553s] Level 1:colcon.colcon_core.environment:create_file_with_runtime_dependencies(/home/giovanna/argo_go2_ws/install/go2_description/share/colcon-core/packages/go2_description)
[0.554s] Level 1:colcon.colcon_core.environment:create_environment_scripts_only(go2_rviz)
[0.554s] Level 1:colcon.colcon_core.environment:checking '/home/giovanna/argo_go2_ws/install/go2_rviz' for CMake module files
[0.555s] DEBUG:colcon.colcon_core.event_handler.log_command:Invoked command in '/home/giovanna/argo_go2_ws/build/go2_rviz' returned '0': CMAKE_PREFIX_PATH=/opt/ros/foxy /usr/bin/cmake --install /home/giovanna/argo_go2_ws/build/go2_rviz
[0.556s] Level 1:colcon.colcon_core.environment:checking '/home/giovanna/argo_go2_ws/install/go2_rviz' for CMake config files
[0.556s] Level 1:colcon.colcon_core.shell:create_environment_hook('go2_rviz', 'cmake_prefix_path')
[0.556s] INFO:colcon.colcon_core.shell:Creating environment hook '/home/giovanna/argo_go2_ws/install/go2_rviz/share/go2_rviz/hook/cmake_prefix_path.ps1'
[0.556s] INFO:colcon.colcon_core.shell:Creating environment descriptor '/home/giovanna/argo_go2_ws/install/go2_rviz/share/go2_rviz/hook/cmake_prefix_path.dsv'
[0.557s] INFO:colcon.colcon_core.shell:Creating environment hook '/home/giovanna/argo_go2_ws/install/go2_rviz/share/go2_rviz/hook/cmake_prefix_path.sh'
[0.557s] Level 1:colcon.colcon_core.environment:checking '/home/giovanna/argo_go2_ws/install/go2_rviz/bin'
[0.557s] Level 1:colcon.colcon_core.environment:checking '/home/giovanna/argo_go2_ws/install/go2_rviz/lib/pkgconfig/go2_rviz.pc'
[0.557s] Level 1:colcon.colcon_core.environment:checking '/home/giovanna/argo_go2_ws/install/go2_rviz/lib/python3.8/site-packages'
[0.558s] Level 1:colcon.colcon_core.environment:checking '/home/giovanna/argo_go2_ws/install/go2_rviz/bin'
[0.558s] INFO:colcon.colcon_core.shell:Creating package script '/home/giovanna/argo_go2_ws/install/go2_rviz/share/go2_rviz/package.ps1'
[0.558s] INFO:colcon.colcon_core.shell:Creating package descriptor '/home/giovanna/argo_go2_ws/install/go2_rviz/share/go2_rviz/package.dsv'
[0.559s] INFO:colcon.colcon_core.shell:Creating package script '/home/giovanna/argo_go2_ws/install/go2_rviz/share/go2_rviz/package.sh'
[0.559s] INFO:colcon.colcon_core.shell:Creating package script '/home/giovanna/argo_go2_ws/install/go2_rviz/share/go2_rviz/package.bash'
[0.559s] INFO:colcon.colcon_core.shell:Creating package script '/home/giovanna/argo_go2_ws/install/go2_rviz/share/go2_rviz/package.zsh'
[0.560s] Level 1:colcon.colcon_core.environment:create_file_with_runtime_dependencies(/home/giovanna/argo_go2_ws/install/go2_rviz/share/colcon-core/packages/go2_rviz)
[0.560s] Level 1:colcon.colcon_core.environment:create_environment_scripts_only(go2_rviz)
[0.560s] Level 1:colcon.colcon_core.environment:checking '/home/giovanna/argo_go2_ws/install/go2_rviz' for CMake module files
[0.560s] Level 1:colcon.colcon_core.environment:checking '/home/giovanna/argo_go2_ws/install/go2_rviz' for CMake config files
[0.561s] Level 1:colcon.colcon_core.shell:create_environment_hook('go2_rviz', 'cmake_prefix_path')
[0.561s] INFO:colcon.colcon_core.shell:Creating environment hook '/home/giovanna/argo_go2_ws/install/go2_rviz/share/go2_rviz/hook/cmake_prefix_path.ps1'
[0.561s] INFO:colcon.colcon_core.shell:Creating environment descriptor '/home/giovanna/argo_go2_ws/install/go2_rviz/share/go2_rviz/hook/cmake_prefix_path.dsv'
[0.561s] INFO:colcon.colcon_core.shell:Creating environment hook '/home/giovanna/argo_go2_ws/install/go2_rviz/share/go2_rviz/hook/cmake_prefix_path.sh'
[0.562s] Level 1:colcon.colcon_core.environment:checking '/home/giovanna/argo_go2_ws/install/go2_rviz/bin'
[0.562s] Level 1:colcon.colcon_core.environment:checking '/home/giovanna/argo_go2_ws/install/go2_rviz/lib/pkgconfig/go2_rviz.pc'
[0.562s] Level 1:colcon.colcon_core.environment:checking '/home/giovanna/argo_go2_ws/install/go2_rviz/lib/python3.8/site-packages'
[0.562s] Level 1:colcon.colcon_core.environment:checking '/home/giovanna/argo_go2_ws/install/go2_rviz/bin'
[0.562s] INFO:colcon.colcon_core.shell:Creating package script '/home/giovanna/argo_go2_ws/install/go2_rviz/share/go2_rviz/package.ps1'
[0.563s] INFO:colcon.colcon_core.shell:Creating package descriptor '/home/giovanna/argo_go2_ws/install/go2_rviz/share/go2_rviz/package.dsv'
[0.563s] INFO:colcon.colcon_core.shell:Creating package script '/home/giovanna/argo_go2_ws/install/go2_rviz/share/go2_rviz/package.sh'
[0.563s] INFO:colcon.colcon_core.shell:Creating package script '/home/giovanna/argo_go2_ws/install/go2_rviz/share/go2_rviz/package.bash'
[0.564s] INFO:colcon.colcon_core.shell:Creating package script '/home/giovanna/argo_go2_ws/install/go2_rviz/share/go2_rviz/package.zsh'
[0.564s] Level 1:colcon.colcon_core.environment:create_file_with_runtime_dependencies(/home/giovanna/argo_go2_ws/install/go2_rviz/share/colcon-core/packages/go2_rviz)
[0.565s] INFO:colcon.colcon_ros.task.ament_cmake.build:Building ROS package in '/home/giovanna/argo_go2_ws/src/go2_bringup' with build type 'ament_cmake'
[0.565s] INFO:colcon.colcon_cmake.task.cmake.build:Building CMake package in '/home/giovanna/argo_go2_ws/src/go2_bringup'
[0.565s] INFO:colcon.colcon_core.shell:Skip shell extension 'powershell' for command environment: Not usable outside of PowerShell
[0.565s] DEBUG:colcon.colcon_core.shell:Skip shell extension 'dsv' for command environment
[0.573s] Level 1:colcon.colcon_core.environment:create_environment_scripts_only(go2_simulation)
[0.573s] Level 1:colcon.colcon_core.environment:checking '/home/giovanna/argo_go2_ws/install/go2_simulation' for CMake module files
[0.574s] DEBUG:colcon.colcon_core.event_handler.log_command:Invoked command in '/home/giovanna/argo_go2_ws/build/go2_simulation' returned '0': CMAKE_PREFIX_PATH=/opt/ros/foxy /usr/bin/cmake --install /home/giovanna/argo_go2_ws/build/go2_simulation
[0.574s] Level 1:colcon.colcon_core.environment:checking '/home/giovanna/argo_go2_ws/install/go2_simulation' for CMake config files
[0.574s] Level 1:colcon.colcon_core.shell:create_environment_hook('go2_simulation', 'cmake_prefix_path')
[0.574s] INFO:colcon.colcon_core.shell:Creating environment hook '/home/giovanna/argo_go2_ws/install/go2_simulation/share/go2_simulation/hook/cmake_prefix_path.ps1'
[0.575s] INFO:colcon.colcon_core.shell:Creating environment descriptor '/home/giovanna/argo_go2_ws/install/go2_simulation/share/go2_simulation/hook/cmake_prefix_path.dsv'
[0.575s] INFO:colcon.colcon_core.shell:Creating environment hook '/home/giovanna/argo_go2_ws/install/go2_simulation/share/go2_simulation/hook/cmake_prefix_path.sh'
[0.576s] Level 1:colcon.colcon_core.environment:checking '/home/giovanna/argo_go2_ws/install/go2_simulation/bin'
[0.576s] Level 1:colcon.colcon_core.environment:checking '/home/giovanna/argo_go2_ws/install/go2_simulation/lib/pkgconfig/go2_simulation.pc'
[0.576s] Level 1:colcon.colcon_core.environment:checking '/home/giovanna/argo_go2_ws/install/go2_simulation/lib/python3.8/site-packages'
[0.576s] Level 1:colcon.colcon_core.environment:checking '/home/giovanna/argo_go2_ws/install/go2_simulation/bin'
[0.576s] INFO:colcon.colcon_core.shell:Creating package script '/home/giovanna/argo_go2_ws/install/go2_simulation/share/go2_simulation/package.ps1'
[0.577s] INFO:colcon.colcon_core.shell:Creating package descriptor '/home/giovanna/argo_go2_ws/install/go2_simulation/share/go2_simulation/package.dsv'
[0.577s] INFO:colcon.colcon_core.shell:Creating package script '/home/giovanna/argo_go2_ws/install/go2_simulation/share/go2_simulation/package.sh'
[0.577s] INFO:colcon.colcon_core.shell:Creating package script '/home/giovanna/argo_go2_ws/install/go2_simulation/share/go2_simulation/package.bash'
[0.578s] INFO:colcon.colcon_core.shell:Creating package script '/home/giovanna/argo_go2_ws/install/go2_simulation/share/go2_simulation/package.zsh'
[0.578s] Level 1:colcon.colcon_core.environment:create_file_with_runtime_dependencies(/home/giovanna/argo_go2_ws/install/go2_simulation/share/colcon-core/packages/go2_simulation)
[0.578s] Level 1:colcon.colcon_core.environment:create_environment_scripts_only(go2_simulation)
[0.579s] Level 1:colcon.colcon_core.environment:checking '/home/giovanna/argo_go2_ws/install/go2_simulation' for CMake module files
[0.579s] Level 1:colcon.colcon_core.environment:checking '/home/giovanna/argo_go2_ws/install/go2_simulation' for CMake config files
[0.579s] Level 1:colcon.colcon_core.shell:create_environment_hook('go2_simulation', 'cmake_prefix_path')
[0.579s] INFO:colcon.colcon_core.shell:Creating environment hook '/home/giovanna/argo_go2_ws/install/go2_simulation/share/go2_simulation/hook/cmake_prefix_path.ps1'
[0.580s] INFO:colcon.colcon_core.shell:Creating environment descriptor '/home/giovanna/argo_go2_ws/install/go2_simulation/share/go2_simulation/hook/cmake_prefix_path.dsv'
[0.580s] INFO:colcon.colcon_core.shell:Creating environment hook '/home/giovanna/argo_go2_ws/install/go2_simulation/share/go2_simulation/hook/cmake_prefix_path.sh'
[0.580s] Level 1:colcon.colcon_core.environment:checking '/home/giovanna/argo_go2_ws/install/go2_simulation/bin'
[0.580s] Level 1:colcon.colcon_core.environment:checking '/home/giovanna/argo_go2_ws/install/go2_simulation/lib/pkgconfig/go2_simulation.pc'
[0.581s] Level 1:colcon.colcon_core.environment:checking '/home/giovanna/argo_go2_ws/install/go2_simulation/lib/python3.8/site-packages'
[0.581s] Level 1:colcon.colcon_core.environment:checking '/home/giovanna/argo_go2_ws/install/go2_simulation/bin'
[0.581s] INFO:colcon.colcon_core.shell:Creating package script '/home/giovanna/argo_go2_ws/install/go2_simulation/share/go2_simulation/package.ps1'
[0.582s] INFO:colcon.colcon_core.shell:Creating package descriptor '/home/giovanna/argo_go2_ws/install/go2_simulation/share/go2_simulation/package.dsv'
[0.582s] INFO:colcon.colcon_core.shell:Creating package script '/home/giovanna/argo_go2_ws/install/go2_simulation/share/go2_simulation/package.sh'
[0.583s] INFO:colcon.colcon_core.shell:Creating package script '/home/giovanna/argo_go2_ws/install/go2_simulation/share/go2_simulation/package.bash'
[0.583s] INFO:colcon.colcon_core.shell:Creating package script '/home/giovanna/argo_go2_ws/install/go2_simulation/share/go2_simulation/package.zsh'
[0.584s] Level 1:colcon.colcon_core.environment:create_file_with_runtime_dependencies(/home/giovanna/argo_go2_ws/install/go2_simulation/share/colcon-core/packages/go2_simulation)
[0.584s] Level 1:colcon.colcon_core.environment:create_environment_scripts_only(go2_nav)
[0.584s] Level 1:colcon.colcon_core.environment:checking '/home/giovanna/argo_go2_ws/install/go2_nav' for CMake module files
[0.586s] DEBUG:colcon.colcon_core.event_handler.log_command:Invoked command in '/home/giovanna/argo_go2_ws/build/go2_nav' returned '0': CMAKE_PREFIX_PATH=/opt/ros/foxy /usr/bin/cmake --install /home/giovanna/argo_go2_ws/build/go2_nav
[0.586s] Level 1:colcon.colcon_core.environment:checking '/home/giovanna/argo_go2_ws/install/go2_nav' for CMake config files
[0.586s] Level 1:colcon.colcon_core.shell:create_environment_hook('go2_nav', 'cmake_prefix_path')
[0.586s] INFO:colcon.colcon_core.shell:Creating environment hook '/home/giovanna/argo_go2_ws/install/go2_nav/share/go2_nav/hook/cmake_prefix_path.ps1'
[0.587s] INFO:colcon.colcon_core.shell:Creating environment descriptor '/home/giovanna/argo_go2_ws/install/go2_nav/share/go2_nav/hook/cmake_prefix_path.dsv'
[0.587s] INFO:colcon.colcon_core.shell:Creating environment hook '/home/giovanna/argo_go2_ws/install/go2_nav/share/go2_nav/hook/cmake_prefix_path.sh'
[0.587s] Level 1:colcon.colcon_core.environment:checking '/home/giovanna/argo_go2_ws/install/go2_nav/bin'
[0.588s] Level 1:colcon.colcon_core.environment:checking '/home/giovanna/argo_go2_ws/install/go2_nav/lib/pkgconfig/go2_nav.pc'
[0.588s] Level 1:colcon.colcon_core.environment:checking '/home/giovanna/argo_go2_ws/install/go2_nav/lib/python3.8/site-packages'
[0.588s] Level 1:colcon.colcon_core.environment:checking '/home/giovanna/argo_go2_ws/install/go2_nav/bin'
[0.588s] INFO:colcon.colcon_core.shell:Creating package script '/home/giovanna/argo_go2_ws/install/go2_nav/share/go2_nav/package.ps1'
[0.588s] INFO:colcon.colcon_core.shell:Creating package descriptor '/home/giovanna/argo_go2_ws/install/go2_nav/share/go2_nav/package.dsv'
[0.589s] INFO:colcon.colcon_core.shell:Creating package script '/home/giovanna/argo_go2_ws/install/go2_nav/share/go2_nav/package.sh'
[0.589s] INFO:colcon.colcon_core.shell:Creating package script '/home/giovanna/argo_go2_ws/install/go2_nav/share/go2_nav/package.bash'
[0.589s] INFO:colcon.colcon_core.shell:Creating package script '/home/giovanna/argo_go2_ws/install/go2_nav/share/go2_nav/package.zsh'
[0.590s] Level 1:colcon.colcon_core.environment:create_file_with_runtime_dependencies(/home/giovanna/argo_go2_ws/install/go2_nav/share/colcon-core/packages/go2_nav)
[0.590s] Level 1:colcon.colcon_core.environment:create_environment_scripts_only(go2_nav)
[0.590s] Level 1:colcon.colcon_core.environment:checking '/home/giovanna/argo_go2_ws/install/go2_nav' for CMake module files
[0.591s] Level 1:colcon.colcon_core.environment:checking '/home/giovanna/argo_go2_ws/install/go2_nav' for CMake config files
[0.591s] Level 1:colcon.colcon_core.shell:create_environment_hook('go2_nav', 'cmake_prefix_path')
[0.591s] INFO:colcon.colcon_core.shell:Creating environment hook '/home/giovanna/argo_go2_ws/install/go2_nav/share/go2_nav/hook/cmake_prefix_path.ps1'
[0.591s] INFO:colcon.colcon_core.shell:Creating environment descriptor '/home/giovanna/argo_go2_ws/install/go2_nav/share/go2_nav/hook/cmake_prefix_path.dsv'
[0.592s] INFO:colcon.colcon_core.shell:Creating environment hook '/home/giovanna/argo_go2_ws/install/go2_nav/share/go2_nav/hook/cmake_prefix_path.sh'
[0.592s] Level 1:colcon.colcon_core.environment:checking '/home/giovanna/argo_go2_ws/install/go2_nav/bin'
[0.592s] Level 1:colcon.colcon_core.environment:checking '/home/giovanna/argo_go2_ws/install/go2_nav/lib/pkgconfig/go2_nav.pc'
[0.592s] Level 1:colcon.colcon_core.environment:checking '/home/giovanna/argo_go2_ws/install/go2_nav/lib/python3.8/site-packages'
[0.592s] Level 1:colcon.colcon_core.environment:checking '/home/giovanna/argo_go2_ws/install/go2_nav/bin'
[0.593s] INFO:colcon.colcon_core.shell:Creating package script '/home/giovanna/argo_go2_ws/install/go2_nav/share/go2_nav/package.ps1'
[0.593s] INFO:colcon.colcon_core.shell:Creating package descriptor '/home/giovanna/argo_go2_ws/install/go2_nav/share/go2_nav/package.dsv'
[0.593s] INFO:colcon.colcon_core.shell:Creating package script '/home/giovanna/argo_go2_ws/install/go2_nav/share/go2_nav/package.sh'
[0.594s] INFO:colcon.colcon_core.shell:Creating package script '/home/giovanna/argo_go2_ws/install/go2_nav/share/go2_nav/package.bash'
[0.594s] INFO:colcon.colcon_core.shell:Creating package script '/home/giovanna/argo_go2_ws/install/go2_nav/share/go2_nav/package.zsh'
[0.594s] Level 1:colcon.colcon_core.environment:create_file_with_runtime_dependencies(/home/giovanna/argo_go2_ws/install/go2_nav/share/colcon-core/packages/go2_nav)
[0.602s] DEBUG:colcon.colcon_core.event_handler.log_command:Invoking command in '/home/giovanna/argo_go2_ws/build/go2_bringup': AMENT_PREFIX_PATH=/home/giovanna/argo_go2_ws/install/unitree_go:/home/giovanna/argo_go2_ws/install/unitree_api:/home/giovanna/argo_go2_ws/install/go2_rviz:/home/giovanna/argo_go2_ws/install/go2_interfaces:/home/giovanna/argo_go2_ws/install/go2_description:${AMENT_PREFIX_PATH} CMAKE_PREFIX_PATH=/home/giovanna/argo_go2_ws/install/unitree_go:/home/giovanna/argo_go2_ws/install/unitree_api:/home/giovanna/argo_go2_ws/install/go2_rviz:/home/giovanna/argo_go2_ws/install/go2_interfaces:/home/giovanna/argo_go2_ws/install/go2_description:/opt/ros/foxy LD_LIBRARY_PATH=/home/giovanna/argo_go2_ws/install/unitree_go/lib:/home/giovanna/argo_go2_ws/install/unitree_api/lib:/home/giovanna/argo_go2_ws/install/go2_interfaces/lib:${LD_LIBRARY_PATH} PYTHONPATH=/home/giovanna/argo_go2_ws/install/unitree_go/lib/python3.8/site-packages:/home/giovanna/argo_go2_ws/install/unitree_api/lib/python3.8/site-packages:/home/giovanna/argo_go2_ws/install/go2_interfaces/lib/python3.8/site-packages:${PYTHONPATH} /usr/bin/cmake /home/giovanna/argo_go2_ws/src/go2_bringup -DAMENT_CMAKE_SYMLINK_INSTALL=1 -DCMAKE_INSTALL_PREFIX=/home/giovanna/argo_go2_ws/install/go2_bringup
[1.475s] DEBUG:colcon.colcon_core.event_handler.log_command:Invoked command in '/home/giovanna/argo_go2_ws/build/go2_bringup' returned '0': AMENT_PREFIX_PATH=/home/giovanna/argo_go2_ws/install/unitree_go:/home/giovanna/argo_go2_ws/install/unitree_api:/home/giovanna/argo_go2_ws/install/go2_rviz:/home/giovanna/argo_go2_ws/install/go2_interfaces:/home/giovanna/argo_go2_ws/install/go2_description:${AMENT_PREFIX_PATH} CMAKE_PREFIX_PATH=/home/giovanna/argo_go2_ws/install/unitree_go:/home/giovanna/argo_go2_ws/install/unitree_api:/home/giovanna/argo_go2_ws/install/go2_rviz:/home/giovanna/argo_go2_ws/install/go2_interfaces:/home/giovanna/argo_go2_ws/install/go2_description:/opt/ros/foxy LD_LIBRARY_PATH=/home/giovanna/argo_go2_ws/install/unitree_go/lib:/home/giovanna/argo_go2_ws/install/unitree_api/lib:/home/giovanna/argo_go2_ws/install/go2_interfaces/lib:${LD_LIBRARY_PATH} PYTHONPATH=/home/giovanna/argo_go2_ws/install/unitree_go/lib/python3.8/site-packages:/home/giovanna/argo_go2_ws/install/unitree_api/lib/python3.8/site-packages:/home/giovanna/argo_go2_ws/install/go2_interfaces/lib/python3.8/site-packages:${PYTHONPATH} /usr/bin/cmake /home/giovanna/argo_go2_ws/src/go2_bringup -DAMENT_CMAKE_SYMLINK_INSTALL=1 -DCMAKE_INSTALL_PREFIX=/home/giovanna/argo_go2_ws/install/go2_bringup
[1.481s] DEBUG:colcon.colcon_core.event_handler.log_command:Invoking command in '/home/giovanna/argo_go2_ws/build/go2_bringup': AMENT_PREFIX_PATH=/home/giovanna/argo_go2_ws/install/unitree_go:/home/giovanna/argo_go2_ws/install/unitree_api:/home/giovanna/argo_go2_ws/install/go2_rviz:/home/giovanna/argo_go2_ws/install/go2_interfaces:/home/giovanna/argo_go2_ws/install/go2_description:${AMENT_PREFIX_PATH} CMAKE_PREFIX_PATH=/home/giovanna/argo_go2_ws/install/unitree_go:/home/giovanna/argo_go2_ws/install/unitree_api:/home/giovanna/argo_go2_ws/install/go2_rviz:/home/giovanna/argo_go2_ws/install/go2_interfaces:/home/giovanna/argo_go2_ws/install/go2_description:/opt/ros/foxy LD_LIBRARY_PATH=/home/giovanna/argo_go2_ws/install/unitree_go/lib:/home/giovanna/argo_go2_ws/install/unitree_api/lib:/home/giovanna/argo_go2_ws/install/go2_interfaces/lib:${LD_LIBRARY_PATH} PYTHONPATH=/home/giovanna/argo_go2_ws/install/unitree_go/lib/python3.8/site-packages:/home/giovanna/argo_go2_ws/install/unitree_api/lib/python3.8/site-packages:/home/giovanna/argo_go2_ws/install/go2_interfaces/lib/python3.8/site-packages:${PYTHONPATH} /usr/bin/cmake --build /home/giovanna/argo_go2_ws/build/go2_bringup -- -j16 -l16
[1.533s] DEBUG:colcon.colcon_core.event_handler.log_command:Invoked command in '/home/giovanna/argo_go2_ws/build/go2_bringup' returned '0': AMENT_PREFIX_PATH=/home/giovanna/argo_go2_ws/install/unitree_go:/home/giovanna/argo_go2_ws/install/unitree_api:/home/giovanna/argo_go2_ws/install/go2_rviz:/home/giovanna/argo_go2_ws/install/go2_interfaces:/home/giovanna/argo_go2_ws/install/go2_description:${AMENT_PREFIX_PATH} CMAKE_PREFIX_PATH=/home/giovanna/argo_go2_ws/install/unitree_go:/home/giovanna/argo_go2_ws/install/unitree_api:/home/giovanna/argo_go2_ws/install/go2_rviz:/home/giovanna/argo_go2_ws/install/go2_interfaces:/home/giovanna/argo_go2_ws/install/go2_description:/opt/ros/foxy LD_LIBRARY_PATH=/home/giovanna/argo_go2_ws/install/unitree_go/lib:/home/giovanna/argo_go2_ws/install/unitree_api/lib:/home/giovanna/argo_go2_ws/install/go2_interfaces/lib:${LD_LIBRARY_PATH} PYTHONPATH=/home/giovanna/argo_go2_ws/install/unitree_go/lib/python3.8/site-packages:/home/giovanna/argo_go2_ws/install/unitree_api/lib/python3.8/site-packages:/home/giovanna/argo_go2_ws/install/go2_interfaces/lib/python3.8/site-packages:${PYTHONPATH} /usr/bin/cmake --build /home/giovanna/argo_go2_ws/build/go2_bringup -- -j16 -l16
[1.539s] DEBUG:colcon.colcon_core.event_handler.log_command:Invoking command in '/home/giovanna/argo_go2_ws/build/go2_bringup': AMENT_PREFIX_PATH=/home/giovanna/argo_go2_ws/install/unitree_go:/home/giovanna/argo_go2_ws/install/unitree_api:/home/giovanna/argo_go2_ws/install/go2_rviz:/home/giovanna/argo_go2_ws/install/go2_interfaces:/home/giovanna/argo_go2_ws/install/go2_description:${AMENT_PREFIX_PATH} CMAKE_PREFIX_PATH=/home/giovanna/argo_go2_ws/install/unitree_go:/home/giovanna/argo_go2_ws/install/unitree_api:/home/giovanna/argo_go2_ws/install/go2_rviz:/home/giovanna/argo_go2_ws/install/go2_interfaces:/home/giovanna/argo_go2_ws/install/go2_description:/opt/ros/foxy LD_LIBRARY_PATH=/home/giovanna/argo_go2_ws/install/unitree_go/lib:/home/giovanna/argo_go2_ws/install/unitree_api/lib:/home/giovanna/argo_go2_ws/install/go2_interfaces/lib:${LD_LIBRARY_PATH} PYTHONPATH=/home/giovanna/argo_go2_ws/install/unitree_go/lib/python3.8/site-packages:/home/giovanna/argo_go2_ws/install/unitree_api/lib/python3.8/site-packages:/home/giovanna/argo_go2_ws/install/go2_interfaces/lib/python3.8/site-packages:${PYTHONPATH} /usr/bin/cmake --install /home/giovanna/argo_go2_ws/build/go2_bringup
[1.715s] Level 1:colcon.colcon_core.environment:create_environment_scripts_only(go2_bringup)
[1.716s] Level 1:colcon.colcon_core.environment:checking '/home/giovanna/argo_go2_ws/install/go2_bringup' for CMake module files
[1.716s] DEBUG:colcon.colcon_core.event_handler.log_command:Invoked command in '/home/giovanna/argo_go2_ws/build/go2_bringup' returned '0': AMENT_PREFIX_PATH=/home/giovanna/argo_go2_ws/install/unitree_go:/home/giovanna/argo_go2_ws/install/unitree_api:/home/giovanna/argo_go2_ws/install/go2_rviz:/home/giovanna/argo_go2_ws/install/go2_interfaces:/home/giovanna/argo_go2_ws/install/go2_description:${AMENT_PREFIX_PATH} CMAKE_PREFIX_PATH=/home/giovanna/argo_go2_ws/install/unitree_go:/home/giovanna/argo_go2_ws/install/unitree_api:/home/giovanna/argo_go2_ws/install/go2_rviz:/home/giovanna/argo_go2_ws/install/go2_interfaces:/home/giovanna/argo_go2_ws/install/go2_description:/opt/ros/foxy LD_LIBRARY_PATH=/home/giovanna/argo_go2_ws/install/unitree_go/lib:/home/giovanna/argo_go2_ws/install/unitree_api/lib:/home/giovanna/argo_go2_ws/install/go2_interfaces/lib:${LD_LIBRARY_PATH} PYTHONPATH=/home/giovanna/argo_go2_ws/install/unitree_go/lib/python3.8/site-packages:/home/giovanna/argo_go2_ws/install/unitree_api/lib/python3.8/site-packages:/home/giovanna/argo_go2_ws/install/go2_interfaces/lib/python3.8/site-packages:${PYTHONPATH} /usr/bin/cmake --install /home/giovanna/argo_go2_ws/build/go2_bringup
[1.717s] Level 1:colcon.colcon_core.environment:checking '/home/giovanna/argo_go2_ws/install/go2_bringup' for CMake config files
[1.717s] Level 1:colcon.colcon_core.shell:create_environment_hook('go2_bringup', 'cmake_prefix_path')
[1.718s] INFO:colcon.colcon_core.shell:Creating environment hook '/home/giovanna/argo_go2_ws/install/go2_bringup/share/go2_bringup/hook/cmake_prefix_path.ps1'
[1.718s] INFO:colcon.colcon_core.shell:Creating environment descriptor '/home/giovanna/argo_go2_ws/install/go2_bringup/share/go2_bringup/hook/cmake_prefix_path.dsv'
[1.719s] INFO:colcon.colcon_core.shell:Creating environment hook '/home/giovanna/argo_go2_ws/install/go2_bringup/share/go2_bringup/hook/cmake_prefix_path.sh'
[1.719s] Level 1:colcon.colcon_core.environment:checking '/home/giovanna/argo_go2_ws/install/go2_bringup/bin'
[1.719s] Level 1:colcon.colcon_core.environment:checking '/home/giovanna/argo_go2_ws/install/go2_bringup/lib/pkgconfig/go2_bringup.pc'
[1.720s] Level 1:colcon.colcon_core.environment:checking '/home/giovanna/argo_go2_ws/install/go2_bringup/lib/python3.8/site-packages'
[1.720s] Level 1:colcon.colcon_core.environment:checking '/home/giovanna/argo_go2_ws/install/go2_bringup/bin'
[1.720s] INFO:colcon.colcon_core.shell:Creating package script '/home/giovanna/argo_go2_ws/install/go2_bringup/share/go2_bringup/package.ps1'
[1.721s] INFO:colcon.colcon_core.shell:Creating package descriptor '/home/giovanna/argo_go2_ws/install/go2_bringup/share/go2_bringup/package.dsv'
[1.721s] INFO:colcon.colcon_core.shell:Creating package script '/home/giovanna/argo_go2_ws/install/go2_bringup/share/go2_bringup/package.sh'
[1.722s] INFO:colcon.colcon_core.shell:Creating package script '/home/giovanna/argo_go2_ws/install/go2_bringup/share/go2_bringup/package.bash'
[1.723s] INFO:colcon.colcon_core.shell:Creating package script '/home/giovanna/argo_go2_ws/install/go2_bringup/share/go2_bringup/package.zsh'
[1.724s] Level 1:colcon.colcon_core.environment:create_file_with_runtime_dependencies(/home/giovanna/argo_go2_ws/install/go2_bringup/share/colcon-core/packages/go2_bringup)
[1.725s] Level 1:colcon.colcon_core.environment:create_environment_scripts_only(go2_bringup)
[1.726s] Level 1:colcon.colcon_core.environment:checking '/home/giovanna/argo_go2_ws/install/go2_bringup' for CMake module files
[1.727s] Level 1:colcon.colcon_core.environment:checking '/home/giovanna/argo_go2_ws/install/go2_bringup' for CMake config files
[1.728s] Level 1:colcon.colcon_core.shell:create_environment_hook('go2_bringup', 'cmake_prefix_path')
[1.728s] INFO:colcon.colcon_core.shell:Creating environment hook '/home/giovanna/argo_go2_ws/install/go2_bringup/share/go2_bringup/hook/cmake_prefix_path.ps1'
[1.729s] INFO:colcon.colcon_core.shell:Creating environment descriptor '/home/giovanna/argo_go2_ws/install/go2_bringup/share/go2_bringup/hook/cmake_prefix_path.dsv'
[1.729s] INFO:colcon.colcon_core.shell:Creating environment hook '/home/giovanna/argo_go2_ws/install/go2_bringup/share/go2_bringup/hook/cmake_prefix_path.sh'
[1.729s] Level 1:colcon.colcon_core.environment:checking '/home/giovanna/argo_go2_ws/install/go2_bringup/bin'
[1.729s] Level 1:colcon.colcon_core.environment:checking '/home/giovanna/argo_go2_ws/install/go2_bringup/lib/pkgconfig/go2_bringup.pc'
[1.729s] Level 1:colcon.colcon_core.environment:checking '/home/giovanna/argo_go2_ws/install/go2_bringup/lib/python3.8/site-packages'
[1.730s] Level 1:colcon.colcon_core.environment:checking '/home/giovanna/argo_go2_ws/install/go2_bringup/bin'
[1.730s] INFO:colcon.colcon_core.shell:Creating package script '/home/giovanna/argo_go2_ws/install/go2_bringup/share/go2_bringup/package.ps1'
[1.730s] INFO:colcon.colcon_core.shell:Creating package descriptor '/home/giovanna/argo_go2_ws/install/go2_bringup/share/go2_bringup/package.dsv'
[1.731s] INFO:colcon.colcon_core.shell:Creating package script '/home/giovanna/argo_go2_ws/install/go2_bringup/share/go2_bringup/package.sh'
[1.731s] INFO:colcon.colcon_core.shell:Creating package script '/home/giovanna/argo_go2_ws/install/go2_bringup/share/go2_bringup/package.bash'
[1.731s] INFO:colcon.colcon_core.shell:Creating package script '/home/giovanna/argo_go2_ws/install/go2_bringup/share/go2_bringup/package.zsh'
[1.732s] Level 1:colcon.colcon_core.environment:create_file_with_runtime_dependencies(/home/giovanna/argo_go2_ws/install/go2_bringup/share/colcon-core/packages/go2_bringup)
[1.732s] DEBUG:colcon.colcon_parallel_executor.executor.parallel:closing loop
[1.732s] DEBUG:colcon.colcon_parallel_executor.executor.parallel:loop closed
[1.732s] DEBUG:colcon.colcon_parallel_executor.executor.parallel:run_until_complete finished with '0'
[1.733s] DEBUG:colcon.colcon_core.event_reactor:joining thread
[1.740s] INFO:colcon.colcon_core.plugin_system:Skipping extension 'colcon_notification.desktop_notification.terminal_notifier': Not used on non-Darwin systems
[1.740s] INFO:colcon.colcon_core.plugin_system:Skipping extension 'colcon_notification.desktop_notification.win32': Not used on non-Windows systems
[1.740s] INFO:colcon.colcon_notification.desktop_notification:Sending desktop notification using 'notify2'
[1.760s] DEBUG:colcon.colcon_core.event_reactor:joined thread
[1.761s] INFO:colcon.colcon_core.shell:Creating prefix script '/home/giovanna/argo_go2_ws/install/local_setup.ps1'
[1.762s] INFO:colcon.colcon_core.shell:Creating prefix util module '/home/giovanna/argo_go2_ws/install/_local_setup_util_ps1.py'
[1.763s] INFO:colcon.colcon_core.shell:Creating prefix chain script '/home/giovanna/argo_go2_ws/install/setup.ps1'
[1.765s] INFO:colcon.colcon_core.shell:Creating prefix script '/home/giovanna/argo_go2_ws/install/local_setup.sh'
[1.765s] INFO:colcon.colcon_core.shell:Creating prefix util module '/home/giovanna/argo_go2_ws/install/_local_setup_util_sh.py'
[1.766s] INFO:colcon.colcon_core.shell:Creating prefix chain script '/home/giovanna/argo_go2_ws/install/setup.sh'
[1.767s] INFO:colcon.colcon_core.shell:Creating prefix script '/home/giovanna/argo_go2_ws/install/local_setup.bash'
[1.767s] INFO:colcon.colcon_core.shell:Creating prefix chain script '/home/giovanna/argo_go2_ws/install/setup.bash'
[1.768s] INFO:colcon.colcon_core.shell:Creating prefix script '/home/giovanna/argo_go2_ws/install/local_setup.zsh'
[1.769s] INFO:colcon.colcon_core.shell:Creating prefix chain script '/home/giovanna/argo_go2_ws/install/setup.zsh'
