[0.032s] Invoking command in '/home/giovanna/argo_go2_ws/build/go2_rviz': CMAKE_PREFIX_PATH=/opt/ros/foxy /usr/bin/cmake --build /home/giovanna/argo_go2_ws/build/go2_rviz -- -j16 -l16
[0.103s] Invoked command in '/home/giovanna/argo_go2_ws/build/go2_rviz' returned '0': CMAKE_PREFIX_PATH=/opt/ros/foxy /usr/bin/cmake --build /home/giovanna/argo_go2_ws/build/go2_rviz -- -j16 -l16
[0.106s] Invoking command in '/home/giovanna/argo_go2_ws/build/go2_rviz': CMAKE_PREFIX_PATH=/opt/ros/foxy /usr/bin/cmake --install /home/giovanna/argo_go2_ws/build/go2_rviz
[0.120s] -- Install configuration: ""
[0.125s] -- Execute custom install script
[0.126s] -- Up-to-date symlink: /home/giovanna/argo_go2_ws/install/go2_rviz/share/go2_rviz/launch/rviz.launch.py
[0.127s] -- Up-to-date symlink: /home/giovanna/argo_go2_ws/install/go2_rviz/share/go2_rviz/config/go2_rviz.rviz
[0.128s] -- Up-to-date symlink: /home/giovanna/argo_go2_ws/install/go2_rviz/share/ament_index/resource_index/package_run_dependencies/go2_rviz
[0.128s] -- Up-to-date symlink: /home/giovanna/argo_go2_ws/install/go2_rviz/share/ament_index/resource_index/parent_prefix_path/go2_rviz
[0.128s] -- Up-to-date symlink: /home/giovanna/argo_go2_ws/install/go2_rviz/share/go2_rviz/environment/ament_prefix_path.sh
[0.129s] -- Up-to-date symlink: /home/giovanna/argo_go2_ws/install/go2_rviz/share/go2_rviz/environment/ament_prefix_path.dsv
[0.129s] -- Up-to-date symlink: /home/giovanna/argo_go2_ws/install/go2_rviz/share/go2_rviz/environment/path.sh
[0.129s] -- Up-to-date symlink: /home/giovanna/argo_go2_ws/install/go2_rviz/share/go2_rviz/environment/path.dsv
[0.130s] -- Up-to-date symlink: /home/giovanna/argo_go2_ws/install/go2_rviz/share/go2_rviz/local_setup.bash
[0.130s] -- Up-to-date symlink: /home/giovanna/argo_go2_ws/install/go2_rviz/share/go2_rviz/local_setup.sh
[0.130s] -- Up-to-date symlink: /home/giovanna/argo_go2_ws/install/go2_rviz/share/go2_rviz/local_setup.zsh
[0.130s] -- Up-to-date symlink: /home/giovanna/argo_go2_ws/install/go2_rviz/share/go2_rviz/local_setup.dsv
[0.130s] -- Symlinking: /home/giovanna/argo_go2_ws/install/go2_rviz/share/go2_rviz/package.dsv
[0.137s] -- Up-to-date symlink: /home/giovanna/argo_go2_ws/install/go2_rviz/share/ament_index/resource_index/packages/go2_rviz
[0.137s] -- Up-to-date symlink: /home/giovanna/argo_go2_ws/install/go2_rviz/share/go2_rviz/cmake/go2_rvizConfig.cmake
[0.138s] -- Up-to-date symlink: /home/giovanna/argo_go2_ws/install/go2_rviz/share/go2_rviz/cmake/go2_rvizConfig-version.cmake
[0.138s] -- Up-to-date symlink: /home/giovanna/argo_go2_ws/install/go2_rviz/share/go2_rviz/package.xml
[0.167s] Invoked command in '/home/giovanna/argo_go2_ws/build/go2_rviz' returned '0': CMAKE_PREFIX_PATH=/opt/ros/foxy /usr/bin/cmake --install /home/giovanna/argo_go2_ws/build/go2_rviz
