[0.035s] Invoking command in '/home/giovanna/argo_go2_ws/build/go2_bringup': AMENT_PREFIX_PATH=/home/giovanna/argo_go2_ws/install/unitree_go:/home/giovanna/argo_go2_ws/install/unitree_api:/home/giovanna/argo_go2_ws/install/go2_rviz:/home/giovanna/argo_go2_ws/install/go2_interfaces:/home/giovanna/argo_go2_ws/install/go2_description:${AMENT_PREFIX_PATH} CMAKE_PREFIX_PATH=/home/giovanna/argo_go2_ws/install/unitree_go:/home/giovanna/argo_go2_ws/install/unitree_api:/home/giovanna/argo_go2_ws/install/go2_rviz:/home/giovanna/argo_go2_ws/install/go2_interfaces:/home/giovanna/argo_go2_ws/install/go2_description:/opt/ros/foxy LD_LIBRARY_PATH=/home/giovanna/argo_go2_ws/install/unitree_go/lib:/home/giovanna/argo_go2_ws/install/unitree_api/lib:/home/giovanna/argo_go2_ws/install/go2_interfaces/lib:${LD_LIBRARY_PATH} PYTHONPATH=/home/giovanna/argo_go2_ws/install/unitree_go/lib/python3.8/site-packages:/home/giovanna/argo_go2_ws/install/unitree_api/lib/python3.8/site-packages:/home/giovanna/argo_go2_ws/install/go2_interfaces/lib/python3.8/site-packages:${PYTHONPATH} /usr/bin/cmake /home/giovanna/argo_go2_ws/src/go2_bringup -DAMENT_CMAKE_SYMLINK_INSTALL=1 -DCMAKE_INSTALL_PREFIX=/home/giovanna/argo_go2_ws/install/go2_bringup
[0.116s] -- The C compiler identification is GNU 9.4.0
[0.182s] -- The CXX compiler identification is GNU 9.4.0
[0.186s] -- Check for working C compiler: /usr/bin/cc
[0.290s] -- Check for working C compiler: /usr/bin/cc -- works
[0.293s] -- Detecting C compiler ABI info
[0.397s] -- Detecting C compiler ABI info - done
[0.409s] -- Detecting C compile features
[0.409s] -- Detecting C compile features - done
[0.411s] -- Check for working CXX compiler: /usr/bin/c++
[0.512s] -- Check for working CXX compiler: /usr/bin/c++ -- works
[0.513s] -- Detecting CXX compiler ABI info
[0.624s] -- Detecting CXX compiler ABI info - done
[0.635s] -- Detecting CXX compile features
[0.635s] -- Detecting CXX compile features - done
[0.638s] -- Found ament_cmake: 0.9.12 (/opt/ros/foxy/share/ament_cmake/cmake)
[0.662s] -- Found PythonInterp: /usr/bin/python3 (found suitable version "3.8.10", minimum required is "3") 
[0.662s] -- Using PYTHON_EXECUTABLE: /usr/bin/python3
[0.792s] -- Override CMake install command with custom implementation using symlinks instead of copying resources
[0.821s] -- Found ament_lint_auto: 0.9.8 (/opt/ros/foxy/share/ament_lint_auto/cmake)
[0.899s] -- Added test 'flake8' to check Python code syntax and style conventions
[0.899s] -- Added test 'lint_cmake' to check CMake code style
[0.899s] -- Added test 'pep257' to check Python code against some of the style conventions in PEP 257
[0.900s] -- Added test 'xmllint' to check XML markup files
[0.903s] -- Configuring done
[0.905s] -- Generating done
[0.906s] -- Build files have been written to: /home/giovanna/argo_go2_ws/build/go2_bringup
[0.909s] Invoked command in '/home/giovanna/argo_go2_ws/build/go2_bringup' returned '0': AMENT_PREFIX_PATH=/home/giovanna/argo_go2_ws/install/unitree_go:/home/giovanna/argo_go2_ws/install/unitree_api:/home/giovanna/argo_go2_ws/install/go2_rviz:/home/giovanna/argo_go2_ws/install/go2_interfaces:/home/giovanna/argo_go2_ws/install/go2_description:${AMENT_PREFIX_PATH} CMAKE_PREFIX_PATH=/home/giovanna/argo_go2_ws/install/unitree_go:/home/giovanna/argo_go2_ws/install/unitree_api:/home/giovanna/argo_go2_ws/install/go2_rviz:/home/giovanna/argo_go2_ws/install/go2_interfaces:/home/giovanna/argo_go2_ws/install/go2_description:/opt/ros/foxy LD_LIBRARY_PATH=/home/giovanna/argo_go2_ws/install/unitree_go/lib:/home/giovanna/argo_go2_ws/install/unitree_api/lib:/home/giovanna/argo_go2_ws/install/go2_interfaces/lib:${LD_LIBRARY_PATH} PYTHONPATH=/home/giovanna/argo_go2_ws/install/unitree_go/lib/python3.8/site-packages:/home/giovanna/argo_go2_ws/install/unitree_api/lib/python3.8/site-packages:/home/giovanna/argo_go2_ws/install/go2_interfaces/lib/python3.8/site-packages:${PYTHONPATH} /usr/bin/cmake /home/giovanna/argo_go2_ws/src/go2_bringup -DAMENT_CMAKE_SYMLINK_INSTALL=1 -DCMAKE_INSTALL_PREFIX=/home/giovanna/argo_go2_ws/install/go2_bringup
[0.914s] Invoking command in '/home/giovanna/argo_go2_ws/build/go2_bringup': AMENT_PREFIX_PATH=/home/giovanna/argo_go2_ws/install/unitree_go:/home/giovanna/argo_go2_ws/install/unitree_api:/home/giovanna/argo_go2_ws/install/go2_rviz:/home/giovanna/argo_go2_ws/install/go2_interfaces:/home/giovanna/argo_go2_ws/install/go2_description:${AMENT_PREFIX_PATH} CMAKE_PREFIX_PATH=/home/giovanna/argo_go2_ws/install/unitree_go:/home/giovanna/argo_go2_ws/install/unitree_api:/home/giovanna/argo_go2_ws/install/go2_rviz:/home/giovanna/argo_go2_ws/install/go2_interfaces:/home/giovanna/argo_go2_ws/install/go2_description:/opt/ros/foxy LD_LIBRARY_PATH=/home/giovanna/argo_go2_ws/install/unitree_go/lib:/home/giovanna/argo_go2_ws/install/unitree_api/lib:/home/giovanna/argo_go2_ws/install/go2_interfaces/lib:${LD_LIBRARY_PATH} PYTHONPATH=/home/giovanna/argo_go2_ws/install/unitree_go/lib/python3.8/site-packages:/home/giovanna/argo_go2_ws/install/unitree_api/lib/python3.8/site-packages:/home/giovanna/argo_go2_ws/install/go2_interfaces/lib/python3.8/site-packages:${PYTHONPATH} /usr/bin/cmake --build /home/giovanna/argo_go2_ws/build/go2_bringup -- -j16 -l16
[0.967s] Invoked command in '/home/giovanna/argo_go2_ws/build/go2_bringup' returned '0': AMENT_PREFIX_PATH=/home/giovanna/argo_go2_ws/install/unitree_go:/home/giovanna/argo_go2_ws/install/unitree_api:/home/giovanna/argo_go2_ws/install/go2_rviz:/home/giovanna/argo_go2_ws/install/go2_interfaces:/home/giovanna/argo_go2_ws/install/go2_description:${AMENT_PREFIX_PATH} CMAKE_PREFIX_PATH=/home/giovanna/argo_go2_ws/install/unitree_go:/home/giovanna/argo_go2_ws/install/unitree_api:/home/giovanna/argo_go2_ws/install/go2_rviz:/home/giovanna/argo_go2_ws/install/go2_interfaces:/home/giovanna/argo_go2_ws/install/go2_description:/opt/ros/foxy LD_LIBRARY_PATH=/home/giovanna/argo_go2_ws/install/unitree_go/lib:/home/giovanna/argo_go2_ws/install/unitree_api/lib:/home/giovanna/argo_go2_ws/install/go2_interfaces/lib:${LD_LIBRARY_PATH} PYTHONPATH=/home/giovanna/argo_go2_ws/install/unitree_go/lib/python3.8/site-packages:/home/giovanna/argo_go2_ws/install/unitree_api/lib/python3.8/site-packages:/home/giovanna/argo_go2_ws/install/go2_interfaces/lib/python3.8/site-packages:${PYTHONPATH} /usr/bin/cmake --build /home/giovanna/argo_go2_ws/build/go2_bringup -- -j16 -l16
[0.972s] Invoking command in '/home/giovanna/argo_go2_ws/build/go2_bringup': AMENT_PREFIX_PATH=/home/giovanna/argo_go2_ws/install/unitree_go:/home/giovanna/argo_go2_ws/install/unitree_api:/home/giovanna/argo_go2_ws/install/go2_rviz:/home/giovanna/argo_go2_ws/install/go2_interfaces:/home/giovanna/argo_go2_ws/install/go2_description:${AMENT_PREFIX_PATH} CMAKE_PREFIX_PATH=/home/giovanna/argo_go2_ws/install/unitree_go:/home/giovanna/argo_go2_ws/install/unitree_api:/home/giovanna/argo_go2_ws/install/go2_rviz:/home/giovanna/argo_go2_ws/install/go2_interfaces:/home/giovanna/argo_go2_ws/install/go2_description:/opt/ros/foxy LD_LIBRARY_PATH=/home/giovanna/argo_go2_ws/install/unitree_go/lib:/home/giovanna/argo_go2_ws/install/unitree_api/lib:/home/giovanna/argo_go2_ws/install/go2_interfaces/lib:${LD_LIBRARY_PATH} PYTHONPATH=/home/giovanna/argo_go2_ws/install/unitree_go/lib/python3.8/site-packages:/home/giovanna/argo_go2_ws/install/unitree_api/lib/python3.8/site-packages:/home/giovanna/argo_go2_ws/install/go2_interfaces/lib/python3.8/site-packages:${PYTHONPATH} /usr/bin/cmake --install /home/giovanna/argo_go2_ws/build/go2_bringup
[0.981s] -- Install configuration: ""
[0.981s] -- Execute custom install script
[0.982s] -- Symlinking: /home/giovanna/argo_go2_ws/install/go2_bringup/share/go2_bringup/launch/go2.launch.py
[0.998s] -- Symlinking: /home/giovanna/argo_go2_ws/install/go2_bringup/share/ament_index/resource_index/package_run_dependencies/go2_bringup
[1.007s] -- Symlinking: /home/giovanna/argo_go2_ws/install/go2_bringup/share/ament_index/resource_index/parent_prefix_path/go2_bringup
[1.015s] -- Symlinking: /home/giovanna/argo_go2_ws/install/go2_bringup/share/go2_bringup/environment/ament_prefix_path.sh
[1.023s] -- Symlinking: /home/giovanna/argo_go2_ws/install/go2_bringup/share/go2_bringup/environment/ament_prefix_path.dsv
[1.030s] -- Symlinking: /home/giovanna/argo_go2_ws/install/go2_bringup/share/go2_bringup/environment/path.sh
[1.044s] -- Symlinking: /home/giovanna/argo_go2_ws/install/go2_bringup/share/go2_bringup/environment/path.dsv
[1.053s] -- Symlinking: /home/giovanna/argo_go2_ws/install/go2_bringup/share/go2_bringup/local_setup.bash
[1.062s] -- Symlinking: /home/giovanna/argo_go2_ws/install/go2_bringup/share/go2_bringup/local_setup.sh
[1.077s] -- Symlinking: /home/giovanna/argo_go2_ws/install/go2_bringup/share/go2_bringup/local_setup.zsh
[1.090s] -- Symlinking: /home/giovanna/argo_go2_ws/install/go2_bringup/share/go2_bringup/local_setup.dsv
[1.104s] -- Symlinking: /home/giovanna/argo_go2_ws/install/go2_bringup/share/go2_bringup/package.dsv
[1.111s] -- Symlinking: /home/giovanna/argo_go2_ws/install/go2_bringup/share/ament_index/resource_index/packages/go2_bringup
[1.119s] -- Symlinking: /home/giovanna/argo_go2_ws/install/go2_bringup/share/go2_bringup/cmake/go2_bringupConfig.cmake
[1.126s] -- Symlinking: /home/giovanna/argo_go2_ws/install/go2_bringup/share/go2_bringup/cmake/go2_bringupConfig-version.cmake
[1.139s] -- Symlinking: /home/giovanna/argo_go2_ws/install/go2_bringup/share/go2_bringup/package.xml
[1.150s] Invoked command in '/home/giovanna/argo_go2_ws/build/go2_bringup' returned '0': AMENT_PREFIX_PATH=/home/giovanna/argo_go2_ws/install/unitree_go:/home/giovanna/argo_go2_ws/install/unitree_api:/home/giovanna/argo_go2_ws/install/go2_rviz:/home/giovanna/argo_go2_ws/install/go2_interfaces:/home/giovanna/argo_go2_ws/install/go2_description:${AMENT_PREFIX_PATH} CMAKE_PREFIX_PATH=/home/giovanna/argo_go2_ws/install/unitree_go:/home/giovanna/argo_go2_ws/install/unitree_api:/home/giovanna/argo_go2_ws/install/go2_rviz:/home/giovanna/argo_go2_ws/install/go2_interfaces:/home/giovanna/argo_go2_ws/install/go2_description:/opt/ros/foxy LD_LIBRARY_PATH=/home/giovanna/argo_go2_ws/install/unitree_go/lib:/home/giovanna/argo_go2_ws/install/unitree_api/lib:/home/giovanna/argo_go2_ws/install/go2_interfaces/lib:${LD_LIBRARY_PATH} PYTHONPATH=/home/giovanna/argo_go2_ws/install/unitree_go/lib/python3.8/site-packages:/home/giovanna/argo_go2_ws/install/unitree_api/lib/python3.8/site-packages:/home/giovanna/argo_go2_ws/install/go2_interfaces/lib/python3.8/site-packages:${PYTHONPATH} /usr/bin/cmake --install /home/giovanna/argo_go2_ws/build/go2_bringup
