-- The C compiler identification is GNU 9.4.0
-- The CXX compiler identification is GNU 9.4.0
-- Check for working C compiler: /usr/bin/cc
-- Check for working C compiler: /usr/bin/cc -- works
-- Detecting C compiler ABI info
-- Detecting C compiler ABI info - done
-- Detecting C compile features
-- Detecting C compile features - done
-- Check for working CXX compiler: /usr/bin/c++
-- Check for working CXX compiler: /usr/bin/c++ -- works
-- Detecting CXX compiler ABI info
-- Detecting CXX compiler ABI info - done
-- Detecting CXX compile features
-- Detecting CXX compile features - done
-- Found ament_cmake: 0.9.12 (/opt/ros/foxy/share/ament_cmake/cmake)
-- Found PythonInterp: /usr/bin/python3 (found suitable version "3.8.10", minimum required is "3") 
-- Using PYTHON_EXECUTABLE: /usr/bin/python3
-- Override CMake install command with custom implementation using symlinks instead of copying resources
-- Configuring done
-- Generating done
-- Build files have been written to: /home/giovanna/argo_go2_ws/build/go2_robot
-- Install configuration: ""
-- Execute custom install script
-- Symlinking: /home/giovanna/argo_go2_ws/install/go2_robot/share/ament_index/resource_index/package_run_dependencies/go2_robot
-- Symlinking: /home/giovanna/argo_go2_ws/install/go2_robot/share/ament_index/resource_index/parent_prefix_path/go2_robot
-- Symlinking: /home/giovanna/argo_go2_ws/install/go2_robot/share/go2_robot/environment/ament_prefix_path.sh
-- Symlinking: /home/giovanna/argo_go2_ws/install/go2_robot/share/go2_robot/environment/ament_prefix_path.dsv
-- Symlinking: /home/giovanna/argo_go2_ws/install/go2_robot/share/go2_robot/environment/path.sh
-- Symlinking: /home/giovanna/argo_go2_ws/install/go2_robot/share/go2_robot/environment/path.dsv
-- Symlinking: /home/giovanna/argo_go2_ws/install/go2_robot/share/go2_robot/local_setup.bash
-- Symlinking: /home/giovanna/argo_go2_ws/install/go2_robot/share/go2_robot/local_setup.sh
-- Symlinking: /home/giovanna/argo_go2_ws/install/go2_robot/share/go2_robot/local_setup.zsh
-- Symlinking: /home/giovanna/argo_go2_ws/install/go2_robot/share/go2_robot/local_setup.dsv
-- Symlinking: /home/giovanna/argo_go2_ws/install/go2_robot/share/go2_robot/package.dsv
-- Symlinking: /home/giovanna/argo_go2_ws/install/go2_robot/share/ament_index/resource_index/packages/go2_robot
-- Symlinking: /home/giovanna/argo_go2_ws/install/go2_robot/share/go2_robot/cmake/go2_robotConfig.cmake
-- Symlinking: /home/giovanna/argo_go2_ws/install/go2_robot/share/go2_robot/cmake/go2_robotConfig-version.cmake
-- Symlinking: /home/giovanna/argo_go2_ws/install/go2_robot/share/go2_robot/package.xml
