[0.055s] Invoking command in '/home/giovanna/argo_go2_ws/build/go2_robot': AMENT_PREFIX_PATH=/home/giovanna/argo_go2_ws/install/go2_description:${AMENT_PREFIX_PATH} CMAKE_PREFIX_PATH=/home/giovanna/argo_go2_ws/install/go2_description:/opt/ros/foxy /usr/bin/cmake /home/giovanna/argo_go2_ws/src/go2_robot -DAMENT_CMAKE_SYMLINK_INSTALL=1 -DCMAKE_INSTALL_PREFIX=/home/giovanna/argo_go2_ws/install/go2_robot
[0.121s] -- The C compiler identification is GNU 9.4.0
[0.179s] -- The CXX compiler identification is GNU 9.4.0
[0.185s] -- Check for working C compiler: /usr/bin/cc
[0.268s] -- Check for working C compiler: /usr/bin/cc -- works
[0.269s] -- Detecting C compiler ABI info
[0.358s] -- Detecting C compiler ABI info - done
[0.377s] -- Detecting C compile features
[0.377s] -- Detecting C compile features - done
[0.381s] -- Check for working CXX compiler: /usr/bin/c++
[0.474s] -- Check for working CXX compiler: /usr/bin/c++ -- works
[0.476s] -- Detecting CXX compiler ABI info
[0.571s] -- Detecting CXX compiler ABI info - done
[0.587s] -- Detecting CXX compile features
[0.588s] -- Detecting CXX compile features - done
[0.591s] -- Found ament_cmake: 0.9.12 (/opt/ros/foxy/share/ament_cmake/cmake)
[0.621s] -- Found PythonInterp: /usr/bin/python3 (found suitable version "3.8.10", minimum required is "3") 
[0.621s] -- Using PYTHON_EXECUTABLE: /usr/bin/python3
[0.806s] -- Override CMake install command with custom implementation using symlinks instead of copying resources
[0.912s] -- Configuring done
[0.916s] -- Generating done
[0.918s] -- Build files have been written to: /home/giovanna/argo_go2_ws/build/go2_robot
[0.923s] Invoked command in '/home/giovanna/argo_go2_ws/build/go2_robot' returned '0': AMENT_PREFIX_PATH=/home/giovanna/argo_go2_ws/install/go2_description:${AMENT_PREFIX_PATH} CMAKE_PREFIX_PATH=/home/giovanna/argo_go2_ws/install/go2_description:/opt/ros/foxy /usr/bin/cmake /home/giovanna/argo_go2_ws/src/go2_robot -DAMENT_CMAKE_SYMLINK_INSTALL=1 -DCMAKE_INSTALL_PREFIX=/home/giovanna/argo_go2_ws/install/go2_robot
[0.928s] Invoking command in '/home/giovanna/argo_go2_ws/build/go2_robot': AMENT_PREFIX_PATH=/home/giovanna/argo_go2_ws/install/go2_description:${AMENT_PREFIX_PATH} CMAKE_PREFIX_PATH=/home/giovanna/argo_go2_ws/install/go2_description:/opt/ros/foxy /usr/bin/cmake --build /home/giovanna/argo_go2_ws/build/go2_robot -- -j16 -l16
[0.977s] Invoked command in '/home/giovanna/argo_go2_ws/build/go2_robot' returned '0': AMENT_PREFIX_PATH=/home/giovanna/argo_go2_ws/install/go2_description:${AMENT_PREFIX_PATH} CMAKE_PREFIX_PATH=/home/giovanna/argo_go2_ws/install/go2_description:/opt/ros/foxy /usr/bin/cmake --build /home/giovanna/argo_go2_ws/build/go2_robot -- -j16 -l16
[0.981s] Invoking command in '/home/giovanna/argo_go2_ws/build/go2_robot': AMENT_PREFIX_PATH=/home/giovanna/argo_go2_ws/install/go2_description:${AMENT_PREFIX_PATH} CMAKE_PREFIX_PATH=/home/giovanna/argo_go2_ws/install/go2_description:/opt/ros/foxy /usr/bin/cmake --install /home/giovanna/argo_go2_ws/build/go2_robot
[0.991s] -- Install configuration: ""
[0.992s] -- Execute custom install script
[0.992s] -- Symlinking: /home/giovanna/argo_go2_ws/install/go2_robot/share/ament_index/resource_index/package_run_dependencies/go2_robot
[1.005s] -- Symlinking: /home/giovanna/argo_go2_ws/install/go2_robot/share/ament_index/resource_index/parent_prefix_path/go2_robot
[1.018s] -- Symlinking: /home/giovanna/argo_go2_ws/install/go2_robot/share/go2_robot/environment/ament_prefix_path.sh
[1.030s] -- Symlinking: /home/giovanna/argo_go2_ws/install/go2_robot/share/go2_robot/environment/ament_prefix_path.dsv
[1.042s] -- Symlinking: /home/giovanna/argo_go2_ws/install/go2_robot/share/go2_robot/environment/path.sh
[1.056s] -- Symlinking: /home/giovanna/argo_go2_ws/install/go2_robot/share/go2_robot/environment/path.dsv
[1.070s] -- Symlinking: /home/giovanna/argo_go2_ws/install/go2_robot/share/go2_robot/local_setup.bash
[1.084s] -- Symlinking: /home/giovanna/argo_go2_ws/install/go2_robot/share/go2_robot/local_setup.sh
[1.096s] -- Symlinking: /home/giovanna/argo_go2_ws/install/go2_robot/share/go2_robot/local_setup.zsh
[1.111s] -- Symlinking: /home/giovanna/argo_go2_ws/install/go2_robot/share/go2_robot/local_setup.dsv
[1.123s] -- Symlinking: /home/giovanna/argo_go2_ws/install/go2_robot/share/go2_robot/package.dsv
[1.134s] -- Symlinking: /home/giovanna/argo_go2_ws/install/go2_robot/share/ament_index/resource_index/packages/go2_robot
[1.146s] -- Symlinking: /home/giovanna/argo_go2_ws/install/go2_robot/share/go2_robot/cmake/go2_robotConfig.cmake
[1.157s] -- Symlinking: /home/giovanna/argo_go2_ws/install/go2_robot/share/go2_robot/cmake/go2_robotConfig-version.cmake
[1.169s] -- Symlinking: /home/giovanna/argo_go2_ws/install/go2_robot/share/go2_robot/package.xml
[1.185s] Invoked command in '/home/giovanna/argo_go2_ws/build/go2_robot' returned '0': AMENT_PREFIX_PATH=/home/giovanna/argo_go2_ws/install/go2_description:${AMENT_PREFIX_PATH} CMAKE_PREFIX_PATH=/home/giovanna/argo_go2_ws/install/go2_description:/opt/ros/foxy /usr/bin/cmake --install /home/giovanna/argo_go2_ws/build/go2_robot
