[0.052s] Invoking command in '/home/giovanna/argo_go2_ws/build/go2_simulation': CMAKE_PREFIX_PATH=/opt/ros/foxy /usr/bin/cmake /home/giovanna/argo_go2_ws/src/go2_simulation -DAMENT_CMAKE_SYMLINK_INSTALL=1 -DCMAKE_INSTALL_PREFIX=/home/giovanna/argo_go2_ws/install/go2_simulation
[0.181s] -- The C compiler identification is GNU 9.4.0
[0.304s] -- The CXX compiler identification is GNU 9.4.0
[0.313s] -- Check for working C compiler: /usr/bin/cc
[0.445s] -- Check for working C compiler: /usr/bin/cc -- works
[0.447s] -- Detecting C compiler ABI info
[0.540s] -- Detecting C compiler ABI info - done
[0.555s] -- Detecting C compile features
[0.556s] -- Detecting C compile features - done
[0.560s] -- Check for working CXX compiler: /usr/bin/c++
[0.676s] -- Check for working CXX compiler: /usr/bin/c++ -- works
[0.678s] -- Detecting CXX compiler ABI info
[0.794s] -- Detecting CXX compiler ABI info - done
[0.814s] -- Detecting CXX compile features
[0.815s] -- Detecting CXX compile features - done
[0.818s] -- Found ament_cmake: 0.9.12 (/opt/ros/foxy/share/ament_cmake/cmake)
[0.845s] -- Found PythonInterp: /usr/bin/python3 (found suitable version "3.8.10", minimum required is "3") 
[0.846s] -- Using PYTHON_EXECUTABLE: /usr/bin/python3
[1.052s] -- Override CMake install command with custom implementation using symlinks instead of copying resources
[1.083s] -- Found ament_lint_auto: 0.9.8 (/opt/ros/foxy/share/ament_lint_auto/cmake)
[1.175s] -- Added test 'lint_cmake' to check CMake code style
[1.176s] -- Added test 'xmllint' to check XML markup files
[1.180s] -- Configuring done
[1.183s] -- Generating done
[1.185s] -- Build files have been written to: /home/giovanna/argo_go2_ws/build/go2_simulation
[1.189s] Invoked command in '/home/giovanna/argo_go2_ws/build/go2_simulation' returned '0': CMAKE_PREFIX_PATH=/opt/ros/foxy /usr/bin/cmake /home/giovanna/argo_go2_ws/src/go2_simulation -DAMENT_CMAKE_SYMLINK_INSTALL=1 -DCMAKE_INSTALL_PREFIX=/home/giovanna/argo_go2_ws/install/go2_simulation
[1.195s] Invoking command in '/home/giovanna/argo_go2_ws/build/go2_simulation': CMAKE_PREFIX_PATH=/opt/ros/foxy /usr/bin/cmake --build /home/giovanna/argo_go2_ws/build/go2_simulation -- -j16 -l16
[1.244s] Invoked command in '/home/giovanna/argo_go2_ws/build/go2_simulation' returned '0': CMAKE_PREFIX_PATH=/opt/ros/foxy /usr/bin/cmake --build /home/giovanna/argo_go2_ws/build/go2_simulation -- -j16 -l16
[1.265s] Invoking command in '/home/giovanna/argo_go2_ws/build/go2_simulation': CMAKE_PREFIX_PATH=/opt/ros/foxy /usr/bin/cmake --install /home/giovanna/argo_go2_ws/build/go2_simulation
[1.275s] -- Install configuration: ""
[1.276s] -- Execute custom install script
[1.276s] -- Symlinking: /home/giovanna/argo_go2_ws/install/go2_simulation/share/ament_index/resource_index/package_run_dependencies/go2_simulation
[1.287s] -- Symlinking: /home/giovanna/argo_go2_ws/install/go2_simulation/share/ament_index/resource_index/parent_prefix_path/go2_simulation
[1.298s] -- Symlinking: /home/giovanna/argo_go2_ws/install/go2_simulation/share/go2_simulation/environment/ament_prefix_path.sh
[1.310s] -- Symlinking: /home/giovanna/argo_go2_ws/install/go2_simulation/share/go2_simulation/environment/ament_prefix_path.dsv
[1.322s] -- Symlinking: /home/giovanna/argo_go2_ws/install/go2_simulation/share/go2_simulation/environment/path.sh
[1.335s] -- Symlinking: /home/giovanna/argo_go2_ws/install/go2_simulation/share/go2_simulation/environment/path.dsv
[1.348s] -- Symlinking: /home/giovanna/argo_go2_ws/install/go2_simulation/share/go2_simulation/local_setup.bash
[1.361s] -- Symlinking: /home/giovanna/argo_go2_ws/install/go2_simulation/share/go2_simulation/local_setup.sh
[1.372s] -- Symlinking: /home/giovanna/argo_go2_ws/install/go2_simulation/share/go2_simulation/local_setup.zsh
[1.385s] -- Symlinking: /home/giovanna/argo_go2_ws/install/go2_simulation/share/go2_simulation/local_setup.dsv
[1.397s] -- Symlinking: /home/giovanna/argo_go2_ws/install/go2_simulation/share/go2_simulation/package.dsv
[1.410s] -- Symlinking: /home/giovanna/argo_go2_ws/install/go2_simulation/share/ament_index/resource_index/packages/go2_simulation
[1.423s] -- Symlinking: /home/giovanna/argo_go2_ws/install/go2_simulation/share/go2_simulation/cmake/go2_simulationConfig.cmake
[1.435s] -- Symlinking: /home/giovanna/argo_go2_ws/install/go2_simulation/share/go2_simulation/cmake/go2_simulationConfig-version.cmake
[1.446s] -- Symlinking: /home/giovanna/argo_go2_ws/install/go2_simulation/share/go2_simulation/package.xml
[1.460s] Invoked command in '/home/giovanna/argo_go2_ws/build/go2_simulation' returned '0': CMAKE_PREFIX_PATH=/opt/ros/foxy /usr/bin/cmake --install /home/giovanna/argo_go2_ws/build/go2_simulation
