[0.079s] Invoking command in '/home/giovanna/argo_go2_ws/build/go2_robot': AMENT_PREFIX_PATH=/home/giovanna/argo_go2_ws/install/go2_description:${AMENT_PREFIX_PATH} CMAKE_PREFIX_PATH=/home/giovanna/argo_go2_ws/install/go2_description:/opt/ros/foxy /usr/bin/cmake --build /home/giovanna/argo_go2_ws/build/go2_robot -- -j16 -l16
[0.141s] Invoked command in '/home/giovanna/argo_go2_ws/build/go2_robot' returned '0': AMENT_PREFIX_PATH=/home/giovanna/argo_go2_ws/install/go2_description:${AMENT_PREFIX_PATH} CMAKE_PREFIX_PATH=/home/giovanna/argo_go2_ws/install/go2_description:/opt/ros/foxy /usr/bin/cmake --build /home/giovanna/argo_go2_ws/build/go2_robot -- -j16 -l16
[0.147s] Invoking command in '/home/giovanna/argo_go2_ws/build/go2_robot': AMENT_PREFIX_PATH=/home/giovanna/argo_go2_ws/install/go2_description:${AMENT_PREFIX_PATH} CMAKE_PREFIX_PATH=/home/giovanna/argo_go2_ws/install/go2_description:/opt/ros/foxy /usr/bin/cmake --install /home/giovanna/argo_go2_ws/build/go2_robot
[0.162s] -- Install configuration: ""
[0.163s] -- Execute custom install script
[0.163s] -- Up-to-date symlink: /home/giovanna/argo_go2_ws/install/go2_robot/share/ament_index/resource_index/package_run_dependencies/go2_robot
[0.164s] -- Up-to-date symlink: /home/giovanna/argo_go2_ws/install/go2_robot/share/ament_index/resource_index/parent_prefix_path/go2_robot
[0.164s] -- Up-to-date symlink: /home/giovanna/argo_go2_ws/install/go2_robot/share/go2_robot/environment/ament_prefix_path.sh
[0.172s] -- Up-to-date symlink: /home/giovanna/argo_go2_ws/install/go2_robot/share/go2_robot/environment/ament_prefix_path.dsv
[0.173s] -- Up-to-date symlink: /home/giovanna/argo_go2_ws/install/go2_robot/share/go2_robot/environment/path.sh
[0.173s] -- Up-to-date symlink: /home/giovanna/argo_go2_ws/install/go2_robot/share/go2_robot/environment/path.dsv
[0.173s] -- Up-to-date symlink: /home/giovanna/argo_go2_ws/install/go2_robot/share/go2_robot/local_setup.bash
[0.174s] -- Up-to-date symlink: /home/giovanna/argo_go2_ws/install/go2_robot/share/go2_robot/local_setup.sh
[0.174s] -- Up-to-date symlink: /home/giovanna/argo_go2_ws/install/go2_robot/share/go2_robot/local_setup.zsh
[0.175s] -- Up-to-date symlink: /home/giovanna/argo_go2_ws/install/go2_robot/share/go2_robot/local_setup.dsv
[0.176s] -- Symlinking: /home/giovanna/argo_go2_ws/install/go2_robot/share/go2_robot/package.dsv
[0.204s] -- Up-to-date symlink: /home/giovanna/argo_go2_ws/install/go2_robot/share/ament_index/resource_index/packages/go2_robot
[0.206s] -- Up-to-date symlink: /home/giovanna/argo_go2_ws/install/go2_robot/share/go2_robot/cmake/go2_robotConfig.cmake
[0.207s] -- Up-to-date symlink: /home/giovanna/argo_go2_ws/install/go2_robot/share/go2_robot/cmake/go2_robotConfig-version.cmake
[0.208s] -- Up-to-date symlink: /home/giovanna/argo_go2_ws/install/go2_robot/share/go2_robot/package.xml
[0.214s] Invoked command in '/home/giovanna/argo_go2_ws/build/go2_robot' returned '0': AMENT_PREFIX_PATH=/home/giovanna/argo_go2_ws/install/go2_description:${AMENT_PREFIX_PATH} CMAKE_PREFIX_PATH=/home/giovanna/argo_go2_ws/install/go2_description:/opt/ros/foxy /usr/bin/cmake --install /home/giovanna/argo_go2_ws/build/go2_robot
