[0.027s] Invoking command in '/home/giovanna/argo_go2_ws/build/go2_driver': AMENT_PREFIX_PATH=/home/giovanna/argo_go2_ws/install/unitree_go:/home/giovanna/argo_go2_ws/install/unitree_api:/home/giovanna/argo_go2_ws/install/go2_interfaces:${AMENT_PREFIX_PATH} CMAKE_PREFIX_PATH=/home/giovanna/argo_go2_ws/install/unitree_go:/home/giovanna/argo_go2_ws/install/unitree_api:/home/giovanna/argo_go2_ws/install/go2_interfaces:/opt/ros/foxy LD_LIBRARY_PATH=/home/giovanna/argo_go2_ws/install/unitree_go/lib:/home/giovanna/argo_go2_ws/install/unitree_api/lib:/home/giovanna/argo_go2_ws/install/go2_interfaces/lib:${LD_LIBRARY_PATH} PYTHONPATH=/home/giovanna/argo_go2_ws/install/unitree_go/lib/python3.8/site-packages:/home/giovanna/argo_go2_ws/install/unitree_api/lib/python3.8/site-packages:/home/giovanna/argo_go2_ws/install/go2_interfaces/lib/python3.8/site-packages:${PYTHONPATH} /usr/bin/cmake --build /home/giovanna/argo_go2_ws/build/go2_driver -- -j16 -l16
[0.123s] [100%] Built target go2_driver
[0.142s] Invoked command in '/home/giovanna/argo_go2_ws/build/go2_driver' returned '0': AMENT_PREFIX_PATH=/home/giovanna/argo_go2_ws/install/unitree_go:/home/giovanna/argo_go2_ws/install/unitree_api:/home/giovanna/argo_go2_ws/install/go2_interfaces:${AMENT_PREFIX_PATH} CMAKE_PREFIX_PATH=/home/giovanna/argo_go2_ws/install/unitree_go:/home/giovanna/argo_go2_ws/install/unitree_api:/home/giovanna/argo_go2_ws/install/go2_interfaces:/opt/ros/foxy LD_LIBRARY_PATH=/home/giovanna/argo_go2_ws/install/unitree_go/lib:/home/giovanna/argo_go2_ws/install/unitree_api/lib:/home/giovanna/argo_go2_ws/install/go2_interfaces/lib:${LD_LIBRARY_PATH} PYTHONPATH=/home/giovanna/argo_go2_ws/install/unitree_go/lib/python3.8/site-packages:/home/giovanna/argo_go2_ws/install/unitree_api/lib/python3.8/site-packages:/home/giovanna/argo_go2_ws/install/go2_interfaces/lib/python3.8/site-packages:${PYTHONPATH} /usr/bin/cmake --build /home/giovanna/argo_go2_ws/build/go2_driver -- -j16 -l16
[0.150s] Invoking command in '/home/giovanna/argo_go2_ws/build/go2_driver': AMENT_PREFIX_PATH=/home/giovanna/argo_go2_ws/install/unitree_go:/home/giovanna/argo_go2_ws/install/unitree_api:/home/giovanna/argo_go2_ws/install/go2_interfaces:${AMENT_PREFIX_PATH} CMAKE_PREFIX_PATH=/home/giovanna/argo_go2_ws/install/unitree_go:/home/giovanna/argo_go2_ws/install/unitree_api:/home/giovanna/argo_go2_ws/install/go2_interfaces:/opt/ros/foxy LD_LIBRARY_PATH=/home/giovanna/argo_go2_ws/install/unitree_go/lib:/home/giovanna/argo_go2_ws/install/unitree_api/lib:/home/giovanna/argo_go2_ws/install/go2_interfaces/lib:${LD_LIBRARY_PATH} PYTHONPATH=/home/giovanna/argo_go2_ws/install/unitree_go/lib/python3.8/site-packages:/home/giovanna/argo_go2_ws/install/unitree_api/lib/python3.8/site-packages:/home/giovanna/argo_go2_ws/install/go2_interfaces/lib/python3.8/site-packages:${PYTHONPATH} /usr/bin/cmake --install /home/giovanna/argo_go2_ws/build/go2_driver
[0.164s] -- Install configuration: ""
[0.165s] -- Execute custom install script
[0.165s] -- Up-to-date symlink: /home/giovanna/argo_go2_ws/install/go2_driver/lib/libgo2_driver.so
[0.165s] -- Up-to-date symlink: /home/giovanna/argo_go2_ws/install/go2_driver/include/go2_driver/go2_api_id.hpp
[0.166s] -- Up-to-date symlink: /home/giovanna/argo_go2_ws/install/go2_driver/include/go2_driver/go2_driver.hpp
[0.166s] -- Up-to-date symlink: /home/giovanna/argo_go2_ws/install/go2_driver/share/go2_driver/launch/go2_driver.launch.py
[0.166s] -- Up-to-date symlink: /home/giovanna/argo_go2_ws/install/go2_driver/share/go2_driver/environment/library_path.sh
[0.166s] -- Up-to-date symlink: /home/giovanna/argo_go2_ws/install/go2_driver/share/go2_driver/environment/library_path.dsv
[0.167s] -- Up-to-date symlink: /home/giovanna/argo_go2_ws/install/go2_driver/share/ament_index/resource_index/package_run_dependencies/go2_driver
[0.167s] -- Up-to-date symlink: /home/giovanna/argo_go2_ws/install/go2_driver/share/ament_index/resource_index/parent_prefix_path/go2_driver
[0.167s] -- Up-to-date symlink: /home/giovanna/argo_go2_ws/install/go2_driver/share/go2_driver/environment/ament_prefix_path.sh
[0.167s] -- Up-to-date symlink: /home/giovanna/argo_go2_ws/install/go2_driver/share/go2_driver/environment/ament_prefix_path.dsv
[0.167s] -- Up-to-date symlink: /home/giovanna/argo_go2_ws/install/go2_driver/share/go2_driver/environment/path.sh
[0.168s] -- Up-to-date symlink: /home/giovanna/argo_go2_ws/install/go2_driver/share/go2_driver/environment/path.dsv
[0.168s] -- Up-to-date symlink: /home/giovanna/argo_go2_ws/install/go2_driver/share/go2_driver/local_setup.bash
[0.168s] -- Up-to-date symlink: /home/giovanna/argo_go2_ws/install/go2_driver/share/go2_driver/local_setup.sh
[0.168s] -- Up-to-date symlink: /home/giovanna/argo_go2_ws/install/go2_driver/share/go2_driver/local_setup.zsh
[0.168s] -- Up-to-date symlink: /home/giovanna/argo_go2_ws/install/go2_driver/share/go2_driver/local_setup.dsv
[0.168s] -- Symlinking: /home/giovanna/argo_go2_ws/install/go2_driver/share/go2_driver/package.dsv
[0.181s] -- Up-to-date symlink: /home/giovanna/argo_go2_ws/install/go2_driver/share/ament_index/resource_index/packages/go2_driver
[0.181s] -- Up-to-date symlink: /home/giovanna/argo_go2_ws/install/go2_driver/share/ament_index/resource_index/rclcpp_components/go2_driver
[0.181s] -- Up-to-date symlink: /home/giovanna/argo_go2_ws/install/go2_driver/share/go2_driver/cmake/ament_cmake_export_include_directories-extras.cmake
[0.181s] -- Up-to-date symlink: /home/giovanna/argo_go2_ws/install/go2_driver/share/go2_driver/cmake/ament_cmake_export_libraries-extras.cmake
[0.182s] -- Up-to-date symlink: /home/giovanna/argo_go2_ws/install/go2_driver/share/go2_driver/cmake/ament_cmake_export_dependencies-extras.cmake
[0.183s] -- Up-to-date symlink: /home/giovanna/argo_go2_ws/install/go2_driver/share/go2_driver/cmake/go2_driverConfig.cmake
[0.183s] -- Up-to-date symlink: /home/giovanna/argo_go2_ws/install/go2_driver/share/go2_driver/cmake/go2_driverConfig-version.cmake
[0.184s] -- Up-to-date symlink: /home/giovanna/argo_go2_ws/install/go2_driver/share/go2_driver/package.xml
[0.190s] Invoked command in '/home/giovanna/argo_go2_ws/build/go2_driver' returned '0': AMENT_PREFIX_PATH=/home/giovanna/argo_go2_ws/install/unitree_go:/home/giovanna/argo_go2_ws/install/unitree_api:/home/giovanna/argo_go2_ws/install/go2_interfaces:${AMENT_PREFIX_PATH} CMAKE_PREFIX_PATH=/home/giovanna/argo_go2_ws/install/unitree_go:/home/giovanna/argo_go2_ws/install/unitree_api:/home/giovanna/argo_go2_ws/install/go2_interfaces:/opt/ros/foxy LD_LIBRARY_PATH=/home/giovanna/argo_go2_ws/install/unitree_go/lib:/home/giovanna/argo_go2_ws/install/unitree_api/lib:/home/giovanna/argo_go2_ws/install/go2_interfaces/lib:${LD_LIBRARY_PATH} PYTHONPATH=/home/giovanna/argo_go2_ws/install/unitree_go/lib/python3.8/site-packages:/home/giovanna/argo_go2_ws/install/unitree_api/lib/python3.8/site-packages:/home/giovanna/argo_go2_ws/install/go2_interfaces/lib/python3.8/site-packages:${PYTHONPATH} /usr/bin/cmake --install /home/giovanna/argo_go2_ws/build/go2_driver
