[0.056s] Invoking command in '/home/giovanna/argo_go2_ws/build/go2_hardware': CMAKE_PREFIX_PATH=/opt/ros/foxy /usr/bin/cmake --build /home/giovanna/argo_go2_ws/build/go2_hardware -- -j16 -l16
[0.084s] -- Found ament_cmake: 0.9.12 (/opt/ros/foxy/share/ament_cmake/cmake)
[0.113s] -- Using PYTHON_EXECUTABLE: /usr/bin/python3
[0.318s] -- Override CMake install command with custom implementation using symlinks instead of copying resources
[0.329s] -- Found ament_lint_auto: 0.9.8 (/opt/ros/foxy/share/ament_lint_auto/cmake)
[0.441s] -- Added test 'lint_cmake' to check CMake code style
[0.441s] -- Added test 'xmllint' to check XML markup files
[0.444s] -- Configuring done
[0.448s] -- Generating done
[0.449s] -- Build files have been written to: /home/giovanna/argo_go2_ws/build/go2_hardware
[0.483s] Invoked command in '/home/giovanna/argo_go2_ws/build/go2_hardware' returned '0': CMAKE_PREFIX_PATH=/opt/ros/foxy /usr/bin/cmake --build /home/giovanna/argo_go2_ws/build/go2_hardware -- -j16 -l16
[0.492s] Invoking command in '/home/giovanna/argo_go2_ws/build/go2_hardware': CMAKE_PREFIX_PATH=/opt/ros/foxy /usr/bin/cmake --install /home/giovanna/argo_go2_ws/build/go2_hardware
[0.513s] -- Install configuration: ""
[0.513s] -- Execute custom install script
[0.513s] -- Up-to-date symlink: /home/giovanna/argo_go2_ws/install/go2_hardware/share/ament_index/resource_index/package_run_dependencies/go2_hardware
[0.513s] -- Up-to-date symlink: /home/giovanna/argo_go2_ws/install/go2_hardware/share/ament_index/resource_index/parent_prefix_path/go2_hardware
[0.514s] -- Up-to-date symlink: /home/giovanna/argo_go2_ws/install/go2_hardware/share/go2_hardware/environment/ament_prefix_path.sh
[0.514s] -- Up-to-date symlink: /home/giovanna/argo_go2_ws/install/go2_hardware/share/go2_hardware/environment/ament_prefix_path.dsv
[0.514s] -- Up-to-date symlink: /home/giovanna/argo_go2_ws/install/go2_hardware/share/go2_hardware/environment/path.sh
[0.514s] -- Up-to-date symlink: /home/giovanna/argo_go2_ws/install/go2_hardware/share/go2_hardware/environment/path.dsv
[0.514s] -- Up-to-date symlink: /home/giovanna/argo_go2_ws/install/go2_hardware/share/go2_hardware/local_setup.bash
[0.514s] -- Up-to-date symlink: /home/giovanna/argo_go2_ws/install/go2_hardware/share/go2_hardware/local_setup.sh
[0.514s] -- Up-to-date symlink: /home/giovanna/argo_go2_ws/install/go2_hardware/share/go2_hardware/local_setup.zsh
[0.515s] -- Up-to-date symlink: /home/giovanna/argo_go2_ws/install/go2_hardware/share/go2_hardware/local_setup.dsv
[0.515s] -- Symlinking: /home/giovanna/argo_go2_ws/install/go2_hardware/share/go2_hardware/package.dsv
[0.538s] -- Up-to-date symlink: /home/giovanna/argo_go2_ws/install/go2_hardware/share/ament_index/resource_index/packages/go2_hardware
[0.539s] -- Up-to-date symlink: /home/giovanna/argo_go2_ws/install/go2_hardware/share/go2_hardware/cmake/go2_hardwareConfig.cmake
[0.539s] -- Up-to-date symlink: /home/giovanna/argo_go2_ws/install/go2_hardware/share/go2_hardware/cmake/go2_hardwareConfig-version.cmake
[0.539s] -- Up-to-date symlink: /home/giovanna/argo_go2_ws/install/go2_hardware/share/go2_hardware/package.xml
[0.627s] Invoked command in '/home/giovanna/argo_go2_ws/build/go2_hardware' returned '0': CMAKE_PREFIX_PATH=/opt/ros/foxy /usr/bin/cmake --install /home/giovanna/argo_go2_ws/build/go2_hardware
