[0.047s] Invoking command in '/home/giovanna/argo_go2_ws/build/unitree_api': CMAKE_PREFIX_PATH=/opt/ros/foxy /usr/bin/cmake /home/giovanna/argo_go2_ws/src/unitree_api -DAMENT_CMAKE_SYMLINK_INSTALL=1 -DCMAKE_INSTALL_PREFIX=/home/giovanna/argo_go2_ws/install/unitree_api
[0.210s] -- The C compiler identification is GNU 9.4.0
[0.330s] -- The CXX compiler identification is GNU 9.4.0
[0.339s] -- Check for working C compiler: /usr/bin/cc
[0.441s] -- Check for working C compiler: /usr/bin/cc -- works
[0.443s] -- Detecting C compiler ABI info
[0.552s] -- Detecting C compiler ABI info - done
[0.564s] -- Detecting C compile features
[0.564s] -- Detecting C compile features - done
[0.567s] -- Check for working CXX compiler: /usr/bin/c++
[0.671s] -- Check for working CXX compiler: /usr/bin/c++ -- works
[0.673s] -- Detecting CXX compiler ABI info
[0.783s] -- Detecting CXX compiler ABI info - done
[0.796s] -- Detecting CXX compile features
[0.797s] -- Detecting CXX compile features - done
[0.803s] -- Found ament_cmake: 0.9.12 (/opt/ros/foxy/share/ament_cmake/cmake)
[0.841s] -- Found PythonInterp: /usr/bin/python3 (found suitable version "3.8.10", minimum required is "3") 
[0.841s] -- Using PYTHON_EXECUTABLE: /usr/bin/python3
[1.069s] -- Override CMake install command with custom implementation using symlinks instead of copying resources
[1.106s] -- Found geometry_msgs: 2.0.5 (/opt/ros/foxy/share/geometry_msgs/cmake)
[1.158s] -- Using all available rosidl_typesupport_c: rosidl_typesupport_fastrtps_c;rosidl_typesupport_introspection_c
[1.169s] -- Found rosidl_adapter: 1.3.1 (/opt/ros/foxy/share/rosidl_adapter/cmake)
[1.300s] -- Found OpenSSL: /usr/lib/x86_64-linux-gnu/libcrypto.so (found version "1.1.1f")  
[1.340s] -- Found FastRTPS: /opt/ros/foxy/include  
[1.451s] -- Using all available rosidl_typesupport_cpp: rosidl_typesupport_fastrtps_cpp;rosidl_typesupport_introspection_cpp
[1.581s] -- Found rosidl_default_generators: 1.0.1 (/opt/ros/foxy/share/rosidl_default_generators/cmake)
[1.609s] CMake Error at CMakeLists.txt:26 (find_package):
[1.609s]   By not providing "Findrosidl_generator_dds_idl.cmake" in CMAKE_MODULE_PATH
[1.609s]   this project has asked CMake to find a package configuration file provided
[1.609s]   by "rosidl_generator_dds_idl", but CMake did not find one.
[1.609s] 
[1.609s]   Could not find a package configuration file provided by
[1.609s]   "rosidl_generator_dds_idl" with any of the following names:
[1.609s] 
[1.610s]     rosidl_generator_dds_idlConfig.cmake
[1.610s]     rosidl_generator_dds_idl-config.cmake
[1.610s] 
[1.610s]   Add the installation prefix of "rosidl_generator_dds_idl" to
[1.610s]   CMAKE_PREFIX_PATH or set "rosidl_generator_dds_idl_DIR" to a directory
[1.610s]   containing one of the above files.  If "rosidl_generator_dds_idl" provides
[1.610s]   a separate development package or SDK, be sure it has been installed.
[1.610s] 
[1.610s] 
[1.611s] -- Configuring incomplete, errors occurred!
[1.611s] See also "/home/giovanna/argo_go2_ws/build/unitree_api/CMakeFiles/CMakeOutput.log".
