[0.051s] Invoking command in '/home/giovanna/argo_go2_ws/build/go2_simulation': CMAKE_PREFIX_PATH=/opt/ros/foxy /usr/bin/cmake --build /home/giovanna/argo_go2_ws/build/go2_simulation -- -j16 -l16
[0.083s] -- Found ament_cmake: 0.9.12 (/opt/ros/foxy/share/ament_cmake/cmake)
[0.112s] -- Using PYTHON_EXECUTABLE: /usr/bin/python3
[0.406s] -- Override CMake install command with custom implementation using symlinks instead of copying resources
[0.416s] -- Found ament_lint_auto: 0.9.8 (/opt/ros/foxy/share/ament_lint_auto/cmake)
[0.514s] -- Added test 'lint_cmake' to check CMake code style
[0.520s] -- Added test 'xmllint' to check XML markup files
[0.525s] -- Configuring done
[0.526s] -- Generating done
[0.526s] -- Build files have been written to: /home/giovanna/argo_go2_ws/build/go2_simulation
[0.634s] Invoked command in '/home/giovanna/argo_go2_ws/build/go2_simulation' returned '0': CMAKE_PREFIX_PATH=/opt/ros/foxy /usr/bin/cmake --build /home/giovanna/argo_go2_ws/build/go2_simulation -- -j16 -l16
[0.635s] Invoking command in '/home/giovanna/argo_go2_ws/build/go2_simulation': CMAKE_PREFIX_PATH=/opt/ros/foxy /usr/bin/cmake --install /home/giovanna/argo_go2_ws/build/go2_simulation
[0.657s] -- Install configuration: ""
[0.657s] -- Execute custom install script
[0.657s] -- Up-to-date symlink: /home/giovanna/argo_go2_ws/install/go2_simulation/share/ament_index/resource_index/package_run_dependencies/go2_simulation
[0.657s] -- Up-to-date symlink: /home/giovanna/argo_go2_ws/install/go2_simulation/share/ament_index/resource_index/parent_prefix_path/go2_simulation
[0.658s] -- Up-to-date symlink: /home/giovanna/argo_go2_ws/install/go2_simulation/share/go2_simulation/environment/ament_prefix_path.sh
[0.658s] -- Up-to-date symlink: /home/giovanna/argo_go2_ws/install/go2_simulation/share/go2_simulation/environment/ament_prefix_path.dsv
[0.658s] -- Up-to-date symlink: /home/giovanna/argo_go2_ws/install/go2_simulation/share/go2_simulation/environment/path.sh
[0.658s] -- Up-to-date symlink: /home/giovanna/argo_go2_ws/install/go2_simulation/share/go2_simulation/environment/path.dsv
[0.659s] -- Up-to-date symlink: /home/giovanna/argo_go2_ws/install/go2_simulation/share/go2_simulation/local_setup.bash
[0.659s] -- Up-to-date symlink: /home/giovanna/argo_go2_ws/install/go2_simulation/share/go2_simulation/local_setup.sh
[0.659s] -- Up-to-date symlink: /home/giovanna/argo_go2_ws/install/go2_simulation/share/go2_simulation/local_setup.zsh
[0.659s] -- Up-to-date symlink: /home/giovanna/argo_go2_ws/install/go2_simulation/share/go2_simulation/local_setup.dsv
[0.660s] -- Symlinking: /home/giovanna/argo_go2_ws/install/go2_simulation/share/go2_simulation/package.dsv
[0.684s] -- Up-to-date symlink: /home/giovanna/argo_go2_ws/install/go2_simulation/share/ament_index/resource_index/packages/go2_simulation
[0.684s] -- Up-to-date symlink: /home/giovanna/argo_go2_ws/install/go2_simulation/share/go2_simulation/cmake/go2_simulationConfig.cmake
[0.684s] -- Up-to-date symlink: /home/giovanna/argo_go2_ws/install/go2_simulation/share/go2_simulation/cmake/go2_simulationConfig-version.cmake
[0.684s] -- Up-to-date symlink: /home/giovanna/argo_go2_ws/install/go2_simulation/share/go2_simulation/package.xml
[0.691s] Invoked command in '/home/giovanna/argo_go2_ws/build/go2_simulation' returned '0': CMAKE_PREFIX_PATH=/opt/ros/foxy /usr/bin/cmake --install /home/giovanna/argo_go2_ws/build/go2_simulation
