[0.061s] Invoking command in '/home/giovanna/argo_go2_ws/build/go2_description': CMAKE_PREFIX_PATH=/opt/ros/foxy /usr/bin/cmake --build /home/giovanna/argo_go2_ws/build/go2_description -- -j16 -l16
[0.103s] -- Found ament_cmake: 0.9.12 (/opt/ros/foxy/share/ament_cmake/cmake)
[0.116s] -- Using PYTHON_EXECUTABLE: /usr/bin/python3
[0.332s] -- Override CMake install command with custom implementation using symlinks instead of copying resources
[0.345s] -- Found ament_lint_auto: 0.9.8 (/opt/ros/foxy/share/ament_lint_auto/cmake)
[0.433s] -- Added test 'flake8' to check Python code syntax and style conventions
[0.434s] -- Added test 'lint_cmake' to check CMake code style
[0.434s] -- Added test 'pep257' to check Python code against some of the style conventions in PEP 257
[0.437s] -- Added test 'xmllint' to check XML markup files
[0.439s] -- Configuring done
[0.442s] -- Generating done
[0.445s] -- Build files have been written to: /home/giovanna/argo_go2_ws/build/go2_description
[0.474s] Invoked command in '/home/giovanna/argo_go2_ws/build/go2_description' returned '0': CMAKE_PREFIX_PATH=/opt/ros/foxy /usr/bin/cmake --build /home/giovanna/argo_go2_ws/build/go2_description -- -j16 -l16
[0.475s] Invoking command in '/home/giovanna/argo_go2_ws/build/go2_description': CMAKE_PREFIX_PATH=/opt/ros/foxy /usr/bin/cmake --install /home/giovanna/argo_go2_ws/build/go2_description
[0.492s] -- Install configuration: ""
[0.493s] -- Execute custom install script
[0.494s] -- Up-to-date symlink: /home/giovanna/argo_go2_ws/install/go2_description/share/go2_description/launch/robot.launch.py
[0.494s] -- Up-to-date symlink: /home/giovanna/argo_go2_ws/install/go2_description/share/go2_description/urdf/go2_description.urdf
[0.495s] -- Up-to-date symlink: /home/giovanna/argo_go2_ws/install/go2_description/share/go2_description/meshes/calf.dae
[0.495s] -- Up-to-date symlink: /home/giovanna/argo_go2_ws/install/go2_description/share/go2_description/meshes/calf_mirror.dae
[0.495s] -- Up-to-date symlink: /home/giovanna/argo_go2_ws/install/go2_description/share/go2_description/meshes/foot.dae
[0.495s] -- Up-to-date symlink: /home/giovanna/argo_go2_ws/install/go2_description/share/go2_description/meshes/hip.dae
[0.496s] -- Up-to-date symlink: /home/giovanna/argo_go2_ws/install/go2_description/share/go2_description/meshes/thigh.dae
[0.496s] -- Up-to-date symlink: /home/giovanna/argo_go2_ws/install/go2_description/share/go2_description/meshes/thigh_mirror.dae
[0.496s] -- Up-to-date symlink: /home/giovanna/argo_go2_ws/install/go2_description/share/go2_description/meshes/trunk.dae
[0.497s] -- Up-to-date symlink: /home/giovanna/argo_go2_ws/install/go2_description/share/go2_description/dae/base.dae
[0.497s] -- Up-to-date symlink: /home/giovanna/argo_go2_ws/install/go2_description/share/go2_description/dae/calf.dae
[0.497s] -- Up-to-date symlink: /home/giovanna/argo_go2_ws/install/go2_description/share/go2_description/dae/calf_mirror.dae
[0.498s] -- Up-to-date symlink: /home/giovanna/argo_go2_ws/install/go2_description/share/go2_description/dae/foot.dae
[0.498s] -- Up-to-date symlink: /home/giovanna/argo_go2_ws/install/go2_description/share/go2_description/dae/hip.dae
[0.499s] -- Up-to-date symlink: /home/giovanna/argo_go2_ws/install/go2_description/share/go2_description/dae/thigh.dae
[0.499s] -- Up-to-date symlink: /home/giovanna/argo_go2_ws/install/go2_description/share/go2_description/dae/thigh_mirror.dae
[0.500s] -- Up-to-date symlink: /home/giovanna/argo_go2_ws/install/go2_description/share/go2_description/config/go2_description.rviz
[0.501s] -- Up-to-date symlink: /home/giovanna/argo_go2_ws/install/go2_description/share/ament_index/resource_index/package_run_dependencies/go2_description
[0.501s] -- Up-to-date symlink: /home/giovanna/argo_go2_ws/install/go2_description/share/ament_index/resource_index/parent_prefix_path/go2_description
[0.501s] -- Up-to-date symlink: /home/giovanna/argo_go2_ws/install/go2_description/share/go2_description/environment/ament_prefix_path.sh
[0.502s] -- Up-to-date symlink: /home/giovanna/argo_go2_ws/install/go2_description/share/go2_description/environment/ament_prefix_path.dsv
[0.502s] -- Up-to-date symlink: /home/giovanna/argo_go2_ws/install/go2_description/share/go2_description/environment/path.sh
[0.502s] -- Up-to-date symlink: /home/giovanna/argo_go2_ws/install/go2_description/share/go2_description/environment/path.dsv
[0.502s] -- Up-to-date symlink: /home/giovanna/argo_go2_ws/install/go2_description/share/go2_description/local_setup.bash
[0.502s] -- Up-to-date symlink: /home/giovanna/argo_go2_ws/install/go2_description/share/go2_description/local_setup.sh
[0.507s] -- Up-to-date symlink: /home/giovanna/argo_go2_ws/install/go2_description/share/go2_description/local_setup.zsh
[0.507s] -- Up-to-date symlink: /home/giovanna/argo_go2_ws/install/go2_description/share/go2_description/local_setup.dsv
[0.508s] -- Up-to-date symlink: /home/giovanna/argo_go2_ws/install/go2_description/share/go2_description/package.dsv
[0.508s] -- Up-to-date symlink: /home/giovanna/argo_go2_ws/install/go2_description/share/ament_index/resource_index/packages/go2_description
[0.508s] -- Up-to-date symlink: /home/giovanna/argo_go2_ws/install/go2_description/share/go2_description/cmake/go2_descriptionConfig.cmake
[0.509s] -- Up-to-date symlink: /home/giovanna/argo_go2_ws/install/go2_description/share/go2_description/cmake/go2_descriptionConfig-version.cmake
[0.509s] -- Up-to-date symlink: /home/giovanna/argo_go2_ws/install/go2_description/share/go2_description/package.xml
[0.517s] Invoked command in '/home/giovanna/argo_go2_ws/build/go2_description' returned '0': CMAKE_PREFIX_PATH=/opt/ros/foxy /usr/bin/cmake --install /home/giovanna/argo_go2_ws/build/go2_description
