[0.058s] Invoking command in '/home/giovanna/argo_go2_ws/build/go2_rviz': CMAKE_PREFIX_PATH=/opt/ros/foxy /usr/bin/cmake --build /home/giovanna/argo_go2_ws/build/go2_rviz -- -j16 -l16
[0.197s] Invoked command in '/home/giovanna/argo_go2_ws/build/go2_rviz' returned '0': CMAKE_PREFIX_PATH=/opt/ros/foxy /usr/bin/cmake --build /home/giovanna/argo_go2_ws/build/go2_rviz -- -j16 -l16
[0.199s] Invoking command in '/home/giovanna/argo_go2_ws/build/go2_rviz': CMAKE_PREFIX_PATH=/opt/ros/foxy /usr/bin/cmake --install /home/giovanna/argo_go2_ws/build/go2_rviz
[0.229s] -- Install configuration: ""
[0.231s] -- Execute custom install script
[0.236s] -- Up-to-date symlink: /home/giovanna/argo_go2_ws/install/go2_rviz/share/go2_rviz/launch/rviz.launch.py
[0.237s] -- Up-to-date symlink: /home/giovanna/argo_go2_ws/install/go2_rviz/share/go2_rviz/config/go2_rviz.rviz
[0.237s] -- Up-to-date symlink: /home/giovanna/argo_go2_ws/install/go2_rviz/share/ament_index/resource_index/package_run_dependencies/go2_rviz
[0.237s] -- Up-to-date symlink: /home/giovanna/argo_go2_ws/install/go2_rviz/share/ament_index/resource_index/parent_prefix_path/go2_rviz
[0.237s] -- Up-to-date symlink: /home/giovanna/argo_go2_ws/install/go2_rviz/share/go2_rviz/environment/ament_prefix_path.sh
[0.237s] -- Up-to-date symlink: /home/giovanna/argo_go2_ws/install/go2_rviz/share/go2_rviz/environment/ament_prefix_path.dsv
[0.238s] -- Up-to-date symlink: /home/giovanna/argo_go2_ws/install/go2_rviz/share/go2_rviz/environment/path.sh
[0.238s] -- Up-to-date symlink: /home/giovanna/argo_go2_ws/install/go2_rviz/share/go2_rviz/environment/path.dsv
[0.240s] -- Up-to-date symlink: /home/giovanna/argo_go2_ws/install/go2_rviz/share/go2_rviz/local_setup.bash
[0.240s] -- Up-to-date symlink: /home/giovanna/argo_go2_ws/install/go2_rviz/share/go2_rviz/local_setup.sh
[0.240s] -- Up-to-date symlink: /home/giovanna/argo_go2_ws/install/go2_rviz/share/go2_rviz/local_setup.zsh
[0.240s] -- Up-to-date symlink: /home/giovanna/argo_go2_ws/install/go2_rviz/share/go2_rviz/local_setup.dsv
[0.241s] -- Symlinking: /home/giovanna/argo_go2_ws/install/go2_rviz/share/go2_rviz/package.dsv
[0.248s] -- Up-to-date symlink: /home/giovanna/argo_go2_ws/install/go2_rviz/share/ament_index/resource_index/packages/go2_rviz
[0.248s] -- Up-to-date symlink: /home/giovanna/argo_go2_ws/install/go2_rviz/share/go2_rviz/cmake/go2_rvizConfig.cmake
[0.248s] -- Up-to-date symlink: /home/giovanna/argo_go2_ws/install/go2_rviz/share/go2_rviz/cmake/go2_rvizConfig-version.cmake
[0.251s] -- Up-to-date symlink: /home/giovanna/argo_go2_ws/install/go2_rviz/share/go2_rviz/package.xml
[0.335s] Invoked command in '/home/giovanna/argo_go2_ws/build/go2_rviz' returned '0': CMAKE_PREFIX_PATH=/opt/ros/foxy /usr/bin/cmake --install /home/giovanna/argo_go2_ws/build/go2_rviz
