[0.057s] Invoking command in '/home/giovanna/argo_go2_ws/build/go2_interfaces': CMAKE_PREFIX_PATH=/opt/ros/foxy /usr/bin/cmake --build /home/giovanna/argo_go2_ws/build/go2_interfaces -- -j16 -l16
[0.134s] [  1%] Built target go2_interfaces__cpp
[0.142s] [ 12%] Built target go2_interfaces__rosidl_generator_c
[0.179s] [ 24%] Built target go2_interfaces__rosidl_typesupport_introspection_cpp
[0.179s] [ 35%] Built target go2_interfaces__rosidl_typesupport_cpp
[0.199s] [ 47%] Built target go2_interfaces__rosidl_typesupport_introspection_c
[0.215s] [ 58%] Built target go2_interfaces__rosidl_typesupport_c
[0.215s] [ 70%] Built target go2_interfaces__rosidl_typesupport_fastrtps_cpp
[0.281s] [ 82%] Built target go2_interfaces__rosidl_typesupport_fastrtps_c
[0.309s] [ 82%] Built target go2_interfaces
[0.334s] [ 83%] Built target go2_interfaces__py
[0.374s] [ 93%] Built target go2_interfaces__python
[0.411s] [ 95%] Built target go2_interfaces__rosidl_typesupport_introspection_c__pyext
[0.414s] [ 97%] Built target go2_interfaces__rosidl_typesupport_fastrtps_c__pyext
[0.415s] [100%] Built target go2_interfaces__rosidl_typesupport_c__pyext
[0.446s] Invoked command in '/home/giovanna/argo_go2_ws/build/go2_interfaces' returned '0': CMAKE_PREFIX_PATH=/opt/ros/foxy /usr/bin/cmake --build /home/giovanna/argo_go2_ws/build/go2_interfaces -- -j16 -l16
[0.449s] Invoking command in '/home/giovanna/argo_go2_ws/build/go2_interfaces': CMAKE_PREFIX_PATH=/opt/ros/foxy /usr/bin/cmake --install /home/giovanna/argo_go2_ws/build/go2_interfaces
[0.474s] -- Install configuration: ""
[0.482s] -- Execute custom install script
[0.482s] -- Up-to-date symlink: /home/giovanna/argo_go2_ws/install/go2_interfaces/share/ament_index/resource_index/rosidl_interfaces/go2_interfaces
[0.483s] -- Up-to-date symlink: /home/giovanna/argo_go2_ws/install/go2_interfaces/include/go2_interfaces/msg/rosidl_generator_c__visibility_control.h
[0.483s] -- Up-to-date symlink: /home/giovanna/argo_go2_ws/install/go2_interfaces/include/go2_interfaces/srv/body_height.h
[0.485s] -- Up-to-date symlink: /home/giovanna/argo_go2_ws/install/go2_interfaces/include/go2_interfaces/srv/continuous_gait.h
[0.486s] -- Up-to-date symlink: /home/giovanna/argo_go2_ws/install/go2_interfaces/include/go2_interfaces/srv/detail/body_height__functions.h
[0.486s] -- Up-to-date symlink: /home/giovanna/argo_go2_ws/install/go2_interfaces/include/go2_interfaces/srv/detail/body_height__struct.h
[0.487s] -- Up-to-date symlink: /home/giovanna/argo_go2_ws/install/go2_interfaces/include/go2_interfaces/srv/detail/body_height__type_support.h
[0.488s] -- Up-to-date symlink: /home/giovanna/argo_go2_ws/install/go2_interfaces/include/go2_interfaces/srv/detail/continuous_gait__functions.h
[0.488s] -- Up-to-date symlink: /home/giovanna/argo_go2_ws/install/go2_interfaces/include/go2_interfaces/srv/detail/continuous_gait__struct.h
[0.488s] -- Up-to-date symlink: /home/giovanna/argo_go2_ws/install/go2_interfaces/include/go2_interfaces/srv/detail/continuous_gait__type_support.h
[0.488s] -- Up-to-date symlink: /home/giovanna/argo_go2_ws/install/go2_interfaces/include/go2_interfaces/srv/detail/euler__functions.h
[0.488s] -- Up-to-date symlink: /home/giovanna/argo_go2_ws/install/go2_interfaces/include/go2_interfaces/srv/detail/euler__struct.h
[0.489s] -- Up-to-date symlink: /home/giovanna/argo_go2_ws/install/go2_interfaces/include/go2_interfaces/srv/detail/euler__type_support.h
[0.490s] -- Up-to-date symlink: /home/giovanna/argo_go2_ws/install/go2_interfaces/include/go2_interfaces/srv/detail/foot_raise_height__functions.h
[0.491s] -- Up-to-date symlink: /home/giovanna/argo_go2_ws/install/go2_interfaces/include/go2_interfaces/srv/detail/foot_raise_height__struct.h
[0.492s] -- Up-to-date symlink: /home/giovanna/argo_go2_ws/install/go2_interfaces/include/go2_interfaces/srv/detail/foot_raise_height__type_support.h
[0.495s] -- Up-to-date symlink: /home/giovanna/argo_go2_ws/install/go2_interfaces/include/go2_interfaces/srv/detail/mode__functions.h
[0.495s] -- Up-to-date symlink: /home/giovanna/argo_go2_ws/install/go2_interfaces/include/go2_interfaces/srv/detail/mode__struct.h
[0.496s] -- Up-to-date symlink: /home/giovanna/argo_go2_ws/install/go2_interfaces/include/go2_interfaces/srv/detail/mode__type_support.h
[0.497s] -- Up-to-date symlink: /home/giovanna/argo_go2_ws/install/go2_interfaces/include/go2_interfaces/srv/detail/pose__functions.h
[0.498s] -- Up-to-date symlink: /home/giovanna/argo_go2_ws/install/go2_interfaces/include/go2_interfaces/srv/detail/pose__struct.h
[0.499s] -- Up-to-date symlink: /home/giovanna/argo_go2_ws/install/go2_interfaces/include/go2_interfaces/srv/detail/pose__type_support.h
[0.499s] -- Up-to-date symlink: /home/giovanna/argo_go2_ws/install/go2_interfaces/include/go2_interfaces/srv/detail/speed_level__functions.h
[0.499s] -- Up-to-date symlink: /home/giovanna/argo_go2_ws/install/go2_interfaces/include/go2_interfaces/srv/detail/speed_level__struct.h
[0.501s] -- Up-to-date symlink: /home/giovanna/argo_go2_ws/install/go2_interfaces/include/go2_interfaces/srv/detail/speed_level__type_support.h
[0.501s] -- Up-to-date symlink: /home/giovanna/argo_go2_ws/install/go2_interfaces/include/go2_interfaces/srv/detail/switch_gait__functions.h
[0.501s] -- Up-to-date symlink: /home/giovanna/argo_go2_ws/install/go2_interfaces/include/go2_interfaces/srv/detail/switch_gait__struct.h
[0.502s] -- Up-to-date symlink: /home/giovanna/argo_go2_ws/install/go2_interfaces/include/go2_interfaces/srv/detail/switch_gait__type_support.h
[0.502s] -- Up-to-date symlink: /home/giovanna/argo_go2_ws/install/go2_interfaces/include/go2_interfaces/srv/detail/switch_joystick__functions.h
[0.503s] -- Up-to-date symlink: /home/giovanna/argo_go2_ws/install/go2_interfaces/include/go2_interfaces/srv/detail/switch_joystick__struct.h
[0.504s] -- Up-to-date symlink: /home/giovanna/argo_go2_ws/install/go2_interfaces/include/go2_interfaces/srv/detail/switch_joystick__type_support.h
[0.504s] -- Up-to-date symlink: /home/giovanna/argo_go2_ws/install/go2_interfaces/include/go2_interfaces/srv/euler.h
[0.505s] -- Up-to-date symlink: /home/giovanna/argo_go2_ws/install/go2_interfaces/include/go2_interfaces/srv/foot_raise_height.h
[0.505s] -- Up-to-date symlink: /home/giovanna/argo_go2_ws/install/go2_interfaces/include/go2_interfaces/srv/mode.h
[0.505s] -- Up-to-date symlink: /home/giovanna/argo_go2_ws/install/go2_interfaces/include/go2_interfaces/srv/pose.h
[0.506s] -- Up-to-date symlink: /home/giovanna/argo_go2_ws/install/go2_interfaces/include/go2_interfaces/srv/speed_level.h
[0.507s] -- Up-to-date symlink: /home/giovanna/argo_go2_ws/install/go2_interfaces/include/go2_interfaces/srv/switch_gait.h
[0.507s] -- Up-to-date symlink: /home/giovanna/argo_go2_ws/install/go2_interfaces/include/go2_interfaces/srv/switch_joystick.h
[0.515s] -- Up-to-date symlink: /home/giovanna/argo_go2_ws/install/go2_interfaces/share/go2_interfaces/environment/library_path.sh
[0.516s] -- Up-to-date symlink: /home/giovanna/argo_go2_ws/install/go2_interfaces/share/go2_interfaces/environment/library_path.dsv
[0.516s] -- Up-to-date symlink: /home/giovanna/argo_go2_ws/install/go2_interfaces/include/go2_interfaces/msg/rosidl_typesupport_fastrtps_c__visibility_control.h
[0.518s] -- Up-to-date symlink: /home/giovanna/argo_go2_ws/install/go2_interfaces/include/go2_interfaces/srv/detail/body_height__rosidl_typesupport_fastrtps_c.h
[0.520s] -- Up-to-date symlink: /home/giovanna/argo_go2_ws/install/go2_interfaces/include/go2_interfaces/srv/detail/continuous_gait__rosidl_typesupport_fastrtps_c.h
[0.520s] -- Up-to-date symlink: /home/giovanna/argo_go2_ws/install/go2_interfaces/include/go2_interfaces/srv/detail/euler__rosidl_typesupport_fastrtps_c.h
[0.520s] -- Up-to-date symlink: /home/giovanna/argo_go2_ws/install/go2_interfaces/include/go2_interfaces/srv/detail/foot_raise_height__rosidl_typesupport_fastrtps_c.h
[0.523s] -- Up-to-date symlink: /home/giovanna/argo_go2_ws/install/go2_interfaces/include/go2_interfaces/srv/detail/mode__rosidl_typesupport_fastrtps_c.h
[0.523s] -- Up-to-date symlink: /home/giovanna/argo_go2_ws/install/go2_interfaces/include/go2_interfaces/srv/detail/pose__rosidl_typesupport_fastrtps_c.h
[0.527s] -- Up-to-date symlink: /home/giovanna/argo_go2_ws/install/go2_interfaces/include/go2_interfaces/srv/detail/speed_level__rosidl_typesupport_fastrtps_c.h
[0.527s] -- Up-to-date symlink: /home/giovanna/argo_go2_ws/install/go2_interfaces/include/go2_interfaces/srv/detail/switch_gait__rosidl_typesupport_fastrtps_c.h
[0.527s] -- Up-to-date symlink: /home/giovanna/argo_go2_ws/install/go2_interfaces/include/go2_interfaces/srv/detail/switch_joystick__rosidl_typesupport_fastrtps_c.h
[0.527s] -- Up-to-date symlink: /home/giovanna/argo_go2_ws/install/go2_interfaces/lib/libgo2_interfaces__rosidl_typesupport_fastrtps_c.so
[0.530s] -- Up-to-date symlink: /home/giovanna/argo_go2_ws/install/go2_interfaces/include/go2_interfaces/msg/rosidl_typesupport_fastrtps_cpp__visibility_control.h
[0.530s] -- Up-to-date symlink: /home/giovanna/argo_go2_ws/install/go2_interfaces/include/go2_interfaces/srv/detail/body_height__rosidl_typesupport_fastrtps_cpp.hpp
[0.530s] -- Up-to-date symlink: /home/giovanna/argo_go2_ws/install/go2_interfaces/include/go2_interfaces/srv/detail/continuous_gait__rosidl_typesupport_fastrtps_cpp.hpp
[0.530s] -- Up-to-date symlink: /home/giovanna/argo_go2_ws/install/go2_interfaces/include/go2_interfaces/srv/detail/euler__rosidl_typesupport_fastrtps_cpp.hpp
[0.530s] -- Up-to-date symlink: /home/giovanna/argo_go2_ws/install/go2_interfaces/include/go2_interfaces/srv/detail/foot_raise_height__rosidl_typesupport_fastrtps_cpp.hpp
[0.531s] -- Up-to-date symlink: /home/giovanna/argo_go2_ws/install/go2_interfaces/include/go2_interfaces/srv/detail/mode__rosidl_typesupport_fastrtps_cpp.hpp
[0.531s] -- Up-to-date symlink: /home/giovanna/argo_go2_ws/install/go2_interfaces/include/go2_interfaces/srv/detail/pose__rosidl_typesupport_fastrtps_cpp.hpp
[0.531s] -- Up-to-date symlink: /home/giovanna/argo_go2_ws/install/go2_interfaces/include/go2_interfaces/srv/detail/speed_level__rosidl_typesupport_fastrtps_cpp.hpp
[0.531s] -- Up-to-date symlink: /home/giovanna/argo_go2_ws/install/go2_interfaces/include/go2_interfaces/srv/detail/switch_gait__rosidl_typesupport_fastrtps_cpp.hpp
[0.531s] -- Up-to-date symlink: /home/giovanna/argo_go2_ws/install/go2_interfaces/include/go2_interfaces/srv/detail/switch_joystick__rosidl_typesupport_fastrtps_cpp.hpp
[0.532s] -- Up-to-date symlink: /home/giovanna/argo_go2_ws/install/go2_interfaces/lib/libgo2_interfaces__rosidl_typesupport_fastrtps_cpp.so
[0.532s] -- Up-to-date symlink: /home/giovanna/argo_go2_ws/install/go2_interfaces/include/go2_interfaces/msg/rosidl_typesupport_introspection_c__visibility_control.h
[0.533s] -- Up-to-date symlink: /home/giovanna/argo_go2_ws/install/go2_interfaces/include/go2_interfaces/srv/detail/body_height__rosidl_typesupport_introspection_c.h
[0.533s] -- Up-to-date symlink: /home/giovanna/argo_go2_ws/install/go2_interfaces/include/go2_interfaces/srv/detail/continuous_gait__rosidl_typesupport_introspection_c.h
[0.533s] -- Up-to-date symlink: /home/giovanna/argo_go2_ws/install/go2_interfaces/include/go2_interfaces/srv/detail/euler__rosidl_typesupport_introspection_c.h
[0.533s] -- Up-to-date symlink: /home/giovanna/argo_go2_ws/install/go2_interfaces/include/go2_interfaces/srv/detail/foot_raise_height__rosidl_typesupport_introspection_c.h
[0.533s] -- Up-to-date symlink: /home/giovanna/argo_go2_ws/install/go2_interfaces/include/go2_interfaces/srv/detail/mode__rosidl_typesupport_introspection_c.h
[0.535s] -- Up-to-date symlink: /home/giovanna/argo_go2_ws/install/go2_interfaces/include/go2_interfaces/srv/detail/pose__rosidl_typesupport_introspection_c.h
[0.536s] -- Up-to-date symlink: /home/giovanna/argo_go2_ws/install/go2_interfaces/include/go2_interfaces/srv/detail/speed_level__rosidl_typesupport_introspection_c.h
[0.536s] -- Up-to-date symlink: /home/giovanna/argo_go2_ws/install/go2_interfaces/include/go2_interfaces/srv/detail/switch_gait__rosidl_typesupport_introspection_c.h
[0.537s] -- Up-to-date symlink: /home/giovanna/argo_go2_ws/install/go2_interfaces/include/go2_interfaces/srv/detail/switch_joystick__rosidl_typesupport_introspection_c.h
[0.539s] -- Up-to-date symlink: /home/giovanna/argo_go2_ws/install/go2_interfaces/include/go2_interfaces/msg/rosidl_generator_cpp__visibility_control.hpp
[0.540s] -- Up-to-date symlink: /home/giovanna/argo_go2_ws/install/go2_interfaces/include/go2_interfaces/srv/body_height.hpp
[0.541s] -- Up-to-date symlink: /home/giovanna/argo_go2_ws/install/go2_interfaces/include/go2_interfaces/srv/continuous_gait.hpp
[0.542s] -- Up-to-date symlink: /home/giovanna/argo_go2_ws/install/go2_interfaces/include/go2_interfaces/srv/detail/body_height__builder.hpp
[0.543s] -- Up-to-date symlink: /home/giovanna/argo_go2_ws/install/go2_interfaces/include/go2_interfaces/srv/detail/body_height__struct.hpp
[0.543s] -- Up-to-date symlink: /home/giovanna/argo_go2_ws/install/go2_interfaces/include/go2_interfaces/srv/detail/body_height__traits.hpp
[0.543s] -- Up-to-date symlink: /home/giovanna/argo_go2_ws/install/go2_interfaces/include/go2_interfaces/srv/detail/body_height__type_support.hpp
[0.543s] -- Up-to-date symlink: /home/giovanna/argo_go2_ws/install/go2_interfaces/include/go2_interfaces/srv/detail/continuous_gait__builder.hpp
[0.543s] -- Up-to-date symlink: /home/giovanna/argo_go2_ws/install/go2_interfaces/include/go2_interfaces/srv/detail/continuous_gait__struct.hpp
[0.544s] -- Up-to-date symlink: /home/giovanna/argo_go2_ws/install/go2_interfaces/include/go2_interfaces/srv/detail/continuous_gait__traits.hpp
[0.544s] -- Up-to-date symlink: /home/giovanna/argo_go2_ws/install/go2_interfaces/include/go2_interfaces/srv/detail/continuous_gait__type_support.hpp
[0.544s] -- Up-to-date symlink: /home/giovanna/argo_go2_ws/install/go2_interfaces/include/go2_interfaces/srv/detail/euler__builder.hpp
[0.545s] -- Up-to-date symlink: /home/giovanna/argo_go2_ws/install/go2_interfaces/include/go2_interfaces/srv/detail/euler__struct.hpp
[0.545s] -- Up-to-date symlink: /home/giovanna/argo_go2_ws/install/go2_interfaces/include/go2_interfaces/srv/detail/euler__traits.hpp
[0.545s] -- Up-to-date symlink: /home/giovanna/argo_go2_ws/install/go2_interfaces/include/go2_interfaces/srv/detail/euler__type_support.hpp
[0.546s] -- Up-to-date symlink: /home/giovanna/argo_go2_ws/install/go2_interfaces/include/go2_interfaces/srv/detail/foot_raise_height__builder.hpp
[0.548s] -- Up-to-date symlink: /home/giovanna/argo_go2_ws/install/go2_interfaces/include/go2_interfaces/srv/detail/foot_raise_height__struct.hpp
[0.548s] -- Up-to-date symlink: /home/giovanna/argo_go2_ws/install/go2_interfaces/include/go2_interfaces/srv/detail/foot_raise_height__traits.hpp
[0.549s] -- Up-to-date symlink: /home/giovanna/argo_go2_ws/install/go2_interfaces/include/go2_interfaces/srv/detail/foot_raise_height__type_support.hpp
[0.549s] -- Up-to-date symlink: /home/giovanna/argo_go2_ws/install/go2_interfaces/include/go2_interfaces/srv/detail/mode__builder.hpp
[0.552s] -- Up-to-date symlink: /home/giovanna/argo_go2_ws/install/go2_interfaces/include/go2_interfaces/srv/detail/mode__struct.hpp
[0.552s] -- Up-to-date symlink: /home/giovanna/argo_go2_ws/install/go2_interfaces/include/go2_interfaces/srv/detail/mode__traits.hpp
[0.552s] -- Up-to-date symlink: /home/giovanna/argo_go2_ws/install/go2_interfaces/include/go2_interfaces/srv/detail/mode__type_support.hpp
[0.552s] -- Up-to-date symlink: /home/giovanna/argo_go2_ws/install/go2_interfaces/include/go2_interfaces/srv/detail/pose__builder.hpp
[0.552s] -- Up-to-date symlink: /home/giovanna/argo_go2_ws/install/go2_interfaces/include/go2_interfaces/srv/detail/pose__struct.hpp
[0.553s] -- Up-to-date symlink: /home/giovanna/argo_go2_ws/install/go2_interfaces/include/go2_interfaces/srv/detail/pose__traits.hpp
[0.553s] -- Up-to-date symlink: /home/giovanna/argo_go2_ws/install/go2_interfaces/include/go2_interfaces/srv/detail/pose__type_support.hpp
[0.553s] -- Up-to-date symlink: /home/giovanna/argo_go2_ws/install/go2_interfaces/include/go2_interfaces/srv/detail/speed_level__builder.hpp
[0.553s] -- Up-to-date symlink: /home/giovanna/argo_go2_ws/install/go2_interfaces/include/go2_interfaces/srv/detail/speed_level__struct.hpp
[0.554s] -- Up-to-date symlink: /home/giovanna/argo_go2_ws/install/go2_interfaces/include/go2_interfaces/srv/detail/speed_level__traits.hpp
[0.555s] -- Up-to-date symlink: /home/giovanna/argo_go2_ws/install/go2_interfaces/include/go2_interfaces/srv/detail/speed_level__type_support.hpp
[0.555s] -- Up-to-date symlink: /home/giovanna/argo_go2_ws/install/go2_interfaces/include/go2_interfaces/srv/detail/switch_gait__builder.hpp
[0.555s] -- Up-to-date symlink: /home/giovanna/argo_go2_ws/install/go2_interfaces/include/go2_interfaces/srv/detail/switch_gait__struct.hpp
[0.555s] -- Up-to-date symlink: /home/giovanna/argo_go2_ws/install/go2_interfaces/include/go2_interfaces/srv/detail/switch_gait__traits.hpp
[0.556s] -- Up-to-date symlink: /home/giovanna/argo_go2_ws/install/go2_interfaces/include/go2_interfaces/srv/detail/switch_gait__type_support.hpp
[0.556s] -- Up-to-date symlink: /home/giovanna/argo_go2_ws/install/go2_interfaces/include/go2_interfaces/srv/detail/switch_joystick__builder.hpp
[0.556s] -- Up-to-date symlink: /home/giovanna/argo_go2_ws/install/go2_interfaces/include/go2_interfaces/srv/detail/switch_joystick__struct.hpp
[0.557s] -- Up-to-date symlink: /home/giovanna/argo_go2_ws/install/go2_interfaces/include/go2_interfaces/srv/detail/switch_joystick__traits.hpp
[0.557s] -- Up-to-date symlink: /home/giovanna/argo_go2_ws/install/go2_interfaces/include/go2_interfaces/srv/detail/switch_joystick__type_support.hpp
[0.557s] -- Up-to-date symlink: /home/giovanna/argo_go2_ws/install/go2_interfaces/include/go2_interfaces/srv/euler.hpp
[0.558s] -- Up-to-date symlink: /home/giovanna/argo_go2_ws/install/go2_interfaces/include/go2_interfaces/srv/foot_raise_height.hpp
[0.558s] -- Up-to-date symlink: /home/giovanna/argo_go2_ws/install/go2_interfaces/include/go2_interfaces/srv/mode.hpp
[0.558s] -- Up-to-date symlink: /home/giovanna/argo_go2_ws/install/go2_interfaces/include/go2_interfaces/srv/pose.hpp
[0.558s] -- Up-to-date symlink: /home/giovanna/argo_go2_ws/install/go2_interfaces/include/go2_interfaces/srv/speed_level.hpp
[0.558s] -- Up-to-date symlink: /home/giovanna/argo_go2_ws/install/go2_interfaces/include/go2_interfaces/srv/switch_gait.hpp
[0.559s] -- Up-to-date symlink: /home/giovanna/argo_go2_ws/install/go2_interfaces/include/go2_interfaces/srv/switch_joystick.hpp
[0.559s] -- Up-to-date symlink: /home/giovanna/argo_go2_ws/install/go2_interfaces/include/go2_interfaces/srv/detail/body_height__rosidl_typesupport_introspection_cpp.hpp
[0.560s] -- Up-to-date symlink: /home/giovanna/argo_go2_ws/install/go2_interfaces/include/go2_interfaces/srv/detail/continuous_gait__rosidl_typesupport_introspection_cpp.hpp
[0.560s] -- Up-to-date symlink: /home/giovanna/argo_go2_ws/install/go2_interfaces/include/go2_interfaces/srv/detail/euler__rosidl_typesupport_introspection_cpp.hpp
[0.561s] -- Up-to-date symlink: /home/giovanna/argo_go2_ws/install/go2_interfaces/include/go2_interfaces/srv/detail/foot_raise_height__rosidl_typesupport_introspection_cpp.hpp
[0.561s] -- Up-to-date symlink: /home/giovanna/argo_go2_ws/install/go2_interfaces/include/go2_interfaces/srv/detail/mode__rosidl_typesupport_introspection_cpp.hpp
[0.561s] -- Up-to-date symlink: /home/giovanna/argo_go2_ws/install/go2_interfaces/include/go2_interfaces/srv/detail/pose__rosidl_typesupport_introspection_cpp.hpp
[0.561s] -- Up-to-date symlink: /home/giovanna/argo_go2_ws/install/go2_interfaces/include/go2_interfaces/srv/detail/speed_level__rosidl_typesupport_introspection_cpp.hpp
[0.562s] -- Up-to-date symlink: /home/giovanna/argo_go2_ws/install/go2_interfaces/include/go2_interfaces/srv/detail/switch_gait__rosidl_typesupport_introspection_cpp.hpp
[0.562s] -- Up-to-date symlink: /home/giovanna/argo_go2_ws/install/go2_interfaces/include/go2_interfaces/srv/detail/switch_joystick__rosidl_typesupport_introspection_cpp.hpp
[0.563s] -- Up-to-date symlink: /home/giovanna/argo_go2_ws/install/go2_interfaces/share/go2_interfaces/environment/pythonpath.sh
[0.563s] -- Up-to-date symlink: /home/giovanna/argo_go2_ws/install/go2_interfaces/share/go2_interfaces/environment/pythonpath.dsv
[0.563s] -- Up-to-date symlink: /home/giovanna/argo_go2_ws/install/go2_interfaces/lib/python3.8/site-packages/go2_interfaces/__init__.py
[0.564s] -- Up-to-date symlink: /home/giovanna/argo_go2_ws/install/go2_interfaces/lib/python3.8/site-packages/go2_interfaces/srv/__init__.py
[0.564s] -- Up-to-date symlink: /home/giovanna/argo_go2_ws/install/go2_interfaces/lib/python3.8/site-packages/go2_interfaces/srv/_body_height.py
[0.565s] -- Up-to-date symlink: /home/giovanna/argo_go2_ws/install/go2_interfaces/lib/python3.8/site-packages/go2_interfaces/srv/_continuous_gait.py
[0.565s] -- Up-to-date symlink: /home/giovanna/argo_go2_ws/install/go2_interfaces/lib/python3.8/site-packages/go2_interfaces/srv/_euler.py
[0.566s] -- Up-to-date symlink: /home/giovanna/argo_go2_ws/install/go2_interfaces/lib/python3.8/site-packages/go2_interfaces/srv/_foot_raise_height.py
[0.566s] -- Up-to-date symlink: /home/giovanna/argo_go2_ws/install/go2_interfaces/lib/python3.8/site-packages/go2_interfaces/srv/_mode.py
[0.566s] -- Up-to-date symlink: /home/giovanna/argo_go2_ws/install/go2_interfaces/lib/python3.8/site-packages/go2_interfaces/srv/_pose.py
[0.566s] -- Up-to-date symlink: /home/giovanna/argo_go2_ws/install/go2_interfaces/lib/python3.8/site-packages/go2_interfaces/srv/_speed_level.py
[0.566s] -- Up-to-date symlink: /home/giovanna/argo_go2_ws/install/go2_interfaces/lib/python3.8/site-packages/go2_interfaces/srv/_switch_gait.py
[0.567s] -- Up-to-date symlink: /home/giovanna/argo_go2_ws/install/go2_interfaces/lib/python3.8/site-packages/go2_interfaces/srv/_switch_joystick.py
[0.567s] -- Up-to-date symlink: /home/giovanna/argo_go2_ws/install/go2_interfaces/lib/python3.8/site-packages/go2_interfaces/go2_interfaces_s__rosidl_typesupport_fastrtps_c.cpython-38-x86_64-linux-gnu.so
[0.567s] -- Up-to-date symlink: /home/giovanna/argo_go2_ws/install/go2_interfaces/lib/python3.8/site-packages/go2_interfaces/go2_interfaces_s__rosidl_typesupport_introspection_c.cpython-38-x86_64-linux-gnu.so
[0.568s] -- Up-to-date symlink: /home/giovanna/argo_go2_ws/install/go2_interfaces/lib/python3.8/site-packages/go2_interfaces/go2_interfaces_s__rosidl_typesupport_c.cpython-38-x86_64-linux-gnu.so
[0.569s] -- Up-to-date symlink: /home/giovanna/argo_go2_ws/install/go2_interfaces/lib/libgo2_interfaces__python.so
[0.569s] -- Up-to-date symlink: /home/giovanna/argo_go2_ws/install/go2_interfaces/share/go2_interfaces/srv/BodyHeight.idl
[0.570s] -- Up-to-date symlink: /home/giovanna/argo_go2_ws/install/go2_interfaces/share/go2_interfaces/srv/ContinuousGait.idl
[0.572s] -- Up-to-date symlink: /home/giovanna/argo_go2_ws/install/go2_interfaces/share/go2_interfaces/srv/Euler.idl
[0.574s] -- Up-to-date symlink: /home/giovanna/argo_go2_ws/install/go2_interfaces/share/go2_interfaces/srv/FootRaiseHeight.idl
[0.574s] -- Up-to-date symlink: /home/giovanna/argo_go2_ws/install/go2_interfaces/share/go2_interfaces/srv/Mode.idl
[0.574s] -- Up-to-date symlink: /home/giovanna/argo_go2_ws/install/go2_interfaces/share/go2_interfaces/srv/Pose.idl
[0.574s] -- Up-to-date symlink: /home/giovanna/argo_go2_ws/install/go2_interfaces/share/go2_interfaces/srv/SpeedLevel.idl
[0.575s] -- Up-to-date symlink: /home/giovanna/argo_go2_ws/install/go2_interfaces/share/go2_interfaces/srv/SwitchGait.idl
[0.575s] -- Up-to-date symlink: /home/giovanna/argo_go2_ws/install/go2_interfaces/share/go2_interfaces/srv/SwitchJoystick.idl
[0.575s] -- Up-to-date symlink: /home/giovanna/argo_go2_ws/install/go2_interfaces/share/go2_interfaces/srv/BodyHeight.srv
[0.575s] -- Up-to-date symlink: /home/giovanna/argo_go2_ws/install/go2_interfaces/share/go2_interfaces/srv/BodyHeight_Request.msg
[0.576s] -- Up-to-date symlink: /home/giovanna/argo_go2_ws/install/go2_interfaces/share/go2_interfaces/srv/BodyHeight_Response.msg
[0.578s] -- Up-to-date symlink: /home/giovanna/argo_go2_ws/install/go2_interfaces/share/go2_interfaces/srv/ContinuousGait.srv
[0.578s] -- Up-to-date symlink: /home/giovanna/argo_go2_ws/install/go2_interfaces/share/go2_interfaces/srv/ContinuousGait_Request.msg
[0.579s] -- Up-to-date symlink: /home/giovanna/argo_go2_ws/install/go2_interfaces/share/go2_interfaces/srv/ContinuousGait_Response.msg
[0.579s] -- Up-to-date symlink: /home/giovanna/argo_go2_ws/install/go2_interfaces/share/go2_interfaces/srv/Euler.srv
[0.579s] -- Up-to-date symlink: /home/giovanna/argo_go2_ws/install/go2_interfaces/share/go2_interfaces/srv/Euler_Request.msg
[0.579s] -- Up-to-date symlink: /home/giovanna/argo_go2_ws/install/go2_interfaces/share/go2_interfaces/srv/Euler_Response.msg
[0.579s] -- Up-to-date symlink: /home/giovanna/argo_go2_ws/install/go2_interfaces/share/go2_interfaces/srv/FootRaiseHeight.srv
[0.580s] -- Up-to-date symlink: /home/giovanna/argo_go2_ws/install/go2_interfaces/share/go2_interfaces/srv/FootRaiseHeight_Request.msg
[0.580s] -- Up-to-date symlink: /home/giovanna/argo_go2_ws/install/go2_interfaces/share/go2_interfaces/srv/FootRaiseHeight_Response.msg
[0.580s] -- Up-to-date symlink: /home/giovanna/argo_go2_ws/install/go2_interfaces/share/go2_interfaces/srv/Mode.srv
[0.581s] -- Up-to-date symlink: /home/giovanna/argo_go2_ws/install/go2_interfaces/share/go2_interfaces/srv/Mode_Request.msg
[0.581s] -- Up-to-date symlink: /home/giovanna/argo_go2_ws/install/go2_interfaces/share/go2_interfaces/srv/Mode_Response.msg
[0.582s] -- Up-to-date symlink: /home/giovanna/argo_go2_ws/install/go2_interfaces/share/go2_interfaces/srv/Pose.srv
[0.582s] -- Up-to-date symlink: /home/giovanna/argo_go2_ws/install/go2_interfaces/share/go2_interfaces/srv/Pose_Request.msg
[0.583s] -- Up-to-date symlink: /home/giovanna/argo_go2_ws/install/go2_interfaces/share/go2_interfaces/srv/Pose_Response.msg
[0.584s] -- Up-to-date symlink: /home/giovanna/argo_go2_ws/install/go2_interfaces/share/go2_interfaces/srv/SpeedLevel.srv
[0.584s] -- Up-to-date symlink: /home/giovanna/argo_go2_ws/install/go2_interfaces/share/go2_interfaces/srv/SpeedLevel_Request.msg
[0.584s] -- Up-to-date symlink: /home/giovanna/argo_go2_ws/install/go2_interfaces/share/go2_interfaces/srv/SpeedLevel_Response.msg
[0.584s] -- Up-to-date symlink: /home/giovanna/argo_go2_ws/install/go2_interfaces/share/go2_interfaces/srv/SwitchGait.srv
[0.584s] -- Up-to-date symlink: /home/giovanna/argo_go2_ws/install/go2_interfaces/share/go2_interfaces/srv/SwitchGait_Request.msg
[0.585s] -- Up-to-date symlink: /home/giovanna/argo_go2_ws/install/go2_interfaces/share/go2_interfaces/srv/SwitchGait_Response.msg
[0.585s] -- Up-to-date symlink: /home/giovanna/argo_go2_ws/install/go2_interfaces/share/go2_interfaces/srv/SwitchJoystick.srv
[0.585s] -- Up-to-date symlink: /home/giovanna/argo_go2_ws/install/go2_interfaces/share/go2_interfaces/srv/SwitchJoystick_Request.msg
[0.585s] -- Up-to-date symlink: /home/giovanna/argo_go2_ws/install/go2_interfaces/share/go2_interfaces/srv/SwitchJoystick_Response.msg
[0.587s] -- Up-to-date symlink: /home/giovanna/argo_go2_ws/install/go2_interfaces/share/ament_index/resource_index/package_run_dependencies/go2_interfaces
[0.587s] -- Up-to-date symlink: /home/giovanna/argo_go2_ws/install/go2_interfaces/share/ament_index/resource_index/parent_prefix_path/go2_interfaces
[0.589s] -- Up-to-date symlink: /home/giovanna/argo_go2_ws/install/go2_interfaces/share/go2_interfaces/environment/ament_prefix_path.sh
[0.590s] -- Up-to-date symlink: /home/giovanna/argo_go2_ws/install/go2_interfaces/share/go2_interfaces/environment/ament_prefix_path.dsv
[0.590s] -- Up-to-date symlink: /home/giovanna/argo_go2_ws/install/go2_interfaces/share/go2_interfaces/environment/path.sh
[0.591s] -- Up-to-date symlink: /home/giovanna/argo_go2_ws/install/go2_interfaces/share/go2_interfaces/environment/path.dsv
[0.591s] -- Up-to-date symlink: /home/giovanna/argo_go2_ws/install/go2_interfaces/share/go2_interfaces/local_setup.bash
[0.592s] -- Up-to-date symlink: /home/giovanna/argo_go2_ws/install/go2_interfaces/share/go2_interfaces/local_setup.sh
[0.592s] -- Up-to-date symlink: /home/giovanna/argo_go2_ws/install/go2_interfaces/share/go2_interfaces/local_setup.zsh
[0.592s] -- Up-to-date symlink: /home/giovanna/argo_go2_ws/install/go2_interfaces/share/go2_interfaces/local_setup.dsv
[0.594s] -- Symlinking: /home/giovanna/argo_go2_ws/install/go2_interfaces/share/go2_interfaces/package.dsv
[0.600s] -- Up-to-date symlink: /home/giovanna/argo_go2_ws/install/go2_interfaces/share/ament_index/resource_index/packages/go2_interfaces
[0.600s] -- Up-to-date symlink: /home/giovanna/argo_go2_ws/install/go2_interfaces/share/go2_interfaces/cmake/rosidl_cmake-extras.cmake
[0.600s] -- Up-to-date symlink: /home/giovanna/argo_go2_ws/install/go2_interfaces/share/go2_interfaces/cmake/ament_cmake_export_dependencies-extras.cmake
[0.600s] -- Up-to-date symlink: /home/giovanna/argo_go2_ws/install/go2_interfaces/share/go2_interfaces/cmake/ament_cmake_export_libraries-extras.cmake
[0.601s] -- Up-to-date symlink: /home/giovanna/argo_go2_ws/install/go2_interfaces/share/go2_interfaces/cmake/ament_cmake_export_targets-extras.cmake
[0.601s] -- Up-to-date symlink: /home/giovanna/argo_go2_ws/install/go2_interfaces/share/go2_interfaces/cmake/ament_cmake_export_include_directories-extras.cmake
[0.601s] -- Up-to-date symlink: /home/giovanna/argo_go2_ws/install/go2_interfaces/share/go2_interfaces/cmake/rosidl_cmake_export_typesupport_libraries-extras.cmake
[0.602s] -- Up-to-date symlink: /home/giovanna/argo_go2_ws/install/go2_interfaces/share/go2_interfaces/cmake/rosidl_cmake_export_typesupport_targets-extras.cmake
[0.602s] -- Up-to-date symlink: /home/giovanna/argo_go2_ws/install/go2_interfaces/share/go2_interfaces/cmake/go2_interfacesConfig.cmake
[0.602s] -- Up-to-date symlink: /home/giovanna/argo_go2_ws/install/go2_interfaces/share/go2_interfaces/cmake/go2_interfacesConfig-version.cmake
[0.603s] -- Up-to-date symlink: /home/giovanna/argo_go2_ws/install/go2_interfaces/share/go2_interfaces/package.xml
[0.603s] -- Up-to-date: /home/giovanna/argo_go2_ws/install/go2_interfaces/lib/libgo2_interfaces__rosidl_generator_c.so
[0.604s] -- Up-to-date: /home/giovanna/argo_go2_ws/install/go2_interfaces/lib/libgo2_interfaces__rosidl_typesupport_introspection_c.so
[0.604s] -- Up-to-date: /home/giovanna/argo_go2_ws/install/go2_interfaces/lib/libgo2_interfaces__rosidl_typesupport_c.so
[0.605s] -- Up-to-date: /home/giovanna/argo_go2_ws/install/go2_interfaces/lib/libgo2_interfaces__rosidl_typesupport_introspection_cpp.so
[0.606s] -- Up-to-date: /home/giovanna/argo_go2_ws/install/go2_interfaces/lib/libgo2_interfaces__rosidl_typesupport_cpp.so
[0.635s] -- Up-to-date: /home/giovanna/argo_go2_ws/install/go2_interfaces/share/go2_interfaces/cmake/go2_interfaces__rosidl_generator_cExport.cmake
[0.635s] -- Up-to-date: /home/giovanna/argo_go2_ws/install/go2_interfaces/share/go2_interfaces/cmake/go2_interfaces__rosidl_generator_cExport-noconfig.cmake
[0.636s] -- Up-to-date: /home/giovanna/argo_go2_ws/install/go2_interfaces/share/go2_interfaces/cmake/go2_interfaces__rosidl_typesupport_introspection_cExport.cmake
[0.637s] -- Up-to-date: /home/giovanna/argo_go2_ws/install/go2_interfaces/share/go2_interfaces/cmake/go2_interfaces__rosidl_typesupport_introspection_cExport-noconfig.cmake
[0.637s] -- Up-to-date: /home/giovanna/argo_go2_ws/install/go2_interfaces/share/go2_interfaces/cmake/go2_interfaces__rosidl_typesupport_cExport.cmake
[0.637s] -- Up-to-date: /home/giovanna/argo_go2_ws/install/go2_interfaces/share/go2_interfaces/cmake/go2_interfaces__rosidl_typesupport_cExport-noconfig.cmake
[0.637s] -- Up-to-date: /home/giovanna/argo_go2_ws/install/go2_interfaces/share/go2_interfaces/cmake/go2_interfaces__rosidl_generator_cppExport.cmake
[0.637s] -- Up-to-date: /home/giovanna/argo_go2_ws/install/go2_interfaces/share/go2_interfaces/cmake/go2_interfaces__rosidl_typesupport_introspection_cppExport.cmake
[0.637s] -- Up-to-date: /home/giovanna/argo_go2_ws/install/go2_interfaces/share/go2_interfaces/cmake/go2_interfaces__rosidl_typesupport_introspection_cppExport-noconfig.cmake
[0.638s] -- Up-to-date: /home/giovanna/argo_go2_ws/install/go2_interfaces/share/go2_interfaces/cmake/go2_interfaces__rosidl_typesupport_cppExport.cmake
[0.638s] -- Up-to-date: /home/giovanna/argo_go2_ws/install/go2_interfaces/share/go2_interfaces/cmake/go2_interfaces__rosidl_typesupport_cppExport-noconfig.cmake
[0.648s] Invoked command in '/home/giovanna/argo_go2_ws/build/go2_interfaces' returned '0': CMAKE_PREFIX_PATH=/opt/ros/foxy /usr/bin/cmake --install /home/giovanna/argo_go2_ws/build/go2_interfaces
