[0.046s] Invoking command in '/home/giovanna/argo_go2_ws/build/go2_rviz': CMAKE_PREFIX_PATH=/opt/ros/foxy /usr/bin/cmake /home/giovanna/argo_go2_ws/src/go2_rviz -DAMENT_CMAKE_SYMLINK_INSTALL=1 -DCMAKE_INSTALL_PREFIX=/home/giovanna/argo_go2_ws/install/go2_rviz
[0.196s] -- The C compiler identification is GNU 9.4.0
[0.327s] -- The CXX compiler identification is GNU 9.4.0
[0.331s] -- Check for working C compiler: /usr/bin/cc
[0.429s] -- Check for working C compiler: /usr/bin/cc -- works
[0.431s] -- Detecting C compiler ABI info
[0.532s] -- Detecting C compiler ABI info - done
[0.544s] -- Detecting C compile features
[0.544s] -- Detecting C compile features - done
[0.549s] -- Check for working CXX compiler: /usr/bin/c++
[0.663s] -- Check for working CXX compiler: /usr/bin/c++ -- works
[0.665s] -- Detecting CXX compiler ABI info
[0.780s] -- Detecting CXX compiler ABI info - done
[0.792s] -- Detecting CXX compile features
[0.793s] -- Detecting CXX compile features - done
[0.796s] -- Found ament_cmake: 0.9.12 (/opt/ros/foxy/share/ament_cmake/cmake)
[0.827s] -- Found PythonInterp: /usr/bin/python3 (found suitable version "3.8.10", minimum required is "3") 
[0.827s] -- Using PYTHON_EXECUTABLE: /usr/bin/python3
[1.057s] -- Override CMake install command with custom implementation using symlinks instead of copying resources
[1.095s] -- Found ament_lint_auto: 0.9.8 (/opt/ros/foxy/share/ament_lint_auto/cmake)
[1.192s] -- Added test 'flake8' to check Python code syntax and style conventions
[1.192s] -- Added test 'lint_cmake' to check CMake code style
[1.193s] -- Added test 'pep257' to check Python code against some of the style conventions in PEP 257
[1.194s] -- Added test 'xmllint' to check XML markup files
[1.197s] -- Configuring done
[1.199s] -- Generating done
[1.201s] -- Build files have been written to: /home/giovanna/argo_go2_ws/build/go2_rviz
[1.225s] Invoked command in '/home/giovanna/argo_go2_ws/build/go2_rviz' returned '0': CMAKE_PREFIX_PATH=/opt/ros/foxy /usr/bin/cmake /home/giovanna/argo_go2_ws/src/go2_rviz -DAMENT_CMAKE_SYMLINK_INSTALL=1 -DCMAKE_INSTALL_PREFIX=/home/giovanna/argo_go2_ws/install/go2_rviz
[1.229s] Invoking command in '/home/giovanna/argo_go2_ws/build/go2_rviz': CMAKE_PREFIX_PATH=/opt/ros/foxy /usr/bin/cmake --build /home/giovanna/argo_go2_ws/build/go2_rviz -- -j16 -l16
[1.283s] Invoked command in '/home/giovanna/argo_go2_ws/build/go2_rviz' returned '0': CMAKE_PREFIX_PATH=/opt/ros/foxy /usr/bin/cmake --build /home/giovanna/argo_go2_ws/build/go2_rviz -- -j16 -l16
[1.287s] Invoking command in '/home/giovanna/argo_go2_ws/build/go2_rviz': CMAKE_PREFIX_PATH=/opt/ros/foxy /usr/bin/cmake --install /home/giovanna/argo_go2_ws/build/go2_rviz
[1.302s] -- Install configuration: ""
[1.302s] -- Execute custom install script
[1.302s] -- Symlinking: /home/giovanna/argo_go2_ws/install/go2_rviz/share/go2_rviz/launch/rviz.launch.py
[1.313s] -- Symlinking: /home/giovanna/argo_go2_ws/install/go2_rviz/share/go2_rviz/config/go2_rviz.rviz
[1.324s] -- Symlinking: /home/giovanna/argo_go2_ws/install/go2_rviz/share/ament_index/resource_index/package_run_dependencies/go2_rviz
[1.334s] -- Symlinking: /home/giovanna/argo_go2_ws/install/go2_rviz/share/ament_index/resource_index/parent_prefix_path/go2_rviz
[1.346s] -- Symlinking: /home/giovanna/argo_go2_ws/install/go2_rviz/share/go2_rviz/environment/ament_prefix_path.sh
[1.358s] -- Symlinking: /home/giovanna/argo_go2_ws/install/go2_rviz/share/go2_rviz/environment/ament_prefix_path.dsv
[1.369s] -- Symlinking: /home/giovanna/argo_go2_ws/install/go2_rviz/share/go2_rviz/environment/path.sh
[1.381s] -- Symlinking: /home/giovanna/argo_go2_ws/install/go2_rviz/share/go2_rviz/environment/path.dsv
[1.393s] -- Symlinking: /home/giovanna/argo_go2_ws/install/go2_rviz/share/go2_rviz/local_setup.bash
[1.404s] -- Symlinking: /home/giovanna/argo_go2_ws/install/go2_rviz/share/go2_rviz/local_setup.sh
[1.415s] -- Symlinking: /home/giovanna/argo_go2_ws/install/go2_rviz/share/go2_rviz/local_setup.zsh
[1.426s] -- Symlinking: /home/giovanna/argo_go2_ws/install/go2_rviz/share/go2_rviz/local_setup.dsv
[1.437s] -- Symlinking: /home/giovanna/argo_go2_ws/install/go2_rviz/share/go2_rviz/package.dsv
[1.450s] -- Symlinking: /home/giovanna/argo_go2_ws/install/go2_rviz/share/ament_index/resource_index/packages/go2_rviz
[1.461s] -- Symlinking: /home/giovanna/argo_go2_ws/install/go2_rviz/share/go2_rviz/cmake/go2_rvizConfig.cmake
[1.473s] -- Symlinking: /home/giovanna/argo_go2_ws/install/go2_rviz/share/go2_rviz/cmake/go2_rvizConfig-version.cmake
[1.484s] -- Symlinking: /home/giovanna/argo_go2_ws/install/go2_rviz/share/go2_rviz/package.xml
[1.530s] Invoked command in '/home/giovanna/argo_go2_ws/build/go2_rviz' returned '0': CMAKE_PREFIX_PATH=/opt/ros/foxy /usr/bin/cmake --install /home/giovanna/argo_go2_ws/build/go2_rviz
