-- Found ament_cmake: 0.9.12 (/opt/ros/foxy/share/ament_cmake/cmake)
-- Using PYTHON_EXECUTABLE: /usr/bin/python3
-- Override CMake install command with custom implementation using symlinks instead of copying resources
-- Configuring done
-- Generating done
-- Build files have been written to: /home/giovanna/argo_go2_ws/build/go2_robot
-- Install configuration: ""
-- Execute custom install script
-- Up-to-date symlink: /home/giovanna/argo_go2_ws/install/go2_robot/share/ament_index/resource_index/package_run_dependencies/go2_robot
-- Up-to-date symlink: /home/giovanna/argo_go2_ws/install/go2_robot/share/ament_index/resource_index/parent_prefix_path/go2_robot
-- Up-to-date symlink: /home/giovanna/argo_go2_ws/install/go2_robot/share/go2_robot/environment/ament_prefix_path.sh
-- Up-to-date symlink: /home/giovanna/argo_go2_ws/install/go2_robot/share/go2_robot/environment/ament_prefix_path.dsv
-- Up-to-date symlink: /home/giovanna/argo_go2_ws/install/go2_robot/share/go2_robot/environment/path.sh
-- Up-to-date symlink: /home/giovanna/argo_go2_ws/install/go2_robot/share/go2_robot/environment/path.dsv
-- Up-to-date symlink: /home/giovanna/argo_go2_ws/install/go2_robot/share/go2_robot/local_setup.bash
-- Up-to-date symlink: /home/giovanna/argo_go2_ws/install/go2_robot/share/go2_robot/local_setup.sh
-- Up-to-date symlink: /home/giovanna/argo_go2_ws/install/go2_robot/share/go2_robot/local_setup.zsh
-- Up-to-date symlink: /home/giovanna/argo_go2_ws/install/go2_robot/share/go2_robot/local_setup.dsv
-- Symlinking: /home/giovanna/argo_go2_ws/install/go2_robot/share/go2_robot/package.dsv
-- Up-to-date symlink: /home/giovanna/argo_go2_ws/install/go2_robot/share/ament_index/resource_index/packages/go2_robot
-- Up-to-date symlink: /home/giovanna/argo_go2_ws/install/go2_robot/share/go2_robot/cmake/go2_robotConfig.cmake
-- Up-to-date symlink: /home/giovanna/argo_go2_ws/install/go2_robot/share/go2_robot/cmake/go2_robotConfig-version.cmake
-- Up-to-date symlink: /home/giovanna/argo_go2_ws/install/go2_robot/share/go2_robot/package.xml
