[0.063s] Invoking command in '/home/giovanna/argo_go2_ws/build/go2_robot': AMENT_PREFIX_PATH=/home/giovanna/argo_go2_ws/install/go2_description:${AMENT_PREFIX_PATH} CMAKE_PREFIX_PATH=/home/giovanna/argo_go2_ws/install/go2_description:/opt/ros/foxy /usr/bin/cmake --build /home/giovanna/argo_go2_ws/build/go2_robot -- -j16 -l16
[0.114s] Invoked command in '/home/giovanna/argo_go2_ws/build/go2_robot' returned '0': AMENT_PREFIX_PATH=/home/giovanna/argo_go2_ws/install/go2_description:${AMENT_PREFIX_PATH} CMAKE_PREFIX_PATH=/home/giovanna/argo_go2_ws/install/go2_description:/opt/ros/foxy /usr/bin/cmake --build /home/giovanna/argo_go2_ws/build/go2_robot -- -j16 -l16
[0.120s] Invoking command in '/home/giovanna/argo_go2_ws/build/go2_robot': AMENT_PREFIX_PATH=/home/giovanna/argo_go2_ws/install/go2_description:${AMENT_PREFIX_PATH} CMAKE_PREFIX_PATH=/home/giovanna/argo_go2_ws/install/go2_description:/opt/ros/foxy /usr/bin/cmake --install /home/giovanna/argo_go2_ws/build/go2_robot
[0.143s] -- Install configuration: ""
[0.144s] -- Execute custom install script
[0.144s] -- Up-to-date symlink: /home/giovanna/argo_go2_ws/install/go2_robot/share/ament_index/resource_index/package_run_dependencies/go2_robot
[0.144s] -- Up-to-date symlink: /home/giovanna/argo_go2_ws/install/go2_robot/share/ament_index/resource_index/parent_prefix_path/go2_robot
[0.144s] -- Up-to-date symlink: /home/giovanna/argo_go2_ws/install/go2_robot/share/go2_robot/environment/ament_prefix_path.sh
[0.144s] -- Up-to-date symlink: /home/giovanna/argo_go2_ws/install/go2_robot/share/go2_robot/environment/ament_prefix_path.dsv
[0.144s] -- Up-to-date symlink: /home/giovanna/argo_go2_ws/install/go2_robot/share/go2_robot/environment/path.sh
[0.144s] -- Up-to-date symlink: /home/giovanna/argo_go2_ws/install/go2_robot/share/go2_robot/environment/path.dsv
[0.144s] -- Up-to-date symlink: /home/giovanna/argo_go2_ws/install/go2_robot/share/go2_robot/local_setup.bash
[0.145s] -- Up-to-date symlink: /home/giovanna/argo_go2_ws/install/go2_robot/share/go2_robot/local_setup.sh
[0.145s] -- Up-to-date symlink: /home/giovanna/argo_go2_ws/install/go2_robot/share/go2_robot/local_setup.zsh
[0.145s] -- Up-to-date symlink: /home/giovanna/argo_go2_ws/install/go2_robot/share/go2_robot/local_setup.dsv
[0.145s] -- Symlinking: /home/giovanna/argo_go2_ws/install/go2_robot/share/go2_robot/package.dsv
[0.158s] -- Up-to-date symlink: /home/giovanna/argo_go2_ws/install/go2_robot/share/ament_index/resource_index/packages/go2_robot
[0.158s] -- Up-to-date symlink: /home/giovanna/argo_go2_ws/install/go2_robot/share/go2_robot/cmake/go2_robotConfig.cmake
[0.158s] -- Up-to-date symlink: /home/giovanna/argo_go2_ws/install/go2_robot/share/go2_robot/cmake/go2_robotConfig-version.cmake
[0.159s] -- Up-to-date symlink: /home/giovanna/argo_go2_ws/install/go2_robot/share/go2_robot/package.xml
[0.167s] Invoked command in '/home/giovanna/argo_go2_ws/build/go2_robot' returned '0': AMENT_PREFIX_PATH=/home/giovanna/argo_go2_ws/install/go2_description:${AMENT_PREFIX_PATH} CMAKE_PREFIX_PATH=/home/giovanna/argo_go2_ws/install/go2_description:/opt/ros/foxy /usr/bin/cmake --install /home/giovanna/argo_go2_ws/build/go2_robot
