[0.000000] (-) TimerEvent: {}
[0.000188] (-) JobUnselected: {'identifier': 'go2_bringup'}
[0.000325] (-) JobUnselected: {'identifier': 'go2_description'}
[0.000374] (-) JobUnselected: {'identifier': 'go2_hardware'}
[0.000398] (-) JobUnselected: {'identifier': 'go2_interfaces'}
[0.000430] (-) JobUnselected: {'identifier': 'go2_nav'}
[0.000450] (-) JobUnselected: {'identifier': 'go2_robot'}
[0.000469] (-) JobUnselected: {'identifier': 'go2_rviz'}
[0.000488] (-) JobUnselected: {'identifier': 'go2_simulation'}
[0.000507] (-) JobUnselected: {'identifier': 'hesai_ros_driver'}
[0.000525] (-) JobUnselected: {'identifier': 'unitree_api'}
[0.000543] (-) JobUnselected: {'identifier': 'unitree_go'}
[0.000564] (go2_driver) JobQueued: {'identifier': 'go2_driver', 'dependencies': OrderedDict([('go2_interfaces', '/home/giovanna/argo_go2_ws/install/go2_interfaces'), ('unitree_api', '/home/giovanna/argo_go2_ws/install/unitree_api'), ('unitree_go', '/home/giovanna/argo_go2_ws/install/unitree_go')])}
[0.000592] (go2_driver) JobStarted: {'identifier': 'go2_driver'}
[0.025095] (go2_driver) JobProgress: {'identifier': 'go2_driver', 'progress': 'cmake'}
[0.026188] (go2_driver) Command: {'cmd': ['/usr/bin/cmake', '/home/giovanna/argo_go2_ws/src/go2_driver', '-DAMENT_CMAKE_SYMLINK_INSTALL=1', '-DCMAKE_INSTALL_PREFIX=/home/giovanna/argo_go2_ws/install/go2_driver'], 'cwd': '/home/giovanna/argo_go2_ws/build/go2_driver', 'env': OrderedDict([('GJS_DEBUG_TOPICS', 'JS ERROR;JS LOG'), ('LESSOPEN', '| /usr/bin/lesspipe %s'), ('VSCODE_CWD', '/home/giovanna'), ('USER', 'giovanna'), ('LC_TIME', 'it_IT.UTF-8'), ('VSCODE_NLS_CONFIG', '{"userLocale":"en-us","osLocale":"en-us","resolvedLanguage":"en","defaultMessagesFile":"/usr/share/antigravity/resources/app/out/nls.messages.json","locale":"en-us","availableLanguages":{}}'), ('SSH_AGENT_PID', '1697'), ('XDG_SESSION_TYPE', 'x11'), ('SHLVL', '0'), ('LD_LIBRARY_PATH', '/home/giovanna/argo_go2_ws/install/unitree_go/lib:/home/giovanna/argo_go2_ws/install/unitree_api/lib:/home/giovanna/argo_go2_ws/install/go2_interfaces/lib:/opt/ros/foxy/opt/yaml_cpp_vendor/lib:/opt/ros/foxy/opt/rviz_ogre_vendor/lib:/opt/ros/foxy/lib/x86_64-linux-gnu:/opt/ros/foxy/lib'), ('HOME', '/home/giovanna'), ('CHROME_DESKTOP', 'antigravity.desktop'), ('DESKTOP_SESSION', 'ubuntu'), ('VSCODE_IPC_HOOK', '/run/user/1000/vscode-de51444a-1.10-main.sock'), ('GIO_LAUNCHED_DESKTOP_FILE', '/usr/share/applications/antigravity.desktop'), ('ROS_PYTHON_VERSION', '3'), ('GNOME_SHELL_SESSION_MODE', 'ubuntu'), ('GTK_MODULES', 'gail:atk-bridge'), ('PAGER', 'cat'), ('LC_MONETARY', 'it_IT.UTF-8'), ('MANAGERPID', '1544'), ('DBUS_SESSION_BUS_ADDRESS', 'unix:path=/run/user/1000/bus'), ('ANTIGRAVITY_AGENT', '1'), ('GIO_LAUNCHED_DESKTOP_FILE_PID', '4222'), ('IM_CONFIG_PHASE', '1'), ('ROS_DISTRO', 'foxy'), ('LOGNAME', 'giovanna'), ('JOURNAL_STREAM', '8:40948'), ('_', '/usr/bin/colcon'), ('ROS_VERSION', '2'), ('XDG_SESSION_CLASS', 'user'), ('USERNAME', 'giovanna'), ('TERM', 'dumb'), ('GNOME_DESKTOP_SESSION_ID', 'this-is-deprecated'), ('FC_FONTATIONS', '1'), ('ROS_LOCALHOST_ONLY', '0'), ('WINDOWPATH', '2'), ('ANTIGRAVITY_EDITOR_APP_ROOT', '/usr/share/antigravity/resources/app'), ('PATH', '/opt/ros/foxy/bin:/usr/local/sbin:/usr/local/bin:/usr/sbin:/usr/bin:/sbin:/bin:/usr/games:/usr/local/games:/snap/bin'), ('SESSION_MANAGER', 'local/giovanna-lenovo20:@/tmp/.ICE-unix/1771,unix/giovanna-lenovo20:/tmp/.ICE-unix/1771'), ('INVOCATION_ID', '8a18892a46224c8c9d24bb25afa494f3'), ('XDG_MENU_PREFIX', 'gnome-'), ('LC_ADDRESS', 'it_IT.UTF-8'), ('XDG_RUNTIME_DIR', '/run/user/1000'), ('GDK_BACKEND', 'x11'), ('DISPLAY', ':0'), ('LANG', 'en_US.UTF-8'), ('XDG_CURRENT_DESKTOP', 'ubuntu:GNOME'), ('LC_TELEPHONE', 'it_IT.UTF-8'), ('XMODIFIERS', '@im=ibus'), ('XDG_SESSION_DESKTOP', 'ubuntu'), ('XAUTHORITY', '/run/user/1000/gdm/Xauthority'), ('LS_COLORS', ''), ('SSH_AUTH_SOCK', '/run/user/1000/keyring/ssh'), ('AMENT_PREFIX_PATH', '/home/giovanna/argo_go2_ws/install/unitree_go:/home/giovanna/argo_go2_ws/install/unitree_api:/home/giovanna/argo_go2_ws/install/go2_interfaces:/opt/ros/foxy'), ('SHELL', '/bin/bash'), ('LC_NAME', 'it_IT.UTF-8'), ('QT_ACCESSIBILITY', '1'), ('GDMSESSION', 'ubuntu'), ('LESSCLOSE', '/usr/bin/lesspipe %s %s'), ('LC_MEASUREMENT', 'it_IT.UTF-8'), ('GPG_AGENT_INFO', '/run/user/1000/gnupg/S.gpg-agent:0:1'), ('GJS_DEBUG_OUTPUT', 'stderr'), ('LC_IDENTIFICATION', 'it_IT.UTF-8'), ('QT_IM_MODULE', 'ibus'), ('ANTIGRAVITY_TRAJECTORY_ID', '1f6d3fbb-af4b-4da7-8d7e-c84ab60d6b73'), ('PWD', '/home/giovanna/argo_go2_ws/build/go2_driver'), ('LC_ALL', 'en_US.UTF-8'), ('XDG_CONFIG_DIRS', '/etc/xdg/xdg-ubuntu:/etc/xdg'), ('VSCODE_CODE_CACHE_PATH', '/home/giovanna/.config/Antigravity/CachedData/15487b3041e65228cae24980a3f796c905ef582c'), ('XDG_DATA_DIRS', '/usr/share/ubuntu:/usr/local/share/:/usr/share/:/var/lib/snapd/desktop'), ('PYTHONPATH', '/home/giovanna/argo_go2_ws/install/unitree_go/lib/python3.8/site-packages:/home/giovanna/argo_go2_ws/install/unitree_api/lib/python3.8/site-packages:/home/giovanna/argo_go2_ws/install/go2_interfaces/lib/python3.8/site-packages:/opt/ros/foxy/lib/python3.8/site-packages'), ('LC_NUMERIC', 'it_IT.UTF-8'), ('LC_PAPER', 'it_IT.UTF-8'), ('COLCON', '1'), ('VSCODE_PID', '4222'), ('CMAKE_PREFIX_PATH', '/home/giovanna/argo_go2_ws/install/unitree_go:/home/giovanna/argo_go2_ws/install/unitree_api:/home/giovanna/argo_go2_ws/install/go2_interfaces:/opt/ros/foxy')]), 'shell': False}
[0.099474] (go2_driver) StdoutLine: {'line': b'-- The C compiler identification is GNU 9.4.0\n'}
[0.100037] (-) TimerEvent: {}
[0.158925] (go2_driver) StdoutLine: {'line': b'-- The CXX compiler identification is GNU 9.4.0\n'}
[0.163185] (go2_driver) StdoutLine: {'line': b'-- Check for working C compiler: /usr/bin/cc\n'}
[0.200170] (-) TimerEvent: {}
[0.241075] (go2_driver) StdoutLine: {'line': b'-- Check for working C compiler: /usr/bin/cc -- works\n'}
[0.241752] (go2_driver) StdoutLine: {'line': b'-- Detecting C compiler ABI info\n'}
[0.300313] (-) TimerEvent: {}
[0.332822] (go2_driver) StdoutLine: {'line': b'-- Detecting C compiler ABI info - done\n'}
[0.346860] (go2_driver) StdoutLine: {'line': b'-- Detecting C compile features\n'}
[0.347277] (go2_driver) StdoutLine: {'line': b'-- Detecting C compile features - done\n'}
[0.350954] (go2_driver) StdoutLine: {'line': b'-- Check for working CXX compiler: /usr/bin/c++\n'}
[0.400463] (-) TimerEvent: {}
[0.447617] (go2_driver) StdoutLine: {'line': b'-- Check for working CXX compiler: /usr/bin/c++ -- works\n'}
[0.449831] (go2_driver) StdoutLine: {'line': b'-- Detecting CXX compiler ABI info\n'}
[0.500616] (-) TimerEvent: {}
[0.571068] (go2_driver) StdoutLine: {'line': b'-- Detecting CXX compiler ABI info - done\n'}
[0.583131] (go2_driver) StdoutLine: {'line': b'-- Detecting CXX compile features\n'}
[0.583706] (go2_driver) StdoutLine: {'line': b'-- Detecting CXX compile features - done\n'}
[0.586499] (go2_driver) StdoutLine: {'line': b'-- Found ament_cmake: 0.9.12 (/opt/ros/foxy/share/ament_cmake/cmake)\n'}
[0.600786] (-) TimerEvent: {}
[0.614355] (go2_driver) StdoutLine: {'line': b'-- Found PythonInterp: /usr/bin/python3 (found suitable version "3.8.10", minimum required is "3") \n'}
[0.614590] (go2_driver) StdoutLine: {'line': b'-- Using PYTHON_EXECUTABLE: /usr/bin/python3\n'}
[0.700868] (-) TimerEvent: {}
[0.758025] (go2_driver) StdoutLine: {'line': b'-- Override CMake install command with custom implementation using symlinks instead of copying resources\n'}
[0.793513] (go2_driver) StdoutLine: {'line': b'-- Found rclcpp: 2.4.3 (/opt/ros/foxy/share/rclcpp/cmake)\n'}
[0.800984] (-) TimerEvent: {}
[0.835805] (go2_driver) StdoutLine: {'line': b'-- Using all available rosidl_typesupport_c: rosidl_typesupport_fastrtps_c;rosidl_typesupport_introspection_c\n'}
[0.842141] (go2_driver) StdoutLine: {'line': b'-- Found rosidl_adapter: 1.3.1 (/opt/ros/foxy/share/rosidl_adapter/cmake)\n'}
[0.901136] (-) TimerEvent: {}
[0.926178] (go2_driver) StdoutLine: {'line': b'-- Found OpenSSL: /usr/lib/x86_64-linux-gnu/libcrypto.so (found version "1.1.1f")  \n'}
[0.956505] (go2_driver) StdoutLine: {'line': b'-- Found FastRTPS: /opt/ros/foxy/include  \n'}
[1.001254] (-) TimerEvent: {}
[1.021994] (go2_driver) StdoutLine: {'line': b'-- Using all available rosidl_typesupport_cpp: rosidl_typesupport_fastrtps_cpp;rosidl_typesupport_introspection_cpp\n'}
[1.074114] (go2_driver) StdoutLine: {'line': b'-- Found rmw_implementation_cmake: 1.0.4 (/opt/ros/foxy/share/rmw_implementation_cmake/cmake)\n'}
[1.075108] (go2_driver) StdoutLine: {'line': b"-- Using RMW implementation 'rmw_fastrtps_cpp' as default\n"}
[1.075860] (go2_driver) StdoutLine: {'line': b'-- Looking for pthread.h\n'}
[1.101474] (-) TimerEvent: {}
[1.168539] (go2_driver) StdoutLine: {'line': b'-- Looking for pthread.h - found\n'}
[1.168748] (go2_driver) StdoutLine: {'line': b'-- Performing Test CMAKE_HAVE_LIBC_PTHREAD\n'}
[1.201590] (-) TimerEvent: {}
[1.261598] (go2_driver) StdoutLine: {'line': b'-- Performing Test CMAKE_HAVE_LIBC_PTHREAD - Failed\n'}
[1.262175] (go2_driver) StdoutLine: {'line': b'-- Looking for pthread_create in pthreads\n'}
[1.301778] (-) TimerEvent: {}
[1.350750] (go2_driver) StdoutLine: {'line': b'-- Looking for pthread_create in pthreads - not found\n'}
[1.351292] (go2_driver) StdoutLine: {'line': b'-- Looking for pthread_create in pthread\n'}
[1.401940] (-) TimerEvent: {}
[1.445498] (go2_driver) StdoutLine: {'line': b'-- Looking for pthread_create in pthread - found\n'}
[1.446338] (go2_driver) StdoutLine: {'line': b'-- Found Threads: TRUE  \n'}
[1.502035] (-) TimerEvent: {}
[1.583339] (go2_driver) StdoutLine: {'line': b'-- Found rclcpp_lifecycle: 2.4.3 (/opt/ros/foxy/share/rclcpp_lifecycle/cmake)\n'}
[1.602125] (-) TimerEvent: {}
[1.620209] (go2_driver) StdoutLine: {'line': b'-- Found rclcpp_components: 2.4.3 (/opt/ros/foxy/share/rclcpp_components/cmake)\n'}
[1.680265] (go2_driver) StdoutLine: {'line': b'-- Found sensor_msgs: 2.0.5 (/opt/ros/foxy/share/sensor_msgs/cmake)\n'}
[1.702252] (-) TimerEvent: {}
[1.768554] (go2_driver) StdoutLine: {'line': b'-- Found nav_msgs: 2.0.5 (/opt/ros/foxy/share/nav_msgs/cmake)\n'}
[1.802380] (-) TimerEvent: {}
[1.824763] (go2_driver) StdoutLine: {'line': b'-- Found unitree_go: 0.0.1 (/home/giovanna/argo_go2_ws/install/unitree_go/share/unitree_go/cmake)\n'}
[1.871859] (go2_driver) StdoutLine: {'line': b'-- Found unitree_api: 0.0.0 (/home/giovanna/argo_go2_ws/install/unitree_api/share/unitree_api/cmake)\n'}
[1.902503] (-) TimerEvent: {}
[1.917488] (go2_driver) StdoutLine: {'line': b'-- Found tf2_ros: 0.13.14 (/opt/ros/foxy/share/tf2_ros/cmake)\n'}
[2.002638] (-) TimerEvent: {}
[2.102958] (-) TimerEvent: {}
[2.153286] (go2_driver) StdoutLine: {'line': b'-- Found go2_interfaces: 1.0.0 (/home/giovanna/argo_go2_ws/install/go2_interfaces/share/go2_interfaces/cmake)\n'}
[2.164559] (go2_driver) StdoutLine: {'line': b'-- Found ament_lint_auto: 0.9.8 (/opt/ros/foxy/share/ament_lint_auto/cmake)\n'}
[2.203056] (-) TimerEvent: {}
[2.268786] (go2_driver) StdoutLine: {'line': b"-- Added test 'cppcheck' to perform static code analysis on C / C++ code\n"}
[2.269189] (go2_driver) StdoutLine: {'line': b'-- Configured cppcheck include dirs: /home/giovanna/argo_go2_ws/src/go2_driver/include\n'}
[2.269347] (go2_driver) StdoutLine: {'line': b'-- Configured cppcheck exclude dirs and/or files: \n'}
[2.269586] (go2_driver) StdoutLine: {'line': b"-- Added test 'flake8' to check Python code syntax and style conventions\n"}
[2.270052] (go2_driver) StdoutLine: {'line': b"-- Added test 'lint_cmake' to check CMake code style\n"}
[2.270443] (go2_driver) StdoutLine: {'line': b"-- Added test 'pep257' to check Python code against some of the style conventions in PEP 257\n"}
[2.271291] (go2_driver) StdoutLine: {'line': b"-- Added test 'uncrustify' to check C / C++ code style\n"}
[2.271417] (go2_driver) StdoutLine: {'line': b'-- Configured uncrustify additional arguments: \n'}
[2.271743] (go2_driver) StdoutLine: {'line': b"-- Added test 'xmllint' to check XML markup files\n"}
[2.277250] (go2_driver) StdoutLine: {'line': b'-- Configuring done\n'}
[2.290861] (go2_driver) StdoutLine: {'line': b'-- Generating done\n'}
[2.296477] (go2_driver) StdoutLine: {'line': b'-- Build files have been written to: /home/giovanna/argo_go2_ws/build/go2_driver\n'}
[2.303164] (-) TimerEvent: {}
[2.305493] (go2_driver) CommandEnded: {'returncode': 0}
[2.309469] (go2_driver) JobProgress: {'identifier': 'go2_driver', 'progress': 'build'}
[2.309692] (go2_driver) Command: {'cmd': ['/usr/bin/cmake', '--build', '/home/giovanna/argo_go2_ws/build/go2_driver', '--', '-j16', '-l16'], 'cwd': '/home/giovanna/argo_go2_ws/build/go2_driver', 'env': OrderedDict([('GJS_DEBUG_TOPICS', 'JS ERROR;JS LOG'), ('LESSOPEN', '| /usr/bin/lesspipe %s'), ('VSCODE_CWD', '/home/giovanna'), ('USER', 'giovanna'), ('LC_TIME', 'it_IT.UTF-8'), ('VSCODE_NLS_CONFIG', '{"userLocale":"en-us","osLocale":"en-us","resolvedLanguage":"en","defaultMessagesFile":"/usr/share/antigravity/resources/app/out/nls.messages.json","locale":"en-us","availableLanguages":{}}'), ('SSH_AGENT_PID', '1697'), ('XDG_SESSION_TYPE', 'x11'), ('SHLVL', '0'), ('LD_LIBRARY_PATH', '/home/giovanna/argo_go2_ws/install/unitree_go/lib:/home/giovanna/argo_go2_ws/install/unitree_api/lib:/home/giovanna/argo_go2_ws/install/go2_interfaces/lib:/opt/ros/foxy/opt/yaml_cpp_vendor/lib:/opt/ros/foxy/opt/rviz_ogre_vendor/lib:/opt/ros/foxy/lib/x86_64-linux-gnu:/opt/ros/foxy/lib'), ('HOME', '/home/giovanna'), ('CHROME_DESKTOP', 'antigravity.desktop'), ('DESKTOP_SESSION', 'ubuntu'), ('VSCODE_IPC_HOOK', '/run/user/1000/vscode-de51444a-1.10-main.sock'), ('GIO_LAUNCHED_DESKTOP_FILE', '/usr/share/applications/antigravity.desktop'), ('ROS_PYTHON_VERSION', '3'), ('GNOME_SHELL_SESSION_MODE', 'ubuntu'), ('GTK_MODULES', 'gail:atk-bridge'), ('PAGER', 'cat'), ('LC_MONETARY', 'it_IT.UTF-8'), ('MANAGERPID', '1544'), ('DBUS_SESSION_BUS_ADDRESS', 'unix:path=/run/user/1000/bus'), ('ANTIGRAVITY_AGENT', '1'), ('GIO_LAUNCHED_DESKTOP_FILE_PID', '4222'), ('IM_CONFIG_PHASE', '1'), ('ROS_DISTRO', 'foxy'), ('LOGNAME', 'giovanna'), ('JOURNAL_STREAM', '8:40948'), ('_', '/usr/bin/colcon'), ('ROS_VERSION', '2'), ('XDG_SESSION_CLASS', 'user'), ('USERNAME', 'giovanna'), ('TERM', 'dumb'), ('GNOME_DESKTOP_SESSION_ID', 'this-is-deprecated'), ('FC_FONTATIONS', '1'), ('ROS_LOCALHOST_ONLY', '0'), ('WINDOWPATH', '2'), ('ANTIGRAVITY_EDITOR_APP_ROOT', '/usr/share/antigravity/resources/app'), ('PATH', '/opt/ros/foxy/bin:/usr/local/sbin:/usr/local/bin:/usr/sbin:/usr/bin:/sbin:/bin:/usr/games:/usr/local/games:/snap/bin'), ('SESSION_MANAGER', 'local/giovanna-lenovo20:@/tmp/.ICE-unix/1771,unix/giovanna-lenovo20:/tmp/.ICE-unix/1771'), ('INVOCATION_ID', '8a18892a46224c8c9d24bb25afa494f3'), ('XDG_MENU_PREFIX', 'gnome-'), ('LC_ADDRESS', 'it_IT.UTF-8'), ('XDG_RUNTIME_DIR', '/run/user/1000'), ('GDK_BACKEND', 'x11'), ('DISPLAY', ':0'), ('LANG', 'en_US.UTF-8'), ('XDG_CURRENT_DESKTOP', 'ubuntu:GNOME'), ('LC_TELEPHONE', 'it_IT.UTF-8'), ('XMODIFIERS', '@im=ibus'), ('XDG_SESSION_DESKTOP', 'ubuntu'), ('XAUTHORITY', '/run/user/1000/gdm/Xauthority'), ('LS_COLORS', ''), ('SSH_AUTH_SOCK', '/run/user/1000/keyring/ssh'), ('AMENT_PREFIX_PATH', '/home/giovanna/argo_go2_ws/install/unitree_go:/home/giovanna/argo_go2_ws/install/unitree_api:/home/giovanna/argo_go2_ws/install/go2_interfaces:/opt/ros/foxy'), ('SHELL', '/bin/bash'), ('LC_NAME', 'it_IT.UTF-8'), ('QT_ACCESSIBILITY', '1'), ('GDMSESSION', 'ubuntu'), ('LESSCLOSE', '/usr/bin/lesspipe %s %s'), ('LC_MEASUREMENT', 'it_IT.UTF-8'), ('GPG_AGENT_INFO', '/run/user/1000/gnupg/S.gpg-agent:0:1'), ('GJS_DEBUG_OUTPUT', 'stderr'), ('LC_IDENTIFICATION', 'it_IT.UTF-8'), ('QT_IM_MODULE', 'ibus'), ('ANTIGRAVITY_TRAJECTORY_ID', '1f6d3fbb-af4b-4da7-8d7e-c84ab60d6b73'), ('PWD', '/home/giovanna/argo_go2_ws/build/go2_driver'), ('LC_ALL', 'en_US.UTF-8'), ('XDG_CONFIG_DIRS', '/etc/xdg/xdg-ubuntu:/etc/xdg'), ('VSCODE_CODE_CACHE_PATH', '/home/giovanna/.config/Antigravity/CachedData/15487b3041e65228cae24980a3f796c905ef582c'), ('XDG_DATA_DIRS', '/usr/share/ubuntu:/usr/local/share/:/usr/share/:/var/lib/snapd/desktop'), ('PYTHONPATH', '/home/giovanna/argo_go2_ws/install/unitree_go/lib/python3.8/site-packages:/home/giovanna/argo_go2_ws/install/unitree_api/lib/python3.8/site-packages:/home/giovanna/argo_go2_ws/install/go2_interfaces/lib/python3.8/site-packages:/opt/ros/foxy/lib/python3.8/site-packages'), ('LC_NUMERIC', 'it_IT.UTF-8'), ('LC_PAPER', 'it_IT.UTF-8'), ('COLCON', '1'), ('VSCODE_PID', '4222'), ('CMAKE_PREFIX_PATH', '/home/giovanna/argo_go2_ws/install/unitree_go:/home/giovanna/argo_go2_ws/install/unitree_api:/home/giovanna/argo_go2_ws/install/go2_interfaces:/opt/ros/foxy')]), 'shell': False}
[2.363828] (go2_driver) StdoutLine: {'line': b'Scanning dependencies of target go2_driver\n'}
[2.403335] (-) TimerEvent: {}
[2.493435] (go2_driver) StdoutLine: {'line': b'[ 50%] Building CXX object CMakeFiles/go2_driver.dir/src/go2_driver/go2_driver.cpp.o\n'}
[2.503506] (-) TimerEvent: {}
[2.604075] (-) TimerEvent: {}
[2.625421] (go2_driver) StderrLine: {'line': b'In file included from /home/giovanna/argo_go2_ws/src/go2_driver/src/go2_driver/go2_driver.cpp:31:\n'}
[2.625627] (go2_driver) StderrLine: {'line': b'/home/giovanna/argo_go2_ws/src/go2_driver/include/go2_driver/go2_driver.hpp:45:10: fatal error: nlohmann/json.hpp: No such file or directory\n'}
[2.625703] (go2_driver) StderrLine: {'line': b'   45 | #include "nlohmann/json.hpp"\n'}
[2.625768] (go2_driver) StderrLine: {'line': b'      |          ^~~~~~~~~~~~~~~~~~~\n'}
[2.625829] (go2_driver) StderrLine: {'line': b'compilation terminated.\n'}
[2.628435] (go2_driver) StderrLine: {'line': b'make[2]: *** [CMakeFiles/go2_driver.dir/build.make:63: CMakeFiles/go2_driver.dir/src/go2_driver/go2_driver.cpp.o] Error 1\n'}
[2.628781] (go2_driver) StderrLine: {'line': b'make[1]: *** [CMakeFiles/Makefile2:78: CMakeFiles/go2_driver.dir/all] Error 2\n'}
[2.629080] (go2_driver) StderrLine: {'line': b'make: *** [Makefile:141: all] Error 2\n'}
[2.632888] (go2_driver) CommandEnded: {'returncode': 2}
[2.642264] (go2_driver) JobEnded: {'identifier': 'go2_driver', 'rc': 2}
[2.653590] (-) EventReactorShutdown: {}
