[0.140s] DEBUG:colcon:Command line arguments: ['/usr/bin/colcon', 'build', '--symlink-install', '--packages-select', 'go2_driver']
[0.140s] DEBUG:colcon:Parsed command line arguments: Namespace(allow_overriding=[], ament_cmake_args=None, base_paths=['.'], build_base='build', catkin_cmake_args=None, catkin_skip_building_tests=False, cmake_args=None, cmake_clean_cache=False, cmake_clean_first=False, cmake_force_configure=False, cmake_target=None, cmake_target_skip_unavailable=False, continue_on_error=False, event_handlers=None, executor='parallel', ignore_user_meta=False, install_base='install', log_base=None, log_level=None, main=<bound method BuildVerb.main of <colcon_core.verb.build.BuildVerb object at 0x7f9296f17100>>, merge_install=False, metas=['./colcon.meta'], packages_above=None, packages_above_and_dependencies=None, packages_above_depth=None, packages_end=None, packages_ignore=None, packages_ignore_regex=None, packages_select=['go2_driver'], packages_select_build_failed=False, packages_select_by_dep=None, packages_select_regex=None, packages_select_test_failures=False, packages_skip=None, packages_skip_build_finished=False, packages_skip_by_dep=None, packages_skip_regex=None, packages_skip_test_passed=False, packages_skip_up_to=None, packages_start=None, packages_up_to=None, packages_up_to_regex=None, parallel_workers=16, paths=None, symlink_install=True, test_result_base=None, verb_extension=<colcon_core.verb.build.BuildVerb object at 0x7f9296f17100>, verb_name='build', verb_parser=<colcon_defaults.argument_parser.defaults.DefaultArgumentsDecorator object at 0x7f9296f175e0>)
[0.252s] Level 1:colcon.colcon_core.package_discovery:discover_packages(colcon_meta) check parameters
[0.252s] Level 1:colcon.colcon_core.package_discovery:discover_packages(recursive) check parameters
[0.252s] Level 1:colcon.colcon_core.package_discovery:discover_packages(ignore) check parameters
[0.252s] Level 1:colcon.colcon_core.package_discovery:discover_packages(path) check parameters
[0.252s] Level 1:colcon.colcon_core.package_discovery:discover_packages(colcon_meta) discover
[0.253s] Level 1:colcon.colcon_core.package_discovery:discover_packages(recursive) discover
[0.253s] INFO:colcon.colcon_core.package_discovery:Crawling recursively for packages in '/home/giovanna/argo_go2_ws'
[0.253s] Level 1:colcon.colcon_core.package_identification:_identify(.) by extensions ['ignore', 'ignore_ament_install']
[0.253s] Level 1:colcon.colcon_core.package_identification:_identify(.) by extension 'ignore'
[0.253s] Level 1:colcon.colcon_core.package_identification:_identify(.) by extension 'ignore_ament_install'
[0.253s] Level 1:colcon.colcon_core.package_identification:_identify(.) by extensions ['colcon_pkg']
[0.253s] Level 1:colcon.colcon_core.package_identification:_identify(.) by extension 'colcon_pkg'
[0.253s] Level 1:colcon.colcon_core.package_identification:_identify(.) by extensions ['colcon_meta']
[0.253s] Level 1:colcon.colcon_core.package_identification:_identify(.) by extension 'colcon_meta'
[0.253s] Level 1:colcon.colcon_core.package_identification:_identify(.) by extensions ['ros']
[0.253s] Level 1:colcon.colcon_core.package_identification:_identify(.) by extension 'ros'
[0.261s] Level 1:colcon.colcon_core.package_identification:_identify(.) by extensions ['cmake', 'python']
[0.261s] Level 1:colcon.colcon_core.package_identification:_identify(.) by extension 'cmake'
[0.261s] Level 1:colcon.colcon_core.package_identification:_identify(.) by extension 'python'
[0.262s] Level 1:colcon.colcon_core.package_identification:_identify(.) by extensions ['python_setup_py']
[0.262s] Level 1:colcon.colcon_core.package_identification:_identify(.) by extension 'python_setup_py'
[0.262s] Level 1:colcon.colcon_core.package_identification:_identify(build) by extensions ['ignore', 'ignore_ament_install']
[0.262s] Level 1:colcon.colcon_core.package_identification:_identify(build) by extension 'ignore'
[0.262s] Level 1:colcon.colcon_core.package_identification:_identify(build) ignored
[0.262s] Level 1:colcon.colcon_core.package_identification:_identify(install) by extensions ['ignore', 'ignore_ament_install']
[0.262s] Level 1:colcon.colcon_core.package_identification:_identify(install) by extension 'ignore'
[0.262s] Level 1:colcon.colcon_core.package_identification:_identify(install) ignored
[0.262s] Level 1:colcon.colcon_core.package_identification:_identify(log) by extensions ['ignore', 'ignore_ament_install']
[0.262s] Level 1:colcon.colcon_core.package_identification:_identify(log) by extension 'ignore'
[0.262s] Level 1:colcon.colcon_core.package_identification:_identify(log) ignored
[0.262s] Level 1:colcon.colcon_core.package_identification:_identify(src) by extensions ['ignore', 'ignore_ament_install']
[0.262s] Level 1:colcon.colcon_core.package_identification:_identify(src) by extension 'ignore'
[0.262s] Level 1:colcon.colcon_core.package_identification:_identify(src) by extension 'ignore_ament_install'
[0.262s] Level 1:colcon.colcon_core.package_identification:_identify(src) by extensions ['colcon_pkg']
[0.262s] Level 1:colcon.colcon_core.package_identification:_identify(src) by extension 'colcon_pkg'
[0.262s] Level 1:colcon.colcon_core.package_identification:_identify(src) by extensions ['colcon_meta']
[0.263s] Level 1:colcon.colcon_core.package_identification:_identify(src) by extension 'colcon_meta'
[0.263s] Level 1:colcon.colcon_core.package_identification:_identify(src) by extensions ['ros']
[0.263s] Level 1:colcon.colcon_core.package_identification:_identify(src) by extension 'ros'
[0.263s] Level 1:colcon.colcon_core.package_identification:_identify(src) by extensions ['cmake', 'python']
[0.263s] Level 1:colcon.colcon_core.package_identification:_identify(src) by extension 'cmake'
[0.263s] Level 1:colcon.colcon_core.package_identification:_identify(src) by extension 'python'
[0.263s] Level 1:colcon.colcon_core.package_identification:_identify(src) by extensions ['python_setup_py']
[0.263s] Level 1:colcon.colcon_core.package_identification:_identify(src) by extension 'python_setup_py'
[0.263s] Level 1:colcon.colcon_core.package_identification:_identify(src/go2_bringup) by extensions ['ignore', 'ignore_ament_install']
[0.263s] Level 1:colcon.colcon_core.package_identification:_identify(src/go2_bringup) by extension 'ignore'
[0.263s] Level 1:colcon.colcon_core.package_identification:_identify(src/go2_bringup) by extension 'ignore_ament_install'
[0.263s] Level 1:colcon.colcon_core.package_identification:_identify(src/go2_bringup) by extensions ['colcon_pkg']
[0.263s] Level 1:colcon.colcon_core.package_identification:_identify(src/go2_bringup) by extension 'colcon_pkg'
[0.263s] Level 1:colcon.colcon_core.package_identification:_identify(src/go2_bringup) by extensions ['colcon_meta']
[0.263s] Level 1:colcon.colcon_core.package_identification:_identify(src/go2_bringup) by extension 'colcon_meta'
[0.263s] Level 1:colcon.colcon_core.package_identification:_identify(src/go2_bringup) by extensions ['ros']
[0.263s] Level 1:colcon.colcon_core.package_identification:_identify(src/go2_bringup) by extension 'ros'
[0.265s] DEBUG:colcon.colcon_core.package_identification:Package 'src/go2_bringup' with type 'ros.ament_cmake' and name 'go2_bringup'
[0.265s] Level 1:colcon.colcon_core.package_identification:_identify(src/go2_description) by extensions ['ignore', 'ignore_ament_install']
[0.265s] Level 1:colcon.colcon_core.package_identification:_identify(src/go2_description) by extension 'ignore'
[0.265s] Level 1:colcon.colcon_core.package_identification:_identify(src/go2_description) by extension 'ignore_ament_install'
[0.265s] Level 1:colcon.colcon_core.package_identification:_identify(src/go2_description) by extensions ['colcon_pkg']
[0.265s] Level 1:colcon.colcon_core.package_identification:_identify(src/go2_description) by extension 'colcon_pkg'
[0.265s] Level 1:colcon.colcon_core.package_identification:_identify(src/go2_description) by extensions ['colcon_meta']
[0.265s] Level 1:colcon.colcon_core.package_identification:_identify(src/go2_description) by extension 'colcon_meta'
[0.265s] Level 1:colcon.colcon_core.package_identification:_identify(src/go2_description) by extensions ['ros']
[0.265s] Level 1:colcon.colcon_core.package_identification:_identify(src/go2_description) by extension 'ros'
[0.266s] DEBUG:colcon.colcon_core.package_identification:Package 'src/go2_description' with type 'ros.ament_cmake' and name 'go2_description'
[0.266s] Level 1:colcon.colcon_core.package_identification:_identify(src/go2_driver) by extensions ['ignore', 'ignore_ament_install']
[0.266s] Level 1:colcon.colcon_core.package_identification:_identify(src/go2_driver) by extension 'ignore'
[0.266s] Level 1:colcon.colcon_core.package_identification:_identify(src/go2_driver) by extension 'ignore_ament_install'
[0.266s] Level 1:colcon.colcon_core.package_identification:_identify(src/go2_driver) by extensions ['colcon_pkg']
[0.266s] Level 1:colcon.colcon_core.package_identification:_identify(src/go2_driver) by extension 'colcon_pkg'
[0.266s] Level 1:colcon.colcon_core.package_identification:_identify(src/go2_driver) by extensions ['colcon_meta']
[0.266s] Level 1:colcon.colcon_core.package_identification:_identify(src/go2_driver) by extension 'colcon_meta'
[0.266s] Level 1:colcon.colcon_core.package_identification:_identify(src/go2_driver) by extensions ['ros']
[0.266s] Level 1:colcon.colcon_core.package_identification:_identify(src/go2_driver) by extension 'ros'
[0.267s] DEBUG:colcon.colcon_core.package_identification:Package 'src/go2_driver' with type 'ros.ament_cmake' and name 'go2_driver'
[0.267s] Level 1:colcon.colcon_core.package_identification:_identify(src/go2_hardware) by extensions ['ignore', 'ignore_ament_install']
[0.267s] Level 1:colcon.colcon_core.package_identification:_identify(src/go2_hardware) by extension 'ignore'
[0.267s] Level 1:colcon.colcon_core.package_identification:_identify(src/go2_hardware) by extension 'ignore_ament_install'
[0.267s] Level 1:colcon.colcon_core.package_identification:_identify(src/go2_hardware) by extensions ['colcon_pkg']
[0.267s] Level 1:colcon.colcon_core.package_identification:_identify(src/go2_hardware) by extension 'colcon_pkg'
[0.267s] Level 1:colcon.colcon_core.package_identification:_identify(src/go2_hardware) by extensions ['colcon_meta']
[0.267s] Level 1:colcon.colcon_core.package_identification:_identify(src/go2_hardware) by extension 'colcon_meta'
[0.267s] Level 1:colcon.colcon_core.package_identification:_identify(src/go2_hardware) by extensions ['ros']
[0.268s] Level 1:colcon.colcon_core.package_identification:_identify(src/go2_hardware) by extension 'ros'
[0.268s] DEBUG:colcon.colcon_core.package_identification:Package 'src/go2_hardware' with type 'ros.ament_cmake' and name 'go2_hardware'
[0.268s] Level 1:colcon.colcon_core.package_identification:_identify(src/go2_interfaces) by extensions ['ignore', 'ignore_ament_install']
[0.268s] Level 1:colcon.colcon_core.package_identification:_identify(src/go2_interfaces) by extension 'ignore'
[0.268s] Level 1:colcon.colcon_core.package_identification:_identify(src/go2_interfaces) by extension 'ignore_ament_install'
[0.268s] Level 1:colcon.colcon_core.package_identification:_identify(src/go2_interfaces) by extensions ['colcon_pkg']
[0.268s] Level 1:colcon.colcon_core.package_identification:_identify(src/go2_interfaces) by extension 'colcon_pkg'
[0.268s] Level 1:colcon.colcon_core.package_identification:_identify(src/go2_interfaces) by extensions ['colcon_meta']
[0.268s] Level 1:colcon.colcon_core.package_identification:_identify(src/go2_interfaces) by extension 'colcon_meta'
[0.268s] Level 1:colcon.colcon_core.package_identification:_identify(src/go2_interfaces) by extensions ['ros']
[0.268s] Level 1:colcon.colcon_core.package_identification:_identify(src/go2_interfaces) by extension 'ros'
[0.269s] DEBUG:colcon.colcon_core.package_identification:Package 'src/go2_interfaces' with type 'ros.ament_cmake' and name 'go2_interfaces'
[0.269s] Level 1:colcon.colcon_core.package_identification:_identify(src/go2_nav) by extensions ['ignore', 'ignore_ament_install']
[0.269s] Level 1:colcon.colcon_core.package_identification:_identify(src/go2_nav) by extension 'ignore'
[0.269s] Level 1:colcon.colcon_core.package_identification:_identify(src/go2_nav) by extension 'ignore_ament_install'
[0.269s] Level 1:colcon.colcon_core.package_identification:_identify(src/go2_nav) by extensions ['colcon_pkg']
[0.269s] Level 1:colcon.colcon_core.package_identification:_identify(src/go2_nav) by extension 'colcon_pkg'
[0.269s] Level 1:colcon.colcon_core.package_identification:_identify(src/go2_nav) by extensions ['colcon_meta']
[0.269s] Level 1:colcon.colcon_core.package_identification:_identify(src/go2_nav) by extension 'colcon_meta'
[0.269s] Level 1:colcon.colcon_core.package_identification:_identify(src/go2_nav) by extensions ['ros']
[0.269s] Level 1:colcon.colcon_core.package_identification:_identify(src/go2_nav) by extension 'ros'
[0.270s] DEBUG:colcon.colcon_core.package_identification:Package 'src/go2_nav' with type 'ros.ament_cmake' and name 'go2_nav'
[0.270s] Level 1:colcon.colcon_core.package_identification:_identify(src/go2_robot) by extensions ['ignore', 'ignore_ament_install']
[0.270s] Level 1:colcon.colcon_core.package_identification:_identify(src/go2_robot) by extension 'ignore'
[0.270s] Level 1:colcon.colcon_core.package_identification:_identify(src/go2_robot) by extension 'ignore_ament_install'
[0.270s] Level 1:colcon.colcon_core.package_identification:_identify(src/go2_robot) by extensions ['colcon_pkg']
[0.270s] Level 1:colcon.colcon_core.package_identification:_identify(src/go2_robot) by extension 'colcon_pkg'
[0.270s] Level 1:colcon.colcon_core.package_identification:_identify(src/go2_robot) by extensions ['colcon_meta']
[0.270s] Level 1:colcon.colcon_core.package_identification:_identify(src/go2_robot) by extension 'colcon_meta'
[0.270s] Level 1:colcon.colcon_core.package_identification:_identify(src/go2_robot) by extensions ['ros']
[0.270s] Level 1:colcon.colcon_core.package_identification:_identify(src/go2_robot) by extension 'ros'
[0.271s] DEBUG:colcon.colcon_core.package_identification:Package 'src/go2_robot' with type 'ros.ament_cmake' and name 'go2_robot'
[0.271s] Level 1:colcon.colcon_core.package_identification:_identify(src/go2_rviz) by extensions ['ignore', 'ignore_ament_install']
[0.271s] Level 1:colcon.colcon_core.package_identification:_identify(src/go2_rviz) by extension 'ignore'
[0.271s] Level 1:colcon.colcon_core.package_identification:_identify(src/go2_rviz) by extension 'ignore_ament_install'
[0.271s] Level 1:colcon.colcon_core.package_identification:_identify(src/go2_rviz) by extensions ['colcon_pkg']
[0.271s] Level 1:colcon.colcon_core.package_identification:_identify(src/go2_rviz) by extension 'colcon_pkg'
[0.271s] Level 1:colcon.colcon_core.package_identification:_identify(src/go2_rviz) by extensions ['colcon_meta']
[0.271s] Level 1:colcon.colcon_core.package_identification:_identify(src/go2_rviz) by extension 'colcon_meta'
[0.271s] Level 1:colcon.colcon_core.package_identification:_identify(src/go2_rviz) by extensions ['ros']
[0.271s] Level 1:colcon.colcon_core.package_identification:_identify(src/go2_rviz) by extension 'ros'
[0.271s] DEBUG:colcon.colcon_core.package_identification:Package 'src/go2_rviz' with type 'ros.ament_cmake' and name 'go2_rviz'
[0.271s] Level 1:colcon.colcon_core.package_identification:_identify(src/go2_simulation) by extensions ['ignore', 'ignore_ament_install']
[0.272s] Level 1:colcon.colcon_core.package_identification:_identify(src/go2_simulation) by extension 'ignore'
[0.272s] Level 1:colcon.colcon_core.package_identification:_identify(src/go2_simulation) by extension 'ignore_ament_install'
[0.272s] Level 1:colcon.colcon_core.package_identification:_identify(src/go2_simulation) by extensions ['colcon_pkg']
[0.272s] Level 1:colcon.colcon_core.package_identification:_identify(src/go2_simulation) by extension 'colcon_pkg'
[0.272s] Level 1:colcon.colcon_core.package_identification:_identify(src/go2_simulation) by extensions ['colcon_meta']
[0.272s] Level 1:colcon.colcon_core.package_identification:_identify(src/go2_simulation) by extension 'colcon_meta'
[0.272s] Level 1:colcon.colcon_core.package_identification:_identify(src/go2_simulation) by extensions ['ros']
[0.272s] Level 1:colcon.colcon_core.package_identification:_identify(src/go2_simulation) by extension 'ros'
[0.272s] DEBUG:colcon.colcon_core.package_identification:Package 'src/go2_simulation' with type 'ros.ament_cmake' and name 'go2_simulation'
[0.272s] Level 1:colcon.colcon_core.package_identification:_identify(src/hesai_ros_driver) by extensions ['ignore', 'ignore_ament_install']
[0.272s] Level 1:colcon.colcon_core.package_identification:_identify(src/hesai_ros_driver) by extension 'ignore'
[0.272s] Level 1:colcon.colcon_core.package_identification:_identify(src/hesai_ros_driver) by extension 'ignore_ament_install'
[0.273s] Level 1:colcon.colcon_core.package_identification:_identify(src/hesai_ros_driver) by extensions ['colcon_pkg']
[0.273s] Level 1:colcon.colcon_core.package_identification:_identify(src/hesai_ros_driver) by extension 'colcon_pkg'
[0.273s] Level 1:colcon.colcon_core.package_identification:_identify(src/hesai_ros_driver) by extensions ['colcon_meta']
[0.273s] Level 1:colcon.colcon_core.package_identification:_identify(src/hesai_ros_driver) by extension 'colcon_meta'
[0.273s] Level 1:colcon.colcon_core.package_identification:_identify(src/hesai_ros_driver) by extensions ['ros']
[0.273s] Level 1:colcon.colcon_core.package_identification:_identify(src/hesai_ros_driver) by extension 'ros'
[0.277s] DEBUG:colcon.colcon_core.package_identification:Package 'src/hesai_ros_driver' with type 'ros.ament_cmake' and name 'hesai_ros_driver'
[0.277s] Level 1:colcon.colcon_core.package_identification:_identify(src/unitree_api) by extensions ['ignore', 'ignore_ament_install']
[0.278s] Level 1:colcon.colcon_core.package_identification:_identify(src/unitree_api) by extension 'ignore'
[0.278s] Level 1:colcon.colcon_core.package_identification:_identify(src/unitree_api) by extension 'ignore_ament_install'
[0.278s] Level 1:colcon.colcon_core.package_identification:_identify(src/unitree_api) by extensions ['colcon_pkg']
[0.278s] Level 1:colcon.colcon_core.package_identification:_identify(src/unitree_api) by extension 'colcon_pkg'
[0.278s] Level 1:colcon.colcon_core.package_identification:_identify(src/unitree_api) by extensions ['colcon_meta']
[0.278s] Level 1:colcon.colcon_core.package_identification:_identify(src/unitree_api) by extension 'colcon_meta'
[0.278s] Level 1:colcon.colcon_core.package_identification:_identify(src/unitree_api) by extensions ['ros']
[0.278s] Level 1:colcon.colcon_core.package_identification:_identify(src/unitree_api) by extension 'ros'
[0.278s] DEBUG:colcon.colcon_core.package_identification:Package 'src/unitree_api' with type 'ros.ament_cmake' and name 'unitree_api'
[0.278s] Level 1:colcon.colcon_core.package_identification:_identify(src/unitree_go) by extensions ['ignore', 'ignore_ament_install']
[0.278s] Level 1:colcon.colcon_core.package_identification:_identify(src/unitree_go) by extension 'ignore'
[0.278s] Level 1:colcon.colcon_core.package_identification:_identify(src/unitree_go) by extension 'ignore_ament_install'
[0.279s] Level 1:colcon.colcon_core.package_identification:_identify(src/unitree_go) by extensions ['colcon_pkg']
[0.279s] Level 1:colcon.colcon_core.package_identification:_identify(src/unitree_go) by extension 'colcon_pkg'
[0.279s] Level 1:colcon.colcon_core.package_identification:_identify(src/unitree_go) by extensions ['colcon_meta']
[0.279s] Level 1:colcon.colcon_core.package_identification:_identify(src/unitree_go) by extension 'colcon_meta'
[0.279s] Level 1:colcon.colcon_core.package_identification:_identify(src/unitree_go) by extensions ['ros']
[0.279s] Level 1:colcon.colcon_core.package_identification:_identify(src/unitree_go) by extension 'ros'
[0.279s] DEBUG:colcon.colcon_core.package_identification:Package 'src/unitree_go' with type 'ros.ament_cmake' and name 'unitree_go'
[0.279s] Level 1:colcon.colcon_core.package_discovery:discover_packages(recursive) using defaults
[0.279s] Level 1:colcon.colcon_core.package_discovery:discover_packages(ignore) discover
[0.279s] Level 1:colcon.colcon_core.package_discovery:discover_packages(ignore) using defaults
[0.279s] Level 1:colcon.colcon_core.package_discovery:discover_packages(path) discover
[0.279s] Level 1:colcon.colcon_core.package_discovery:discover_packages(path) using defaults
[0.300s] INFO:colcon.colcon_core.package_selection:Skipping not selected package 'go2_description' in 'src/go2_description'
[0.300s] INFO:colcon.colcon_core.package_selection:Skipping not selected package 'go2_hardware' in 'src/go2_hardware'
[0.300s] INFO:colcon.colcon_core.package_selection:Skipping not selected package 'go2_interfaces' in 'src/go2_interfaces'
[0.300s] INFO:colcon.colcon_core.package_selection:Skipping not selected package 'go2_nav' in 'src/go2_nav'
[0.300s] INFO:colcon.colcon_core.package_selection:Skipping not selected package 'go2_rviz' in 'src/go2_rviz'
[0.300s] INFO:colcon.colcon_core.package_selection:Skipping not selected package 'go2_simulation' in 'src/go2_simulation'
[0.300s] INFO:colcon.colcon_core.package_selection:Skipping not selected package 'hesai_ros_driver' in 'src/hesai_ros_driver'
[0.300s] INFO:colcon.colcon_core.package_selection:Skipping not selected package 'unitree_api' in 'src/unitree_api'
[0.300s] INFO:colcon.colcon_core.package_selection:Skipping not selected package 'unitree_go' in 'src/unitree_go'
[0.300s] INFO:colcon.colcon_core.package_selection:Skipping not selected package 'go2_robot' in 'src/go2_robot'
[0.300s] INFO:colcon.colcon_core.package_selection:Skipping not selected package 'go2_bringup' in 'src/go2_bringup'
[0.300s] Level 1:colcon.colcon_core.package_discovery:discover_packages(prefix_path) check parameters
[0.300s] Level 1:colcon.colcon_core.package_discovery:discover_packages(prefix_path) discover
[0.302s] DEBUG:colcon.colcon_installed_package_information.package_discovery:Found 291 installed packages in /opt/ros/foxy
[0.303s] Level 1:colcon.colcon_core.package_discovery:discover_packages(prefix_path) using defaults
[0.353s] Level 5:colcon.colcon_core.verb:set package 'go2_driver' build argument 'cmake_args' from command line to 'None'
[0.353s] Level 5:colcon.colcon_core.verb:set package 'go2_driver' build argument 'cmake_target' from command line to 'None'
[0.353s] Level 5:colcon.colcon_core.verb:set package 'go2_driver' build argument 'cmake_target_skip_unavailable' from command line to 'False'
[0.353s] Level 5:colcon.colcon_core.verb:set package 'go2_driver' build argument 'cmake_clean_cache' from command line to 'False'
[0.353s] Level 5:colcon.colcon_core.verb:set package 'go2_driver' build argument 'cmake_clean_first' from command line to 'False'
[0.353s] Level 5:colcon.colcon_core.verb:set package 'go2_driver' build argument 'cmake_force_configure' from command line to 'False'
[0.353s] Level 5:colcon.colcon_core.verb:set package 'go2_driver' build argument 'ament_cmake_args' from command line to 'None'
[0.353s] Level 5:colcon.colcon_core.verb:set package 'go2_driver' build argument 'catkin_cmake_args' from command line to 'None'
[0.353s] Level 5:colcon.colcon_core.verb:set package 'go2_driver' build argument 'catkin_skip_building_tests' from command line to 'False'
[0.353s] DEBUG:colcon.colcon_core.verb:Building package 'go2_driver' with the following arguments: {'ament_cmake_args': None, 'build_base': '/home/giovanna/argo_go2_ws/build/go2_driver', 'catkin_cmake_args': None, 'catkin_skip_building_tests': False, 'cmake_args': None, 'cmake_clean_cache': False, 'cmake_clean_first': False, 'cmake_force_configure': False, 'cmake_target': None, 'cmake_target_skip_unavailable': False, 'install_base': '/home/giovanna/argo_go2_ws/install/go2_driver', 'merge_install': False, 'path': '/home/giovanna/argo_go2_ws/src/go2_driver', 'symlink_install': True, 'test_result_base': None}
[0.353s] INFO:colcon.colcon_core.executor:Executing jobs using 'parallel' executor
[0.354s] DEBUG:colcon.colcon_parallel_executor.executor.parallel:run_until_complete
[0.354s] INFO:colcon.colcon_ros.task.ament_cmake.build:Building ROS package in '/home/giovanna/argo_go2_ws/src/go2_driver' with build type 'ament_cmake'
[0.354s] INFO:colcon.colcon_cmake.task.cmake.build:Building CMake package in '/home/giovanna/argo_go2_ws/src/go2_driver'
[0.356s] INFO:colcon.colcon_core.plugin_system:Skipping extension 'colcon_core.shell.bat': Not used on non-Windows systems
[0.356s] INFO:colcon.colcon_core.shell:Skip shell extension 'powershell' for command environment: Not usable outside of PowerShell
[0.356s] DEBUG:colcon.colcon_core.shell:Skip shell extension 'dsv' for command environment
[0.383s] DEBUG:colcon.colcon_core.event_handler.log_command:Invoking command in '/home/giovanna/argo_go2_ws/build/go2_driver': AMENT_PREFIX_PATH=/home/giovanna/argo_go2_ws/install/unitree_go:/home/giovanna/argo_go2_ws/install/unitree_api:/home/giovanna/argo_go2_ws/install/go2_interfaces:${AMENT_PREFIX_PATH} CMAKE_PREFIX_PATH=/home/giovanna/argo_go2_ws/install/unitree_go:/home/giovanna/argo_go2_ws/install/unitree_api:/home/giovanna/argo_go2_ws/install/go2_interfaces:/opt/ros/foxy LD_LIBRARY_PATH=/home/giovanna/argo_go2_ws/install/unitree_go/lib:/home/giovanna/argo_go2_ws/install/unitree_api/lib:/home/giovanna/argo_go2_ws/install/go2_interfaces/lib:${LD_LIBRARY_PATH} PYTHONPATH=/home/giovanna/argo_go2_ws/install/unitree_go/lib/python3.8/site-packages:/home/giovanna/argo_go2_ws/install/unitree_api/lib/python3.8/site-packages:/home/giovanna/argo_go2_ws/install/go2_interfaces/lib/python3.8/site-packages:${PYTHONPATH} /usr/bin/cmake /home/giovanna/argo_go2_ws/src/go2_driver -DAMENT_CMAKE_SYMLINK_INSTALL=1 -DCMAKE_INSTALL_PREFIX=/home/giovanna/argo_go2_ws/install/go2_driver
[2.660s] DEBUG:colcon.colcon_core.event_handler.log_command:Invoked command in '/home/giovanna/argo_go2_ws/build/go2_driver' returned '0': AMENT_PREFIX_PATH=/home/giovanna/argo_go2_ws/install/unitree_go:/home/giovanna/argo_go2_ws/install/unitree_api:/home/giovanna/argo_go2_ws/install/go2_interfaces:${AMENT_PREFIX_PATH} CMAKE_PREFIX_PATH=/home/giovanna/argo_go2_ws/install/unitree_go:/home/giovanna/argo_go2_ws/install/unitree_api:/home/giovanna/argo_go2_ws/install/go2_interfaces:/opt/ros/foxy LD_LIBRARY_PATH=/home/giovanna/argo_go2_ws/install/unitree_go/lib:/home/giovanna/argo_go2_ws/install/unitree_api/lib:/home/giovanna/argo_go2_ws/install/go2_interfaces/lib:${LD_LIBRARY_PATH} PYTHONPATH=/home/giovanna/argo_go2_ws/install/unitree_go/lib/python3.8/site-packages:/home/giovanna/argo_go2_ws/install/unitree_api/lib/python3.8/site-packages:/home/giovanna/argo_go2_ws/install/go2_interfaces/lib/python3.8/site-packages:${PYTHONPATH} /usr/bin/cmake /home/giovanna/argo_go2_ws/src/go2_driver -DAMENT_CMAKE_SYMLINK_INSTALL=1 -DCMAKE_INSTALL_PREFIX=/home/giovanna/argo_go2_ws/install/go2_driver
[2.665s] DEBUG:colcon.colcon_core.event_handler.log_command:Invoking command in '/home/giovanna/argo_go2_ws/build/go2_driver': AMENT_PREFIX_PATH=/home/giovanna/argo_go2_ws/install/unitree_go:/home/giovanna/argo_go2_ws/install/unitree_api:/home/giovanna/argo_go2_ws/install/go2_interfaces:${AMENT_PREFIX_PATH} CMAKE_PREFIX_PATH=/home/giovanna/argo_go2_ws/install/unitree_go:/home/giovanna/argo_go2_ws/install/unitree_api:/home/giovanna/argo_go2_ws/install/go2_interfaces:/opt/ros/foxy LD_LIBRARY_PATH=/home/giovanna/argo_go2_ws/install/unitree_go/lib:/home/giovanna/argo_go2_ws/install/unitree_api/lib:/home/giovanna/argo_go2_ws/install/go2_interfaces/lib:${LD_LIBRARY_PATH} PYTHONPATH=/home/giovanna/argo_go2_ws/install/unitree_go/lib/python3.8/site-packages:/home/giovanna/argo_go2_ws/install/unitree_api/lib/python3.8/site-packages:/home/giovanna/argo_go2_ws/install/go2_interfaces/lib/python3.8/site-packages:${PYTHONPATH} /usr/bin/cmake --build /home/giovanna/argo_go2_ws/build/go2_driver -- -j16 -l16
[2.988s] DEBUG:colcon.colcon_core.event_handler.log_command:Invoked command in '/home/giovanna/argo_go2_ws/build/go2_driver' returned '2': AMENT_PREFIX_PATH=/home/giovanna/argo_go2_ws/install/unitree_go:/home/giovanna/argo_go2_ws/install/unitree_api:/home/giovanna/argo_go2_ws/install/go2_interfaces:${AMENT_PREFIX_PATH} CMAKE_PREFIX_PATH=/home/giovanna/argo_go2_ws/install/unitree_go:/home/giovanna/argo_go2_ws/install/unitree_api:/home/giovanna/argo_go2_ws/install/go2_interfaces:/opt/ros/foxy LD_LIBRARY_PATH=/home/giovanna/argo_go2_ws/install/unitree_go/lib:/home/giovanna/argo_go2_ws/install/unitree_api/lib:/home/giovanna/argo_go2_ws/install/go2_interfaces/lib:${LD_LIBRARY_PATH} PYTHONPATH=/home/giovanna/argo_go2_ws/install/unitree_go/lib/python3.8/site-packages:/home/giovanna/argo_go2_ws/install/unitree_api/lib/python3.8/site-packages:/home/giovanna/argo_go2_ws/install/go2_interfaces/lib/python3.8/site-packages:${PYTHONPATH} /usr/bin/cmake --build /home/giovanna/argo_go2_ws/build/go2_driver -- -j16 -l16
[2.989s] Level 1:colcon.colcon_core.environment:create_environment_scripts_only(go2_driver)
[2.991s] Level 1:colcon.colcon_core.environment:checking '/home/giovanna/argo_go2_ws/install/go2_driver' for CMake module files
[2.992s] Level 1:colcon.colcon_core.environment:checking '/home/giovanna/argo_go2_ws/install/go2_driver' for CMake config files
[2.992s] Level 1:colcon.colcon_core.environment:checking '/home/giovanna/argo_go2_ws/install/go2_driver/bin'
[2.992s] Level 1:colcon.colcon_core.environment:checking '/home/giovanna/argo_go2_ws/install/go2_driver/lib/pkgconfig/go2_driver.pc'
[2.992s] Level 1:colcon.colcon_core.environment:checking '/home/giovanna/argo_go2_ws/install/go2_driver/lib/python3.8/site-packages'
[2.993s] Level 1:colcon.colcon_core.environment:checking '/home/giovanna/argo_go2_ws/install/go2_driver/bin'
[2.993s] INFO:colcon.colcon_core.shell:Creating package script '/home/giovanna/argo_go2_ws/install/go2_driver/share/go2_driver/package.ps1'
[2.994s] INFO:colcon.colcon_core.shell:Creating package descriptor '/home/giovanna/argo_go2_ws/install/go2_driver/share/go2_driver/package.dsv'
[2.994s] INFO:colcon.colcon_core.shell:Creating package script '/home/giovanna/argo_go2_ws/install/go2_driver/share/go2_driver/package.sh'
[2.995s] INFO:colcon.colcon_core.shell:Creating package script '/home/giovanna/argo_go2_ws/install/go2_driver/share/go2_driver/package.bash'
[2.996s] INFO:colcon.colcon_core.shell:Creating package script '/home/giovanna/argo_go2_ws/install/go2_driver/share/go2_driver/package.zsh'
[2.996s] Level 1:colcon.colcon_core.environment:create_file_with_runtime_dependencies(/home/giovanna/argo_go2_ws/install/go2_driver/share/colcon-core/packages/go2_driver)
[3.007s] DEBUG:colcon.colcon_parallel_executor.executor.parallel:closing loop
[3.007s] DEBUG:colcon.colcon_parallel_executor.executor.parallel:loop closed
[3.008s] DEBUG:colcon.colcon_parallel_executor.executor.parallel:run_until_complete finished with '2'
[3.008s] DEBUG:colcon.colcon_core.event_reactor:joining thread
[3.022s] INFO:colcon.colcon_core.plugin_system:Skipping extension 'colcon_notification.desktop_notification.terminal_notifier': Not used on non-Darwin systems
[3.022s] INFO:colcon.colcon_core.plugin_system:Skipping extension 'colcon_notification.desktop_notification.win32': Not used on non-Windows systems
[3.023s] INFO:colcon.colcon_notification.desktop_notification:Sending desktop notification using 'notify2'
[3.037s] DEBUG:colcon.colcon_core.event_reactor:joined thread
[3.037s] INFO:colcon.colcon_core.shell:Creating prefix script '/home/giovanna/argo_go2_ws/install/local_setup.ps1'
[3.038s] INFO:colcon.colcon_core.shell:Creating prefix util module '/home/giovanna/argo_go2_ws/install/_local_setup_util_ps1.py'
[3.040s] INFO:colcon.colcon_core.shell:Creating prefix chain script '/home/giovanna/argo_go2_ws/install/setup.ps1'
[3.041s] INFO:colcon.colcon_core.shell:Creating prefix script '/home/giovanna/argo_go2_ws/install/local_setup.sh'
[3.041s] INFO:colcon.colcon_core.shell:Creating prefix util module '/home/giovanna/argo_go2_ws/install/_local_setup_util_sh.py'
[3.042s] INFO:colcon.colcon_core.shell:Creating prefix chain script '/home/giovanna/argo_go2_ws/install/setup.sh'
[3.043s] INFO:colcon.colcon_core.shell:Creating prefix script '/home/giovanna/argo_go2_ws/install/local_setup.bash'
[3.043s] INFO:colcon.colcon_core.shell:Creating prefix chain script '/home/giovanna/argo_go2_ws/install/setup.bash'
[3.044s] INFO:colcon.colcon_core.shell:Creating prefix script '/home/giovanna/argo_go2_ws/install/local_setup.zsh'
[3.045s] INFO:colcon.colcon_core.shell:Creating prefix chain script '/home/giovanna/argo_go2_ws/install/setup.zsh'
