[0.052s] Invoking command in '/home/giovanna/argo_go2_ws/build/go2_nav': CMAKE_PREFIX_PATH=/opt/ros/foxy /usr/bin/cmake --build /home/giovanna/argo_go2_ws/build/go2_nav -- -j16 -l16
[0.082s] -- Found ament_cmake: 0.9.12 (/opt/ros/foxy/share/ament_cmake/cmake)
[0.112s] -- Using PYTHON_EXECUTABLE: /usr/bin/python3
[0.311s] -- Override CMake install command with custom implementation using symlinks instead of copying resources
[0.322s] -- Found ament_lint_auto: 0.9.8 (/opt/ros/foxy/share/ament_lint_auto/cmake)
[0.446s] -- Added test 'flake8' to check Python code syntax and style conventions
[0.446s] -- Added test 'lint_cmake' to check CMake code style
[0.447s] -- Added test 'pep257' to check Python code against some of the style conventions in PEP 257
[0.448s] -- Added test 'xmllint' to check XML markup files
[0.451s] -- Configuring done
[0.464s] -- Generating done
[0.464s] -- Build files have been written to: /home/giovanna/argo_go2_ws/build/go2_nav
[0.495s] Invoked command in '/home/giovanna/argo_go2_ws/build/go2_nav' returned '0': CMAKE_PREFIX_PATH=/opt/ros/foxy /usr/bin/cmake --build /home/giovanna/argo_go2_ws/build/go2_nav -- -j16 -l16
[0.501s] Invoking command in '/home/giovanna/argo_go2_ws/build/go2_nav': CMAKE_PREFIX_PATH=/opt/ros/foxy /usr/bin/cmake --install /home/giovanna/argo_go2_ws/build/go2_nav
[0.518s] -- Install configuration: ""
[0.518s] -- Execute custom install script
[0.519s] -- Up-to-date symlink: /home/giovanna/argo_go2_ws/install/go2_nav/share/go2_nav/launch/navigation.launch.foxy.py
[0.520s] -- Up-to-date symlink: /home/giovanna/argo_go2_ws/install/go2_nav/share/go2_nav/launch/navigation.launch.py
[0.520s] -- Up-to-date symlink: /home/giovanna/argo_go2_ws/install/go2_nav/share/go2_nav/launch/slam.launch.py
[0.521s] -- Up-to-date symlink: /home/giovanna/argo_go2_ws/install/go2_nav/share/go2_nav/params/go2_nav_params.yaml
[0.526s] -- Up-to-date symlink: /home/giovanna/argo_go2_ws/install/go2_nav/share/go2_nav/params/go2_nav_params_foxy.yaml
[0.527s] -- Up-to-date symlink: /home/giovanna/argo_go2_ws/install/go2_nav/share/ament_index/resource_index/package_run_dependencies/go2_nav
[0.527s] -- Up-to-date symlink: /home/giovanna/argo_go2_ws/install/go2_nav/share/ament_index/resource_index/parent_prefix_path/go2_nav
[0.527s] -- Up-to-date symlink: /home/giovanna/argo_go2_ws/install/go2_nav/share/go2_nav/environment/ament_prefix_path.sh
[0.528s] -- Up-to-date symlink: /home/giovanna/argo_go2_ws/install/go2_nav/share/go2_nav/environment/ament_prefix_path.dsv
[0.530s] -- Up-to-date symlink: /home/giovanna/argo_go2_ws/install/go2_nav/share/go2_nav/environment/path.sh
[0.530s] -- Up-to-date symlink: /home/giovanna/argo_go2_ws/install/go2_nav/share/go2_nav/environment/path.dsv
[0.530s] -- Up-to-date symlink: /home/giovanna/argo_go2_ws/install/go2_nav/share/go2_nav/local_setup.bash
[0.531s] -- Up-to-date symlink: /home/giovanna/argo_go2_ws/install/go2_nav/share/go2_nav/local_setup.sh
[0.531s] -- Up-to-date symlink: /home/giovanna/argo_go2_ws/install/go2_nav/share/go2_nav/local_setup.zsh
[0.531s] -- Up-to-date symlink: /home/giovanna/argo_go2_ws/install/go2_nav/share/go2_nav/local_setup.dsv
[0.531s] -- Symlinking: /home/giovanna/argo_go2_ws/install/go2_nav/share/go2_nav/package.dsv
[0.542s] -- Up-to-date symlink: /home/giovanna/argo_go2_ws/install/go2_nav/share/ament_index/resource_index/packages/go2_nav
[0.542s] -- Up-to-date symlink: /home/giovanna/argo_go2_ws/install/go2_nav/share/go2_nav/cmake/go2_navConfig.cmake
[0.542s] -- Up-to-date symlink: /home/giovanna/argo_go2_ws/install/go2_nav/share/go2_nav/cmake/go2_navConfig-version.cmake
[0.543s] -- Up-to-date symlink: /home/giovanna/argo_go2_ws/install/go2_nav/share/go2_nav/package.xml
[0.603s] Invoked command in '/home/giovanna/argo_go2_ws/build/go2_nav' returned '0': CMAKE_PREFIX_PATH=/opt/ros/foxy /usr/bin/cmake --install /home/giovanna/argo_go2_ws/build/go2_nav
