[0.028s] Invoking command in '/home/giovanna/argo_go2_ws/build/go2_driver': AMENT_PREFIX_PATH=/home/giovanna/argo_go2_ws/install/unitree_go:/home/giovanna/argo_go2_ws/install/unitree_api:/home/giovanna/argo_go2_ws/install/go2_interfaces:${AMENT_PREFIX_PATH} CMAKE_PREFIX_PATH=/home/giovanna/argo_go2_ws/install/unitree_go:/home/giovanna/argo_go2_ws/install/unitree_api:/home/giovanna/argo_go2_ws/install/go2_interfaces:/opt/ros/foxy LD_LIBRARY_PATH=/home/giovanna/argo_go2_ws/install/unitree_go/lib:/home/giovanna/argo_go2_ws/install/unitree_api/lib:/home/giovanna/argo_go2_ws/install/go2_interfaces/lib:${LD_LIBRARY_PATH} PYTHONPATH=/home/giovanna/argo_go2_ws/install/unitree_go/lib/python3.8/site-packages:/home/giovanna/argo_go2_ws/install/unitree_api/lib/python3.8/site-packages:/home/giovanna/argo_go2_ws/install/go2_interfaces/lib/python3.8/site-packages:${PYTHONPATH} /usr/bin/cmake /home/giovanna/argo_go2_ws/src/go2_driver -DAMENT_CMAKE_SYMLINK_INSTALL=1 -DCMAKE_INSTALL_PREFIX=/home/giovanna/argo_go2_ws/install/go2_driver
[0.099s] -- The C compiler identification is GNU 9.4.0
[0.158s] -- The CXX compiler identification is GNU 9.4.0
[0.163s] -- Check for working C compiler: /usr/bin/cc
[0.241s] -- Check for working C compiler: /usr/bin/cc -- works
[0.241s] -- Detecting C compiler ABI info
[0.332s] -- Detecting C compiler ABI info - done
[0.346s] -- Detecting C compile features
[0.347s] -- Detecting C compile features - done
[0.351s] -- Check for working CXX compiler: /usr/bin/c++
[0.447s] -- Check for working CXX compiler: /usr/bin/c++ -- works
[0.449s] -- Detecting CXX compiler ABI info
[0.571s] -- Detecting CXX compiler ABI info - done
[0.583s] -- Detecting CXX compile features
[0.583s] -- Detecting CXX compile features - done
[0.586s] -- Found ament_cmake: 0.9.12 (/opt/ros/foxy/share/ament_cmake/cmake)
[0.614s] -- Found PythonInterp: /usr/bin/python3 (found suitable version "3.8.10", minimum required is "3") 
[0.614s] -- Using PYTHON_EXECUTABLE: /usr/bin/python3
[0.758s] -- Override CMake install command with custom implementation using symlinks instead of copying resources
[0.793s] -- Found rclcpp: 2.4.3 (/opt/ros/foxy/share/rclcpp/cmake)
[0.835s] -- Using all available rosidl_typesupport_c: rosidl_typesupport_fastrtps_c;rosidl_typesupport_introspection_c
[0.842s] -- Found rosidl_adapter: 1.3.1 (/opt/ros/foxy/share/rosidl_adapter/cmake)
[0.926s] -- Found OpenSSL: /usr/lib/x86_64-linux-gnu/libcrypto.so (found version "1.1.1f")  
[0.956s] -- Found FastRTPS: /opt/ros/foxy/include  
[1.022s] -- Using all available rosidl_typesupport_cpp: rosidl_typesupport_fastrtps_cpp;rosidl_typesupport_introspection_cpp
[1.074s] -- Found rmw_implementation_cmake: 1.0.4 (/opt/ros/foxy/share/rmw_implementation_cmake/cmake)
[1.075s] -- Using RMW implementation 'rmw_fastrtps_cpp' as default
[1.075s] -- Looking for pthread.h
[1.168s] -- Looking for pthread.h - found
[1.168s] -- Performing Test CMAKE_HAVE_LIBC_PTHREAD
[1.261s] -- Performing Test CMAKE_HAVE_LIBC_PTHREAD - Failed
[1.262s] -- Looking for pthread_create in pthreads
[1.351s] -- Looking for pthread_create in pthreads - not found
[1.351s] -- Looking for pthread_create in pthread
[1.445s] -- Looking for pthread_create in pthread - found
[1.446s] -- Found Threads: TRUE  
[1.583s] -- Found rclcpp_lifecycle: 2.4.3 (/opt/ros/foxy/share/rclcpp_lifecycle/cmake)
[1.620s] -- Found rclcpp_components: 2.4.3 (/opt/ros/foxy/share/rclcpp_components/cmake)
[1.680s] -- Found sensor_msgs: 2.0.5 (/opt/ros/foxy/share/sensor_msgs/cmake)
[1.768s] -- Found nav_msgs: 2.0.5 (/opt/ros/foxy/share/nav_msgs/cmake)
[1.824s] -- Found unitree_go: 0.0.1 (/home/giovanna/argo_go2_ws/install/unitree_go/share/unitree_go/cmake)
[1.871s] -- Found unitree_api: 0.0.0 (/home/giovanna/argo_go2_ws/install/unitree_api/share/unitree_api/cmake)
[1.917s] -- Found tf2_ros: 0.13.14 (/opt/ros/foxy/share/tf2_ros/cmake)
[2.153s] -- Found go2_interfaces: 1.0.0 (/home/giovanna/argo_go2_ws/install/go2_interfaces/share/go2_interfaces/cmake)
[2.164s] -- Found ament_lint_auto: 0.9.8 (/opt/ros/foxy/share/ament_lint_auto/cmake)
[2.268s] -- Added test 'cppcheck' to perform static code analysis on C / C++ code
[2.269s] -- Configured cppcheck include dirs: /home/giovanna/argo_go2_ws/src/go2_driver/include
[2.269s] -- Configured cppcheck exclude dirs and/or files: 
[2.269s] -- Added test 'flake8' to check Python code syntax and style conventions
[2.270s] -- Added test 'lint_cmake' to check CMake code style
[2.270s] -- Added test 'pep257' to check Python code against some of the style conventions in PEP 257
[2.271s] -- Added test 'uncrustify' to check C / C++ code style
[2.271s] -- Configured uncrustify additional arguments: 
[2.271s] -- Added test 'xmllint' to check XML markup files
[2.277s] -- Configuring done
[2.290s] -- Generating done
[2.296s] -- Build files have been written to: /home/giovanna/argo_go2_ws/build/go2_driver
[2.305s] Invoked command in '/home/giovanna/argo_go2_ws/build/go2_driver' returned '0': AMENT_PREFIX_PATH=/home/giovanna/argo_go2_ws/install/unitree_go:/home/giovanna/argo_go2_ws/install/unitree_api:/home/giovanna/argo_go2_ws/install/go2_interfaces:${AMENT_PREFIX_PATH} CMAKE_PREFIX_PATH=/home/giovanna/argo_go2_ws/install/unitree_go:/home/giovanna/argo_go2_ws/install/unitree_api:/home/giovanna/argo_go2_ws/install/go2_interfaces:/opt/ros/foxy LD_LIBRARY_PATH=/home/giovanna/argo_go2_ws/install/unitree_go/lib:/home/giovanna/argo_go2_ws/install/unitree_api/lib:/home/giovanna/argo_go2_ws/install/go2_interfaces/lib:${LD_LIBRARY_PATH} PYTHONPATH=/home/giovanna/argo_go2_ws/install/unitree_go/lib/python3.8/site-packages:/home/giovanna/argo_go2_ws/install/unitree_api/lib/python3.8/site-packages:/home/giovanna/argo_go2_ws/install/go2_interfaces/lib/python3.8/site-packages:${PYTHONPATH} /usr/bin/cmake /home/giovanna/argo_go2_ws/src/go2_driver -DAMENT_CMAKE_SYMLINK_INSTALL=1 -DCMAKE_INSTALL_PREFIX=/home/giovanna/argo_go2_ws/install/go2_driver
[2.309s] Invoking command in '/home/giovanna/argo_go2_ws/build/go2_driver': AMENT_PREFIX_PATH=/home/giovanna/argo_go2_ws/install/unitree_go:/home/giovanna/argo_go2_ws/install/unitree_api:/home/giovanna/argo_go2_ws/install/go2_interfaces:${AMENT_PREFIX_PATH} CMAKE_PREFIX_PATH=/home/giovanna/argo_go2_ws/install/unitree_go:/home/giovanna/argo_go2_ws/install/unitree_api:/home/giovanna/argo_go2_ws/install/go2_interfaces:/opt/ros/foxy LD_LIBRARY_PATH=/home/giovanna/argo_go2_ws/install/unitree_go/lib:/home/giovanna/argo_go2_ws/install/unitree_api/lib:/home/giovanna/argo_go2_ws/install/go2_interfaces/lib:${LD_LIBRARY_PATH} PYTHONPATH=/home/giovanna/argo_go2_ws/install/unitree_go/lib/python3.8/site-packages:/home/giovanna/argo_go2_ws/install/unitree_api/lib/python3.8/site-packages:/home/giovanna/argo_go2_ws/install/go2_interfaces/lib/python3.8/site-packages:${PYTHONPATH} /usr/bin/cmake --build /home/giovanna/argo_go2_ws/build/go2_driver -- -j16 -l16
[2.363s] Scanning dependencies of target go2_driver
[2.493s] [ 50%] Building CXX object CMakeFiles/go2_driver.dir/src/go2_driver/go2_driver.cpp.o
[2.625s] In file included from /home/giovanna/argo_go2_ws/src/go2_driver/src/go2_driver/go2_driver.cpp:31:
[2.625s] /home/giovanna/argo_go2_ws/src/go2_driver/include/go2_driver/go2_driver.hpp:45:10: fatal error: nlohmann/json.hpp: No such file or directory
[2.625s]    45 | #include "nlohmann/json.hpp"
[2.625s]       |          ^~~~~~~~~~~~~~~~~~~
[2.625s] compilation terminated.
[2.628s] make[2]: *** [CMakeFiles/go2_driver.dir/build.make:63: CMakeFiles/go2_driver.dir/src/go2_driver/go2_driver.cpp.o] Error 1
[2.628s] make[1]: *** [CMakeFiles/Makefile2:78: CMakeFiles/go2_driver.dir/all] Error 2
[2.629s] make: *** [Makefile:141: all] Error 2
[2.633s] Invoked command in '/home/giovanna/argo_go2_ws/build/go2_driver' returned '2': AMENT_PREFIX_PATH=/home/giovanna/argo_go2_ws/install/unitree_go:/home/giovanna/argo_go2_ws/install/unitree_api:/home/giovanna/argo_go2_ws/install/go2_interfaces:${AMENT_PREFIX_PATH} CMAKE_PREFIX_PATH=/home/giovanna/argo_go2_ws/install/unitree_go:/home/giovanna/argo_go2_ws/install/unitree_api:/home/giovanna/argo_go2_ws/install/go2_interfaces:/opt/ros/foxy LD_LIBRARY_PATH=/home/giovanna/argo_go2_ws/install/unitree_go/lib:/home/giovanna/argo_go2_ws/install/unitree_api/lib:/home/giovanna/argo_go2_ws/install/go2_interfaces/lib:${LD_LIBRARY_PATH} PYTHONPATH=/home/giovanna/argo_go2_ws/install/unitree_go/lib/python3.8/site-packages:/home/giovanna/argo_go2_ws/install/unitree_api/lib/python3.8/site-packages:/home/giovanna/argo_go2_ws/install/go2_interfaces/lib/python3.8/site-packages:${PYTHONPATH} /usr/bin/cmake --build /home/giovanna/argo_go2_ws/build/go2_driver -- -j16 -l16
