[0.061s] Invoking command in '/home/giovanna/argo_go2_ws/build/go2_nav': CMAKE_PREFIX_PATH=/opt/ros/foxy /usr/bin/cmake --build /home/giovanna/argo_go2_ws/build/go2_nav -- -j16 -l16
[0.136s] Invoked command in '/home/giovanna/argo_go2_ws/build/go2_nav' returned '0': CMAKE_PREFIX_PATH=/opt/ros/foxy /usr/bin/cmake --build /home/giovanna/argo_go2_ws/build/go2_nav -- -j16 -l16
[0.146s] Invoking command in '/home/giovanna/argo_go2_ws/build/go2_nav': CMAKE_PREFIX_PATH=/opt/ros/foxy /usr/bin/cmake --install /home/giovanna/argo_go2_ws/build/go2_nav
[0.216s] -- Install configuration: ""
[0.216s] -- Execute custom install script
[0.216s] -- Up-to-date symlink: /home/giovanna/argo_go2_ws/install/go2_nav/share/go2_nav/launch/navigation.launch.foxy.py
[0.216s] -- Up-to-date symlink: /home/giovanna/argo_go2_ws/install/go2_nav/share/go2_nav/launch/navigation.launch.py
[0.216s] -- Up-to-date symlink: /home/giovanna/argo_go2_ws/install/go2_nav/share/go2_nav/launch/slam.launch.py
[0.217s] -- Up-to-date symlink: /home/giovanna/argo_go2_ws/install/go2_nav/share/go2_nav/params/go2_nav_params.yaml
[0.217s] -- Up-to-date symlink: /home/giovanna/argo_go2_ws/install/go2_nav/share/go2_nav/params/go2_nav_params_foxy.yaml
[0.217s] -- Up-to-date symlink: /home/giovanna/argo_go2_ws/install/go2_nav/share/ament_index/resource_index/package_run_dependencies/go2_nav
[0.217s] -- Up-to-date symlink: /home/giovanna/argo_go2_ws/install/go2_nav/share/ament_index/resource_index/parent_prefix_path/go2_nav
[0.217s] -- Up-to-date symlink: /home/giovanna/argo_go2_ws/install/go2_nav/share/go2_nav/environment/ament_prefix_path.sh
[0.217s] -- Up-to-date symlink: /home/giovanna/argo_go2_ws/install/go2_nav/share/go2_nav/environment/ament_prefix_path.dsv
[0.217s] -- Up-to-date symlink: /home/giovanna/argo_go2_ws/install/go2_nav/share/go2_nav/environment/path.sh
[0.218s] -- Up-to-date symlink: /home/giovanna/argo_go2_ws/install/go2_nav/share/go2_nav/environment/path.dsv
[0.218s] -- Up-to-date symlink: /home/giovanna/argo_go2_ws/install/go2_nav/share/go2_nav/local_setup.bash
[0.218s] -- Up-to-date symlink: /home/giovanna/argo_go2_ws/install/go2_nav/share/go2_nav/local_setup.sh
[0.218s] -- Up-to-date symlink: /home/giovanna/argo_go2_ws/install/go2_nav/share/go2_nav/local_setup.zsh
[0.218s] -- Up-to-date symlink: /home/giovanna/argo_go2_ws/install/go2_nav/share/go2_nav/local_setup.dsv
[0.218s] -- Symlinking: /home/giovanna/argo_go2_ws/install/go2_nav/share/go2_nav/package.dsv
[0.219s] -- Up-to-date symlink: /home/giovanna/argo_go2_ws/install/go2_nav/share/ament_index/resource_index/packages/go2_nav
[0.222s] -- Up-to-date symlink: /home/giovanna/argo_go2_ws/install/go2_nav/share/go2_nav/cmake/go2_navConfig.cmake
[0.222s] -- Up-to-date symlink: /home/giovanna/argo_go2_ws/install/go2_nav/share/go2_nav/cmake/go2_navConfig-version.cmake
[0.224s] -- Up-to-date symlink: /home/giovanna/argo_go2_ws/install/go2_nav/share/go2_nav/package.xml
[0.275s] Invoked command in '/home/giovanna/argo_go2_ws/build/go2_nav' returned '0': CMAKE_PREFIX_PATH=/opt/ros/foxy /usr/bin/cmake --install /home/giovanna/argo_go2_ws/build/go2_nav
