[0.138s] DEBUG:colcon:Command line arguments: ['/usr/bin/colcon', 'build', '--symlink-install']
[0.138s] DEBUG:colcon:Parsed command line arguments: Namespace(allow_overriding=[], ament_cmake_args=None, base_paths=['.'], build_base='build', catkin_cmake_args=None, catkin_skip_building_tests=False, cmake_args=None, cmake_clean_cache=False, cmake_clean_first=False, cmake_force_configure=False, cmake_target=None, cmake_target_skip_unavailable=False, continue_on_error=False, event_handlers=None, executor='parallel', ignore_user_meta=False, install_base='install', log_base=None, log_level=None, main=<bound method BuildVerb.main of <colcon_core.verb.build.BuildVerb object at 0x7fcb5e0a90d0>>, merge_install=False, metas=['./colcon.meta'], packages_above=None, packages_above_and_dependencies=None, packages_above_depth=None, packages_end=None, packages_ignore=None, packages_ignore_regex=None, packages_select=None, packages_select_build_failed=False, packages_select_by_dep=None, packages_select_regex=None, packages_select_test_failures=False, packages_skip=None, packages_skip_build_finished=False, packages_skip_by_dep=None, packages_skip_regex=None, packages_skip_test_passed=False, packages_skip_up_to=None, packages_start=None, packages_up_to=None, packages_up_to_regex=None, parallel_workers=16, paths=None, symlink_install=True, test_result_base=None, verb_extension=<colcon_core.verb.build.BuildVerb object at 0x7fcb5e0a90d0>, verb_name='build', verb_parser=<colcon_defaults.argument_parser.defaults.DefaultArgumentsDecorator object at 0x7fcb5e0a95b0>)
[0.252s] Level 1:colcon.colcon_core.package_discovery:discover_packages(colcon_meta) check parameters
[0.252s] Level 1:colcon.colcon_core.package_discovery:discover_packages(recursive) check parameters
[0.252s] Level 1:colcon.colcon_core.package_discovery:discover_packages(ignore) check parameters
[0.252s] Level 1:colcon.colcon_core.package_discovery:discover_packages(path) check parameters
[0.252s] Level 1:colcon.colcon_core.package_discovery:discover_packages(colcon_meta) discover
[0.252s] Level 1:colcon.colcon_core.package_discovery:discover_packages(recursive) discover
[0.252s] INFO:colcon.colcon_core.package_discovery:Crawling recursively for packages in '/home/giovanna/argo_go2_ws'
[0.253s] Level 1:colcon.colcon_core.package_identification:_identify(.) by extensions ['ignore', 'ignore_ament_install']
[0.253s] Level 1:colcon.colcon_core.package_identification:_identify(.) by extension 'ignore'
[0.253s] Level 1:colcon.colcon_core.package_identification:_identify(.) by extension 'ignore_ament_install'
[0.253s] Level 1:colcon.colcon_core.package_identification:_identify(.) by extensions ['colcon_pkg']
[0.253s] Level 1:colcon.colcon_core.package_identification:_identify(.) by extension 'colcon_pkg'
[0.253s] Level 1:colcon.colcon_core.package_identification:_identify(.) by extensions ['colcon_meta']
[0.253s] Level 1:colcon.colcon_core.package_identification:_identify(.) by extension 'colcon_meta'
[0.253s] Level 1:colcon.colcon_core.package_identification:_identify(.) by extensions ['ros']
[0.253s] Level 1:colcon.colcon_core.package_identification:_identify(.) by extension 'ros'
[0.262s] Level 1:colcon.colcon_core.package_identification:_identify(.) by extensions ['cmake', 'python']
[0.262s] Level 1:colcon.colcon_core.package_identification:_identify(.) by extension 'cmake'
[0.262s] Level 1:colcon.colcon_core.package_identification:_identify(.) by extension 'python'
[0.262s] Level 1:colcon.colcon_core.package_identification:_identify(.) by extensions ['python_setup_py']
[0.262s] Level 1:colcon.colcon_core.package_identification:_identify(.) by extension 'python_setup_py'
[0.262s] Level 1:colcon.colcon_core.package_identification:_identify(build) by extensions ['ignore', 'ignore_ament_install']
[0.262s] Level 1:colcon.colcon_core.package_identification:_identify(build) by extension 'ignore'
[0.262s] Level 1:colcon.colcon_core.package_identification:_identify(build) ignored
[0.262s] Level 1:colcon.colcon_core.package_identification:_identify(install) by extensions ['ignore', 'ignore_ament_install']
[0.262s] Level 1:colcon.colcon_core.package_identification:_identify(install) by extension 'ignore'
[0.262s] Level 1:colcon.colcon_core.package_identification:_identify(install) ignored
[0.262s] Level 1:colcon.colcon_core.package_identification:_identify(log) by extensions ['ignore', 'ignore_ament_install']
[0.263s] Level 1:colcon.colcon_core.package_identification:_identify(log) by extension 'ignore'
[0.263s] Level 1:colcon.colcon_core.package_identification:_identify(log) ignored
[0.263s] Level 1:colcon.colcon_core.package_identification:_identify(src) by extensions ['ignore', 'ignore_ament_install']
[0.263s] Level 1:colcon.colcon_core.package_identification:_identify(src) by extension 'ignore'
[0.263s] Level 1:colcon.colcon_core.package_identification:_identify(src) by extension 'ignore_ament_install'
[0.263s] Level 1:colcon.colcon_core.package_identification:_identify(src) by extensions ['colcon_pkg']
[0.263s] Level 1:colcon.colcon_core.package_identification:_identify(src) by extension 'colcon_pkg'
[0.263s] Level 1:colcon.colcon_core.package_identification:_identify(src) by extensions ['colcon_meta']
[0.263s] Level 1:colcon.colcon_core.package_identification:_identify(src) by extension 'colcon_meta'
[0.263s] Level 1:colcon.colcon_core.package_identification:_identify(src) by extensions ['ros']
[0.263s] Level 1:colcon.colcon_core.package_identification:_identify(src) by extension 'ros'
[0.263s] Level 1:colcon.colcon_core.package_identification:_identify(src) by extensions ['cmake', 'python']
[0.263s] Level 1:colcon.colcon_core.package_identification:_identify(src) by extension 'cmake'
[0.263s] Level 1:colcon.colcon_core.package_identification:_identify(src) by extension 'python'
[0.263s] Level 1:colcon.colcon_core.package_identification:_identify(src) by extensions ['python_setup_py']
[0.263s] Level 1:colcon.colcon_core.package_identification:_identify(src) by extension 'python_setup_py'
[0.263s] Level 1:colcon.colcon_core.package_identification:_identify(src/go2_bringup) by extensions ['ignore', 'ignore_ament_install']
[0.263s] Level 1:colcon.colcon_core.package_identification:_identify(src/go2_bringup) by extension 'ignore'
[0.263s] Level 1:colcon.colcon_core.package_identification:_identify(src/go2_bringup) by extension 'ignore_ament_install'
[0.263s] Level 1:colcon.colcon_core.package_identification:_identify(src/go2_bringup) by extensions ['colcon_pkg']
[0.263s] Level 1:colcon.colcon_core.package_identification:_identify(src/go2_bringup) by extension 'colcon_pkg'
[0.263s] Level 1:colcon.colcon_core.package_identification:_identify(src/go2_bringup) by extensions ['colcon_meta']
[0.263s] Level 1:colcon.colcon_core.package_identification:_identify(src/go2_bringup) by extension 'colcon_meta'
[0.264s] Level 1:colcon.colcon_core.package_identification:_identify(src/go2_bringup) by extensions ['ros']
[0.264s] Level 1:colcon.colcon_core.package_identification:_identify(src/go2_bringup) by extension 'ros'
[0.266s] DEBUG:colcon.colcon_core.package_identification:Package 'src/go2_bringup' with type 'ros.ament_cmake' and name 'go2_bringup'
[0.266s] Level 1:colcon.colcon_core.package_identification:_identify(src/go2_description) by extensions ['ignore', 'ignore_ament_install']
[0.266s] Level 1:colcon.colcon_core.package_identification:_identify(src/go2_description) by extension 'ignore'
[0.266s] Level 1:colcon.colcon_core.package_identification:_identify(src/go2_description) by extension 'ignore_ament_install'
[0.266s] Level 1:colcon.colcon_core.package_identification:_identify(src/go2_description) by extensions ['colcon_pkg']
[0.266s] Level 1:colcon.colcon_core.package_identification:_identify(src/go2_description) by extension 'colcon_pkg'
[0.266s] Level 1:colcon.colcon_core.package_identification:_identify(src/go2_description) by extensions ['colcon_meta']
[0.266s] Level 1:colcon.colcon_core.package_identification:_identify(src/go2_description) by extension 'colcon_meta'
[0.266s] Level 1:colcon.colcon_core.package_identification:_identify(src/go2_description) by extensions ['ros']
[0.266s] Level 1:colcon.colcon_core.package_identification:_identify(src/go2_description) by extension 'ros'
[0.267s] DEBUG:colcon.colcon_core.package_identification:Package 'src/go2_description' with type 'ros.ament_cmake' and name 'go2_description'
[0.267s] Level 1:colcon.colcon_core.package_identification:_identify(src/go2_driver) by extensions ['ignore', 'ignore_ament_install']
[0.267s] Level 1:colcon.colcon_core.package_identification:_identify(src/go2_driver) by extension 'ignore'
[0.267s] Level 1:colcon.colcon_core.package_identification:_identify(src/go2_driver) by extension 'ignore_ament_install'
[0.267s] Level 1:colcon.colcon_core.package_identification:_identify(src/go2_driver) by extensions ['colcon_pkg']
[0.267s] Level 1:colcon.colcon_core.package_identification:_identify(src/go2_driver) by extension 'colcon_pkg'
[0.267s] Level 1:colcon.colcon_core.package_identification:_identify(src/go2_driver) by extensions ['colcon_meta']
[0.267s] Level 1:colcon.colcon_core.package_identification:_identify(src/go2_driver) by extension 'colcon_meta'
[0.267s] Level 1:colcon.colcon_core.package_identification:_identify(src/go2_driver) by extensions ['ros']
[0.267s] Level 1:colcon.colcon_core.package_identification:_identify(src/go2_driver) by extension 'ros'
[0.268s] DEBUG:colcon.colcon_core.package_identification:Package 'src/go2_driver' with type 'ros.ament_cmake' and name 'go2_driver'
[0.268s] Level 1:colcon.colcon_core.package_identification:_identify(src/go2_hardware) by extensions ['ignore', 'ignore_ament_install']
[0.268s] Level 1:colcon.colcon_core.package_identification:_identify(src/go2_hardware) by extension 'ignore'
[0.268s] Level 1:colcon.colcon_core.package_identification:_identify(src/go2_hardware) by extension 'ignore_ament_install'
[0.268s] Level 1:colcon.colcon_core.package_identification:_identify(src/go2_hardware) by extensions ['colcon_pkg']
[0.269s] Level 1:colcon.colcon_core.package_identification:_identify(src/go2_hardware) by extension 'colcon_pkg'
[0.269s] Level 1:colcon.colcon_core.package_identification:_identify(src/go2_hardware) by extensions ['colcon_meta']
[0.269s] Level 1:colcon.colcon_core.package_identification:_identify(src/go2_hardware) by extension 'colcon_meta'
[0.269s] Level 1:colcon.colcon_core.package_identification:_identify(src/go2_hardware) by extensions ['ros']
[0.269s] Level 1:colcon.colcon_core.package_identification:_identify(src/go2_hardware) by extension 'ros'
[0.269s] DEBUG:colcon.colcon_core.package_identification:Package 'src/go2_hardware' with type 'ros.ament_cmake' and name 'go2_hardware'
[0.269s] Level 1:colcon.colcon_core.package_identification:_identify(src/go2_interfaces) by extensions ['ignore', 'ignore_ament_install']
[0.269s] Level 1:colcon.colcon_core.package_identification:_identify(src/go2_interfaces) by extension 'ignore'
[0.269s] Level 1:colcon.colcon_core.package_identification:_identify(src/go2_interfaces) by extension 'ignore_ament_install'
[0.269s] Level 1:colcon.colcon_core.package_identification:_identify(src/go2_interfaces) by extensions ['colcon_pkg']
[0.269s] Level 1:colcon.colcon_core.package_identification:_identify(src/go2_interfaces) by extension 'colcon_pkg'
[0.269s] Level 1:colcon.colcon_core.package_identification:_identify(src/go2_interfaces) by extensions ['colcon_meta']
[0.269s] Level 1:colcon.colcon_core.package_identification:_identify(src/go2_interfaces) by extension 'colcon_meta'
[0.269s] Level 1:colcon.colcon_core.package_identification:_identify(src/go2_interfaces) by extensions ['ros']
[0.269s] Level 1:colcon.colcon_core.package_identification:_identify(src/go2_interfaces) by extension 'ros'
[0.270s] DEBUG:colcon.colcon_core.package_identification:Package 'src/go2_interfaces' with type 'ros.ament_cmake' and name 'go2_interfaces'
[0.270s] Level 1:colcon.colcon_core.package_identification:_identify(src/go2_nav) by extensions ['ignore', 'ignore_ament_install']
[0.270s] Level 1:colcon.colcon_core.package_identification:_identify(src/go2_nav) by extension 'ignore'
[0.270s] Level 1:colcon.colcon_core.package_identification:_identify(src/go2_nav) by extension 'ignore_ament_install'
[0.270s] Level 1:colcon.colcon_core.package_identification:_identify(src/go2_nav) by extensions ['colcon_pkg']
[0.270s] Level 1:colcon.colcon_core.package_identification:_identify(src/go2_nav) by extension 'colcon_pkg'
[0.270s] Level 1:colcon.colcon_core.package_identification:_identify(src/go2_nav) by extensions ['colcon_meta']
[0.270s] Level 1:colcon.colcon_core.package_identification:_identify(src/go2_nav) by extension 'colcon_meta'
[0.270s] Level 1:colcon.colcon_core.package_identification:_identify(src/go2_nav) by extensions ['ros']
[0.270s] Level 1:colcon.colcon_core.package_identification:_identify(src/go2_nav) by extension 'ros'
[0.271s] DEBUG:colcon.colcon_core.package_identification:Package 'src/go2_nav' with type 'ros.ament_cmake' and name 'go2_nav'
[0.271s] Level 1:colcon.colcon_core.package_identification:_identify(src/go2_robot) by extensions ['ignore', 'ignore_ament_install']
[0.271s] Level 1:colcon.colcon_core.package_identification:_identify(src/go2_robot) by extension 'ignore'
[0.271s] Level 1:colcon.colcon_core.package_identification:_identify(src/go2_robot) by extension 'ignore_ament_install'
[0.271s] Level 1:colcon.colcon_core.package_identification:_identify(src/go2_robot) by extensions ['colcon_pkg']
[0.271s] Level 1:colcon.colcon_core.package_identification:_identify(src/go2_robot) by extension 'colcon_pkg'
[0.271s] Level 1:colcon.colcon_core.package_identification:_identify(src/go2_robot) by extensions ['colcon_meta']
[0.271s] Level 1:colcon.colcon_core.package_identification:_identify(src/go2_robot) by extension 'colcon_meta'
[0.271s] Level 1:colcon.colcon_core.package_identification:_identify(src/go2_robot) by extensions ['ros']
[0.271s] Level 1:colcon.colcon_core.package_identification:_identify(src/go2_robot) by extension 'ros'
[0.271s] DEBUG:colcon.colcon_core.package_identification:Package 'src/go2_robot' with type 'ros.ament_cmake' and name 'go2_robot'
[0.272s] Level 1:colcon.colcon_core.package_identification:_identify(src/go2_rviz) by extensions ['ignore', 'ignore_ament_install']
[0.272s] Level 1:colcon.colcon_core.package_identification:_identify(src/go2_rviz) by extension 'ignore'
[0.272s] Level 1:colcon.colcon_core.package_identification:_identify(src/go2_rviz) by extension 'ignore_ament_install'
[0.272s] Level 1:colcon.colcon_core.package_identification:_identify(src/go2_rviz) by extensions ['colcon_pkg']
[0.272s] Level 1:colcon.colcon_core.package_identification:_identify(src/go2_rviz) by extension 'colcon_pkg'
[0.272s] Level 1:colcon.colcon_core.package_identification:_identify(src/go2_rviz) by extensions ['colcon_meta']
[0.272s] Level 1:colcon.colcon_core.package_identification:_identify(src/go2_rviz) by extension 'colcon_meta'
[0.272s] Level 1:colcon.colcon_core.package_identification:_identify(src/go2_rviz) by extensions ['ros']
[0.272s] Level 1:colcon.colcon_core.package_identification:_identify(src/go2_rviz) by extension 'ros'
[0.272s] DEBUG:colcon.colcon_core.package_identification:Package 'src/go2_rviz' with type 'ros.ament_cmake' and name 'go2_rviz'
[0.272s] Level 1:colcon.colcon_core.package_identification:_identify(src/go2_simulation) by extensions ['ignore', 'ignore_ament_install']
[0.272s] Level 1:colcon.colcon_core.package_identification:_identify(src/go2_simulation) by extension 'ignore'
[0.272s] Level 1:colcon.colcon_core.package_identification:_identify(src/go2_simulation) by extension 'ignore_ament_install'
[0.272s] Level 1:colcon.colcon_core.package_identification:_identify(src/go2_simulation) by extensions ['colcon_pkg']
[0.272s] Level 1:colcon.colcon_core.package_identification:_identify(src/go2_simulation) by extension 'colcon_pkg'
[0.272s] Level 1:colcon.colcon_core.package_identification:_identify(src/go2_simulation) by extensions ['colcon_meta']
[0.272s] Level 1:colcon.colcon_core.package_identification:_identify(src/go2_simulation) by extension 'colcon_meta'
[0.272s] Level 1:colcon.colcon_core.package_identification:_identify(src/go2_simulation) by extensions ['ros']
[0.273s] Level 1:colcon.colcon_core.package_identification:_identify(src/go2_simulation) by extension 'ros'
[0.273s] DEBUG:colcon.colcon_core.package_identification:Package 'src/go2_simulation' with type 'ros.ament_cmake' and name 'go2_simulation'
[0.273s] Level 1:colcon.colcon_core.package_identification:_identify(src/hesai_ros_driver) by extensions ['ignore', 'ignore_ament_install']
[0.273s] Level 1:colcon.colcon_core.package_identification:_identify(src/hesai_ros_driver) by extension 'ignore'
[0.273s] Level 1:colcon.colcon_core.package_identification:_identify(src/hesai_ros_driver) by extension 'ignore_ament_install'
[0.273s] Level 1:colcon.colcon_core.package_identification:_identify(src/hesai_ros_driver) by extensions ['colcon_pkg']
[0.273s] Level 1:colcon.colcon_core.package_identification:_identify(src/hesai_ros_driver) by extension 'colcon_pkg'
[0.273s] Level 1:colcon.colcon_core.package_identification:_identify(src/hesai_ros_driver) by extensions ['colcon_meta']
[0.273s] Level 1:colcon.colcon_core.package_identification:_identify(src/hesai_ros_driver) by extension 'colcon_meta'
[0.273s] Level 1:colcon.colcon_core.package_identification:_identify(src/hesai_ros_driver) by extensions ['ros']
[0.273s] Level 1:colcon.colcon_core.package_identification:_identify(src/hesai_ros_driver) by extension 'ros'
[0.278s] DEBUG:colcon.colcon_core.package_identification:Package 'src/hesai_ros_driver' with type 'ros.ament_cmake' and name 'hesai_ros_driver'
[0.278s] Level 1:colcon.colcon_core.package_identification:_identify(src/unitree_api) by extensions ['ignore', 'ignore_ament_install']
[0.278s] Level 1:colcon.colcon_core.package_identification:_identify(src/unitree_api) by extension 'ignore'
[0.278s] Level 1:colcon.colcon_core.package_identification:_identify(src/unitree_api) by extension 'ignore_ament_install'
[0.278s] Level 1:colcon.colcon_core.package_identification:_identify(src/unitree_api) by extensions ['colcon_pkg']
[0.278s] Level 1:colcon.colcon_core.package_identification:_identify(src/unitree_api) by extension 'colcon_pkg'
[0.278s] Level 1:colcon.colcon_core.package_identification:_identify(src/unitree_api) by extensions ['colcon_meta']
[0.278s] Level 1:colcon.colcon_core.package_identification:_identify(src/unitree_api) by extension 'colcon_meta'
[0.278s] Level 1:colcon.colcon_core.package_identification:_identify(src/unitree_api) by extensions ['ros']
[0.278s] Level 1:colcon.colcon_core.package_identification:_identify(src/unitree_api) by extension 'ros'
[0.279s] DEBUG:colcon.colcon_core.package_identification:Package 'src/unitree_api' with type 'ros.ament_cmake' and name 'unitree_api'
[0.279s] Level 1:colcon.colcon_core.package_identification:_identify(src/unitree_go) by extensions ['ignore', 'ignore_ament_install']
[0.279s] Level 1:colcon.colcon_core.package_identification:_identify(src/unitree_go) by extension 'ignore'
[0.279s] Level 1:colcon.colcon_core.package_identification:_identify(src/unitree_go) by extension 'ignore_ament_install'
[0.279s] Level 1:colcon.colcon_core.package_identification:_identify(src/unitree_go) by extensions ['colcon_pkg']
[0.279s] Level 1:colcon.colcon_core.package_identification:_identify(src/unitree_go) by extension 'colcon_pkg'
[0.279s] Level 1:colcon.colcon_core.package_identification:_identify(src/unitree_go) by extensions ['colcon_meta']
[0.279s] Level 1:colcon.colcon_core.package_identification:_identify(src/unitree_go) by extension 'colcon_meta'
[0.279s] Level 1:colcon.colcon_core.package_identification:_identify(src/unitree_go) by extensions ['ros']
[0.279s] Level 1:colcon.colcon_core.package_identification:_identify(src/unitree_go) by extension 'ros'
[0.279s] DEBUG:colcon.colcon_core.package_identification:Package 'src/unitree_go' with type 'ros.ament_cmake' and name 'unitree_go'
[0.280s] Level 1:colcon.colcon_core.package_discovery:discover_packages(recursive) using defaults
[0.280s] Level 1:colcon.colcon_core.package_discovery:discover_packages(ignore) discover
[0.280s] Level 1:colcon.colcon_core.package_discovery:discover_packages(ignore) using defaults
[0.280s] Level 1:colcon.colcon_core.package_discovery:discover_packages(path) discover
[0.280s] Level 1:colcon.colcon_core.package_discovery:discover_packages(path) using defaults
[0.305s] Level 1:colcon.colcon_core.package_discovery:discover_packages(prefix_path) check parameters
[0.305s] Level 1:colcon.colcon_core.package_discovery:discover_packages(prefix_path) discover
[0.307s] DEBUG:colcon.colcon_installed_package_information.package_discovery:Found 291 installed packages in /opt/ros/foxy
[0.308s] Level 1:colcon.colcon_core.package_discovery:discover_packages(prefix_path) using defaults
[0.356s] Level 5:colcon.colcon_core.verb:set package 'go2_description' build argument 'cmake_args' from command line to 'None'
[0.356s] Level 5:colcon.colcon_core.verb:set package 'go2_description' build argument 'cmake_target' from command line to 'None'
[0.356s] Level 5:colcon.colcon_core.verb:set package 'go2_description' build argument 'cmake_target_skip_unavailable' from command line to 'False'
[0.356s] Level 5:colcon.colcon_core.verb:set package 'go2_description' build argument 'cmake_clean_cache' from command line to 'False'
[0.356s] Level 5:colcon.colcon_core.verb:set package 'go2_description' build argument 'cmake_clean_first' from command line to 'False'
[0.356s] Level 5:colcon.colcon_core.verb:set package 'go2_description' build argument 'cmake_force_configure' from command line to 'False'
[0.356s] Level 5:colcon.colcon_core.verb:set package 'go2_description' build argument 'ament_cmake_args' from command line to 'None'
[0.356s] Level 5:colcon.colcon_core.verb:set package 'go2_description' build argument 'catkin_cmake_args' from command line to 'None'
[0.356s] Level 5:colcon.colcon_core.verb:set package 'go2_description' build argument 'catkin_skip_building_tests' from command line to 'False'
[0.356s] DEBUG:colcon.colcon_core.verb:Building package 'go2_description' with the following arguments: {'ament_cmake_args': None, 'build_base': '/home/giovanna/argo_go2_ws/build/go2_description', 'catkin_cmake_args': None, 'catkin_skip_building_tests': False, 'cmake_args': None, 'cmake_clean_cache': False, 'cmake_clean_first': False, 'cmake_force_configure': False, 'cmake_target': None, 'cmake_target_skip_unavailable': False, 'install_base': '/home/giovanna/argo_go2_ws/install/go2_description', 'merge_install': False, 'path': '/home/giovanna/argo_go2_ws/src/go2_description', 'symlink_install': True, 'test_result_base': None}
[0.356s] Level 5:colcon.colcon_core.verb:set package 'go2_hardware' build argument 'cmake_args' from command line to 'None'
[0.356s] Level 5:colcon.colcon_core.verb:set package 'go2_hardware' build argument 'cmake_target' from command line to 'None'
[0.356s] Level 5:colcon.colcon_core.verb:set package 'go2_hardware' build argument 'cmake_target_skip_unavailable' from command line to 'False'
[0.356s] Level 5:colcon.colcon_core.verb:set package 'go2_hardware' build argument 'cmake_clean_cache' from command line to 'False'
[0.356s] Level 5:colcon.colcon_core.verb:set package 'go2_hardware' build argument 'cmake_clean_first' from command line to 'False'
[0.356s] Level 5:colcon.colcon_core.verb:set package 'go2_hardware' build argument 'cmake_force_configure' from command line to 'False'
[0.356s] Level 5:colcon.colcon_core.verb:set package 'go2_hardware' build argument 'ament_cmake_args' from command line to 'None'
[0.356s] Level 5:colcon.colcon_core.verb:set package 'go2_hardware' build argument 'catkin_cmake_args' from command line to 'None'
[0.356s] Level 5:colcon.colcon_core.verb:set package 'go2_hardware' build argument 'catkin_skip_building_tests' from command line to 'False'
[0.356s] DEBUG:colcon.colcon_core.verb:Building package 'go2_hardware' with the following arguments: {'ament_cmake_args': None, 'build_base': '/home/giovanna/argo_go2_ws/build/go2_hardware', 'catkin_cmake_args': None, 'catkin_skip_building_tests': False, 'cmake_args': None, 'cmake_clean_cache': False, 'cmake_clean_first': False, 'cmake_force_configure': False, 'cmake_target': None, 'cmake_target_skip_unavailable': False, 'install_base': '/home/giovanna/argo_go2_ws/install/go2_hardware', 'merge_install': False, 'path': '/home/giovanna/argo_go2_ws/src/go2_hardware', 'symlink_install': True, 'test_result_base': None}
[0.357s] Level 5:colcon.colcon_core.verb:set package 'go2_interfaces' build argument 'cmake_args' from command line to 'None'
[0.357s] Level 5:colcon.colcon_core.verb:set package 'go2_interfaces' build argument 'cmake_target' from command line to 'None'
[0.357s] Level 5:colcon.colcon_core.verb:set package 'go2_interfaces' build argument 'cmake_target_skip_unavailable' from command line to 'False'
[0.357s] Level 5:colcon.colcon_core.verb:set package 'go2_interfaces' build argument 'cmake_clean_cache' from command line to 'False'
[0.357s] Level 5:colcon.colcon_core.verb:set package 'go2_interfaces' build argument 'cmake_clean_first' from command line to 'False'
[0.357s] Level 5:colcon.colcon_core.verb:set package 'go2_interfaces' build argument 'cmake_force_configure' from command line to 'False'
[0.357s] Level 5:colcon.colcon_core.verb:set package 'go2_interfaces' build argument 'ament_cmake_args' from command line to 'None'
[0.357s] Level 5:colcon.colcon_core.verb:set package 'go2_interfaces' build argument 'catkin_cmake_args' from command line to 'None'
[0.357s] Level 5:colcon.colcon_core.verb:set package 'go2_interfaces' build argument 'catkin_skip_building_tests' from command line to 'False'
[0.357s] DEBUG:colcon.colcon_core.verb:Building package 'go2_interfaces' with the following arguments: {'ament_cmake_args': None, 'build_base': '/home/giovanna/argo_go2_ws/build/go2_interfaces', 'catkin_cmake_args': None, 'catkin_skip_building_tests': False, 'cmake_args': None, 'cmake_clean_cache': False, 'cmake_clean_first': False, 'cmake_force_configure': False, 'cmake_target': None, 'cmake_target_skip_unavailable': False, 'install_base': '/home/giovanna/argo_go2_ws/install/go2_interfaces', 'merge_install': False, 'path': '/home/giovanna/argo_go2_ws/src/go2_interfaces', 'symlink_install': True, 'test_result_base': None}
[0.357s] Level 5:colcon.colcon_core.verb:set package 'go2_nav' build argument 'cmake_args' from command line to 'None'
[0.357s] Level 5:colcon.colcon_core.verb:set package 'go2_nav' build argument 'cmake_target' from command line to 'None'
[0.357s] Level 5:colcon.colcon_core.verb:set package 'go2_nav' build argument 'cmake_target_skip_unavailable' from command line to 'False'
[0.357s] Level 5:colcon.colcon_core.verb:set package 'go2_nav' build argument 'cmake_clean_cache' from command line to 'False'
[0.357s] Level 5:colcon.colcon_core.verb:set package 'go2_nav' build argument 'cmake_clean_first' from command line to 'False'
[0.357s] Level 5:colcon.colcon_core.verb:set package 'go2_nav' build argument 'cmake_force_configure' from command line to 'False'
[0.357s] Level 5:colcon.colcon_core.verb:set package 'go2_nav' build argument 'ament_cmake_args' from command line to 'None'
[0.357s] Level 5:colcon.colcon_core.verb:set package 'go2_nav' build argument 'catkin_cmake_args' from command line to 'None'
[0.357s] Level 5:colcon.colcon_core.verb:set package 'go2_nav' build argument 'catkin_skip_building_tests' from command line to 'False'
[0.357s] DEBUG:colcon.colcon_core.verb:Building package 'go2_nav' with the following arguments: {'ament_cmake_args': None, 'build_base': '/home/giovanna/argo_go2_ws/build/go2_nav', 'catkin_cmake_args': None, 'catkin_skip_building_tests': False, 'cmake_args': None, 'cmake_clean_cache': False, 'cmake_clean_first': False, 'cmake_force_configure': False, 'cmake_target': None, 'cmake_target_skip_unavailable': False, 'install_base': '/home/giovanna/argo_go2_ws/install/go2_nav', 'merge_install': False, 'path': '/home/giovanna/argo_go2_ws/src/go2_nav', 'symlink_install': True, 'test_result_base': None}
[0.358s] Level 5:colcon.colcon_core.verb:set package 'go2_rviz' build argument 'cmake_args' from command line to 'None'
[0.358s] Level 5:colcon.colcon_core.verb:set package 'go2_rviz' build argument 'cmake_target' from command line to 'None'
[0.358s] Level 5:colcon.colcon_core.verb:set package 'go2_rviz' build argument 'cmake_target_skip_unavailable' from command line to 'False'
[0.358s] Level 5:colcon.colcon_core.verb:set package 'go2_rviz' build argument 'cmake_clean_cache' from command line to 'False'
[0.358s] Level 5:colcon.colcon_core.verb:set package 'go2_rviz' build argument 'cmake_clean_first' from command line to 'False'
[0.358s] Level 5:colcon.colcon_core.verb:set package 'go2_rviz' build argument 'cmake_force_configure' from command line to 'False'
[0.358s] Level 5:colcon.colcon_core.verb:set package 'go2_rviz' build argument 'ament_cmake_args' from command line to 'None'
[0.358s] Level 5:colcon.colcon_core.verb:set package 'go2_rviz' build argument 'catkin_cmake_args' from command line to 'None'
[0.358s] Level 5:colcon.colcon_core.verb:set package 'go2_rviz' build argument 'catkin_skip_building_tests' from command line to 'False'
[0.358s] DEBUG:colcon.colcon_core.verb:Building package 'go2_rviz' with the following arguments: {'ament_cmake_args': None, 'build_base': '/home/giovanna/argo_go2_ws/build/go2_rviz', 'catkin_cmake_args': None, 'catkin_skip_building_tests': False, 'cmake_args': None, 'cmake_clean_cache': False, 'cmake_clean_first': False, 'cmake_force_configure': False, 'cmake_target': None, 'cmake_target_skip_unavailable': False, 'install_base': '/home/giovanna/argo_go2_ws/install/go2_rviz', 'merge_install': False, 'path': '/home/giovanna/argo_go2_ws/src/go2_rviz', 'symlink_install': True, 'test_result_base': None}
[0.358s] Level 5:colcon.colcon_core.verb:set package 'go2_simulation' build argument 'cmake_args' from command line to 'None'
[0.358s] Level 5:colcon.colcon_core.verb:set package 'go2_simulation' build argument 'cmake_target' from command line to 'None'
[0.358s] Level 5:colcon.colcon_core.verb:set package 'go2_simulation' build argument 'cmake_target_skip_unavailable' from command line to 'False'
[0.358s] Level 5:colcon.colcon_core.verb:set package 'go2_simulation' build argument 'cmake_clean_cache' from command line to 'False'
[0.358s] Level 5:colcon.colcon_core.verb:set package 'go2_simulation' build argument 'cmake_clean_first' from command line to 'False'
[0.358s] Level 5:colcon.colcon_core.verb:set package 'go2_simulation' build argument 'cmake_force_configure' from command line to 'False'
[0.358s] Level 5:colcon.colcon_core.verb:set package 'go2_simulation' build argument 'ament_cmake_args' from command line to 'None'
[0.358s] Level 5:colcon.colcon_core.verb:set package 'go2_simulation' build argument 'catkin_cmake_args' from command line to 'None'
[0.358s] Level 5:colcon.colcon_core.verb:set package 'go2_simulation' build argument 'catkin_skip_building_tests' from command line to 'False'
[0.358s] DEBUG:colcon.colcon_core.verb:Building package 'go2_simulation' with the following arguments: {'ament_cmake_args': None, 'build_base': '/home/giovanna/argo_go2_ws/build/go2_simulation', 'catkin_cmake_args': None, 'catkin_skip_building_tests': False, 'cmake_args': None, 'cmake_clean_cache': False, 'cmake_clean_first': False, 'cmake_force_configure': False, 'cmake_target': None, 'cmake_target_skip_unavailable': False, 'install_base': '/home/giovanna/argo_go2_ws/install/go2_simulation', 'merge_install': False, 'path': '/home/giovanna/argo_go2_ws/src/go2_simulation', 'symlink_install': True, 'test_result_base': None}
[0.359s] Level 5:colcon.colcon_core.verb:set package 'hesai_ros_driver' build argument 'cmake_args' from command line to 'None'
[0.359s] Level 5:colcon.colcon_core.verb:set package 'hesai_ros_driver' build argument 'cmake_target' from command line to 'None'
[0.359s] Level 5:colcon.colcon_core.verb:set package 'hesai_ros_driver' build argument 'cmake_target_skip_unavailable' from command line to 'False'
[0.359s] Level 5:colcon.colcon_core.verb:set package 'hesai_ros_driver' build argument 'cmake_clean_cache' from command line to 'False'
[0.359s] Level 5:colcon.colcon_core.verb:set package 'hesai_ros_driver' build argument 'cmake_clean_first' from command line to 'False'
[0.359s] Level 5:colcon.colcon_core.verb:set package 'hesai_ros_driver' build argument 'cmake_force_configure' from command line to 'False'
[0.359s] Level 5:colcon.colcon_core.verb:set package 'hesai_ros_driver' build argument 'ament_cmake_args' from command line to 'None'
[0.359s] Level 5:colcon.colcon_core.verb:set package 'hesai_ros_driver' build argument 'catkin_cmake_args' from command line to 'None'
[0.359s] Level 5:colcon.colcon_core.verb:set package 'hesai_ros_driver' build argument 'catkin_skip_building_tests' from command line to 'False'
[0.359s] DEBUG:colcon.colcon_core.verb:Building package 'hesai_ros_driver' with the following arguments: {'ament_cmake_args': None, 'build_base': '/home/giovanna/argo_go2_ws/build/hesai_ros_driver', 'catkin_cmake_args': None, 'catkin_skip_building_tests': False, 'cmake_args': None, 'cmake_clean_cache': False, 'cmake_clean_first': False, 'cmake_force_configure': False, 'cmake_target': None, 'cmake_target_skip_unavailable': False, 'install_base': '/home/giovanna/argo_go2_ws/install/hesai_ros_driver', 'merge_install': False, 'path': '/home/giovanna/argo_go2_ws/src/hesai_ros_driver', 'symlink_install': True, 'test_result_base': None}
[0.359s] Level 5:colcon.colcon_core.verb:set package 'unitree_api' build argument 'cmake_args' from command line to 'None'
[0.359s] Level 5:colcon.colcon_core.verb:set package 'unitree_api' build argument 'cmake_target' from command line to 'None'
[0.359s] Level 5:colcon.colcon_core.verb:set package 'unitree_api' build argument 'cmake_target_skip_unavailable' from command line to 'False'
[0.359s] Level 5:colcon.colcon_core.verb:set package 'unitree_api' build argument 'cmake_clean_cache' from command line to 'False'
[0.359s] Level 5:colcon.colcon_core.verb:set package 'unitree_api' build argument 'cmake_clean_first' from command line to 'False'
[0.359s] Level 5:colcon.colcon_core.verb:set package 'unitree_api' build argument 'cmake_force_configure' from command line to 'False'
[0.359s] Level 5:colcon.colcon_core.verb:set package 'unitree_api' build argument 'ament_cmake_args' from command line to 'None'
[0.359s] Level 5:colcon.colcon_core.verb:set package 'unitree_api' build argument 'catkin_cmake_args' from command line to 'None'
[0.359s] Level 5:colcon.colcon_core.verb:set package 'unitree_api' build argument 'catkin_skip_building_tests' from command line to 'False'
[0.359s] DEBUG:colcon.colcon_core.verb:Building package 'unitree_api' with the following arguments: {'ament_cmake_args': None, 'build_base': '/home/giovanna/argo_go2_ws/build/unitree_api', 'catkin_cmake_args': None, 'catkin_skip_building_tests': False, 'cmake_args': None, 'cmake_clean_cache': False, 'cmake_clean_first': False, 'cmake_force_configure': False, 'cmake_target': None, 'cmake_target_skip_unavailable': False, 'install_base': '/home/giovanna/argo_go2_ws/install/unitree_api', 'merge_install': False, 'path': '/home/giovanna/argo_go2_ws/src/unitree_api', 'symlink_install': True, 'test_result_base': None}
[0.360s] Level 5:colcon.colcon_core.verb:set package 'unitree_go' build argument 'cmake_args' from command line to 'None'
[0.360s] Level 5:colcon.colcon_core.verb:set package 'unitree_go' build argument 'cmake_target' from command line to 'None'
[0.360s] Level 5:colcon.colcon_core.verb:set package 'unitree_go' build argument 'cmake_target_skip_unavailable' from command line to 'False'
[0.360s] Level 5:colcon.colcon_core.verb:set package 'unitree_go' build argument 'cmake_clean_cache' from command line to 'False'
[0.360s] Level 5:colcon.colcon_core.verb:set package 'unitree_go' build argument 'cmake_clean_first' from command line to 'False'
[0.360s] Level 5:colcon.colcon_core.verb:set package 'unitree_go' build argument 'cmake_force_configure' from command line to 'False'
[0.360s] Level 5:colcon.colcon_core.verb:set package 'unitree_go' build argument 'ament_cmake_args' from command line to 'None'
[0.360s] Level 5:colcon.colcon_core.verb:set package 'unitree_go' build argument 'catkin_cmake_args' from command line to 'None'
[0.360s] Level 5:colcon.colcon_core.verb:set package 'unitree_go' build argument 'catkin_skip_building_tests' from command line to 'False'
[0.360s] DEBUG:colcon.colcon_core.verb:Building package 'unitree_go' with the following arguments: {'ament_cmake_args': None, 'build_base': '/home/giovanna/argo_go2_ws/build/unitree_go', 'catkin_cmake_args': None, 'catkin_skip_building_tests': False, 'cmake_args': None, 'cmake_clean_cache': False, 'cmake_clean_first': False, 'cmake_force_configure': False, 'cmake_target': None, 'cmake_target_skip_unavailable': False, 'install_base': '/home/giovanna/argo_go2_ws/install/unitree_go', 'merge_install': False, 'path': '/home/giovanna/argo_go2_ws/src/unitree_go', 'symlink_install': True, 'test_result_base': None}
[0.360s] Level 5:colcon.colcon_core.verb:set package 'go2_driver' build argument 'cmake_args' from command line to 'None'
[0.360s] Level 5:colcon.colcon_core.verb:set package 'go2_driver' build argument 'cmake_target' from command line to 'None'
[0.360s] Level 5:colcon.colcon_core.verb:set package 'go2_driver' build argument 'cmake_target_skip_unavailable' from command line to 'False'
[0.360s] Level 5:colcon.colcon_core.verb:set package 'go2_driver' build argument 'cmake_clean_cache' from command line to 'False'
[0.360s] Level 5:colcon.colcon_core.verb:set package 'go2_driver' build argument 'cmake_clean_first' from command line to 'False'
[0.360s] Level 5:colcon.colcon_core.verb:set package 'go2_driver' build argument 'cmake_force_configure' from command line to 'False'
[0.360s] Level 5:colcon.colcon_core.verb:set package 'go2_driver' build argument 'ament_cmake_args' from command line to 'None'
[0.360s] Level 5:colcon.colcon_core.verb:set package 'go2_driver' build argument 'catkin_cmake_args' from command line to 'None'
[0.360s] Level 5:colcon.colcon_core.verb:set package 'go2_driver' build argument 'catkin_skip_building_tests' from command line to 'False'
[0.360s] DEBUG:colcon.colcon_core.verb:Building package 'go2_driver' with the following arguments: {'ament_cmake_args': None, 'build_base': '/home/giovanna/argo_go2_ws/build/go2_driver', 'catkin_cmake_args': None, 'catkin_skip_building_tests': False, 'cmake_args': None, 'cmake_clean_cache': False, 'cmake_clean_first': False, 'cmake_force_configure': False, 'cmake_target': None, 'cmake_target_skip_unavailable': False, 'install_base': '/home/giovanna/argo_go2_ws/install/go2_driver', 'merge_install': False, 'path': '/home/giovanna/argo_go2_ws/src/go2_driver', 'symlink_install': True, 'test_result_base': None}
[0.360s] Level 5:colcon.colcon_core.verb:set package 'go2_robot' build argument 'cmake_args' from command line to 'None'
[0.360s] Level 5:colcon.colcon_core.verb:set package 'go2_robot' build argument 'cmake_target' from command line to 'None'
[0.360s] Level 5:colcon.colcon_core.verb:set package 'go2_robot' build argument 'cmake_target_skip_unavailable' from command line to 'False'
[0.360s] Level 5:colcon.colcon_core.verb:set package 'go2_robot' build argument 'cmake_clean_cache' from command line to 'False'
[0.360s] Level 5:colcon.colcon_core.verb:set package 'go2_robot' build argument 'cmake_clean_first' from command line to 'False'
[0.360s] Level 5:colcon.colcon_core.verb:set package 'go2_robot' build argument 'cmake_force_configure' from command line to 'False'
[0.360s] Level 5:colcon.colcon_core.verb:set package 'go2_robot' build argument 'ament_cmake_args' from command line to 'None'
[0.361s] Level 5:colcon.colcon_core.verb:set package 'go2_robot' build argument 'catkin_cmake_args' from command line to 'None'
[0.361s] Level 5:colcon.colcon_core.verb:set package 'go2_robot' build argument 'catkin_skip_building_tests' from command line to 'False'
[0.361s] DEBUG:colcon.colcon_core.verb:Building package 'go2_robot' with the following arguments: {'ament_cmake_args': None, 'build_base': '/home/giovanna/argo_go2_ws/build/go2_robot', 'catkin_cmake_args': None, 'catkin_skip_building_tests': False, 'cmake_args': None, 'cmake_clean_cache': False, 'cmake_clean_first': False, 'cmake_force_configure': False, 'cmake_target': None, 'cmake_target_skip_unavailable': False, 'install_base': '/home/giovanna/argo_go2_ws/install/go2_robot', 'merge_install': False, 'path': '/home/giovanna/argo_go2_ws/src/go2_robot', 'symlink_install': True, 'test_result_base': None}
[0.361s] Level 5:colcon.colcon_core.verb:set package 'go2_bringup' build argument 'cmake_args' from command line to 'None'
[0.361s] Level 5:colcon.colcon_core.verb:set package 'go2_bringup' build argument 'cmake_target' from command line to 'None'
[0.361s] Level 5:colcon.colcon_core.verb:set package 'go2_bringup' build argument 'cmake_target_skip_unavailable' from command line to 'False'
[0.361s] Level 5:colcon.colcon_core.verb:set package 'go2_bringup' build argument 'cmake_clean_cache' from command line to 'False'
[0.361s] Level 5:colcon.colcon_core.verb:set package 'go2_bringup' build argument 'cmake_clean_first' from command line to 'False'
[0.361s] Level 5:colcon.colcon_core.verb:set package 'go2_bringup' build argument 'cmake_force_configure' from command line to 'False'
[0.361s] Level 5:colcon.colcon_core.verb:set package 'go2_bringup' build argument 'ament_cmake_args' from command line to 'None'
[0.361s] Level 5:colcon.colcon_core.verb:set package 'go2_bringup' build argument 'catkin_cmake_args' from command line to 'None'
[0.361s] Level 5:colcon.colcon_core.verb:set package 'go2_bringup' build argument 'catkin_skip_building_tests' from command line to 'False'
[0.361s] DEBUG:colcon.colcon_core.verb:Building package 'go2_bringup' with the following arguments: {'ament_cmake_args': None, 'build_base': '/home/giovanna/argo_go2_ws/build/go2_bringup', 'catkin_cmake_args': None, 'catkin_skip_building_tests': False, 'cmake_args': None, 'cmake_clean_cache': False, 'cmake_clean_first': False, 'cmake_force_configure': False, 'cmake_target': None, 'cmake_target_skip_unavailable': False, 'install_base': '/home/giovanna/argo_go2_ws/install/go2_bringup', 'merge_install': False, 'path': '/home/giovanna/argo_go2_ws/src/go2_bringup', 'symlink_install': True, 'test_result_base': None}
[0.361s] INFO:colcon.colcon_core.executor:Executing jobs using 'parallel' executor
[0.362s] DEBUG:colcon.colcon_parallel_executor.executor.parallel:run_until_complete
[0.362s] INFO:colcon.colcon_ros.task.ament_cmake.build:Building ROS package in '/home/giovanna/argo_go2_ws/src/go2_description' with build type 'ament_cmake'
[0.362s] INFO:colcon.colcon_cmake.task.cmake.build:Building CMake package in '/home/giovanna/argo_go2_ws/src/go2_description'
[0.364s] INFO:colcon.colcon_core.plugin_system:Skipping extension 'colcon_core.shell.bat': Not used on non-Windows systems
[0.364s] INFO:colcon.colcon_core.shell:Skip shell extension 'powershell' for command environment: Not usable outside of PowerShell
[0.364s] DEBUG:colcon.colcon_core.shell:Skip shell extension 'dsv' for command environment
[0.368s] INFO:colcon.colcon_ros.task.ament_cmake.build:Building ROS package in '/home/giovanna/argo_go2_ws/src/go2_interfaces' with build type 'ament_cmake'
[0.369s] INFO:colcon.colcon_cmake.task.cmake.build:Building CMake package in '/home/giovanna/argo_go2_ws/src/go2_interfaces'
[0.369s] INFO:colcon.colcon_core.shell:Skip shell extension 'powershell' for command environment: Not usable outside of PowerShell
[0.369s] DEBUG:colcon.colcon_core.shell:Skip shell extension 'dsv' for command environment
[0.373s] INFO:colcon.colcon_ros.task.ament_cmake.build:Building ROS package in '/home/giovanna/argo_go2_ws/src/unitree_api' with build type 'ament_cmake'
[0.373s] INFO:colcon.colcon_cmake.task.cmake.build:Building CMake package in '/home/giovanna/argo_go2_ws/src/unitree_api'
[0.374s] INFO:colcon.colcon_core.shell:Skip shell extension 'powershell' for command environment: Not usable outside of PowerShell
[0.374s] DEBUG:colcon.colcon_core.shell:Skip shell extension 'dsv' for command environment
[0.377s] INFO:colcon.colcon_ros.task.ament_cmake.build:Building ROS package in '/home/giovanna/argo_go2_ws/src/unitree_go' with build type 'ament_cmake'
[0.378s] INFO:colcon.colcon_cmake.task.cmake.build:Building CMake package in '/home/giovanna/argo_go2_ws/src/unitree_go'
[0.378s] INFO:colcon.colcon_core.shell:Skip shell extension 'powershell' for command environment: Not usable outside of PowerShell
[0.378s] DEBUG:colcon.colcon_core.shell:Skip shell extension 'dsv' for command environment
[0.382s] INFO:colcon.colcon_ros.task.ament_cmake.build:Building ROS package in '/home/giovanna/argo_go2_ws/src/go2_rviz' with build type 'ament_cmake'
[0.382s] INFO:colcon.colcon_cmake.task.cmake.build:Building CMake package in '/home/giovanna/argo_go2_ws/src/go2_rviz'
[0.383s] INFO:colcon.colcon_core.shell:Skip shell extension 'powershell' for command environment: Not usable outside of PowerShell
[0.383s] DEBUG:colcon.colcon_core.shell:Skip shell extension 'dsv' for command environment
[0.387s] INFO:colcon.colcon_ros.task.ament_cmake.build:Building ROS package in '/home/giovanna/argo_go2_ws/src/go2_hardware' with build type 'ament_cmake'
[0.387s] INFO:colcon.colcon_cmake.task.cmake.build:Building CMake package in '/home/giovanna/argo_go2_ws/src/go2_hardware'
[0.388s] INFO:colcon.colcon_core.shell:Skip shell extension 'powershell' for command environment: Not usable outside of PowerShell
[0.388s] DEBUG:colcon.colcon_core.shell:Skip shell extension 'dsv' for command environment
[0.396s] INFO:colcon.colcon_ros.task.ament_cmake.build:Building ROS package in '/home/giovanna/argo_go2_ws/src/go2_nav' with build type 'ament_cmake'
[0.396s] INFO:colcon.colcon_cmake.task.cmake.build:Building CMake package in '/home/giovanna/argo_go2_ws/src/go2_nav'
[0.396s] INFO:colcon.colcon_core.shell:Skip shell extension 'powershell' for command environment: Not usable outside of PowerShell
[0.396s] DEBUG:colcon.colcon_core.shell:Skip shell extension 'dsv' for command environment
[0.402s] INFO:colcon.colcon_ros.task.ament_cmake.build:Building ROS package in '/home/giovanna/argo_go2_ws/src/go2_simulation' with build type 'ament_cmake'
[0.402s] INFO:colcon.colcon_cmake.task.cmake.build:Building CMake package in '/home/giovanna/argo_go2_ws/src/go2_simulation'
[0.403s] INFO:colcon.colcon_core.shell:Skip shell extension 'powershell' for command environment: Not usable outside of PowerShell
[0.403s] DEBUG:colcon.colcon_core.shell:Skip shell extension 'dsv' for command environment
[0.412s] INFO:colcon.colcon_ros.task.ament_cmake.build:Building ROS package in '/home/giovanna/argo_go2_ws/src/hesai_ros_driver' with build type 'ament_cmake'
[0.412s] INFO:colcon.colcon_cmake.task.cmake.build:Building CMake package in '/home/giovanna/argo_go2_ws/src/hesai_ros_driver'
[0.412s] INFO:colcon.colcon_core.shell:Skip shell extension 'powershell' for command environment: Not usable outside of PowerShell
[0.412s] DEBUG:colcon.colcon_core.shell:Skip shell extension 'dsv' for command environment
[0.424s] DEBUG:colcon.colcon_core.event_handler.log_command:Invoking command in '/home/giovanna/argo_go2_ws/build/go2_description': CMAKE_PREFIX_PATH=/opt/ros/foxy /usr/bin/cmake --build /home/giovanna/argo_go2_ws/build/go2_description -- -j16 -l16
[0.428s] DEBUG:colcon.colcon_core.event_handler.log_command:Invoking command in '/home/giovanna/argo_go2_ws/build/go2_interfaces': CMAKE_PREFIX_PATH=/opt/ros/foxy /usr/bin/cmake --build /home/giovanna/argo_go2_ws/build/go2_interfaces -- -j16 -l16
[0.431s] DEBUG:colcon.colcon_core.event_handler.log_command:Invoking command in '/home/giovanna/argo_go2_ws/build/unitree_api': CMAKE_PREFIX_PATH=/opt/ros/foxy /usr/bin/cmake /home/giovanna/argo_go2_ws/src/unitree_api -DAMENT_CMAKE_SYMLINK_INSTALL=1 -DCMAKE_INSTALL_PREFIX=/home/giovanna/argo_go2_ws/install/unitree_api
[0.435s] DEBUG:colcon.colcon_core.event_handler.log_command:Invoking command in '/home/giovanna/argo_go2_ws/build/unitree_go': CMAKE_PREFIX_PATH=/opt/ros/foxy /usr/bin/cmake /home/giovanna/argo_go2_ws/src/unitree_go -DAMENT_CMAKE_SYMLINK_INSTALL=1 -DCMAKE_INSTALL_PREFIX=/home/giovanna/argo_go2_ws/install/unitree_go
[0.440s] DEBUG:colcon.colcon_core.event_handler.log_command:Invoking command in '/home/giovanna/argo_go2_ws/build/go2_rviz': CMAKE_PREFIX_PATH=/opt/ros/foxy /usr/bin/cmake --build /home/giovanna/argo_go2_ws/build/go2_rviz -- -j16 -l16
[0.445s] DEBUG:colcon.colcon_core.event_handler.log_command:Invoking command in '/home/giovanna/argo_go2_ws/build/go2_hardware': CMAKE_PREFIX_PATH=/opt/ros/foxy /usr/bin/cmake --build /home/giovanna/argo_go2_ws/build/go2_hardware -- -j16 -l16
[0.451s] DEBUG:colcon.colcon_core.event_handler.log_command:Invoking command in '/home/giovanna/argo_go2_ws/build/go2_nav': CMAKE_PREFIX_PATH=/opt/ros/foxy /usr/bin/cmake --build /home/giovanna/argo_go2_ws/build/go2_nav -- -j16 -l16
[0.458s] DEBUG:colcon.colcon_core.event_handler.log_command:Invoking command in '/home/giovanna/argo_go2_ws/build/go2_simulation': CMAKE_PREFIX_PATH=/opt/ros/foxy /usr/bin/cmake --build /home/giovanna/argo_go2_ws/build/go2_simulation -- -j16 -l16
[0.463s] DEBUG:colcon.colcon_core.event_handler.log_command:Invoking command in '/home/giovanna/argo_go2_ws/build/hesai_ros_driver': CMAKE_PREFIX_PATH=/opt/ros/foxy /usr/bin/cmake /home/giovanna/argo_go2_ws/src/hesai_ros_driver -DAMENT_CMAKE_SYMLINK_INSTALL=1 -DCMAKE_INSTALL_PREFIX=/home/giovanna/argo_go2_ws/install/hesai_ros_driver
[0.516s] DEBUG:colcon.colcon_core.event_handler.log_command:Invoked command in '/home/giovanna/argo_go2_ws/build/go2_nav' returned '0': CMAKE_PREFIX_PATH=/opt/ros/foxy /usr/bin/cmake --build /home/giovanna/argo_go2_ws/build/go2_nav -- -j16 -l16
[0.538s] DEBUG:colcon.colcon_core.event_handler.log_command:Invoking command in '/home/giovanna/argo_go2_ws/build/go2_nav': CMAKE_PREFIX_PATH=/opt/ros/foxy /usr/bin/cmake --install /home/giovanna/argo_go2_ws/build/go2_nav
[0.582s] Level 1:colcon.colcon_core.environment:create_environment_scripts_only(go2_nav)
[0.584s] DEBUG:colcon.colcon_core.event_handler.log_command:Invoked command in '/home/giovanna/argo_go2_ws/build/go2_nav' returned '0': CMAKE_PREFIX_PATH=/opt/ros/foxy /usr/bin/cmake --install /home/giovanna/argo_go2_ws/build/go2_nav
[0.588s] Level 1:colcon.colcon_core.environment:checking '/home/giovanna/argo_go2_ws/install/go2_nav' for CMake module files
[0.589s] Level 1:colcon.colcon_core.environment:checking '/home/giovanna/argo_go2_ws/install/go2_nav' for CMake config files
[0.589s] Level 1:colcon.colcon_core.shell:create_environment_hook('go2_nav', 'cmake_prefix_path')
[0.590s] INFO:colcon.colcon_core.shell:Creating environment hook '/home/giovanna/argo_go2_ws/install/go2_nav/share/go2_nav/hook/cmake_prefix_path.ps1'
[0.591s] INFO:colcon.colcon_core.shell:Creating environment descriptor '/home/giovanna/argo_go2_ws/install/go2_nav/share/go2_nav/hook/cmake_prefix_path.dsv'
[0.592s] INFO:colcon.colcon_core.shell:Creating environment hook '/home/giovanna/argo_go2_ws/install/go2_nav/share/go2_nav/hook/cmake_prefix_path.sh'
[0.593s] Level 1:colcon.colcon_core.environment:checking '/home/giovanna/argo_go2_ws/install/go2_nav/bin'
[0.593s] Level 1:colcon.colcon_core.environment:checking '/home/giovanna/argo_go2_ws/install/go2_nav/lib/pkgconfig/go2_nav.pc'
[0.594s] Level 1:colcon.colcon_core.environment:checking '/home/giovanna/argo_go2_ws/install/go2_nav/lib/python3.8/site-packages'
[0.594s] Level 1:colcon.colcon_core.environment:checking '/home/giovanna/argo_go2_ws/install/go2_nav/bin'
[0.595s] INFO:colcon.colcon_core.shell:Creating package script '/home/giovanna/argo_go2_ws/install/go2_nav/share/go2_nav/package.ps1'
[0.597s] INFO:colcon.colcon_core.shell:Creating package descriptor '/home/giovanna/argo_go2_ws/install/go2_nav/share/go2_nav/package.dsv'
[0.597s] INFO:colcon.colcon_core.shell:Creating package script '/home/giovanna/argo_go2_ws/install/go2_nav/share/go2_nav/package.sh'
[0.599s] INFO:colcon.colcon_core.shell:Creating package script '/home/giovanna/argo_go2_ws/install/go2_nav/share/go2_nav/package.bash'
[0.600s] INFO:colcon.colcon_core.shell:Creating package script '/home/giovanna/argo_go2_ws/install/go2_nav/share/go2_nav/package.zsh'
[0.601s] Level 1:colcon.colcon_core.environment:create_file_with_runtime_dependencies(/home/giovanna/argo_go2_ws/install/go2_nav/share/colcon-core/packages/go2_nav)
[0.602s] Level 1:colcon.colcon_core.environment:create_environment_scripts_only(go2_nav)
[0.603s] Level 1:colcon.colcon_core.environment:checking '/home/giovanna/argo_go2_ws/install/go2_nav' for CMake module files
[0.604s] Level 1:colcon.colcon_core.environment:checking '/home/giovanna/argo_go2_ws/install/go2_nav' for CMake config files
[0.604s] Level 1:colcon.colcon_core.shell:create_environment_hook('go2_nav', 'cmake_prefix_path')
[0.605s] INFO:colcon.colcon_core.shell:Creating environment hook '/home/giovanna/argo_go2_ws/install/go2_nav/share/go2_nav/hook/cmake_prefix_path.ps1'
[0.606s] INFO:colcon.colcon_core.shell:Creating environment descriptor '/home/giovanna/argo_go2_ws/install/go2_nav/share/go2_nav/hook/cmake_prefix_path.dsv'
[0.606s] INFO:colcon.colcon_core.shell:Creating environment hook '/home/giovanna/argo_go2_ws/install/go2_nav/share/go2_nav/hook/cmake_prefix_path.sh'
[0.607s] Level 1:colcon.colcon_core.environment:checking '/home/giovanna/argo_go2_ws/install/go2_nav/bin'
[0.607s] Level 1:colcon.colcon_core.environment:checking '/home/giovanna/argo_go2_ws/install/go2_nav/lib/pkgconfig/go2_nav.pc'
[0.608s] Level 1:colcon.colcon_core.environment:checking '/home/giovanna/argo_go2_ws/install/go2_nav/lib/python3.8/site-packages'
[0.608s] Level 1:colcon.colcon_core.environment:checking '/home/giovanna/argo_go2_ws/install/go2_nav/bin'
[0.609s] INFO:colcon.colcon_core.shell:Creating package script '/home/giovanna/argo_go2_ws/install/go2_nav/share/go2_nav/package.ps1'
[0.610s] INFO:colcon.colcon_core.shell:Creating package descriptor '/home/giovanna/argo_go2_ws/install/go2_nav/share/go2_nav/package.dsv'
[0.610s] INFO:colcon.colcon_core.shell:Creating package script '/home/giovanna/argo_go2_ws/install/go2_nav/share/go2_nav/package.sh'
[0.611s] INFO:colcon.colcon_core.shell:Creating package script '/home/giovanna/argo_go2_ws/install/go2_nav/share/go2_nav/package.bash'
[0.612s] INFO:colcon.colcon_core.shell:Creating package script '/home/giovanna/argo_go2_ws/install/go2_nav/share/go2_nav/package.zsh'
[0.612s] Level 1:colcon.colcon_core.environment:create_file_with_runtime_dependencies(/home/giovanna/argo_go2_ws/install/go2_nav/share/colcon-core/packages/go2_nav)
[0.837s] DEBUG:colcon.colcon_core.event_handler.log_command:Invoked command in '/home/giovanna/argo_go2_ws/build/go2_description' returned '0': CMAKE_PREFIX_PATH=/opt/ros/foxy /usr/bin/cmake --build /home/giovanna/argo_go2_ws/build/go2_description -- -j16 -l16
[0.838s] DEBUG:colcon.colcon_core.event_handler.log_command:Invoking command in '/home/giovanna/argo_go2_ws/build/go2_description': CMAKE_PREFIX_PATH=/opt/ros/foxy /usr/bin/cmake --install /home/giovanna/argo_go2_ws/build/go2_description
[0.863s] DEBUG:colcon.colcon_core.event_handler.log_command:Invoked command in '/home/giovanna/argo_go2_ws/build/go2_rviz' returned '0': CMAKE_PREFIX_PATH=/opt/ros/foxy /usr/bin/cmake --build /home/giovanna/argo_go2_ws/build/go2_rviz -- -j16 -l16
[0.869s] DEBUG:colcon.colcon_core.event_handler.log_command:Invoking command in '/home/giovanna/argo_go2_ws/build/go2_rviz': CMAKE_PREFIX_PATH=/opt/ros/foxy /usr/bin/cmake --install /home/giovanna/argo_go2_ws/build/go2_rviz
[0.876s] DEBUG:colcon.colcon_core.event_handler.log_command:Invoked command in '/home/giovanna/argo_go2_ws/build/go2_hardware' returned '0': CMAKE_PREFIX_PATH=/opt/ros/foxy /usr/bin/cmake --build /home/giovanna/argo_go2_ws/build/go2_hardware -- -j16 -l16
[0.877s] DEBUG:colcon.colcon_core.event_handler.log_command:Invoking command in '/home/giovanna/argo_go2_ws/build/go2_hardware': CMAKE_PREFIX_PATH=/opt/ros/foxy /usr/bin/cmake --install /home/giovanna/argo_go2_ws/build/go2_hardware
[0.878s] Level 1:colcon.colcon_core.environment:create_environment_scripts_only(go2_description)
[0.879s] Level 1:colcon.colcon_core.environment:checking '/home/giovanna/argo_go2_ws/install/go2_description' for CMake module files
[0.880s] DEBUG:colcon.colcon_core.event_handler.log_command:Invoked command in '/home/giovanna/argo_go2_ws/build/go2_description' returned '0': CMAKE_PREFIX_PATH=/opt/ros/foxy /usr/bin/cmake --install /home/giovanna/argo_go2_ws/build/go2_description
[0.881s] Level 1:colcon.colcon_core.environment:checking '/home/giovanna/argo_go2_ws/install/go2_description' for CMake config files
[0.883s] Level 1:colcon.colcon_core.shell:create_environment_hook('go2_description', 'cmake_prefix_path')
[0.884s] INFO:colcon.colcon_core.shell:Creating environment hook '/home/giovanna/argo_go2_ws/install/go2_description/share/go2_description/hook/cmake_prefix_path.ps1'
[0.886s] INFO:colcon.colcon_core.shell:Creating environment descriptor '/home/giovanna/argo_go2_ws/install/go2_description/share/go2_description/hook/cmake_prefix_path.dsv'
[0.887s] INFO:colcon.colcon_core.shell:Creating environment hook '/home/giovanna/argo_go2_ws/install/go2_description/share/go2_description/hook/cmake_prefix_path.sh'
[0.888s] Level 1:colcon.colcon_core.environment:checking '/home/giovanna/argo_go2_ws/install/go2_description/bin'
[0.888s] Level 1:colcon.colcon_core.environment:checking '/home/giovanna/argo_go2_ws/install/go2_description/lib/pkgconfig/go2_description.pc'
[0.888s] Level 1:colcon.colcon_core.environment:checking '/home/giovanna/argo_go2_ws/install/go2_description/lib/python3.8/site-packages'
[0.889s] Level 1:colcon.colcon_core.environment:checking '/home/giovanna/argo_go2_ws/install/go2_description/bin'
[0.889s] INFO:colcon.colcon_core.shell:Creating package script '/home/giovanna/argo_go2_ws/install/go2_description/share/go2_description/package.ps1'
[0.890s] INFO:colcon.colcon_core.shell:Creating package descriptor '/home/giovanna/argo_go2_ws/install/go2_description/share/go2_description/package.dsv'
[0.891s] INFO:colcon.colcon_core.shell:Creating package script '/home/giovanna/argo_go2_ws/install/go2_description/share/go2_description/package.sh'
[0.892s] INFO:colcon.colcon_core.shell:Creating package script '/home/giovanna/argo_go2_ws/install/go2_description/share/go2_description/package.bash'
[0.892s] INFO:colcon.colcon_core.shell:Creating package script '/home/giovanna/argo_go2_ws/install/go2_description/share/go2_description/package.zsh'
[0.893s] Level 1:colcon.colcon_core.environment:create_file_with_runtime_dependencies(/home/giovanna/argo_go2_ws/install/go2_description/share/colcon-core/packages/go2_description)
[0.894s] Level 1:colcon.colcon_core.environment:create_environment_scripts_only(go2_description)
[0.894s] Level 1:colcon.colcon_core.environment:checking '/home/giovanna/argo_go2_ws/install/go2_description' for CMake module files
[0.895s] Level 1:colcon.colcon_core.environment:checking '/home/giovanna/argo_go2_ws/install/go2_description' for CMake config files
[0.895s] Level 1:colcon.colcon_core.shell:create_environment_hook('go2_description', 'cmake_prefix_path')
[0.895s] INFO:colcon.colcon_core.shell:Creating environment hook '/home/giovanna/argo_go2_ws/install/go2_description/share/go2_description/hook/cmake_prefix_path.ps1'
[0.896s] INFO:colcon.colcon_core.shell:Creating environment descriptor '/home/giovanna/argo_go2_ws/install/go2_description/share/go2_description/hook/cmake_prefix_path.dsv'
[0.896s] INFO:colcon.colcon_core.shell:Creating environment hook '/home/giovanna/argo_go2_ws/install/go2_description/share/go2_description/hook/cmake_prefix_path.sh'
[0.897s] Level 1:colcon.colcon_core.environment:checking '/home/giovanna/argo_go2_ws/install/go2_description/bin'
[0.897s] Level 1:colcon.colcon_core.environment:checking '/home/giovanna/argo_go2_ws/install/go2_description/lib/pkgconfig/go2_description.pc'
[0.897s] Level 1:colcon.colcon_core.environment:checking '/home/giovanna/argo_go2_ws/install/go2_description/lib/python3.8/site-packages'
[0.897s] Level 1:colcon.colcon_core.environment:checking '/home/giovanna/argo_go2_ws/install/go2_description/bin'
[0.898s] INFO:colcon.colcon_core.shell:Creating package script '/home/giovanna/argo_go2_ws/install/go2_description/share/go2_description/package.ps1'
[0.899s] INFO:colcon.colcon_core.shell:Creating package descriptor '/home/giovanna/argo_go2_ws/install/go2_description/share/go2_description/package.dsv'
[0.900s] INFO:colcon.colcon_core.shell:Creating package script '/home/giovanna/argo_go2_ws/install/go2_description/share/go2_description/package.sh'
[0.901s] INFO:colcon.colcon_core.shell:Creating package script '/home/giovanna/argo_go2_ws/install/go2_description/share/go2_description/package.bash'
[0.902s] INFO:colcon.colcon_core.shell:Creating package script '/home/giovanna/argo_go2_ws/install/go2_description/share/go2_description/package.zsh'
[0.903s] Level 1:colcon.colcon_core.environment:create_file_with_runtime_dependencies(/home/giovanna/argo_go2_ws/install/go2_description/share/colcon-core/packages/go2_description)
[0.903s] INFO:colcon.colcon_ros.task.ament_cmake.build:Building ROS package in '/home/giovanna/argo_go2_ws/src/go2_robot' with build type 'ament_cmake'
[0.904s] INFO:colcon.colcon_cmake.task.cmake.build:Building CMake package in '/home/giovanna/argo_go2_ws/src/go2_robot'
[0.904s] INFO:colcon.colcon_core.shell:Skip shell extension 'powershell' for command environment: Not usable outside of PowerShell
[0.904s] DEBUG:colcon.colcon_core.shell:Skip shell extension 'dsv' for command environment
[0.912s] DEBUG:colcon.colcon_core.event_handler.log_command:Invoked command in '/home/giovanna/argo_go2_ws/build/go2_simulation' returned '0': CMAKE_PREFIX_PATH=/opt/ros/foxy /usr/bin/cmake --build /home/giovanna/argo_go2_ws/build/go2_simulation -- -j16 -l16
[0.917s] DEBUG:colcon.colcon_core.event_handler.log_command:Invoking command in '/home/giovanna/argo_go2_ws/build/go2_simulation': CMAKE_PREFIX_PATH=/opt/ros/foxy /usr/bin/cmake --install /home/giovanna/argo_go2_ws/build/go2_simulation
[0.919s] Level 1:colcon.colcon_core.environment:create_environment_scripts_only(go2_rviz)
[0.919s] Level 1:colcon.colcon_core.environment:checking '/home/giovanna/argo_go2_ws/install/go2_rviz' for CMake module files
[0.921s] DEBUG:colcon.colcon_core.event_handler.log_command:Invoked command in '/home/giovanna/argo_go2_ws/build/go2_rviz' returned '0': CMAKE_PREFIX_PATH=/opt/ros/foxy /usr/bin/cmake --install /home/giovanna/argo_go2_ws/build/go2_rviz
[0.921s] Level 1:colcon.colcon_core.environment:checking '/home/giovanna/argo_go2_ws/install/go2_rviz' for CMake config files
[0.922s] Level 1:colcon.colcon_core.shell:create_environment_hook('go2_rviz', 'cmake_prefix_path')
[0.922s] INFO:colcon.colcon_core.shell:Creating environment hook '/home/giovanna/argo_go2_ws/install/go2_rviz/share/go2_rviz/hook/cmake_prefix_path.ps1'
[0.923s] INFO:colcon.colcon_core.shell:Creating environment descriptor '/home/giovanna/argo_go2_ws/install/go2_rviz/share/go2_rviz/hook/cmake_prefix_path.dsv'
[0.923s] INFO:colcon.colcon_core.shell:Creating environment hook '/home/giovanna/argo_go2_ws/install/go2_rviz/share/go2_rviz/hook/cmake_prefix_path.sh'
[0.924s] Level 1:colcon.colcon_core.environment:checking '/home/giovanna/argo_go2_ws/install/go2_rviz/bin'
[0.924s] Level 1:colcon.colcon_core.environment:checking '/home/giovanna/argo_go2_ws/install/go2_rviz/lib/pkgconfig/go2_rviz.pc'
[0.924s] Level 1:colcon.colcon_core.environment:checking '/home/giovanna/argo_go2_ws/install/go2_rviz/lib/python3.8/site-packages'
[0.925s] Level 1:colcon.colcon_core.environment:checking '/home/giovanna/argo_go2_ws/install/go2_rviz/bin'
[0.925s] INFO:colcon.colcon_core.shell:Creating package script '/home/giovanna/argo_go2_ws/install/go2_rviz/share/go2_rviz/package.ps1'
[0.925s] INFO:colcon.colcon_core.shell:Creating package descriptor '/home/giovanna/argo_go2_ws/install/go2_rviz/share/go2_rviz/package.dsv'
[0.926s] INFO:colcon.colcon_core.shell:Creating package script '/home/giovanna/argo_go2_ws/install/go2_rviz/share/go2_rviz/package.sh'
[0.926s] INFO:colcon.colcon_core.shell:Creating package script '/home/giovanna/argo_go2_ws/install/go2_rviz/share/go2_rviz/package.bash'
[0.927s] INFO:colcon.colcon_core.shell:Creating package script '/home/giovanna/argo_go2_ws/install/go2_rviz/share/go2_rviz/package.zsh'
[0.927s] Level 1:colcon.colcon_core.environment:create_file_with_runtime_dependencies(/home/giovanna/argo_go2_ws/install/go2_rviz/share/colcon-core/packages/go2_rviz)
[0.929s] Level 1:colcon.colcon_core.environment:create_environment_scripts_only(go2_rviz)
[0.929s] Level 1:colcon.colcon_core.environment:checking '/home/giovanna/argo_go2_ws/install/go2_rviz' for CMake module files
[0.930s] Level 1:colcon.colcon_core.environment:checking '/home/giovanna/argo_go2_ws/install/go2_rviz' for CMake config files
[0.932s] Level 1:colcon.colcon_core.shell:create_environment_hook('go2_rviz', 'cmake_prefix_path')
[0.932s] INFO:colcon.colcon_core.shell:Creating environment hook '/home/giovanna/argo_go2_ws/install/go2_rviz/share/go2_rviz/hook/cmake_prefix_path.ps1'
[0.933s] INFO:colcon.colcon_core.shell:Creating environment descriptor '/home/giovanna/argo_go2_ws/install/go2_rviz/share/go2_rviz/hook/cmake_prefix_path.dsv'
[0.933s] INFO:colcon.colcon_core.shell:Creating environment hook '/home/giovanna/argo_go2_ws/install/go2_rviz/share/go2_rviz/hook/cmake_prefix_path.sh'
[0.934s] Level 1:colcon.colcon_core.environment:checking '/home/giovanna/argo_go2_ws/install/go2_rviz/bin'
[0.934s] Level 1:colcon.colcon_core.environment:checking '/home/giovanna/argo_go2_ws/install/go2_rviz/lib/pkgconfig/go2_rviz.pc'
[0.934s] Level 1:colcon.colcon_core.environment:checking '/home/giovanna/argo_go2_ws/install/go2_rviz/lib/python3.8/site-packages'
[0.935s] Level 1:colcon.colcon_core.environment:checking '/home/giovanna/argo_go2_ws/install/go2_rviz/bin'
[0.935s] INFO:colcon.colcon_core.shell:Creating package script '/home/giovanna/argo_go2_ws/install/go2_rviz/share/go2_rviz/package.ps1'
[0.936s] INFO:colcon.colcon_core.shell:Creating package descriptor '/home/giovanna/argo_go2_ws/install/go2_rviz/share/go2_rviz/package.dsv'
[0.936s] INFO:colcon.colcon_core.shell:Creating package script '/home/giovanna/argo_go2_ws/install/go2_rviz/share/go2_rviz/package.sh'
[0.937s] INFO:colcon.colcon_core.shell:Creating package script '/home/giovanna/argo_go2_ws/install/go2_rviz/share/go2_rviz/package.bash'
[0.937s] INFO:colcon.colcon_core.shell:Creating package script '/home/giovanna/argo_go2_ws/install/go2_rviz/share/go2_rviz/package.zsh'
[0.938s] Level 1:colcon.colcon_core.environment:create_file_with_runtime_dependencies(/home/giovanna/argo_go2_ws/install/go2_rviz/share/colcon-core/packages/go2_rviz)
[0.939s] Level 1:colcon.colcon_core.environment:create_environment_scripts_only(go2_hardware)
[0.940s] Level 1:colcon.colcon_core.environment:checking '/home/giovanna/argo_go2_ws/install/go2_hardware' for CMake module files
[0.941s] DEBUG:colcon.colcon_core.event_handler.log_command:Invoked command in '/home/giovanna/argo_go2_ws/build/go2_hardware' returned '0': CMAKE_PREFIX_PATH=/opt/ros/foxy /usr/bin/cmake --install /home/giovanna/argo_go2_ws/build/go2_hardware
[0.941s] Level 1:colcon.colcon_core.environment:checking '/home/giovanna/argo_go2_ws/install/go2_hardware' for CMake config files
[0.942s] Level 1:colcon.colcon_core.shell:create_environment_hook('go2_hardware', 'cmake_prefix_path')
[0.942s] INFO:colcon.colcon_core.shell:Creating environment hook '/home/giovanna/argo_go2_ws/install/go2_hardware/share/go2_hardware/hook/cmake_prefix_path.ps1'
[0.942s] INFO:colcon.colcon_core.shell:Creating environment descriptor '/home/giovanna/argo_go2_ws/install/go2_hardware/share/go2_hardware/hook/cmake_prefix_path.dsv'
[0.943s] INFO:colcon.colcon_core.shell:Creating environment hook '/home/giovanna/argo_go2_ws/install/go2_hardware/share/go2_hardware/hook/cmake_prefix_path.sh'
[0.944s] Level 1:colcon.colcon_core.environment:checking '/home/giovanna/argo_go2_ws/install/go2_hardware/bin'
[0.945s] Level 1:colcon.colcon_core.environment:checking '/home/giovanna/argo_go2_ws/install/go2_hardware/lib/pkgconfig/go2_hardware.pc'
[0.945s] Level 1:colcon.colcon_core.environment:checking '/home/giovanna/argo_go2_ws/install/go2_hardware/lib/python3.8/site-packages'
[0.945s] Level 1:colcon.colcon_core.environment:checking '/home/giovanna/argo_go2_ws/install/go2_hardware/bin'
[0.946s] INFO:colcon.colcon_core.shell:Creating package script '/home/giovanna/argo_go2_ws/install/go2_hardware/share/go2_hardware/package.ps1'
[0.948s] INFO:colcon.colcon_core.shell:Creating package descriptor '/home/giovanna/argo_go2_ws/install/go2_hardware/share/go2_hardware/package.dsv'
[0.948s] INFO:colcon.colcon_core.shell:Creating package script '/home/giovanna/argo_go2_ws/install/go2_hardware/share/go2_hardware/package.sh'
[0.949s] INFO:colcon.colcon_core.shell:Creating package script '/home/giovanna/argo_go2_ws/install/go2_hardware/share/go2_hardware/package.bash'
[0.949s] INFO:colcon.colcon_core.shell:Creating package script '/home/giovanna/argo_go2_ws/install/go2_hardware/share/go2_hardware/package.zsh'
[0.950s] Level 1:colcon.colcon_core.environment:create_file_with_runtime_dependencies(/home/giovanna/argo_go2_ws/install/go2_hardware/share/colcon-core/packages/go2_hardware)
[0.951s] Level 1:colcon.colcon_core.environment:create_environment_scripts_only(go2_hardware)
[0.951s] Level 1:colcon.colcon_core.environment:checking '/home/giovanna/argo_go2_ws/install/go2_hardware' for CMake module files
[0.951s] Level 1:colcon.colcon_core.environment:checking '/home/giovanna/argo_go2_ws/install/go2_hardware' for CMake config files
[0.952s] Level 1:colcon.colcon_core.shell:create_environment_hook('go2_hardware', 'cmake_prefix_path')
[0.952s] INFO:colcon.colcon_core.shell:Creating environment hook '/home/giovanna/argo_go2_ws/install/go2_hardware/share/go2_hardware/hook/cmake_prefix_path.ps1'
[0.952s] INFO:colcon.colcon_core.shell:Creating environment descriptor '/home/giovanna/argo_go2_ws/install/go2_hardware/share/go2_hardware/hook/cmake_prefix_path.dsv'
[0.953s] INFO:colcon.colcon_core.shell:Creating environment hook '/home/giovanna/argo_go2_ws/install/go2_hardware/share/go2_hardware/hook/cmake_prefix_path.sh'
[0.953s] Level 1:colcon.colcon_core.environment:checking '/home/giovanna/argo_go2_ws/install/go2_hardware/bin'
[0.953s] Level 1:colcon.colcon_core.environment:checking '/home/giovanna/argo_go2_ws/install/go2_hardware/lib/pkgconfig/go2_hardware.pc'
[0.953s] Level 1:colcon.colcon_core.environment:checking '/home/giovanna/argo_go2_ws/install/go2_hardware/lib/python3.8/site-packages'
[0.954s] Level 1:colcon.colcon_core.environment:checking '/home/giovanna/argo_go2_ws/install/go2_hardware/bin'
[0.954s] INFO:colcon.colcon_core.shell:Creating package script '/home/giovanna/argo_go2_ws/install/go2_hardware/share/go2_hardware/package.ps1'
[0.955s] INFO:colcon.colcon_core.shell:Creating package descriptor '/home/giovanna/argo_go2_ws/install/go2_hardware/share/go2_hardware/package.dsv'
[0.955s] INFO:colcon.colcon_core.shell:Creating package script '/home/giovanna/argo_go2_ws/install/go2_hardware/share/go2_hardware/package.sh'
[0.955s] INFO:colcon.colcon_core.shell:Creating package script '/home/giovanna/argo_go2_ws/install/go2_hardware/share/go2_hardware/package.bash'
[0.956s] INFO:colcon.colcon_core.shell:Creating package script '/home/giovanna/argo_go2_ws/install/go2_hardware/share/go2_hardware/package.zsh'
[0.956s] Level 1:colcon.colcon_core.environment:create_file_with_runtime_dependencies(/home/giovanna/argo_go2_ws/install/go2_hardware/share/colcon-core/packages/go2_hardware)
[0.961s] DEBUG:colcon.colcon_core.event_handler.log_command:Invoking command in '/home/giovanna/argo_go2_ws/build/go2_robot': AMENT_PREFIX_PATH=/home/giovanna/argo_go2_ws/install/go2_description:${AMENT_PREFIX_PATH} CMAKE_PREFIX_PATH=/home/giovanna/argo_go2_ws/install/go2_description:/opt/ros/foxy /usr/bin/cmake /home/giovanna/argo_go2_ws/src/go2_robot -DAMENT_CMAKE_SYMLINK_INSTALL=1 -DCMAKE_INSTALL_PREFIX=/home/giovanna/argo_go2_ws/install/go2_robot
[0.962s] Level 1:colcon.colcon_core.environment:create_environment_scripts_only(go2_simulation)
[0.963s] Level 1:colcon.colcon_core.environment:checking '/home/giovanna/argo_go2_ws/install/go2_simulation' for CMake module files
[0.964s] DEBUG:colcon.colcon_core.event_handler.log_command:Invoked command in '/home/giovanna/argo_go2_ws/build/go2_simulation' returned '0': CMAKE_PREFIX_PATH=/opt/ros/foxy /usr/bin/cmake --install /home/giovanna/argo_go2_ws/build/go2_simulation
[0.965s] Level 1:colcon.colcon_core.environment:checking '/home/giovanna/argo_go2_ws/install/go2_simulation' for CMake config files
[0.965s] Level 1:colcon.colcon_core.shell:create_environment_hook('go2_simulation', 'cmake_prefix_path')
[0.966s] INFO:colcon.colcon_core.shell:Creating environment hook '/home/giovanna/argo_go2_ws/install/go2_simulation/share/go2_simulation/hook/cmake_prefix_path.ps1'
[0.967s] INFO:colcon.colcon_core.shell:Creating environment descriptor '/home/giovanna/argo_go2_ws/install/go2_simulation/share/go2_simulation/hook/cmake_prefix_path.dsv'
[0.968s] INFO:colcon.colcon_core.shell:Creating environment hook '/home/giovanna/argo_go2_ws/install/go2_simulation/share/go2_simulation/hook/cmake_prefix_path.sh'
[0.968s] Level 1:colcon.colcon_core.environment:checking '/home/giovanna/argo_go2_ws/install/go2_simulation/bin'
[0.968s] Level 1:colcon.colcon_core.environment:checking '/home/giovanna/argo_go2_ws/install/go2_simulation/lib/pkgconfig/go2_simulation.pc'
[0.969s] Level 1:colcon.colcon_core.environment:checking '/home/giovanna/argo_go2_ws/install/go2_simulation/lib/python3.8/site-packages'
[0.969s] Level 1:colcon.colcon_core.environment:checking '/home/giovanna/argo_go2_ws/install/go2_simulation/bin'
[0.970s] INFO:colcon.colcon_core.shell:Creating package script '/home/giovanna/argo_go2_ws/install/go2_simulation/share/go2_simulation/package.ps1'
[0.971s] INFO:colcon.colcon_core.shell:Creating package descriptor '/home/giovanna/argo_go2_ws/install/go2_simulation/share/go2_simulation/package.dsv'
[0.971s] INFO:colcon.colcon_core.shell:Creating package script '/home/giovanna/argo_go2_ws/install/go2_simulation/share/go2_simulation/package.sh'
[0.972s] INFO:colcon.colcon_core.shell:Creating package script '/home/giovanna/argo_go2_ws/install/go2_simulation/share/go2_simulation/package.bash'
[0.972s] INFO:colcon.colcon_core.shell:Creating package script '/home/giovanna/argo_go2_ws/install/go2_simulation/share/go2_simulation/package.zsh'
[0.973s] Level 1:colcon.colcon_core.environment:create_file_with_runtime_dependencies(/home/giovanna/argo_go2_ws/install/go2_simulation/share/colcon-core/packages/go2_simulation)
[0.974s] Level 1:colcon.colcon_core.environment:create_environment_scripts_only(go2_simulation)
[0.974s] Level 1:colcon.colcon_core.environment:checking '/home/giovanna/argo_go2_ws/install/go2_simulation' for CMake module files
[0.975s] Level 1:colcon.colcon_core.environment:checking '/home/giovanna/argo_go2_ws/install/go2_simulation' for CMake config files
[0.975s] Level 1:colcon.colcon_core.shell:create_environment_hook('go2_simulation', 'cmake_prefix_path')
[0.975s] INFO:colcon.colcon_core.shell:Creating environment hook '/home/giovanna/argo_go2_ws/install/go2_simulation/share/go2_simulation/hook/cmake_prefix_path.ps1'
[0.976s] INFO:colcon.colcon_core.shell:Creating environment descriptor '/home/giovanna/argo_go2_ws/install/go2_simulation/share/go2_simulation/hook/cmake_prefix_path.dsv'
[0.976s] INFO:colcon.colcon_core.shell:Creating environment hook '/home/giovanna/argo_go2_ws/install/go2_simulation/share/go2_simulation/hook/cmake_prefix_path.sh'
[0.977s] Level 1:colcon.colcon_core.environment:checking '/home/giovanna/argo_go2_ws/install/go2_simulation/bin'
[0.977s] Level 1:colcon.colcon_core.environment:checking '/home/giovanna/argo_go2_ws/install/go2_simulation/lib/pkgconfig/go2_simulation.pc'
[0.977s] Level 1:colcon.colcon_core.environment:checking '/home/giovanna/argo_go2_ws/install/go2_simulation/lib/python3.8/site-packages'
[0.977s] Level 1:colcon.colcon_core.environment:checking '/home/giovanna/argo_go2_ws/install/go2_simulation/bin'
[0.977s] INFO:colcon.colcon_core.shell:Creating package script '/home/giovanna/argo_go2_ws/install/go2_simulation/share/go2_simulation/package.ps1'
[0.978s] INFO:colcon.colcon_core.shell:Creating package descriptor '/home/giovanna/argo_go2_ws/install/go2_simulation/share/go2_simulation/package.dsv'
[0.978s] INFO:colcon.colcon_core.shell:Creating package script '/home/giovanna/argo_go2_ws/install/go2_simulation/share/go2_simulation/package.sh'
[0.979s] INFO:colcon.colcon_core.shell:Creating package script '/home/giovanna/argo_go2_ws/install/go2_simulation/share/go2_simulation/package.bash'
[0.979s] INFO:colcon.colcon_core.shell:Creating package script '/home/giovanna/argo_go2_ws/install/go2_simulation/share/go2_simulation/package.zsh'
[0.980s] Level 1:colcon.colcon_core.environment:create_file_with_runtime_dependencies(/home/giovanna/argo_go2_ws/install/go2_simulation/share/colcon-core/packages/go2_simulation)
[1.829s] DEBUG:colcon.colcon_core.event_handler.log_command:Invoked command in '/home/giovanna/argo_go2_ws/build/go2_robot' returned '0': AMENT_PREFIX_PATH=/home/giovanna/argo_go2_ws/install/go2_description:${AMENT_PREFIX_PATH} CMAKE_PREFIX_PATH=/home/giovanna/argo_go2_ws/install/go2_description:/opt/ros/foxy /usr/bin/cmake /home/giovanna/argo_go2_ws/src/go2_robot -DAMENT_CMAKE_SYMLINK_INSTALL=1 -DCMAKE_INSTALL_PREFIX=/home/giovanna/argo_go2_ws/install/go2_robot
[1.834s] DEBUG:colcon.colcon_core.event_handler.log_command:Invoking command in '/home/giovanna/argo_go2_ws/build/go2_robot': AMENT_PREFIX_PATH=/home/giovanna/argo_go2_ws/install/go2_description:${AMENT_PREFIX_PATH} CMAKE_PREFIX_PATH=/home/giovanna/argo_go2_ws/install/go2_description:/opt/ros/foxy /usr/bin/cmake --build /home/giovanna/argo_go2_ws/build/go2_robot -- -j16 -l16
[1.883s] DEBUG:colcon.colcon_core.event_handler.log_command:Invoked command in '/home/giovanna/argo_go2_ws/build/go2_robot' returned '0': AMENT_PREFIX_PATH=/home/giovanna/argo_go2_ws/install/go2_description:${AMENT_PREFIX_PATH} CMAKE_PREFIX_PATH=/home/giovanna/argo_go2_ws/install/go2_description:/opt/ros/foxy /usr/bin/cmake --build /home/giovanna/argo_go2_ws/build/go2_robot -- -j16 -l16
[1.887s] DEBUG:colcon.colcon_core.event_handler.log_command:Invoking command in '/home/giovanna/argo_go2_ws/build/go2_robot': AMENT_PREFIX_PATH=/home/giovanna/argo_go2_ws/install/go2_description:${AMENT_PREFIX_PATH} CMAKE_PREFIX_PATH=/home/giovanna/argo_go2_ws/install/go2_description:/opt/ros/foxy /usr/bin/cmake --install /home/giovanna/argo_go2_ws/build/go2_robot
[2.023s] DEBUG:colcon.colcon_core.event_handler.log_command:Invoked command in '/home/giovanna/argo_go2_ws/build/unitree_api' returned '0': CMAKE_PREFIX_PATH=/opt/ros/foxy /usr/bin/cmake /home/giovanna/argo_go2_ws/src/unitree_api -DAMENT_CMAKE_SYMLINK_INSTALL=1 -DCMAKE_INSTALL_PREFIX=/home/giovanna/argo_go2_ws/install/unitree_api
[2.026s] DEBUG:colcon.colcon_core.event_handler.log_command:Invoking command in '/home/giovanna/argo_go2_ws/build/unitree_api': CMAKE_PREFIX_PATH=/opt/ros/foxy /usr/bin/cmake --build /home/giovanna/argo_go2_ws/build/unitree_api -- -j16 -l16
[2.090s] Level 1:colcon.colcon_core.environment:create_environment_scripts_only(go2_robot)
[2.091s] Level 1:colcon.colcon_core.environment:checking '/home/giovanna/argo_go2_ws/install/go2_robot' for CMake module files
[2.092s] DEBUG:colcon.colcon_core.event_handler.log_command:Invoked command in '/home/giovanna/argo_go2_ws/build/go2_robot' returned '0': AMENT_PREFIX_PATH=/home/giovanna/argo_go2_ws/install/go2_description:${AMENT_PREFIX_PATH} CMAKE_PREFIX_PATH=/home/giovanna/argo_go2_ws/install/go2_description:/opt/ros/foxy /usr/bin/cmake --install /home/giovanna/argo_go2_ws/build/go2_robot
[2.092s] Level 1:colcon.colcon_core.environment:checking '/home/giovanna/argo_go2_ws/install/go2_robot' for CMake config files
[2.093s] Level 1:colcon.colcon_core.shell:create_environment_hook('go2_robot', 'cmake_prefix_path')
[2.093s] INFO:colcon.colcon_core.shell:Creating environment hook '/home/giovanna/argo_go2_ws/install/go2_robot/share/go2_robot/hook/cmake_prefix_path.ps1'
[2.094s] INFO:colcon.colcon_core.shell:Creating environment descriptor '/home/giovanna/argo_go2_ws/install/go2_robot/share/go2_robot/hook/cmake_prefix_path.dsv'
[2.095s] INFO:colcon.colcon_core.shell:Creating environment hook '/home/giovanna/argo_go2_ws/install/go2_robot/share/go2_robot/hook/cmake_prefix_path.sh'
[2.095s] Level 1:colcon.colcon_core.environment:checking '/home/giovanna/argo_go2_ws/install/go2_robot/bin'
[2.095s] Level 1:colcon.colcon_core.environment:checking '/home/giovanna/argo_go2_ws/install/go2_robot/lib/pkgconfig/go2_robot.pc'
[2.096s] Level 1:colcon.colcon_core.environment:checking '/home/giovanna/argo_go2_ws/install/go2_robot/lib/python3.8/site-packages'
[2.096s] Level 1:colcon.colcon_core.environment:checking '/home/giovanna/argo_go2_ws/install/go2_robot/bin'
[2.097s] INFO:colcon.colcon_core.shell:Creating package script '/home/giovanna/argo_go2_ws/install/go2_robot/share/go2_robot/package.ps1'
[2.098s] INFO:colcon.colcon_core.shell:Creating package descriptor '/home/giovanna/argo_go2_ws/install/go2_robot/share/go2_robot/package.dsv'
[2.099s] INFO:colcon.colcon_core.shell:Creating package script '/home/giovanna/argo_go2_ws/install/go2_robot/share/go2_robot/package.sh'
[2.099s] INFO:colcon.colcon_core.shell:Creating package script '/home/giovanna/argo_go2_ws/install/go2_robot/share/go2_robot/package.bash'
[2.099s] INFO:colcon.colcon_core.shell:Creating package script '/home/giovanna/argo_go2_ws/install/go2_robot/share/go2_robot/package.zsh'
[2.100s] Level 1:colcon.colcon_core.environment:create_file_with_runtime_dependencies(/home/giovanna/argo_go2_ws/install/go2_robot/share/colcon-core/packages/go2_robot)
[2.101s] Level 1:colcon.colcon_core.environment:create_environment_scripts_only(go2_robot)
[2.101s] Level 1:colcon.colcon_core.environment:checking '/home/giovanna/argo_go2_ws/install/go2_robot' for CMake module files
[2.101s] Level 1:colcon.colcon_core.environment:checking '/home/giovanna/argo_go2_ws/install/go2_robot' for CMake config files
[2.102s] Level 1:colcon.colcon_core.shell:create_environment_hook('go2_robot', 'cmake_prefix_path')
[2.102s] INFO:colcon.colcon_core.shell:Creating environment hook '/home/giovanna/argo_go2_ws/install/go2_robot/share/go2_robot/hook/cmake_prefix_path.ps1'
[2.103s] INFO:colcon.colcon_core.shell:Creating environment descriptor '/home/giovanna/argo_go2_ws/install/go2_robot/share/go2_robot/hook/cmake_prefix_path.dsv'
[2.103s] INFO:colcon.colcon_core.shell:Creating environment hook '/home/giovanna/argo_go2_ws/install/go2_robot/share/go2_robot/hook/cmake_prefix_path.sh'
[2.104s] Level 1:colcon.colcon_core.environment:checking '/home/giovanna/argo_go2_ws/install/go2_robot/bin'
[2.104s] Level 1:colcon.colcon_core.environment:checking '/home/giovanna/argo_go2_ws/install/go2_robot/lib/pkgconfig/go2_robot.pc'
[2.104s] Level 1:colcon.colcon_core.environment:checking '/home/giovanna/argo_go2_ws/install/go2_robot/lib/python3.8/site-packages'
[2.104s] Level 1:colcon.colcon_core.environment:checking '/home/giovanna/argo_go2_ws/install/go2_robot/bin'
[2.105s] INFO:colcon.colcon_core.shell:Creating package script '/home/giovanna/argo_go2_ws/install/go2_robot/share/go2_robot/package.ps1'
[2.105s] INFO:colcon.colcon_core.shell:Creating package descriptor '/home/giovanna/argo_go2_ws/install/go2_robot/share/go2_robot/package.dsv'
[2.106s] INFO:colcon.colcon_core.shell:Creating package script '/home/giovanna/argo_go2_ws/install/go2_robot/share/go2_robot/package.sh'
[2.107s] INFO:colcon.colcon_core.shell:Creating package script '/home/giovanna/argo_go2_ws/install/go2_robot/share/go2_robot/package.bash'
[2.107s] INFO:colcon.colcon_core.shell:Creating package script '/home/giovanna/argo_go2_ws/install/go2_robot/share/go2_robot/package.zsh'
[2.108s] Level 1:colcon.colcon_core.environment:create_file_with_runtime_dependencies(/home/giovanna/argo_go2_ws/install/go2_robot/share/colcon-core/packages/go2_robot)
[2.162s] DEBUG:colcon.colcon_core.event_handler.log_command:Invoked command in '/home/giovanna/argo_go2_ws/build/unitree_go' returned '0': CMAKE_PREFIX_PATH=/opt/ros/foxy /usr/bin/cmake /home/giovanna/argo_go2_ws/src/unitree_go -DAMENT_CMAKE_SYMLINK_INSTALL=1 -DCMAKE_INSTALL_PREFIX=/home/giovanna/argo_go2_ws/install/unitree_go
[2.167s] DEBUG:colcon.colcon_core.event_handler.log_command:Invoking command in '/home/giovanna/argo_go2_ws/build/unitree_go': CMAKE_PREFIX_PATH=/opt/ros/foxy /usr/bin/cmake --build /home/giovanna/argo_go2_ws/build/unitree_go -- -j16 -l16
[4.912s] DEBUG:colcon.colcon_core.event_handler.log_command:Invoked command in '/home/giovanna/argo_go2_ws/build/hesai_ros_driver' returned '1': CMAKE_PREFIX_PATH=/opt/ros/foxy /usr/bin/cmake /home/giovanna/argo_go2_ws/src/hesai_ros_driver -DAMENT_CMAKE_SYMLINK_INSTALL=1 -DCMAKE_INSTALL_PREFIX=/home/giovanna/argo_go2_ws/install/hesai_ros_driver
[4.996s] Level 1:colcon.colcon_core.environment:create_environment_scripts_only(hesai_ros_driver)
[4.997s] Level 1:colcon.colcon_core.environment:checking '/home/giovanna/argo_go2_ws/install/hesai_ros_driver' for CMake module files
[4.998s] Level 1:colcon.colcon_core.environment:checking '/home/giovanna/argo_go2_ws/install/hesai_ros_driver' for CMake config files
[4.998s] Level 1:colcon.colcon_core.environment:checking '/home/giovanna/argo_go2_ws/install/hesai_ros_driver/bin'
[4.999s] Level 1:colcon.colcon_core.environment:checking '/home/giovanna/argo_go2_ws/install/hesai_ros_driver/lib/pkgconfig/hesai_ros_driver.pc'
[4.999s] Level 1:colcon.colcon_core.environment:checking '/home/giovanna/argo_go2_ws/install/hesai_ros_driver/lib/python3.8/site-packages'
[5.000s] Level 1:colcon.colcon_core.environment:checking '/home/giovanna/argo_go2_ws/install/hesai_ros_driver/bin'
[5.000s] INFO:colcon.colcon_core.shell:Creating package script '/home/giovanna/argo_go2_ws/install/hesai_ros_driver/share/hesai_ros_driver/package.ps1'
[5.002s] INFO:colcon.colcon_core.shell:Creating package descriptor '/home/giovanna/argo_go2_ws/install/hesai_ros_driver/share/hesai_ros_driver/package.dsv'
[5.004s] INFO:colcon.colcon_core.shell:Creating package script '/home/giovanna/argo_go2_ws/install/hesai_ros_driver/share/hesai_ros_driver/package.sh'
[5.005s] INFO:colcon.colcon_core.shell:Creating package script '/home/giovanna/argo_go2_ws/install/hesai_ros_driver/share/hesai_ros_driver/package.bash'
[5.006s] INFO:colcon.colcon_core.shell:Creating package script '/home/giovanna/argo_go2_ws/install/hesai_ros_driver/share/hesai_ros_driver/package.zsh'
[5.007s] Level 1:colcon.colcon_core.environment:create_file_with_runtime_dependencies(/home/giovanna/argo_go2_ws/install/hesai_ros_driver/share/colcon-core/packages/hesai_ros_driver)
[18.978s] DEBUG:colcon.colcon_parallel_executor.executor.parallel:closing loop
[18.978s] DEBUG:colcon.colcon_parallel_executor.executor.parallel:loop closed
[18.978s] DEBUG:colcon.colcon_parallel_executor.executor.parallel:run_until_complete finished with '1'
[18.978s] DEBUG:colcon.colcon_core.event_reactor:joining thread
[18.986s] INFO:colcon.colcon_core.plugin_system:Skipping extension 'colcon_notification.desktop_notification.terminal_notifier': Not used on non-Darwin systems
[18.986s] INFO:colcon.colcon_core.plugin_system:Skipping extension 'colcon_notification.desktop_notification.win32': Not used on non-Windows systems
[18.987s] INFO:colcon.colcon_notification.desktop_notification:Sending desktop notification using 'notify2'
[19.001s] DEBUG:colcon.colcon_core.event_reactor:joined thread
[19.002s] INFO:colcon.colcon_core.shell:Creating prefix script '/home/giovanna/argo_go2_ws/install/local_setup.ps1'
[19.003s] INFO:colcon.colcon_core.shell:Creating prefix util module '/home/giovanna/argo_go2_ws/install/_local_setup_util_ps1.py'
[19.005s] INFO:colcon.colcon_core.shell:Creating prefix chain script '/home/giovanna/argo_go2_ws/install/setup.ps1'
[19.006s] INFO:colcon.colcon_core.shell:Creating prefix script '/home/giovanna/argo_go2_ws/install/local_setup.sh'
[19.007s] INFO:colcon.colcon_core.shell:Creating prefix util module '/home/giovanna/argo_go2_ws/install/_local_setup_util_sh.py'
[19.007s] INFO:colcon.colcon_core.shell:Creating prefix chain script '/home/giovanna/argo_go2_ws/install/setup.sh'
[19.008s] INFO:colcon.colcon_core.shell:Creating prefix script '/home/giovanna/argo_go2_ws/install/local_setup.bash'
[19.008s] INFO:colcon.colcon_core.shell:Creating prefix chain script '/home/giovanna/argo_go2_ws/install/setup.bash'
[19.009s] INFO:colcon.colcon_core.shell:Creating prefix script '/home/giovanna/argo_go2_ws/install/local_setup.zsh'
[19.010s] INFO:colcon.colcon_core.shell:Creating prefix chain script '/home/giovanna/argo_go2_ws/install/setup.zsh'
