[0.067s] Invoking command in '/home/giovanna/argo_go2_ws/build/go2_simulation': CMAKE_PREFIX_PATH=/opt/ros/foxy /usr/bin/cmake --build /home/giovanna/argo_go2_ws/build/go2_simulation -- -j16 -l16
[0.209s] Invoked command in '/home/giovanna/argo_go2_ws/build/go2_simulation' returned '0': CMAKE_PREFIX_PATH=/opt/ros/foxy /usr/bin/cmake --build /home/giovanna/argo_go2_ws/build/go2_simulation -- -j16 -l16
[0.218s] Invoking command in '/home/giovanna/argo_go2_ws/build/go2_simulation': CMAKE_PREFIX_PATH=/opt/ros/foxy /usr/bin/cmake --install /home/giovanna/argo_go2_ws/build/go2_simulation
[0.228s] -- Install configuration: ""
[0.228s] -- Execute custom install script
[0.228s] -- Up-to-date symlink: /home/giovanna/argo_go2_ws/install/go2_simulation/share/ament_index/resource_index/package_run_dependencies/go2_simulation
[0.228s] -- Up-to-date symlink: /home/giovanna/argo_go2_ws/install/go2_simulation/share/ament_index/resource_index/parent_prefix_path/go2_simulation
[0.228s] -- Up-to-date symlink: /home/giovanna/argo_go2_ws/install/go2_simulation/share/go2_simulation/environment/ament_prefix_path.sh
[0.229s] -- Up-to-date symlink: /home/giovanna/argo_go2_ws/install/go2_simulation/share/go2_simulation/environment/ament_prefix_path.dsv
[0.230s] -- Up-to-date symlink: /home/giovanna/argo_go2_ws/install/go2_simulation/share/go2_simulation/environment/path.sh
[0.231s] -- Up-to-date symlink: /home/giovanna/argo_go2_ws/install/go2_simulation/share/go2_simulation/environment/path.dsv
[0.231s] -- Up-to-date symlink: /home/giovanna/argo_go2_ws/install/go2_simulation/share/go2_simulation/local_setup.bash
[0.232s] -- Up-to-date symlink: /home/giovanna/argo_go2_ws/install/go2_simulation/share/go2_simulation/local_setup.sh
[0.232s] -- Up-to-date symlink: /home/giovanna/argo_go2_ws/install/go2_simulation/share/go2_simulation/local_setup.zsh
[0.232s] -- Up-to-date symlink: /home/giovanna/argo_go2_ws/install/go2_simulation/share/go2_simulation/local_setup.dsv
[0.232s] -- Symlinking: /home/giovanna/argo_go2_ws/install/go2_simulation/share/go2_simulation/package.dsv
[0.247s] -- Up-to-date symlink: /home/giovanna/argo_go2_ws/install/go2_simulation/share/ament_index/resource_index/packages/go2_simulation
[0.247s] -- Up-to-date symlink: /home/giovanna/argo_go2_ws/install/go2_simulation/share/go2_simulation/cmake/go2_simulationConfig.cmake
[0.247s] -- Up-to-date symlink: /home/giovanna/argo_go2_ws/install/go2_simulation/share/go2_simulation/cmake/go2_simulationConfig-version.cmake
[0.248s] -- Up-to-date symlink: /home/giovanna/argo_go2_ws/install/go2_simulation/share/go2_simulation/package.xml
[0.302s] Invoked command in '/home/giovanna/argo_go2_ws/build/go2_simulation' returned '0': CMAKE_PREFIX_PATH=/opt/ros/foxy /usr/bin/cmake --install /home/giovanna/argo_go2_ws/build/go2_simulation
