[0.052s] Invoking command in '/home/giovanna/argo_go2_ws/build/unitree_go': CMAKE_PREFIX_PATH=/opt/ros/foxy /usr/bin/cmake --build /home/giovanna/argo_go2_ws/build/unitree_go -- -j16 -l16
[0.091s] -- Found ament_cmake: 0.9.12 (/opt/ros/foxy/share/ament_cmake/cmake)
[0.115s] -- Found PythonInterp: /usr/bin/python3 (found suitable version "3.8.10", minimum required is "3") 
[0.115s] -- Using PYTHON_EXECUTABLE: /usr/bin/python3
[0.406s] -- Override CMake install command with custom implementation using symlinks instead of copying resources
[0.416s] -- Found geometry_msgs: 2.0.5 (/opt/ros/foxy/share/geometry_msgs/cmake)
[0.441s] -- Using all available rosidl_typesupport_c: rosidl_typesupport_fastrtps_c;rosidl_typesupport_introspection_c
[0.445s] -- Found rosidl_adapter: 1.3.1 (/opt/ros/foxy/share/rosidl_adapter/cmake)
[0.646s] -- Using all available rosidl_typesupport_cpp: rosidl_typesupport_fastrtps_cpp;rosidl_typesupport_introspection_cpp
[0.749s] -- Found rosidl_default_generators: 1.0.1 (/opt/ros/foxy/share/rosidl_default_generators/cmake)
[0.788s] -- Found PythonInterp: /usr/bin/python3 (found version "3.8.10") 
[1.049s] -- Found ament_cmake_ros: 0.9.2 (/opt/ros/foxy/share/ament_cmake_ros/cmake)
[1.291s] -- Using all available rosidl_typesupport_c: rosidl_typesupport_fastrtps_c;rosidl_typesupport_introspection_c
[1.388s] -- Using all available rosidl_typesupport_cpp: rosidl_typesupport_fastrtps_cpp;rosidl_typesupport_introspection_cpp
[1.415s] -- Found PythonInterp: /usr/bin/python3 (found suitable version "3.8.10", minimum required is "3.5") 
[1.415s] -- Found python_cmake_module: 0.8.1 (/opt/ros/foxy/share/python_cmake_module/cmake)
[1.439s] -- Using PYTHON_EXECUTABLE: /usr/bin/python3
[1.440s] -- Using PYTHON_INCLUDE_DIRS: /usr/include/python3.8
[1.440s] -- Using PYTHON_LIBRARIES: /usr/lib/x86_64-linux-gnu/libpython3.8.so
[1.525s] -- Found ament_lint_auto: 0.9.8 (/opt/ros/foxy/share/ament_lint_auto/cmake)
[1.538s] -- Added test 'copyright' to check source files copyright and LICENSE
[1.541s] -- Added test 'lint_cmake' to check CMake code style
[1.542s] -- Added test 'xmllint' to check XML markup files
[1.549s] -- Configuring done
[1.646s] -- Generating done
[1.668s] -- Build files have been written to: /home/giovanna/argo_go2_ws/build/unitree_go
[1.713s] [  0%] Built target unitree_go__cpp
[1.715s] [ 12%] Built target unitree_go__rosidl_generator_c
[1.748s] [ 29%] Built target unitree_go__rosidl_typesupport_introspection_c
[1.748s] [ 37%] Built target unitree_go__rosidl_typesupport_c
[1.748s] [ 49%] Built target unitree_go__rosidl_typesupport_introspection_cpp
[1.750s] [ 61%] Built target unitree_go__rosidl_typesupport_fastrtps_cpp
[1.753s] [ 73%] Built target unitree_go__rosidl_typesupport_cpp
[1.787s] [ 85%] Built target unitree_go__rosidl_typesupport_fastrtps_c
[1.811s] [ 85%] Built target unitree_go
[1.846s] [ 85%] Built target unitree_go__py
[1.962s] [ 97%] Built target unitree_go__python
[2.041s] [ 98%] Built target unitree_go__rosidl_typesupport_introspection_c__pyext
[2.055s] [ 99%] Built target unitree_go__rosidl_typesupport_fastrtps_c__pyext
[2.074s] [100%] Built target unitree_go__rosidl_typesupport_c__pyext
[2.120s] Invoked command in '/home/giovanna/argo_go2_ws/build/unitree_go' returned '0': CMAKE_PREFIX_PATH=/opt/ros/foxy /usr/bin/cmake --build /home/giovanna/argo_go2_ws/build/unitree_go -- -j16 -l16
[2.122s] Invoking command in '/home/giovanna/argo_go2_ws/build/unitree_go': CMAKE_PREFIX_PATH=/opt/ros/foxy /usr/bin/cmake --install /home/giovanna/argo_go2_ws/build/unitree_go
[2.142s] -- Install configuration: ""
[2.144s] -- Execute custom install script
[2.145s] -- Up-to-date symlink: /home/giovanna/argo_go2_ws/install/unitree_go/share/ament_index/resource_index/rosidl_interfaces/unitree_go
[2.149s] -- Up-to-date symlink: /home/giovanna/argo_go2_ws/install/unitree_go/include/unitree_go/msg/audio_data.h
[2.149s] -- Up-to-date symlink: /home/giovanna/argo_go2_ws/install/unitree_go/include/unitree_go/msg/bms_cmd.h
[2.150s] -- Up-to-date symlink: /home/giovanna/argo_go2_ws/install/unitree_go/include/unitree_go/msg/bms_state.h
[2.150s] -- Up-to-date symlink: /home/giovanna/argo_go2_ws/install/unitree_go/include/unitree_go/msg/detail/audio_data__functions.h
[2.151s] -- Up-to-date symlink: /home/giovanna/argo_go2_ws/install/unitree_go/include/unitree_go/msg/detail/audio_data__struct.h
[2.152s] -- Up-to-date symlink: /home/giovanna/argo_go2_ws/install/unitree_go/include/unitree_go/msg/detail/audio_data__type_support.h
[2.152s] -- Up-to-date symlink: /home/giovanna/argo_go2_ws/install/unitree_go/include/unitree_go/msg/detail/bms_cmd__functions.h
[2.153s] -- Up-to-date symlink: /home/giovanna/argo_go2_ws/install/unitree_go/include/unitree_go/msg/detail/bms_cmd__struct.h
[2.154s] -- Up-to-date symlink: /home/giovanna/argo_go2_ws/install/unitree_go/include/unitree_go/msg/detail/bms_cmd__type_support.h
[2.154s] -- Up-to-date symlink: /home/giovanna/argo_go2_ws/install/unitree_go/include/unitree_go/msg/detail/bms_state__functions.h
[2.155s] -- Up-to-date symlink: /home/giovanna/argo_go2_ws/install/unitree_go/include/unitree_go/msg/detail/bms_state__struct.h
[2.156s] -- Up-to-date symlink: /home/giovanna/argo_go2_ws/install/unitree_go/include/unitree_go/msg/detail/bms_state__type_support.h
[2.156s] -- Up-to-date symlink: /home/giovanna/argo_go2_ws/install/unitree_go/include/unitree_go/msg/detail/error__functions.h
[2.157s] -- Up-to-date symlink: /home/giovanna/argo_go2_ws/install/unitree_go/include/unitree_go/msg/detail/error__struct.h
[2.158s] -- Up-to-date symlink: /home/giovanna/argo_go2_ws/install/unitree_go/include/unitree_go/msg/detail/error__type_support.h
[2.158s] -- Up-to-date symlink: /home/giovanna/argo_go2_ws/install/unitree_go/include/unitree_go/msg/detail/height_map__functions.h
[2.159s] -- Up-to-date symlink: /home/giovanna/argo_go2_ws/install/unitree_go/include/unitree_go/msg/detail/height_map__struct.h
[2.160s] -- Up-to-date symlink: /home/giovanna/argo_go2_ws/install/unitree_go/include/unitree_go/msg/detail/height_map__type_support.h
[2.160s] -- Up-to-date symlink: /home/giovanna/argo_go2_ws/install/unitree_go/include/unitree_go/msg/detail/imu_state__functions.h
[2.161s] -- Up-to-date symlink: /home/giovanna/argo_go2_ws/install/unitree_go/include/unitree_go/msg/detail/imu_state__struct.h
[2.162s] -- Up-to-date symlink: /home/giovanna/argo_go2_ws/install/unitree_go/include/unitree_go/msg/detail/imu_state__type_support.h
[2.162s] -- Up-to-date symlink: /home/giovanna/argo_go2_ws/install/unitree_go/include/unitree_go/msg/detail/interface_config__functions.h
[2.163s] -- Up-to-date symlink: /home/giovanna/argo_go2_ws/install/unitree_go/include/unitree_go/msg/detail/interface_config__struct.h
[2.164s] -- Up-to-date symlink: /home/giovanna/argo_go2_ws/install/unitree_go/include/unitree_go/msg/detail/interface_config__type_support.h
[2.165s] -- Up-to-date symlink: /home/giovanna/argo_go2_ws/install/unitree_go/include/unitree_go/msg/detail/lidar_state__functions.h
[2.165s] -- Up-to-date symlink: /home/giovanna/argo_go2_ws/install/unitree_go/include/unitree_go/msg/detail/lidar_state__struct.h
[2.166s] -- Up-to-date symlink: /home/giovanna/argo_go2_ws/install/unitree_go/include/unitree_go/msg/detail/lidar_state__type_support.h
[2.167s] -- Up-to-date symlink: /home/giovanna/argo_go2_ws/install/unitree_go/include/unitree_go/msg/detail/low_cmd__functions.h
[2.167s] -- Up-to-date symlink: /home/giovanna/argo_go2_ws/install/unitree_go/include/unitree_go/msg/detail/low_cmd__struct.h
[2.169s] -- Up-to-date symlink: /home/giovanna/argo_go2_ws/install/unitree_go/include/unitree_go/msg/detail/low_cmd__type_support.h
[2.169s] -- Up-to-date symlink: /home/giovanna/argo_go2_ws/install/unitree_go/include/unitree_go/msg/detail/low_state__functions.h
[2.170s] -- Up-to-date symlink: /home/giovanna/argo_go2_ws/install/unitree_go/include/unitree_go/msg/detail/low_state__struct.h
[2.171s] -- Up-to-date symlink: /home/giovanna/argo_go2_ws/install/unitree_go/include/unitree_go/msg/detail/low_state__type_support.h
[2.171s] -- Up-to-date symlink: /home/giovanna/argo_go2_ws/install/unitree_go/include/unitree_go/msg/detail/motor_cmd__functions.h
[2.172s] -- Up-to-date symlink: /home/giovanna/argo_go2_ws/install/unitree_go/include/unitree_go/msg/detail/motor_cmd__struct.h
[2.173s] -- Up-to-date symlink: /home/giovanna/argo_go2_ws/install/unitree_go/include/unitree_go/msg/detail/motor_cmd__type_support.h
[2.173s] -- Up-to-date symlink: /home/giovanna/argo_go2_ws/install/unitree_go/include/unitree_go/msg/detail/motor_cmds__functions.h
[2.174s] -- Up-to-date symlink: /home/giovanna/argo_go2_ws/install/unitree_go/include/unitree_go/msg/detail/motor_cmds__struct.h
[2.174s] -- Up-to-date symlink: /home/giovanna/argo_go2_ws/install/unitree_go/include/unitree_go/msg/detail/motor_cmds__type_support.h
[2.175s] -- Up-to-date symlink: /home/giovanna/argo_go2_ws/install/unitree_go/include/unitree_go/msg/detail/motor_state__functions.h
[2.176s] -- Up-to-date symlink: /home/giovanna/argo_go2_ws/install/unitree_go/include/unitree_go/msg/detail/motor_state__struct.h
[2.176s] -- Up-to-date symlink: /home/giovanna/argo_go2_ws/install/unitree_go/include/unitree_go/msg/detail/motor_state__type_support.h
[2.177s] -- Up-to-date symlink: /home/giovanna/argo_go2_ws/install/unitree_go/include/unitree_go/msg/detail/motor_states__functions.h
[2.178s] -- Up-to-date symlink: /home/giovanna/argo_go2_ws/install/unitree_go/include/unitree_go/msg/detail/motor_states__struct.h
[2.178s] -- Up-to-date symlink: /home/giovanna/argo_go2_ws/install/unitree_go/include/unitree_go/msg/detail/motor_states__type_support.h
[2.179s] -- Up-to-date symlink: /home/giovanna/argo_go2_ws/install/unitree_go/include/unitree_go/msg/detail/path_point__functions.h
[2.180s] -- Up-to-date symlink: /home/giovanna/argo_go2_ws/install/unitree_go/include/unitree_go/msg/detail/path_point__struct.h
[2.180s] -- Up-to-date symlink: /home/giovanna/argo_go2_ws/install/unitree_go/include/unitree_go/msg/detail/path_point__type_support.h
[2.181s] -- Up-to-date symlink: /home/giovanna/argo_go2_ws/install/unitree_go/include/unitree_go/msg/detail/req__functions.h
[2.182s] -- Up-to-date symlink: /home/giovanna/argo_go2_ws/install/unitree_go/include/unitree_go/msg/detail/req__struct.h
[2.182s] -- Up-to-date symlink: /home/giovanna/argo_go2_ws/install/unitree_go/include/unitree_go/msg/detail/req__type_support.h
[2.183s] -- Up-to-date symlink: /home/giovanna/argo_go2_ws/install/unitree_go/include/unitree_go/msg/detail/res__functions.h
[2.184s] -- Up-to-date symlink: /home/giovanna/argo_go2_ws/install/unitree_go/include/unitree_go/msg/detail/res__struct.h
[2.184s] -- Up-to-date symlink: /home/giovanna/argo_go2_ws/install/unitree_go/include/unitree_go/msg/detail/res__type_support.h
[2.185s] -- Up-to-date symlink: /home/giovanna/argo_go2_ws/install/unitree_go/include/unitree_go/msg/detail/sport_mode_cmd__functions.h
[2.185s] -- Up-to-date symlink: /home/giovanna/argo_go2_ws/install/unitree_go/include/unitree_go/msg/detail/sport_mode_cmd__struct.h
[2.186s] -- Up-to-date symlink: /home/giovanna/argo_go2_ws/install/unitree_go/include/unitree_go/msg/detail/sport_mode_cmd__type_support.h
[2.187s] -- Up-to-date symlink: /home/giovanna/argo_go2_ws/install/unitree_go/include/unitree_go/msg/detail/sport_mode_state__functions.h
[2.187s] -- Up-to-date symlink: /home/giovanna/argo_go2_ws/install/unitree_go/include/unitree_go/msg/detail/sport_mode_state__struct.h
[2.188s] -- Up-to-date symlink: /home/giovanna/argo_go2_ws/install/unitree_go/include/unitree_go/msg/detail/sport_mode_state__type_support.h
[2.188s] -- Up-to-date symlink: /home/giovanna/argo_go2_ws/install/unitree_go/include/unitree_go/msg/detail/time_spec__functions.h
[2.189s] -- Up-to-date symlink: /home/giovanna/argo_go2_ws/install/unitree_go/include/unitree_go/msg/detail/time_spec__struct.h
[2.190s] -- Up-to-date symlink: /home/giovanna/argo_go2_ws/install/unitree_go/include/unitree_go/msg/detail/time_spec__type_support.h
[2.190s] -- Up-to-date symlink: /home/giovanna/argo_go2_ws/install/unitree_go/include/unitree_go/msg/detail/uwb_state__functions.h
[2.191s] -- Up-to-date symlink: /home/giovanna/argo_go2_ws/install/unitree_go/include/unitree_go/msg/detail/uwb_state__struct.h
[2.192s] -- Up-to-date symlink: /home/giovanna/argo_go2_ws/install/unitree_go/include/unitree_go/msg/detail/uwb_state__type_support.h
[2.193s] -- Up-to-date symlink: /home/giovanna/argo_go2_ws/install/unitree_go/include/unitree_go/msg/detail/uwb_switch__functions.h
[2.193s] -- Up-to-date symlink: /home/giovanna/argo_go2_ws/install/unitree_go/include/unitree_go/msg/detail/uwb_switch__struct.h
[2.194s] -- Up-to-date symlink: /home/giovanna/argo_go2_ws/install/unitree_go/include/unitree_go/msg/detail/uwb_switch__type_support.h
[2.195s] -- Up-to-date symlink: /home/giovanna/argo_go2_ws/install/unitree_go/include/unitree_go/msg/detail/wireless_controller__functions.h
[2.195s] -- Up-to-date symlink: /home/giovanna/argo_go2_ws/install/unitree_go/include/unitree_go/msg/detail/wireless_controller__struct.h
[2.196s] -- Up-to-date symlink: /home/giovanna/argo_go2_ws/install/unitree_go/include/unitree_go/msg/detail/wireless_controller__type_support.h
[2.197s] -- Up-to-date symlink: /home/giovanna/argo_go2_ws/install/unitree_go/include/unitree_go/msg/error.h
[2.197s] -- Up-to-date symlink: /home/giovanna/argo_go2_ws/install/unitree_go/include/unitree_go/msg/height_map.h
[2.198s] -- Up-to-date symlink: /home/giovanna/argo_go2_ws/install/unitree_go/include/unitree_go/msg/imu_state.h
[2.198s] -- Up-to-date symlink: /home/giovanna/argo_go2_ws/install/unitree_go/include/unitree_go/msg/interface_config.h
[2.199s] -- Up-to-date symlink: /home/giovanna/argo_go2_ws/install/unitree_go/include/unitree_go/msg/lidar_state.h
[2.199s] -- Up-to-date symlink: /home/giovanna/argo_go2_ws/install/unitree_go/include/unitree_go/msg/low_cmd.h
[2.200s] -- Up-to-date symlink: /home/giovanna/argo_go2_ws/install/unitree_go/include/unitree_go/msg/low_state.h
[2.201s] -- Up-to-date symlink: /home/giovanna/argo_go2_ws/install/unitree_go/include/unitree_go/msg/motor_cmd.h
[2.201s] -- Up-to-date symlink: /home/giovanna/argo_go2_ws/install/unitree_go/include/unitree_go/msg/motor_cmds.h
[2.202s] -- Up-to-date symlink: /home/giovanna/argo_go2_ws/install/unitree_go/include/unitree_go/msg/motor_state.h
[2.203s] -- Up-to-date symlink: /home/giovanna/argo_go2_ws/install/unitree_go/include/unitree_go/msg/motor_states.h
[2.203s] -- Up-to-date symlink: /home/giovanna/argo_go2_ws/install/unitree_go/include/unitree_go/msg/path_point.h
[2.204s] -- Up-to-date symlink: /home/giovanna/argo_go2_ws/install/unitree_go/include/unitree_go/msg/req.h
[2.205s] -- Up-to-date symlink: /home/giovanna/argo_go2_ws/install/unitree_go/include/unitree_go/msg/res.h
[2.205s] -- Up-to-date symlink: /home/giovanna/argo_go2_ws/install/unitree_go/include/unitree_go/msg/rosidl_generator_c__visibility_control.h
[2.206s] -- Up-to-date symlink: /home/giovanna/argo_go2_ws/install/unitree_go/include/unitree_go/msg/sport_mode_cmd.h
[2.206s] -- Up-to-date symlink: /home/giovanna/argo_go2_ws/install/unitree_go/include/unitree_go/msg/sport_mode_state.h
[2.207s] -- Up-to-date symlink: /home/giovanna/argo_go2_ws/install/unitree_go/include/unitree_go/msg/time_spec.h
[2.207s] -- Up-to-date symlink: /home/giovanna/argo_go2_ws/install/unitree_go/include/unitree_go/msg/uwb_state.h
[2.208s] -- Up-to-date symlink: /home/giovanna/argo_go2_ws/install/unitree_go/include/unitree_go/msg/uwb_switch.h
[2.209s] -- Up-to-date symlink: /home/giovanna/argo_go2_ws/install/unitree_go/include/unitree_go/msg/wireless_controller.h
[2.209s] -- Up-to-date symlink: /home/giovanna/argo_go2_ws/install/unitree_go/share/unitree_go/environment/library_path.sh
[2.210s] -- Up-to-date symlink: /home/giovanna/argo_go2_ws/install/unitree_go/share/unitree_go/environment/library_path.dsv
[2.213s] -- Up-to-date symlink: /home/giovanna/argo_go2_ws/install/unitree_go/include/unitree_go/msg/detail/audio_data__rosidl_typesupport_fastrtps_c.h
[2.214s] -- Up-to-date symlink: /home/giovanna/argo_go2_ws/install/unitree_go/include/unitree_go/msg/detail/bms_cmd__rosidl_typesupport_fastrtps_c.h
[2.214s] -- Up-to-date symlink: /home/giovanna/argo_go2_ws/install/unitree_go/include/unitree_go/msg/detail/bms_state__rosidl_typesupport_fastrtps_c.h
[2.215s] -- Up-to-date symlink: /home/giovanna/argo_go2_ws/install/unitree_go/include/unitree_go/msg/detail/error__rosidl_typesupport_fastrtps_c.h
[2.216s] -- Up-to-date symlink: /home/giovanna/argo_go2_ws/install/unitree_go/include/unitree_go/msg/detail/height_map__rosidl_typesupport_fastrtps_c.h
[2.216s] -- Up-to-date symlink: /home/giovanna/argo_go2_ws/install/unitree_go/include/unitree_go/msg/detail/imu_state__rosidl_typesupport_fastrtps_c.h
[2.217s] -- Up-to-date symlink: /home/giovanna/argo_go2_ws/install/unitree_go/include/unitree_go/msg/detail/interface_config__rosidl_typesupport_fastrtps_c.h
[2.217s] -- Up-to-date symlink: /home/giovanna/argo_go2_ws/install/unitree_go/include/unitree_go/msg/detail/lidar_state__rosidl_typesupport_fastrtps_c.h
[2.218s] -- Up-to-date symlink: /home/giovanna/argo_go2_ws/install/unitree_go/include/unitree_go/msg/detail/low_cmd__rosidl_typesupport_fastrtps_c.h
[2.219s] -- Up-to-date symlink: /home/giovanna/argo_go2_ws/install/unitree_go/include/unitree_go/msg/detail/low_state__rosidl_typesupport_fastrtps_c.h
[2.220s] -- Up-to-date symlink: /home/giovanna/argo_go2_ws/install/unitree_go/include/unitree_go/msg/detail/motor_cmd__rosidl_typesupport_fastrtps_c.h
[2.220s] -- Up-to-date symlink: /home/giovanna/argo_go2_ws/install/unitree_go/include/unitree_go/msg/detail/motor_cmds__rosidl_typesupport_fastrtps_c.h
[2.221s] -- Up-to-date symlink: /home/giovanna/argo_go2_ws/install/unitree_go/include/unitree_go/msg/detail/motor_state__rosidl_typesupport_fastrtps_c.h
[2.222s] -- Up-to-date symlink: /home/giovanna/argo_go2_ws/install/unitree_go/include/unitree_go/msg/detail/motor_states__rosidl_typesupport_fastrtps_c.h
[2.222s] -- Up-to-date symlink: /home/giovanna/argo_go2_ws/install/unitree_go/include/unitree_go/msg/detail/path_point__rosidl_typesupport_fastrtps_c.h
[2.223s] -- Up-to-date symlink: /home/giovanna/argo_go2_ws/install/unitree_go/include/unitree_go/msg/detail/req__rosidl_typesupport_fastrtps_c.h
[2.223s] -- Up-to-date symlink: /home/giovanna/argo_go2_ws/install/unitree_go/include/unitree_go/msg/detail/res__rosidl_typesupport_fastrtps_c.h
[2.224s] -- Up-to-date symlink: /home/giovanna/argo_go2_ws/install/unitree_go/include/unitree_go/msg/detail/sport_mode_cmd__rosidl_typesupport_fastrtps_c.h
[2.225s] -- Up-to-date symlink: /home/giovanna/argo_go2_ws/install/unitree_go/include/unitree_go/msg/detail/sport_mode_state__rosidl_typesupport_fastrtps_c.h
[2.225s] -- Up-to-date symlink: /home/giovanna/argo_go2_ws/install/unitree_go/include/unitree_go/msg/detail/time_spec__rosidl_typesupport_fastrtps_c.h
[2.226s] -- Up-to-date symlink: /home/giovanna/argo_go2_ws/install/unitree_go/include/unitree_go/msg/detail/uwb_state__rosidl_typesupport_fastrtps_c.h
[2.226s] -- Up-to-date symlink: /home/giovanna/argo_go2_ws/install/unitree_go/include/unitree_go/msg/detail/uwb_switch__rosidl_typesupport_fastrtps_c.h
[2.227s] -- Up-to-date symlink: /home/giovanna/argo_go2_ws/install/unitree_go/include/unitree_go/msg/detail/wireless_controller__rosidl_typesupport_fastrtps_c.h
[2.227s] -- Up-to-date symlink: /home/giovanna/argo_go2_ws/install/unitree_go/include/unitree_go/msg/rosidl_typesupport_fastrtps_c__visibility_control.h
[2.228s] -- Up-to-date symlink: /home/giovanna/argo_go2_ws/install/unitree_go/lib/libunitree_go__rosidl_typesupport_fastrtps_c.so
[2.231s] -- Up-to-date symlink: /home/giovanna/argo_go2_ws/install/unitree_go/include/unitree_go/msg/detail/audio_data__rosidl_typesupport_fastrtps_cpp.hpp
[2.232s] -- Up-to-date symlink: /home/giovanna/argo_go2_ws/install/unitree_go/include/unitree_go/msg/detail/bms_cmd__rosidl_typesupport_fastrtps_cpp.hpp
[2.232s] -- Up-to-date symlink: /home/giovanna/argo_go2_ws/install/unitree_go/include/unitree_go/msg/detail/bms_state__rosidl_typesupport_fastrtps_cpp.hpp
[2.233s] -- Up-to-date symlink: /home/giovanna/argo_go2_ws/install/unitree_go/include/unitree_go/msg/detail/error__rosidl_typesupport_fastrtps_cpp.hpp
[2.233s] -- Up-to-date symlink: /home/giovanna/argo_go2_ws/install/unitree_go/include/unitree_go/msg/detail/height_map__rosidl_typesupport_fastrtps_cpp.hpp
[2.234s] -- Up-to-date symlink: /home/giovanna/argo_go2_ws/install/unitree_go/include/unitree_go/msg/detail/imu_state__rosidl_typesupport_fastrtps_cpp.hpp
[2.235s] -- Up-to-date symlink: /home/giovanna/argo_go2_ws/install/unitree_go/include/unitree_go/msg/detail/interface_config__rosidl_typesupport_fastrtps_cpp.hpp
[2.235s] -- Up-to-date symlink: /home/giovanna/argo_go2_ws/install/unitree_go/include/unitree_go/msg/detail/lidar_state__rosidl_typesupport_fastrtps_cpp.hpp
[2.236s] -- Up-to-date symlink: /home/giovanna/argo_go2_ws/install/unitree_go/include/unitree_go/msg/detail/low_cmd__rosidl_typesupport_fastrtps_cpp.hpp
[2.236s] -- Up-to-date symlink: /home/giovanna/argo_go2_ws/install/unitree_go/include/unitree_go/msg/detail/low_state__rosidl_typesupport_fastrtps_cpp.hpp
[2.237s] -- Up-to-date symlink: /home/giovanna/argo_go2_ws/install/unitree_go/include/unitree_go/msg/detail/motor_cmd__rosidl_typesupport_fastrtps_cpp.hpp
[2.237s] -- Up-to-date symlink: /home/giovanna/argo_go2_ws/install/unitree_go/include/unitree_go/msg/detail/motor_cmds__rosidl_typesupport_fastrtps_cpp.hpp
[2.238s] -- Up-to-date symlink: /home/giovanna/argo_go2_ws/install/unitree_go/include/unitree_go/msg/detail/motor_state__rosidl_typesupport_fastrtps_cpp.hpp
[2.239s] -- Up-to-date symlink: /home/giovanna/argo_go2_ws/install/unitree_go/include/unitree_go/msg/detail/motor_states__rosidl_typesupport_fastrtps_cpp.hpp
[2.239s] -- Up-to-date symlink: /home/giovanna/argo_go2_ws/install/unitree_go/include/unitree_go/msg/detail/path_point__rosidl_typesupport_fastrtps_cpp.hpp
[2.240s] -- Up-to-date symlink: /home/giovanna/argo_go2_ws/install/unitree_go/include/unitree_go/msg/detail/req__rosidl_typesupport_fastrtps_cpp.hpp
[2.240s] -- Up-to-date symlink: /home/giovanna/argo_go2_ws/install/unitree_go/include/unitree_go/msg/detail/res__rosidl_typesupport_fastrtps_cpp.hpp
[2.241s] -- Up-to-date symlink: /home/giovanna/argo_go2_ws/install/unitree_go/include/unitree_go/msg/detail/sport_mode_cmd__rosidl_typesupport_fastrtps_cpp.hpp
[2.242s] -- Up-to-date symlink: /home/giovanna/argo_go2_ws/install/unitree_go/include/unitree_go/msg/detail/sport_mode_state__rosidl_typesupport_fastrtps_cpp.hpp
[2.242s] -- Up-to-date symlink: /home/giovanna/argo_go2_ws/install/unitree_go/include/unitree_go/msg/detail/time_spec__rosidl_typesupport_fastrtps_cpp.hpp
[2.243s] -- Up-to-date symlink: /home/giovanna/argo_go2_ws/install/unitree_go/include/unitree_go/msg/detail/uwb_state__rosidl_typesupport_fastrtps_cpp.hpp
[2.244s] -- Up-to-date symlink: /home/giovanna/argo_go2_ws/install/unitree_go/include/unitree_go/msg/detail/uwb_switch__rosidl_typesupport_fastrtps_cpp.hpp
[2.244s] -- Up-to-date symlink: /home/giovanna/argo_go2_ws/install/unitree_go/include/unitree_go/msg/detail/wireless_controller__rosidl_typesupport_fastrtps_cpp.hpp
[2.245s] -- Up-to-date symlink: /home/giovanna/argo_go2_ws/install/unitree_go/include/unitree_go/msg/rosidl_typesupport_fastrtps_cpp__visibility_control.h
[2.246s] -- Up-to-date symlink: /home/giovanna/argo_go2_ws/install/unitree_go/lib/libunitree_go__rosidl_typesupport_fastrtps_cpp.so
[2.248s] -- Up-to-date symlink: /home/giovanna/argo_go2_ws/install/unitree_go/include/unitree_go/msg/detail/audio_data__rosidl_typesupport_introspection_c.h
[2.248s] -- Up-to-date symlink: /home/giovanna/argo_go2_ws/install/unitree_go/include/unitree_go/msg/detail/bms_cmd__rosidl_typesupport_introspection_c.h
[2.249s] -- Up-to-date symlink: /home/giovanna/argo_go2_ws/install/unitree_go/include/unitree_go/msg/detail/bms_state__rosidl_typesupport_introspection_c.h
[2.249s] -- Up-to-date symlink: /home/giovanna/argo_go2_ws/install/unitree_go/include/unitree_go/msg/detail/error__rosidl_typesupport_introspection_c.h
[2.250s] -- Up-to-date symlink: /home/giovanna/argo_go2_ws/install/unitree_go/include/unitree_go/msg/detail/height_map__rosidl_typesupport_introspection_c.h
[2.251s] -- Up-to-date symlink: /home/giovanna/argo_go2_ws/install/unitree_go/include/unitree_go/msg/detail/imu_state__rosidl_typesupport_introspection_c.h
[2.251s] -- Up-to-date symlink: /home/giovanna/argo_go2_ws/install/unitree_go/include/unitree_go/msg/detail/interface_config__rosidl_typesupport_introspection_c.h
[2.252s] -- Up-to-date symlink: /home/giovanna/argo_go2_ws/install/unitree_go/include/unitree_go/msg/detail/lidar_state__rosidl_typesupport_introspection_c.h
[2.253s] -- Up-to-date symlink: /home/giovanna/argo_go2_ws/install/unitree_go/include/unitree_go/msg/detail/low_cmd__rosidl_typesupport_introspection_c.h
[2.253s] -- Up-to-date symlink: /home/giovanna/argo_go2_ws/install/unitree_go/include/unitree_go/msg/detail/low_state__rosidl_typesupport_introspection_c.h
[2.254s] -- Up-to-date symlink: /home/giovanna/argo_go2_ws/install/unitree_go/include/unitree_go/msg/detail/motor_cmd__rosidl_typesupport_introspection_c.h
[2.255s] -- Up-to-date symlink: /home/giovanna/argo_go2_ws/install/unitree_go/include/unitree_go/msg/detail/motor_cmds__rosidl_typesupport_introspection_c.h
[2.255s] -- Up-to-date symlink: /home/giovanna/argo_go2_ws/install/unitree_go/include/unitree_go/msg/detail/motor_state__rosidl_typesupport_introspection_c.h
[2.256s] -- Up-to-date symlink: /home/giovanna/argo_go2_ws/install/unitree_go/include/unitree_go/msg/detail/motor_states__rosidl_typesupport_introspection_c.h
[2.257s] -- Up-to-date symlink: /home/giovanna/argo_go2_ws/install/unitree_go/include/unitree_go/msg/detail/path_point__rosidl_typesupport_introspection_c.h
[2.257s] -- Up-to-date symlink: /home/giovanna/argo_go2_ws/install/unitree_go/include/unitree_go/msg/detail/req__rosidl_typesupport_introspection_c.h
[2.258s] -- Up-to-date symlink: /home/giovanna/argo_go2_ws/install/unitree_go/include/unitree_go/msg/detail/res__rosidl_typesupport_introspection_c.h
[2.259s] -- Up-to-date symlink: /home/giovanna/argo_go2_ws/install/unitree_go/include/unitree_go/msg/detail/sport_mode_cmd__rosidl_typesupport_introspection_c.h
[2.259s] -- Up-to-date symlink: /home/giovanna/argo_go2_ws/install/unitree_go/include/unitree_go/msg/detail/sport_mode_state__rosidl_typesupport_introspection_c.h
[2.260s] -- Up-to-date symlink: /home/giovanna/argo_go2_ws/install/unitree_go/include/unitree_go/msg/detail/time_spec__rosidl_typesupport_introspection_c.h
[2.260s] -- Up-to-date symlink: /home/giovanna/argo_go2_ws/install/unitree_go/include/unitree_go/msg/detail/uwb_state__rosidl_typesupport_introspection_c.h
[2.261s] -- Up-to-date symlink: /home/giovanna/argo_go2_ws/install/unitree_go/include/unitree_go/msg/detail/uwb_switch__rosidl_typesupport_introspection_c.h
[2.262s] -- Up-to-date symlink: /home/giovanna/argo_go2_ws/install/unitree_go/include/unitree_go/msg/detail/wireless_controller__rosidl_typesupport_introspection_c.h
[2.262s] -- Up-to-date symlink: /home/giovanna/argo_go2_ws/install/unitree_go/include/unitree_go/msg/rosidl_typesupport_introspection_c__visibility_control.h
[2.266s] -- Up-to-date symlink: /home/giovanna/argo_go2_ws/install/unitree_go/include/unitree_go/msg/audio_data.hpp
[2.266s] -- Up-to-date symlink: /home/giovanna/argo_go2_ws/install/unitree_go/include/unitree_go/msg/bms_cmd.hpp
[2.267s] -- Up-to-date symlink: /home/giovanna/argo_go2_ws/install/unitree_go/include/unitree_go/msg/bms_state.hpp
[2.267s] -- Up-to-date symlink: /home/giovanna/argo_go2_ws/install/unitree_go/include/unitree_go/msg/detail/audio_data__builder.hpp
[2.268s] -- Up-to-date symlink: /home/giovanna/argo_go2_ws/install/unitree_go/include/unitree_go/msg/detail/audio_data__struct.hpp
[2.268s] -- Up-to-date symlink: /home/giovanna/argo_go2_ws/install/unitree_go/include/unitree_go/msg/detail/audio_data__traits.hpp
[2.269s] -- Up-to-date symlink: /home/giovanna/argo_go2_ws/install/unitree_go/include/unitree_go/msg/detail/audio_data__type_support.hpp
[2.270s] -- Up-to-date symlink: /home/giovanna/argo_go2_ws/install/unitree_go/include/unitree_go/msg/detail/bms_cmd__builder.hpp
[2.270s] -- Up-to-date symlink: /home/giovanna/argo_go2_ws/install/unitree_go/include/unitree_go/msg/detail/bms_cmd__struct.hpp
[2.271s] -- Up-to-date symlink: /home/giovanna/argo_go2_ws/install/unitree_go/include/unitree_go/msg/detail/bms_cmd__traits.hpp
[2.271s] -- Up-to-date symlink: /home/giovanna/argo_go2_ws/install/unitree_go/include/unitree_go/msg/detail/bms_cmd__type_support.hpp
[2.272s] -- Up-to-date symlink: /home/giovanna/argo_go2_ws/install/unitree_go/include/unitree_go/msg/detail/bms_state__builder.hpp
[2.272s] -- Up-to-date symlink: /home/giovanna/argo_go2_ws/install/unitree_go/include/unitree_go/msg/detail/bms_state__struct.hpp
[2.273s] -- Up-to-date symlink: /home/giovanna/argo_go2_ws/install/unitree_go/include/unitree_go/msg/detail/bms_state__traits.hpp
[2.274s] -- Up-to-date symlink: /home/giovanna/argo_go2_ws/install/unitree_go/include/unitree_go/msg/detail/bms_state__type_support.hpp
[2.274s] -- Up-to-date symlink: /home/giovanna/argo_go2_ws/install/unitree_go/include/unitree_go/msg/detail/error__builder.hpp
[2.275s] -- Up-to-date symlink: /home/giovanna/argo_go2_ws/install/unitree_go/include/unitree_go/msg/detail/error__struct.hpp
[2.275s] -- Up-to-date symlink: /home/giovanna/argo_go2_ws/install/unitree_go/include/unitree_go/msg/detail/error__traits.hpp
[2.276s] -- Up-to-date symlink: /home/giovanna/argo_go2_ws/install/unitree_go/include/unitree_go/msg/detail/error__type_support.hpp
[2.276s] -- Up-to-date symlink: /home/giovanna/argo_go2_ws/install/unitree_go/include/unitree_go/msg/detail/height_map__builder.hpp
[2.277s] -- Up-to-date symlink: /home/giovanna/argo_go2_ws/install/unitree_go/include/unitree_go/msg/detail/height_map__struct.hpp
[2.278s] -- Up-to-date symlink: /home/giovanna/argo_go2_ws/install/unitree_go/include/unitree_go/msg/detail/height_map__traits.hpp
[2.278s] -- Up-to-date symlink: /home/giovanna/argo_go2_ws/install/unitree_go/include/unitree_go/msg/detail/height_map__type_support.hpp
[2.279s] -- Up-to-date symlink: /home/giovanna/argo_go2_ws/install/unitree_go/include/unitree_go/msg/detail/imu_state__builder.hpp
[2.279s] -- Up-to-date symlink: /home/giovanna/argo_go2_ws/install/unitree_go/include/unitree_go/msg/detail/imu_state__struct.hpp
[2.280s] -- Up-to-date symlink: /home/giovanna/argo_go2_ws/install/unitree_go/include/unitree_go/msg/detail/imu_state__traits.hpp
[2.280s] -- Up-to-date symlink: /home/giovanna/argo_go2_ws/install/unitree_go/include/unitree_go/msg/detail/imu_state__type_support.hpp
[2.281s] -- Up-to-date symlink: /home/giovanna/argo_go2_ws/install/unitree_go/include/unitree_go/msg/detail/interface_config__builder.hpp
[2.282s] -- Up-to-date symlink: /home/giovanna/argo_go2_ws/install/unitree_go/include/unitree_go/msg/detail/interface_config__struct.hpp
[2.282s] -- Up-to-date symlink: /home/giovanna/argo_go2_ws/install/unitree_go/include/unitree_go/msg/detail/interface_config__traits.hpp
[2.283s] -- Up-to-date symlink: /home/giovanna/argo_go2_ws/install/unitree_go/include/unitree_go/msg/detail/interface_config__type_support.hpp
[2.284s] -- Up-to-date symlink: /home/giovanna/argo_go2_ws/install/unitree_go/include/unitree_go/msg/detail/lidar_state__builder.hpp
[2.284s] -- Up-to-date symlink: /home/giovanna/argo_go2_ws/install/unitree_go/include/unitree_go/msg/detail/lidar_state__struct.hpp
[2.285s] -- Up-to-date symlink: /home/giovanna/argo_go2_ws/install/unitree_go/include/unitree_go/msg/detail/lidar_state__traits.hpp
[2.286s] -- Up-to-date symlink: /home/giovanna/argo_go2_ws/install/unitree_go/include/unitree_go/msg/detail/lidar_state__type_support.hpp
[2.286s] -- Up-to-date symlink: /home/giovanna/argo_go2_ws/install/unitree_go/include/unitree_go/msg/detail/low_cmd__builder.hpp
[2.287s] -- Up-to-date symlink: /home/giovanna/argo_go2_ws/install/unitree_go/include/unitree_go/msg/detail/low_cmd__struct.hpp
[2.288s] -- Up-to-date symlink: /home/giovanna/argo_go2_ws/install/unitree_go/include/unitree_go/msg/detail/low_cmd__traits.hpp
[2.288s] -- Up-to-date symlink: /home/giovanna/argo_go2_ws/install/unitree_go/include/unitree_go/msg/detail/low_cmd__type_support.hpp
[2.289s] -- Up-to-date symlink: /home/giovanna/argo_go2_ws/install/unitree_go/include/unitree_go/msg/detail/low_state__builder.hpp
[2.289s] -- Up-to-date symlink: /home/giovanna/argo_go2_ws/install/unitree_go/include/unitree_go/msg/detail/low_state__struct.hpp
[2.290s] -- Up-to-date symlink: /home/giovanna/argo_go2_ws/install/unitree_go/include/unitree_go/msg/detail/low_state__traits.hpp
[2.291s] -- Up-to-date symlink: /home/giovanna/argo_go2_ws/install/unitree_go/include/unitree_go/msg/detail/low_state__type_support.hpp
[2.292s] -- Up-to-date symlink: /home/giovanna/argo_go2_ws/install/unitree_go/include/unitree_go/msg/detail/motor_cmd__builder.hpp
[2.292s] -- Up-to-date symlink: /home/giovanna/argo_go2_ws/install/unitree_go/include/unitree_go/msg/detail/motor_cmd__struct.hpp
[2.293s] -- Up-to-date symlink: /home/giovanna/argo_go2_ws/install/unitree_go/include/unitree_go/msg/detail/motor_cmd__traits.hpp
[2.294s] -- Up-to-date symlink: /home/giovanna/argo_go2_ws/install/unitree_go/include/unitree_go/msg/detail/motor_cmd__type_support.hpp
[2.294s] -- Up-to-date symlink: /home/giovanna/argo_go2_ws/install/unitree_go/include/unitree_go/msg/detail/motor_cmds__builder.hpp
[2.295s] -- Up-to-date symlink: /home/giovanna/argo_go2_ws/install/unitree_go/include/unitree_go/msg/detail/motor_cmds__struct.hpp
[2.296s] -- Up-to-date symlink: /home/giovanna/argo_go2_ws/install/unitree_go/include/unitree_go/msg/detail/motor_cmds__traits.hpp
[2.296s] -- Up-to-date symlink: /home/giovanna/argo_go2_ws/install/unitree_go/include/unitree_go/msg/detail/motor_cmds__type_support.hpp
[2.297s] -- Up-to-date symlink: /home/giovanna/argo_go2_ws/install/unitree_go/include/unitree_go/msg/detail/motor_state__builder.hpp
[2.297s] -- Up-to-date symlink: /home/giovanna/argo_go2_ws/install/unitree_go/include/unitree_go/msg/detail/motor_state__struct.hpp
[2.298s] -- Up-to-date symlink: /home/giovanna/argo_go2_ws/install/unitree_go/include/unitree_go/msg/detail/motor_state__traits.hpp
[2.299s] -- Up-to-date symlink: /home/giovanna/argo_go2_ws/install/unitree_go/include/unitree_go/msg/detail/motor_state__type_support.hpp
[2.299s] -- Up-to-date symlink: /home/giovanna/argo_go2_ws/install/unitree_go/include/unitree_go/msg/detail/motor_states__builder.hpp
[2.300s] -- Up-to-date symlink: /home/giovanna/argo_go2_ws/install/unitree_go/include/unitree_go/msg/detail/motor_states__struct.hpp
[2.300s] -- Up-to-date symlink: /home/giovanna/argo_go2_ws/install/unitree_go/include/unitree_go/msg/detail/motor_states__traits.hpp
[2.301s] -- Up-to-date symlink: /home/giovanna/argo_go2_ws/install/unitree_go/include/unitree_go/msg/detail/motor_states__type_support.hpp
[2.302s] -- Up-to-date symlink: /home/giovanna/argo_go2_ws/install/unitree_go/include/unitree_go/msg/detail/path_point__builder.hpp
[2.302s] -- Up-to-date symlink: /home/giovanna/argo_go2_ws/install/unitree_go/include/unitree_go/msg/detail/path_point__struct.hpp
[2.303s] -- Up-to-date symlink: /home/giovanna/argo_go2_ws/install/unitree_go/include/unitree_go/msg/detail/path_point__traits.hpp
[2.304s] -- Up-to-date symlink: /home/giovanna/argo_go2_ws/install/unitree_go/include/unitree_go/msg/detail/path_point__type_support.hpp
[2.304s] -- Up-to-date symlink: /home/giovanna/argo_go2_ws/install/unitree_go/include/unitree_go/msg/detail/req__builder.hpp
[2.305s] -- Up-to-date symlink: /home/giovanna/argo_go2_ws/install/unitree_go/include/unitree_go/msg/detail/req__struct.hpp
[2.305s] -- Up-to-date symlink: /home/giovanna/argo_go2_ws/install/unitree_go/include/unitree_go/msg/detail/req__traits.hpp
[2.306s] -- Up-to-date symlink: /home/giovanna/argo_go2_ws/install/unitree_go/include/unitree_go/msg/detail/req__type_support.hpp
[2.307s] -- Up-to-date symlink: /home/giovanna/argo_go2_ws/install/unitree_go/include/unitree_go/msg/detail/res__builder.hpp
[2.307s] -- Up-to-date symlink: /home/giovanna/argo_go2_ws/install/unitree_go/include/unitree_go/msg/detail/res__struct.hpp
[2.308s] -- Up-to-date symlink: /home/giovanna/argo_go2_ws/install/unitree_go/include/unitree_go/msg/detail/res__traits.hpp
[2.308s] -- Up-to-date symlink: /home/giovanna/argo_go2_ws/install/unitree_go/include/unitree_go/msg/detail/res__type_support.hpp
[2.309s] -- Up-to-date symlink: /home/giovanna/argo_go2_ws/install/unitree_go/include/unitree_go/msg/detail/sport_mode_cmd__builder.hpp
[2.310s] -- Up-to-date symlink: /home/giovanna/argo_go2_ws/install/unitree_go/include/unitree_go/msg/detail/sport_mode_cmd__struct.hpp
[2.310s] -- Up-to-date symlink: /home/giovanna/argo_go2_ws/install/unitree_go/include/unitree_go/msg/detail/sport_mode_cmd__traits.hpp
[2.311s] -- Up-to-date symlink: /home/giovanna/argo_go2_ws/install/unitree_go/include/unitree_go/msg/detail/sport_mode_cmd__type_support.hpp
[2.311s] -- Up-to-date symlink: /home/giovanna/argo_go2_ws/install/unitree_go/include/unitree_go/msg/detail/sport_mode_state__builder.hpp
[2.312s] -- Up-to-date symlink: /home/giovanna/argo_go2_ws/install/unitree_go/include/unitree_go/msg/detail/sport_mode_state__struct.hpp
[2.312s] -- Up-to-date symlink: /home/giovanna/argo_go2_ws/install/unitree_go/include/unitree_go/msg/detail/sport_mode_state__traits.hpp
[2.313s] -- Up-to-date symlink: /home/giovanna/argo_go2_ws/install/unitree_go/include/unitree_go/msg/detail/sport_mode_state__type_support.hpp
[2.313s] -- Up-to-date symlink: /home/giovanna/argo_go2_ws/install/unitree_go/include/unitree_go/msg/detail/time_spec__builder.hpp
[2.314s] -- Up-to-date symlink: /home/giovanna/argo_go2_ws/install/unitree_go/include/unitree_go/msg/detail/time_spec__struct.hpp
[2.314s] -- Up-to-date symlink: /home/giovanna/argo_go2_ws/install/unitree_go/include/unitree_go/msg/detail/time_spec__traits.hpp
[2.315s] -- Up-to-date symlink: /home/giovanna/argo_go2_ws/install/unitree_go/include/unitree_go/msg/detail/time_spec__type_support.hpp
[2.315s] -- Up-to-date symlink: /home/giovanna/argo_go2_ws/install/unitree_go/include/unitree_go/msg/detail/uwb_state__builder.hpp
[2.316s] -- Up-to-date symlink: /home/giovanna/argo_go2_ws/install/unitree_go/include/unitree_go/msg/detail/uwb_state__struct.hpp
[2.316s] -- Up-to-date symlink: /home/giovanna/argo_go2_ws/install/unitree_go/include/unitree_go/msg/detail/uwb_state__traits.hpp
[2.317s] -- Up-to-date symlink: /home/giovanna/argo_go2_ws/install/unitree_go/include/unitree_go/msg/detail/uwb_state__type_support.hpp
[2.317s] -- Up-to-date symlink: /home/giovanna/argo_go2_ws/install/unitree_go/include/unitree_go/msg/detail/uwb_switch__builder.hpp
[2.318s] -- Up-to-date symlink: /home/giovanna/argo_go2_ws/install/unitree_go/include/unitree_go/msg/detail/uwb_switch__struct.hpp
[2.319s] -- Up-to-date symlink: /home/giovanna/argo_go2_ws/install/unitree_go/include/unitree_go/msg/detail/uwb_switch__traits.hpp
[2.320s] -- Up-to-date symlink: /home/giovanna/argo_go2_ws/install/unitree_go/include/unitree_go/msg/detail/uwb_switch__type_support.hpp
[2.320s] -- Up-to-date symlink: /home/giovanna/argo_go2_ws/install/unitree_go/include/unitree_go/msg/detail/wireless_controller__builder.hpp
[2.321s] -- Up-to-date symlink: /home/giovanna/argo_go2_ws/install/unitree_go/include/unitree_go/msg/detail/wireless_controller__struct.hpp
[2.322s] -- Up-to-date symlink: /home/giovanna/argo_go2_ws/install/unitree_go/include/unitree_go/msg/detail/wireless_controller__traits.hpp
[2.322s] -- Up-to-date symlink: /home/giovanna/argo_go2_ws/install/unitree_go/include/unitree_go/msg/detail/wireless_controller__type_support.hpp
[2.323s] -- Up-to-date symlink: /home/giovanna/argo_go2_ws/install/unitree_go/include/unitree_go/msg/error.hpp
[2.323s] -- Up-to-date symlink: /home/giovanna/argo_go2_ws/install/unitree_go/include/unitree_go/msg/height_map.hpp
[2.324s] -- Up-to-date symlink: /home/giovanna/argo_go2_ws/install/unitree_go/include/unitree_go/msg/imu_state.hpp
[2.325s] -- Up-to-date symlink: /home/giovanna/argo_go2_ws/install/unitree_go/include/unitree_go/msg/interface_config.hpp
[2.325s] -- Up-to-date symlink: /home/giovanna/argo_go2_ws/install/unitree_go/include/unitree_go/msg/lidar_state.hpp
[2.326s] -- Up-to-date symlink: /home/giovanna/argo_go2_ws/install/unitree_go/include/unitree_go/msg/low_cmd.hpp
[2.326s] -- Up-to-date symlink: /home/giovanna/argo_go2_ws/install/unitree_go/include/unitree_go/msg/low_state.hpp
[2.327s] -- Up-to-date symlink: /home/giovanna/argo_go2_ws/install/unitree_go/include/unitree_go/msg/motor_cmd.hpp
[2.327s] -- Up-to-date symlink: /home/giovanna/argo_go2_ws/install/unitree_go/include/unitree_go/msg/motor_cmds.hpp
[2.328s] -- Up-to-date symlink: /home/giovanna/argo_go2_ws/install/unitree_go/include/unitree_go/msg/motor_state.hpp
[2.329s] -- Up-to-date symlink: /home/giovanna/argo_go2_ws/install/unitree_go/include/unitree_go/msg/motor_states.hpp
[2.329s] -- Up-to-date symlink: /home/giovanna/argo_go2_ws/install/unitree_go/include/unitree_go/msg/path_point.hpp
[2.330s] -- Up-to-date symlink: /home/giovanna/argo_go2_ws/install/unitree_go/include/unitree_go/msg/req.hpp
[2.330s] -- Up-to-date symlink: /home/giovanna/argo_go2_ws/install/unitree_go/include/unitree_go/msg/res.hpp
[2.331s] -- Up-to-date symlink: /home/giovanna/argo_go2_ws/install/unitree_go/include/unitree_go/msg/rosidl_generator_cpp__visibility_control.hpp
[2.331s] -- Up-to-date symlink: /home/giovanna/argo_go2_ws/install/unitree_go/include/unitree_go/msg/sport_mode_cmd.hpp
[2.332s] -- Up-to-date symlink: /home/giovanna/argo_go2_ws/install/unitree_go/include/unitree_go/msg/sport_mode_state.hpp
[2.333s] -- Up-to-date symlink: /home/giovanna/argo_go2_ws/install/unitree_go/include/unitree_go/msg/time_spec.hpp
[2.333s] -- Up-to-date symlink: /home/giovanna/argo_go2_ws/install/unitree_go/include/unitree_go/msg/uwb_state.hpp
[2.334s] -- Up-to-date symlink: /home/giovanna/argo_go2_ws/install/unitree_go/include/unitree_go/msg/uwb_switch.hpp
[2.334s] -- Up-to-date symlink: /home/giovanna/argo_go2_ws/install/unitree_go/include/unitree_go/msg/wireless_controller.hpp
[2.336s] -- Up-to-date symlink: /home/giovanna/argo_go2_ws/install/unitree_go/include/unitree_go/msg/detail/audio_data__rosidl_typesupport_introspection_cpp.hpp
[2.337s] -- Up-to-date symlink: /home/giovanna/argo_go2_ws/install/unitree_go/include/unitree_go/msg/detail/bms_cmd__rosidl_typesupport_introspection_cpp.hpp
[2.337s] -- Up-to-date symlink: /home/giovanna/argo_go2_ws/install/unitree_go/include/unitree_go/msg/detail/bms_state__rosidl_typesupport_introspection_cpp.hpp
[2.338s] -- Up-to-date symlink: /home/giovanna/argo_go2_ws/install/unitree_go/include/unitree_go/msg/detail/error__rosidl_typesupport_introspection_cpp.hpp
[2.339s] -- Up-to-date symlink: /home/giovanna/argo_go2_ws/install/unitree_go/include/unitree_go/msg/detail/height_map__rosidl_typesupport_introspection_cpp.hpp
[2.339s] -- Up-to-date symlink: /home/giovanna/argo_go2_ws/install/unitree_go/include/unitree_go/msg/detail/imu_state__rosidl_typesupport_introspection_cpp.hpp
[2.340s] -- Up-to-date symlink: /home/giovanna/argo_go2_ws/install/unitree_go/include/unitree_go/msg/detail/interface_config__rosidl_typesupport_introspection_cpp.hpp
[2.341s] -- Up-to-date symlink: /home/giovanna/argo_go2_ws/install/unitree_go/include/unitree_go/msg/detail/lidar_state__rosidl_typesupport_introspection_cpp.hpp
[2.342s] -- Up-to-date symlink: /home/giovanna/argo_go2_ws/install/unitree_go/include/unitree_go/msg/detail/low_cmd__rosidl_typesupport_introspection_cpp.hpp
[2.342s] -- Up-to-date symlink: /home/giovanna/argo_go2_ws/install/unitree_go/include/unitree_go/msg/detail/low_state__rosidl_typesupport_introspection_cpp.hpp
[2.343s] -- Up-to-date symlink: /home/giovanna/argo_go2_ws/install/unitree_go/include/unitree_go/msg/detail/motor_cmd__rosidl_typesupport_introspection_cpp.hpp
[2.343s] -- Up-to-date symlink: /home/giovanna/argo_go2_ws/install/unitree_go/include/unitree_go/msg/detail/motor_cmds__rosidl_typesupport_introspection_cpp.hpp
[2.344s] -- Up-to-date symlink: /home/giovanna/argo_go2_ws/install/unitree_go/include/unitree_go/msg/detail/motor_state__rosidl_typesupport_introspection_cpp.hpp
[2.344s] -- Up-to-date symlink: /home/giovanna/argo_go2_ws/install/unitree_go/include/unitree_go/msg/detail/motor_states__rosidl_typesupport_introspection_cpp.hpp
[2.345s] -- Up-to-date symlink: /home/giovanna/argo_go2_ws/install/unitree_go/include/unitree_go/msg/detail/path_point__rosidl_typesupport_introspection_cpp.hpp
[2.346s] -- Up-to-date symlink: /home/giovanna/argo_go2_ws/install/unitree_go/include/unitree_go/msg/detail/req__rosidl_typesupport_introspection_cpp.hpp
[2.346s] -- Up-to-date symlink: /home/giovanna/argo_go2_ws/install/unitree_go/include/unitree_go/msg/detail/res__rosidl_typesupport_introspection_cpp.hpp
[2.347s] -- Up-to-date symlink: /home/giovanna/argo_go2_ws/install/unitree_go/include/unitree_go/msg/detail/sport_mode_cmd__rosidl_typesupport_introspection_cpp.hpp
[2.347s] -- Up-to-date symlink: /home/giovanna/argo_go2_ws/install/unitree_go/include/unitree_go/msg/detail/sport_mode_state__rosidl_typesupport_introspection_cpp.hpp
[2.348s] -- Up-to-date symlink: /home/giovanna/argo_go2_ws/install/unitree_go/include/unitree_go/msg/detail/time_spec__rosidl_typesupport_introspection_cpp.hpp
[2.349s] -- Up-to-date symlink: /home/giovanna/argo_go2_ws/install/unitree_go/include/unitree_go/msg/detail/uwb_state__rosidl_typesupport_introspection_cpp.hpp
[2.349s] -- Up-to-date symlink: /home/giovanna/argo_go2_ws/install/unitree_go/include/unitree_go/msg/detail/uwb_switch__rosidl_typesupport_introspection_cpp.hpp
[2.350s] -- Up-to-date symlink: /home/giovanna/argo_go2_ws/install/unitree_go/include/unitree_go/msg/detail/wireless_controller__rosidl_typesupport_introspection_cpp.hpp
[2.350s] -- Up-to-date symlink: /home/giovanna/argo_go2_ws/install/unitree_go/share/unitree_go/environment/pythonpath.sh
[2.351s] -- Up-to-date symlink: /home/giovanna/argo_go2_ws/install/unitree_go/share/unitree_go/environment/pythonpath.dsv
[2.352s] -- Up-to-date symlink: /home/giovanna/argo_go2_ws/install/unitree_go/lib/python3.8/site-packages/unitree_go/__init__.py
[2.354s] -- Up-to-date symlink: /home/giovanna/argo_go2_ws/install/unitree_go/lib/python3.8/site-packages/unitree_go/msg/__init__.py
[2.354s] -- Up-to-date symlink: /home/giovanna/argo_go2_ws/install/unitree_go/lib/python3.8/site-packages/unitree_go/msg/_audio_data.py
[2.355s] -- Up-to-date symlink: /home/giovanna/argo_go2_ws/install/unitree_go/lib/python3.8/site-packages/unitree_go/msg/_bms_cmd.py
[2.356s] -- Up-to-date symlink: /home/giovanna/argo_go2_ws/install/unitree_go/lib/python3.8/site-packages/unitree_go/msg/_bms_state.py
[2.356s] -- Up-to-date symlink: /home/giovanna/argo_go2_ws/install/unitree_go/lib/python3.8/site-packages/unitree_go/msg/_error.py
[2.357s] -- Up-to-date symlink: /home/giovanna/argo_go2_ws/install/unitree_go/lib/python3.8/site-packages/unitree_go/msg/_height_map.py
[2.357s] -- Up-to-date symlink: /home/giovanna/argo_go2_ws/install/unitree_go/lib/python3.8/site-packages/unitree_go/msg/_imu_state.py
[2.358s] -- Up-to-date symlink: /home/giovanna/argo_go2_ws/install/unitree_go/lib/python3.8/site-packages/unitree_go/msg/_interface_config.py
[2.358s] -- Up-to-date symlink: /home/giovanna/argo_go2_ws/install/unitree_go/lib/python3.8/site-packages/unitree_go/msg/_lidar_state.py
[2.359s] -- Up-to-date symlink: /home/giovanna/argo_go2_ws/install/unitree_go/lib/python3.8/site-packages/unitree_go/msg/_low_cmd.py
[2.360s] -- Up-to-date symlink: /home/giovanna/argo_go2_ws/install/unitree_go/lib/python3.8/site-packages/unitree_go/msg/_low_state.py
[2.360s] -- Up-to-date symlink: /home/giovanna/argo_go2_ws/install/unitree_go/lib/python3.8/site-packages/unitree_go/msg/_motor_cmd.py
[2.361s] -- Up-to-date symlink: /home/giovanna/argo_go2_ws/install/unitree_go/lib/python3.8/site-packages/unitree_go/msg/_motor_cmds.py
[2.361s] -- Up-to-date symlink: /home/giovanna/argo_go2_ws/install/unitree_go/lib/python3.8/site-packages/unitree_go/msg/_motor_state.py
[2.362s] -- Up-to-date symlink: /home/giovanna/argo_go2_ws/install/unitree_go/lib/python3.8/site-packages/unitree_go/msg/_motor_states.py
[2.362s] -- Up-to-date symlink: /home/giovanna/argo_go2_ws/install/unitree_go/lib/python3.8/site-packages/unitree_go/msg/_path_point.py
[2.363s] -- Up-to-date symlink: /home/giovanna/argo_go2_ws/install/unitree_go/lib/python3.8/site-packages/unitree_go/msg/_req.py
[2.364s] -- Up-to-date symlink: /home/giovanna/argo_go2_ws/install/unitree_go/lib/python3.8/site-packages/unitree_go/msg/_res.py
[2.364s] -- Up-to-date symlink: /home/giovanna/argo_go2_ws/install/unitree_go/lib/python3.8/site-packages/unitree_go/msg/_sport_mode_cmd.py
[2.365s] -- Up-to-date symlink: /home/giovanna/argo_go2_ws/install/unitree_go/lib/python3.8/site-packages/unitree_go/msg/_sport_mode_state.py
[2.365s] -- Up-to-date symlink: /home/giovanna/argo_go2_ws/install/unitree_go/lib/python3.8/site-packages/unitree_go/msg/_time_spec.py
[2.366s] -- Up-to-date symlink: /home/giovanna/argo_go2_ws/install/unitree_go/lib/python3.8/site-packages/unitree_go/msg/_uwb_state.py
[2.367s] -- Up-to-date symlink: /home/giovanna/argo_go2_ws/install/unitree_go/lib/python3.8/site-packages/unitree_go/msg/_uwb_switch.py
[2.367s] -- Up-to-date symlink: /home/giovanna/argo_go2_ws/install/unitree_go/lib/python3.8/site-packages/unitree_go/msg/_wireless_controller.py
[2.368s] -- Up-to-date symlink: /home/giovanna/argo_go2_ws/install/unitree_go/lib/python3.8/site-packages/unitree_go/unitree_go_s__rosidl_typesupport_fastrtps_c.cpython-38-x86_64-linux-gnu.so
[2.369s] -- Up-to-date symlink: /home/giovanna/argo_go2_ws/install/unitree_go/lib/python3.8/site-packages/unitree_go/unitree_go_s__rosidl_typesupport_introspection_c.cpython-38-x86_64-linux-gnu.so
[2.370s] -- Up-to-date symlink: /home/giovanna/argo_go2_ws/install/unitree_go/lib/python3.8/site-packages/unitree_go/unitree_go_s__rosidl_typesupport_c.cpython-38-x86_64-linux-gnu.so
[2.371s] -- Up-to-date symlink: /home/giovanna/argo_go2_ws/install/unitree_go/lib/libunitree_go__python.so
[2.372s] -- Up-to-date symlink: /home/giovanna/argo_go2_ws/install/unitree_go/share/unitree_go/msg/AudioData.idl
[2.373s] -- Up-to-date symlink: /home/giovanna/argo_go2_ws/install/unitree_go/share/unitree_go/msg/BmsCmd.idl
[2.374s] -- Up-to-date symlink: /home/giovanna/argo_go2_ws/install/unitree_go/share/unitree_go/msg/BmsState.idl
[2.374s] -- Up-to-date symlink: /home/giovanna/argo_go2_ws/install/unitree_go/share/unitree_go/msg/Error.idl
[2.375s] -- Up-to-date symlink: /home/giovanna/argo_go2_ws/install/unitree_go/share/unitree_go/msg/HeightMap.idl
[2.376s] -- Up-to-date symlink: /home/giovanna/argo_go2_ws/install/unitree_go/share/unitree_go/msg/IMUState.idl
[2.377s] -- Up-to-date symlink: /home/giovanna/argo_go2_ws/install/unitree_go/share/unitree_go/msg/InterfaceConfig.idl
[2.377s] -- Up-to-date symlink: /home/giovanna/argo_go2_ws/install/unitree_go/share/unitree_go/msg/LidarState.idl
[2.378s] -- Up-to-date symlink: /home/giovanna/argo_go2_ws/install/unitree_go/share/unitree_go/msg/LowCmd.idl
[2.379s] -- Up-to-date symlink: /home/giovanna/argo_go2_ws/install/unitree_go/share/unitree_go/msg/LowState.idl
[2.380s] -- Up-to-date symlink: /home/giovanna/argo_go2_ws/install/unitree_go/share/unitree_go/msg/MotorCmd.idl
[2.380s] -- Up-to-date symlink: /home/giovanna/argo_go2_ws/install/unitree_go/share/unitree_go/msg/MotorCmds.idl
[2.381s] -- Up-to-date symlink: /home/giovanna/argo_go2_ws/install/unitree_go/share/unitree_go/msg/MotorState.idl
[2.382s] -- Up-to-date symlink: /home/giovanna/argo_go2_ws/install/unitree_go/share/unitree_go/msg/MotorStates.idl
[2.383s] -- Up-to-date symlink: /home/giovanna/argo_go2_ws/install/unitree_go/share/unitree_go/msg/PathPoint.idl
[2.384s] -- Up-to-date symlink: /home/giovanna/argo_go2_ws/install/unitree_go/share/unitree_go/msg/Req.idl
[2.384s] -- Up-to-date symlink: /home/giovanna/argo_go2_ws/install/unitree_go/share/unitree_go/msg/Res.idl
[2.385s] -- Up-to-date symlink: /home/giovanna/argo_go2_ws/install/unitree_go/share/unitree_go/msg/SportModeCmd.idl
[2.386s] -- Up-to-date symlink: /home/giovanna/argo_go2_ws/install/unitree_go/share/unitree_go/msg/SportModeState.idl
[2.387s] -- Up-to-date symlink: /home/giovanna/argo_go2_ws/install/unitree_go/share/unitree_go/msg/TimeSpec.idl
[2.388s] -- Up-to-date symlink: /home/giovanna/argo_go2_ws/install/unitree_go/share/unitree_go/msg/UwbState.idl
[2.388s] -- Up-to-date symlink: /home/giovanna/argo_go2_ws/install/unitree_go/share/unitree_go/msg/UwbSwitch.idl
[2.389s] -- Up-to-date symlink: /home/giovanna/argo_go2_ws/install/unitree_go/share/unitree_go/msg/WirelessController.idl
[2.390s] -- Up-to-date symlink: /home/giovanna/argo_go2_ws/install/unitree_go/share/unitree_go/msg/AudioData.msg
[2.391s] -- Up-to-date symlink: /home/giovanna/argo_go2_ws/install/unitree_go/share/unitree_go/msg/BmsCmd.msg
[2.392s] -- Up-to-date symlink: /home/giovanna/argo_go2_ws/install/unitree_go/share/unitree_go/msg/BmsState.msg
[2.393s] -- Up-to-date symlink: /home/giovanna/argo_go2_ws/install/unitree_go/share/unitree_go/msg/Error.msg
[2.393s] -- Up-to-date symlink: /home/giovanna/argo_go2_ws/install/unitree_go/share/unitree_go/msg/HeightMap.msg
[2.394s] -- Up-to-date symlink: /home/giovanna/argo_go2_ws/install/unitree_go/share/unitree_go/msg/IMUState.msg
[2.395s] -- Up-to-date symlink: /home/giovanna/argo_go2_ws/install/unitree_go/share/unitree_go/msg/InterfaceConfig.msg
[2.396s] -- Up-to-date symlink: /home/giovanna/argo_go2_ws/install/unitree_go/share/unitree_go/msg/LidarState.msg
[2.396s] -- Up-to-date symlink: /home/giovanna/argo_go2_ws/install/unitree_go/share/unitree_go/msg/LowCmd.msg
[2.397s] -- Up-to-date symlink: /home/giovanna/argo_go2_ws/install/unitree_go/share/unitree_go/msg/LowState.msg
[2.398s] -- Up-to-date symlink: /home/giovanna/argo_go2_ws/install/unitree_go/share/unitree_go/msg/MotorCmd.msg
[2.399s] -- Up-to-date symlink: /home/giovanna/argo_go2_ws/install/unitree_go/share/unitree_go/msg/MotorCmds.msg
[2.399s] -- Up-to-date symlink: /home/giovanna/argo_go2_ws/install/unitree_go/share/unitree_go/msg/MotorState.msg
[2.400s] -- Up-to-date symlink: /home/giovanna/argo_go2_ws/install/unitree_go/share/unitree_go/msg/MotorStates.msg
[2.401s] -- Up-to-date symlink: /home/giovanna/argo_go2_ws/install/unitree_go/share/unitree_go/msg/PathPoint.msg
[2.401s] -- Up-to-date symlink: /home/giovanna/argo_go2_ws/install/unitree_go/share/unitree_go/msg/Req.msg
[2.402s] -- Up-to-date symlink: /home/giovanna/argo_go2_ws/install/unitree_go/share/unitree_go/msg/Res.msg
[2.403s] -- Up-to-date symlink: /home/giovanna/argo_go2_ws/install/unitree_go/share/unitree_go/msg/SportModeCmd.msg
[2.404s] -- Up-to-date symlink: /home/giovanna/argo_go2_ws/install/unitree_go/share/unitree_go/msg/SportModeState.msg
[2.404s] -- Up-to-date symlink: /home/giovanna/argo_go2_ws/install/unitree_go/share/unitree_go/msg/TimeSpec.msg
[2.405s] -- Up-to-date symlink: /home/giovanna/argo_go2_ws/install/unitree_go/share/unitree_go/msg/UwbState.msg
[2.406s] -- Up-to-date symlink: /home/giovanna/argo_go2_ws/install/unitree_go/share/unitree_go/msg/UwbSwitch.msg
[2.406s] -- Up-to-date symlink: /home/giovanna/argo_go2_ws/install/unitree_go/share/unitree_go/msg/WirelessController.msg
[2.407s] -- Up-to-date symlink: /home/giovanna/argo_go2_ws/install/unitree_go/share/ament_index/resource_index/package_run_dependencies/unitree_go
[2.408s] -- Up-to-date symlink: /home/giovanna/argo_go2_ws/install/unitree_go/share/ament_index/resource_index/parent_prefix_path/unitree_go
[2.409s] -- Up-to-date symlink: /home/giovanna/argo_go2_ws/install/unitree_go/share/unitree_go/environment/ament_prefix_path.sh
[2.409s] -- Up-to-date symlink: /home/giovanna/argo_go2_ws/install/unitree_go/share/unitree_go/environment/ament_prefix_path.dsv
[2.410s] -- Up-to-date symlink: /home/giovanna/argo_go2_ws/install/unitree_go/share/unitree_go/environment/path.sh
[2.411s] -- Up-to-date symlink: /home/giovanna/argo_go2_ws/install/unitree_go/share/unitree_go/environment/path.dsv
[2.412s] -- Up-to-date symlink: /home/giovanna/argo_go2_ws/install/unitree_go/share/unitree_go/local_setup.bash
[2.412s] -- Up-to-date symlink: /home/giovanna/argo_go2_ws/install/unitree_go/share/unitree_go/local_setup.sh
[2.413s] -- Up-to-date symlink: /home/giovanna/argo_go2_ws/install/unitree_go/share/unitree_go/local_setup.zsh
[2.414s] -- Up-to-date symlink: /home/giovanna/argo_go2_ws/install/unitree_go/share/unitree_go/local_setup.dsv
[2.414s] -- Symlinking: /home/giovanna/argo_go2_ws/install/unitree_go/share/unitree_go/package.dsv
[2.434s] -- Up-to-date symlink: /home/giovanna/argo_go2_ws/install/unitree_go/share/ament_index/resource_index/packages/unitree_go
[2.435s] -- Up-to-date symlink: /home/giovanna/argo_go2_ws/install/unitree_go/share/unitree_go/cmake/rosidl_cmake-extras.cmake
[2.436s] -- Up-to-date symlink: /home/giovanna/argo_go2_ws/install/unitree_go/share/unitree_go/cmake/ament_cmake_export_dependencies-extras.cmake
[2.436s] -- Up-to-date symlink: /home/giovanna/argo_go2_ws/install/unitree_go/share/unitree_go/cmake/ament_cmake_export_libraries-extras.cmake
[2.437s] -- Up-to-date symlink: /home/giovanna/argo_go2_ws/install/unitree_go/share/unitree_go/cmake/ament_cmake_export_targets-extras.cmake
[2.438s] -- Up-to-date symlink: /home/giovanna/argo_go2_ws/install/unitree_go/share/unitree_go/cmake/ament_cmake_export_include_directories-extras.cmake
[2.439s] -- Up-to-date symlink: /home/giovanna/argo_go2_ws/install/unitree_go/share/unitree_go/cmake/rosidl_cmake_export_typesupport_libraries-extras.cmake
[2.440s] -- Up-to-date symlink: /home/giovanna/argo_go2_ws/install/unitree_go/share/unitree_go/cmake/rosidl_cmake_export_typesupport_targets-extras.cmake
[2.441s] -- Up-to-date symlink: /home/giovanna/argo_go2_ws/install/unitree_go/share/unitree_go/cmake/unitree_goConfig.cmake
[2.442s] -- Up-to-date symlink: /home/giovanna/argo_go2_ws/install/unitree_go/share/unitree_go/cmake/unitree_goConfig-version.cmake
[2.443s] -- Up-to-date symlink: /home/giovanna/argo_go2_ws/install/unitree_go/share/unitree_go/package.xml
[2.443s] -- Up-to-date: /home/giovanna/argo_go2_ws/install/unitree_go/lib/libunitree_go__rosidl_generator_c.so
[2.444s] -- Up-to-date: /home/giovanna/argo_go2_ws/install/unitree_go/lib/libunitree_go__rosidl_typesupport_introspection_c.so
[2.445s] -- Up-to-date: /home/giovanna/argo_go2_ws/install/unitree_go/lib/libunitree_go__rosidl_typesupport_c.so
[2.445s] -- Up-to-date: /home/giovanna/argo_go2_ws/install/unitree_go/lib/libunitree_go__rosidl_typesupport_introspection_cpp.so
[2.446s] -- Up-to-date: /home/giovanna/argo_go2_ws/install/unitree_go/lib/libunitree_go__rosidl_typesupport_cpp.so
[2.506s] Compiling '/home/giovanna/argo_go2_ws/install/unitree_go/lib/python3.8/site-packages/unitree_go/__init__.py'...
[2.514s] -- Up-to-date: /home/giovanna/argo_go2_ws/install/unitree_go/share/unitree_go/cmake/unitree_go__rosidl_generator_cExport.cmake
[2.515s] -- Installing: /home/giovanna/argo_go2_ws/install/unitree_go/share/unitree_go/cmake/unitree_go__rosidl_generator_cExport-noconfig.cmake
[2.516s] -- Up-to-date: /home/giovanna/argo_go2_ws/install/unitree_go/share/unitree_go/cmake/unitree_go__rosidl_typesupport_introspection_cExport.cmake
[2.516s] -- Installing: /home/giovanna/argo_go2_ws/install/unitree_go/share/unitree_go/cmake/unitree_go__rosidl_typesupport_introspection_cExport-noconfig.cmake
[2.517s] -- Up-to-date: /home/giovanna/argo_go2_ws/install/unitree_go/share/unitree_go/cmake/unitree_go__rosidl_typesupport_cExport.cmake
[2.517s] -- Installing: /home/giovanna/argo_go2_ws/install/unitree_go/share/unitree_go/cmake/unitree_go__rosidl_typesupport_cExport-noconfig.cmake
[2.518s] -- Up-to-date: /home/giovanna/argo_go2_ws/install/unitree_go/share/unitree_go/cmake/unitree_go__rosidl_generator_cppExport.cmake
[2.519s] -- Up-to-date: /home/giovanna/argo_go2_ws/install/unitree_go/share/unitree_go/cmake/unitree_go__rosidl_typesupport_introspection_cppExport.cmake
[2.519s] -- Installing: /home/giovanna/argo_go2_ws/install/unitree_go/share/unitree_go/cmake/unitree_go__rosidl_typesupport_introspection_cppExport-noconfig.cmake
[2.520s] -- Up-to-date: /home/giovanna/argo_go2_ws/install/unitree_go/share/unitree_go/cmake/unitree_go__rosidl_typesupport_cppExport.cmake
[2.520s] -- Installing: /home/giovanna/argo_go2_ws/install/unitree_go/share/unitree_go/cmake/unitree_go__rosidl_typesupport_cppExport-noconfig.cmake
[2.528s] Invoked command in '/home/giovanna/argo_go2_ws/build/unitree_go' returned '0': CMAKE_PREFIX_PATH=/opt/ros/foxy /usr/bin/cmake --install /home/giovanna/argo_go2_ws/build/unitree_go
