[0.055s] Invoking command in '/home/giovanna/argo_go2_ws/build/unitree_go': CMAKE_PREFIX_PATH=/opt/ros/foxy /usr/bin/cmake --build /home/giovanna/argo_go2_ws/build/unitree_go -- -j16 -l16
[0.164s] [  0%] Built target unitree_go__cpp
[0.169s] [ 12%] Built target unitree_go__rosidl_generator_c
[0.216s] [ 25%] Built target unitree_go__rosidl_typesupport_introspection_cpp
[0.233s] [ 37%] Built target unitree_go__rosidl_typesupport_cpp
[0.239s] [ 49%] Built target unitree_go__rosidl_typesupport_fastrtps_cpp
[0.240s] [ 71%] Built target unitree_go__rosidl_typesupport_c
[0.240s] [ 73%] Built target unitree_go__rosidl_typesupport_introspection_c
[0.282s] [ 85%] Built target unitree_go__rosidl_typesupport_fastrtps_c
[0.307s] [ 85%] Built target unitree_go
[0.335s] [ 85%] Built target unitree_go__py
[0.386s] [ 97%] Built target unitree_go__python
[0.430s] [ 98%] Built target unitree_go__rosidl_typesupport_c__pyext
[0.430s] [ 99%] Built target unitree_go__rosidl_typesupport_introspection_c__pyext
[0.431s] [100%] Built target unitree_go__rosidl_typesupport_fastrtps_c__pyext
[0.461s] Invoked command in '/home/giovanna/argo_go2_ws/build/unitree_go' returned '0': CMAKE_PREFIX_PATH=/opt/ros/foxy /usr/bin/cmake --build /home/giovanna/argo_go2_ws/build/unitree_go -- -j16 -l16
[0.464s] Invoking command in '/home/giovanna/argo_go2_ws/build/unitree_go': CMAKE_PREFIX_PATH=/opt/ros/foxy /usr/bin/cmake --install /home/giovanna/argo_go2_ws/build/unitree_go
[0.508s] -- Install configuration: ""
[0.510s] -- Execute custom install script
[0.510s] -- Up-to-date symlink: /home/giovanna/argo_go2_ws/install/unitree_go/share/ament_index/resource_index/rosidl_interfaces/unitree_go
[0.517s] -- Up-to-date symlink: /home/giovanna/argo_go2_ws/install/unitree_go/include/unitree_go/msg/audio_data.h
[0.517s] -- Up-to-date symlink: /home/giovanna/argo_go2_ws/install/unitree_go/include/unitree_go/msg/bms_cmd.h
[0.517s] -- Up-to-date symlink: /home/giovanna/argo_go2_ws/install/unitree_go/include/unitree_go/msg/bms_state.h
[0.517s] -- Up-to-date symlink: /home/giovanna/argo_go2_ws/install/unitree_go/include/unitree_go/msg/detail/audio_data__functions.h
[0.517s] -- Up-to-date symlink: /home/giovanna/argo_go2_ws/install/unitree_go/include/unitree_go/msg/detail/audio_data__struct.h
[0.519s] -- Up-to-date symlink: /home/giovanna/argo_go2_ws/install/unitree_go/include/unitree_go/msg/detail/audio_data__type_support.h
[0.519s] -- Up-to-date symlink: /home/giovanna/argo_go2_ws/install/unitree_go/include/unitree_go/msg/detail/bms_cmd__functions.h
[0.519s] -- Up-to-date symlink: /home/giovanna/argo_go2_ws/install/unitree_go/include/unitree_go/msg/detail/bms_cmd__struct.h
[0.519s] -- Up-to-date symlink: /home/giovanna/argo_go2_ws/install/unitree_go/include/unitree_go/msg/detail/bms_cmd__type_support.h
[0.520s] -- Up-to-date symlink: /home/giovanna/argo_go2_ws/install/unitree_go/include/unitree_go/msg/detail/bms_state__functions.h
[0.520s] -- Up-to-date symlink: /home/giovanna/argo_go2_ws/install/unitree_go/include/unitree_go/msg/detail/bms_state__struct.h
[0.520s] -- Up-to-date symlink: /home/giovanna/argo_go2_ws/install/unitree_go/include/unitree_go/msg/detail/bms_state__type_support.h
[0.520s] -- Up-to-date symlink: /home/giovanna/argo_go2_ws/install/unitree_go/include/unitree_go/msg/detail/error__functions.h
[0.521s] -- Up-to-date symlink: /home/giovanna/argo_go2_ws/install/unitree_go/include/unitree_go/msg/detail/error__struct.h
[0.521s] -- Up-to-date symlink: /home/giovanna/argo_go2_ws/install/unitree_go/include/unitree_go/msg/detail/error__type_support.h
[0.521s] -- Up-to-date symlink: /home/giovanna/argo_go2_ws/install/unitree_go/include/unitree_go/msg/detail/height_map__functions.h
[0.521s] -- Up-to-date symlink: /home/giovanna/argo_go2_ws/install/unitree_go/include/unitree_go/msg/detail/height_map__struct.h
[0.521s] -- Up-to-date symlink: /home/giovanna/argo_go2_ws/install/unitree_go/include/unitree_go/msg/detail/height_map__type_support.h
[0.521s] -- Up-to-date symlink: /home/giovanna/argo_go2_ws/install/unitree_go/include/unitree_go/msg/detail/imu_state__functions.h
[0.522s] -- Up-to-date symlink: /home/giovanna/argo_go2_ws/install/unitree_go/include/unitree_go/msg/detail/imu_state__struct.h
[0.523s] -- Up-to-date symlink: /home/giovanna/argo_go2_ws/install/unitree_go/include/unitree_go/msg/detail/imu_state__type_support.h
[0.523s] -- Up-to-date symlink: /home/giovanna/argo_go2_ws/install/unitree_go/include/unitree_go/msg/detail/interface_config__functions.h
[0.523s] -- Up-to-date symlink: /home/giovanna/argo_go2_ws/install/unitree_go/include/unitree_go/msg/detail/interface_config__struct.h
[0.524s] -- Up-to-date symlink: /home/giovanna/argo_go2_ws/install/unitree_go/include/unitree_go/msg/detail/interface_config__type_support.h
[0.524s] -- Up-to-date symlink: /home/giovanna/argo_go2_ws/install/unitree_go/include/unitree_go/msg/detail/lidar_state__functions.h
[0.524s] -- Up-to-date symlink: /home/giovanna/argo_go2_ws/install/unitree_go/include/unitree_go/msg/detail/lidar_state__struct.h
[0.524s] -- Up-to-date symlink: /home/giovanna/argo_go2_ws/install/unitree_go/include/unitree_go/msg/detail/lidar_state__type_support.h
[0.525s] -- Up-to-date symlink: /home/giovanna/argo_go2_ws/install/unitree_go/include/unitree_go/msg/detail/low_cmd__functions.h
[0.525s] -- Up-to-date symlink: /home/giovanna/argo_go2_ws/install/unitree_go/include/unitree_go/msg/detail/low_cmd__struct.h
[0.525s] -- Up-to-date symlink: /home/giovanna/argo_go2_ws/install/unitree_go/include/unitree_go/msg/detail/low_cmd__type_support.h
[0.527s] -- Up-to-date symlink: /home/giovanna/argo_go2_ws/install/unitree_go/include/unitree_go/msg/detail/low_state__functions.h
[0.527s] -- Up-to-date symlink: /home/giovanna/argo_go2_ws/install/unitree_go/include/unitree_go/msg/detail/low_state__struct.h
[0.527s] -- Up-to-date symlink: /home/giovanna/argo_go2_ws/install/unitree_go/include/unitree_go/msg/detail/low_state__type_support.h
[0.527s] -- Up-to-date symlink: /home/giovanna/argo_go2_ws/install/unitree_go/include/unitree_go/msg/detail/motor_cmd__functions.h
[0.528s] -- Up-to-date symlink: /home/giovanna/argo_go2_ws/install/unitree_go/include/unitree_go/msg/detail/motor_cmd__struct.h
[0.529s] -- Up-to-date symlink: /home/giovanna/argo_go2_ws/install/unitree_go/include/unitree_go/msg/detail/motor_cmd__type_support.h
[0.529s] -- Up-to-date symlink: /home/giovanna/argo_go2_ws/install/unitree_go/include/unitree_go/msg/detail/motor_cmds__functions.h
[0.529s] -- Up-to-date symlink: /home/giovanna/argo_go2_ws/install/unitree_go/include/unitree_go/msg/detail/motor_cmds__struct.h
[0.529s] -- Up-to-date symlink: /home/giovanna/argo_go2_ws/install/unitree_go/include/unitree_go/msg/detail/motor_cmds__type_support.h
[0.529s] -- Up-to-date symlink: /home/giovanna/argo_go2_ws/install/unitree_go/include/unitree_go/msg/detail/motor_state__functions.h
[0.530s] -- Up-to-date symlink: /home/giovanna/argo_go2_ws/install/unitree_go/include/unitree_go/msg/detail/motor_state__struct.h
[0.531s] -- Up-to-date symlink: /home/giovanna/argo_go2_ws/install/unitree_go/include/unitree_go/msg/detail/motor_state__type_support.h
[0.531s] -- Up-to-date symlink: /home/giovanna/argo_go2_ws/install/unitree_go/include/unitree_go/msg/detail/motor_states__functions.h
[0.531s] -- Up-to-date symlink: /home/giovanna/argo_go2_ws/install/unitree_go/include/unitree_go/msg/detail/motor_states__struct.h
[0.531s] -- Up-to-date symlink: /home/giovanna/argo_go2_ws/install/unitree_go/include/unitree_go/msg/detail/motor_states__type_support.h
[0.532s] -- Up-to-date symlink: /home/giovanna/argo_go2_ws/install/unitree_go/include/unitree_go/msg/detail/path_point__functions.h
[0.532s] -- Up-to-date symlink: /home/giovanna/argo_go2_ws/install/unitree_go/include/unitree_go/msg/detail/path_point__struct.h
[0.532s] -- Up-to-date symlink: /home/giovanna/argo_go2_ws/install/unitree_go/include/unitree_go/msg/detail/path_point__type_support.h
[0.532s] -- Up-to-date symlink: /home/giovanna/argo_go2_ws/install/unitree_go/include/unitree_go/msg/detail/req__functions.h
[0.532s] -- Up-to-date symlink: /home/giovanna/argo_go2_ws/install/unitree_go/include/unitree_go/msg/detail/req__struct.h
[0.533s] -- Up-to-date symlink: /home/giovanna/argo_go2_ws/install/unitree_go/include/unitree_go/msg/detail/req__type_support.h
[0.533s] -- Up-to-date symlink: /home/giovanna/argo_go2_ws/install/unitree_go/include/unitree_go/msg/detail/res__functions.h
[0.533s] -- Up-to-date symlink: /home/giovanna/argo_go2_ws/install/unitree_go/include/unitree_go/msg/detail/res__struct.h
[0.534s] -- Up-to-date symlink: /home/giovanna/argo_go2_ws/install/unitree_go/include/unitree_go/msg/detail/res__type_support.h
[0.534s] -- Up-to-date symlink: /home/giovanna/argo_go2_ws/install/unitree_go/include/unitree_go/msg/detail/sport_mode_cmd__functions.h
[0.534s] -- Up-to-date symlink: /home/giovanna/argo_go2_ws/install/unitree_go/include/unitree_go/msg/detail/sport_mode_cmd__struct.h
[0.534s] -- Up-to-date symlink: /home/giovanna/argo_go2_ws/install/unitree_go/include/unitree_go/msg/detail/sport_mode_cmd__type_support.h
[0.534s] -- Up-to-date symlink: /home/giovanna/argo_go2_ws/install/unitree_go/include/unitree_go/msg/detail/sport_mode_state__functions.h
[0.535s] -- Up-to-date symlink: /home/giovanna/argo_go2_ws/install/unitree_go/include/unitree_go/msg/detail/sport_mode_state__struct.h
[0.536s] -- Up-to-date symlink: /home/giovanna/argo_go2_ws/install/unitree_go/include/unitree_go/msg/detail/sport_mode_state__type_support.h
[0.538s] -- Up-to-date symlink: /home/giovanna/argo_go2_ws/install/unitree_go/include/unitree_go/msg/detail/time_spec__functions.h
[0.539s] -- Up-to-date symlink: /home/giovanna/argo_go2_ws/install/unitree_go/include/unitree_go/msg/detail/time_spec__struct.h
[0.539s] -- Up-to-date symlink: /home/giovanna/argo_go2_ws/install/unitree_go/include/unitree_go/msg/detail/time_spec__type_support.h
[0.539s] -- Up-to-date symlink: /home/giovanna/argo_go2_ws/install/unitree_go/include/unitree_go/msg/detail/uwb_state__functions.h
[0.540s] -- Up-to-date symlink: /home/giovanna/argo_go2_ws/install/unitree_go/include/unitree_go/msg/detail/uwb_state__struct.h
[0.540s] -- Up-to-date symlink: /home/giovanna/argo_go2_ws/install/unitree_go/include/unitree_go/msg/detail/uwb_state__type_support.h
[0.540s] -- Up-to-date symlink: /home/giovanna/argo_go2_ws/install/unitree_go/include/unitree_go/msg/detail/uwb_switch__functions.h
[0.540s] -- Up-to-date symlink: /home/giovanna/argo_go2_ws/install/unitree_go/include/unitree_go/msg/detail/uwb_switch__struct.h
[0.540s] -- Up-to-date symlink: /home/giovanna/argo_go2_ws/install/unitree_go/include/unitree_go/msg/detail/uwb_switch__type_support.h
[0.541s] -- Up-to-date symlink: /home/giovanna/argo_go2_ws/install/unitree_go/include/unitree_go/msg/detail/wireless_controller__functions.h
[0.541s] -- Up-to-date symlink: /home/giovanna/argo_go2_ws/install/unitree_go/include/unitree_go/msg/detail/wireless_controller__struct.h
[0.541s] -- Up-to-date symlink: /home/giovanna/argo_go2_ws/install/unitree_go/include/unitree_go/msg/detail/wireless_controller__type_support.h
[0.541s] -- Up-to-date symlink: /home/giovanna/argo_go2_ws/install/unitree_go/include/unitree_go/msg/error.h
[0.542s] -- Up-to-date symlink: /home/giovanna/argo_go2_ws/install/unitree_go/include/unitree_go/msg/height_map.h
[0.542s] -- Up-to-date symlink: /home/giovanna/argo_go2_ws/install/unitree_go/include/unitree_go/msg/imu_state.h
[0.542s] -- Up-to-date symlink: /home/giovanna/argo_go2_ws/install/unitree_go/include/unitree_go/msg/interface_config.h
[0.542s] -- Up-to-date symlink: /home/giovanna/argo_go2_ws/install/unitree_go/include/unitree_go/msg/lidar_state.h
[0.543s] -- Up-to-date symlink: /home/giovanna/argo_go2_ws/install/unitree_go/include/unitree_go/msg/low_cmd.h
[0.543s] -- Up-to-date symlink: /home/giovanna/argo_go2_ws/install/unitree_go/include/unitree_go/msg/low_state.h
[0.544s] -- Up-to-date symlink: /home/giovanna/argo_go2_ws/install/unitree_go/include/unitree_go/msg/motor_cmd.h
[0.544s] -- Up-to-date symlink: /home/giovanna/argo_go2_ws/install/unitree_go/include/unitree_go/msg/motor_cmds.h
[0.544s] -- Up-to-date symlink: /home/giovanna/argo_go2_ws/install/unitree_go/include/unitree_go/msg/motor_state.h
[0.545s] -- Up-to-date symlink: /home/giovanna/argo_go2_ws/install/unitree_go/include/unitree_go/msg/motor_states.h
[0.545s] -- Up-to-date symlink: /home/giovanna/argo_go2_ws/install/unitree_go/include/unitree_go/msg/path_point.h
[0.545s] -- Up-to-date symlink: /home/giovanna/argo_go2_ws/install/unitree_go/include/unitree_go/msg/req.h
[0.545s] -- Up-to-date symlink: /home/giovanna/argo_go2_ws/install/unitree_go/include/unitree_go/msg/res.h
[0.545s] -- Up-to-date symlink: /home/giovanna/argo_go2_ws/install/unitree_go/include/unitree_go/msg/rosidl_generator_c__visibility_control.h
[0.545s] -- Up-to-date symlink: /home/giovanna/argo_go2_ws/install/unitree_go/include/unitree_go/msg/sport_mode_cmd.h
[0.545s] -- Up-to-date symlink: /home/giovanna/argo_go2_ws/install/unitree_go/include/unitree_go/msg/sport_mode_state.h
[0.545s] -- Up-to-date symlink: /home/giovanna/argo_go2_ws/install/unitree_go/include/unitree_go/msg/time_spec.h
[0.546s] -- Up-to-date symlink: /home/giovanna/argo_go2_ws/install/unitree_go/include/unitree_go/msg/uwb_state.h
[0.546s] -- Up-to-date symlink: /home/giovanna/argo_go2_ws/install/unitree_go/include/unitree_go/msg/uwb_switch.h
[0.547s] -- Up-to-date symlink: /home/giovanna/argo_go2_ws/install/unitree_go/include/unitree_go/msg/wireless_controller.h
[0.547s] -- Up-to-date symlink: /home/giovanna/argo_go2_ws/install/unitree_go/share/unitree_go/environment/library_path.sh
[0.547s] -- Up-to-date symlink: /home/giovanna/argo_go2_ws/install/unitree_go/share/unitree_go/environment/library_path.dsv
[0.549s] -- Up-to-date symlink: /home/giovanna/argo_go2_ws/install/unitree_go/include/unitree_go/msg/detail/audio_data__rosidl_typesupport_fastrtps_c.h
[0.549s] -- Up-to-date symlink: /home/giovanna/argo_go2_ws/install/unitree_go/include/unitree_go/msg/detail/bms_cmd__rosidl_typesupport_fastrtps_c.h
[0.549s] -- Up-to-date symlink: /home/giovanna/argo_go2_ws/install/unitree_go/include/unitree_go/msg/detail/bms_state__rosidl_typesupport_fastrtps_c.h
[0.549s] -- Up-to-date symlink: /home/giovanna/argo_go2_ws/install/unitree_go/include/unitree_go/msg/detail/error__rosidl_typesupport_fastrtps_c.h
[0.549s] -- Up-to-date symlink: /home/giovanna/argo_go2_ws/install/unitree_go/include/unitree_go/msg/detail/height_map__rosidl_typesupport_fastrtps_c.h
[0.549s] -- Up-to-date symlink: /home/giovanna/argo_go2_ws/install/unitree_go/include/unitree_go/msg/detail/imu_state__rosidl_typesupport_fastrtps_c.h
[0.550s] -- Up-to-date symlink: /home/giovanna/argo_go2_ws/install/unitree_go/include/unitree_go/msg/detail/interface_config__rosidl_typesupport_fastrtps_c.h
[0.550s] -- Up-to-date symlink: /home/giovanna/argo_go2_ws/install/unitree_go/include/unitree_go/msg/detail/lidar_state__rosidl_typesupport_fastrtps_c.h
[0.551s] -- Up-to-date symlink: /home/giovanna/argo_go2_ws/install/unitree_go/include/unitree_go/msg/detail/low_cmd__rosidl_typesupport_fastrtps_c.h
[0.551s] -- Up-to-date symlink: /home/giovanna/argo_go2_ws/install/unitree_go/include/unitree_go/msg/detail/low_state__rosidl_typesupport_fastrtps_c.h
[0.551s] -- Up-to-date symlink: /home/giovanna/argo_go2_ws/install/unitree_go/include/unitree_go/msg/detail/motor_cmd__rosidl_typesupport_fastrtps_c.h
[0.551s] -- Up-to-date symlink: /home/giovanna/argo_go2_ws/install/unitree_go/include/unitree_go/msg/detail/motor_cmds__rosidl_typesupport_fastrtps_c.h
[0.551s] -- Up-to-date symlink: /home/giovanna/argo_go2_ws/install/unitree_go/include/unitree_go/msg/detail/motor_state__rosidl_typesupport_fastrtps_c.h
[0.552s] -- Up-to-date symlink: /home/giovanna/argo_go2_ws/install/unitree_go/include/unitree_go/msg/detail/motor_states__rosidl_typesupport_fastrtps_c.h
[0.552s] -- Up-to-date symlink: /home/giovanna/argo_go2_ws/install/unitree_go/include/unitree_go/msg/detail/path_point__rosidl_typesupport_fastrtps_c.h
[0.553s] -- Up-to-date symlink: /home/giovanna/argo_go2_ws/install/unitree_go/include/unitree_go/msg/detail/req__rosidl_typesupport_fastrtps_c.h
[0.553s] -- Up-to-date symlink: /home/giovanna/argo_go2_ws/install/unitree_go/include/unitree_go/msg/detail/res__rosidl_typesupport_fastrtps_c.h
[0.553s] -- Up-to-date symlink: /home/giovanna/argo_go2_ws/install/unitree_go/include/unitree_go/msg/detail/sport_mode_cmd__rosidl_typesupport_fastrtps_c.h
[0.553s] -- Up-to-date symlink: /home/giovanna/argo_go2_ws/install/unitree_go/include/unitree_go/msg/detail/sport_mode_state__rosidl_typesupport_fastrtps_c.h
[0.553s] -- Up-to-date symlink: /home/giovanna/argo_go2_ws/install/unitree_go/include/unitree_go/msg/detail/time_spec__rosidl_typesupport_fastrtps_c.h
[0.553s] -- Up-to-date symlink: /home/giovanna/argo_go2_ws/install/unitree_go/include/unitree_go/msg/detail/uwb_state__rosidl_typesupport_fastrtps_c.h
[0.554s] -- Up-to-date symlink: /home/giovanna/argo_go2_ws/install/unitree_go/include/unitree_go/msg/detail/uwb_switch__rosidl_typesupport_fastrtps_c.h
[0.554s] -- Up-to-date symlink: /home/giovanna/argo_go2_ws/install/unitree_go/include/unitree_go/msg/detail/wireless_controller__rosidl_typesupport_fastrtps_c.h
[0.554s] -- Up-to-date symlink: /home/giovanna/argo_go2_ws/install/unitree_go/include/unitree_go/msg/rosidl_typesupport_fastrtps_c__visibility_control.h
[0.555s] -- Up-to-date symlink: /home/giovanna/argo_go2_ws/install/unitree_go/lib/libunitree_go__rosidl_typesupport_fastrtps_c.so
[0.556s] -- Up-to-date symlink: /home/giovanna/argo_go2_ws/install/unitree_go/include/unitree_go/msg/detail/audio_data__rosidl_typesupport_fastrtps_cpp.hpp
[0.556s] -- Up-to-date symlink: /home/giovanna/argo_go2_ws/install/unitree_go/include/unitree_go/msg/detail/bms_cmd__rosidl_typesupport_fastrtps_cpp.hpp
[0.557s] -- Up-to-date symlink: /home/giovanna/argo_go2_ws/install/unitree_go/include/unitree_go/msg/detail/bms_state__rosidl_typesupport_fastrtps_cpp.hpp
[0.557s] -- Up-to-date symlink: /home/giovanna/argo_go2_ws/install/unitree_go/include/unitree_go/msg/detail/error__rosidl_typesupport_fastrtps_cpp.hpp
[0.557s] -- Up-to-date symlink: /home/giovanna/argo_go2_ws/install/unitree_go/include/unitree_go/msg/detail/height_map__rosidl_typesupport_fastrtps_cpp.hpp
[0.557s] -- Up-to-date symlink: /home/giovanna/argo_go2_ws/install/unitree_go/include/unitree_go/msg/detail/imu_state__rosidl_typesupport_fastrtps_cpp.hpp
[0.557s] -- Up-to-date symlink: /home/giovanna/argo_go2_ws/install/unitree_go/include/unitree_go/msg/detail/interface_config__rosidl_typesupport_fastrtps_cpp.hpp
[0.558s] -- Up-to-date symlink: /home/giovanna/argo_go2_ws/install/unitree_go/include/unitree_go/msg/detail/lidar_state__rosidl_typesupport_fastrtps_cpp.hpp
[0.559s] -- Up-to-date symlink: /home/giovanna/argo_go2_ws/install/unitree_go/include/unitree_go/msg/detail/low_cmd__rosidl_typesupport_fastrtps_cpp.hpp
[0.559s] -- Up-to-date symlink: /home/giovanna/argo_go2_ws/install/unitree_go/include/unitree_go/msg/detail/low_state__rosidl_typesupport_fastrtps_cpp.hpp
[0.559s] -- Up-to-date symlink: /home/giovanna/argo_go2_ws/install/unitree_go/include/unitree_go/msg/detail/motor_cmd__rosidl_typesupport_fastrtps_cpp.hpp
[0.560s] -- Up-to-date symlink: /home/giovanna/argo_go2_ws/install/unitree_go/include/unitree_go/msg/detail/motor_cmds__rosidl_typesupport_fastrtps_cpp.hpp
[0.562s] -- Up-to-date symlink: /home/giovanna/argo_go2_ws/install/unitree_go/include/unitree_go/msg/detail/motor_state__rosidl_typesupport_fastrtps_cpp.hpp
[0.562s] -- Up-to-date symlink: /home/giovanna/argo_go2_ws/install/unitree_go/include/unitree_go/msg/detail/motor_states__rosidl_typesupport_fastrtps_cpp.hpp
[0.562s] -- Up-to-date symlink: /home/giovanna/argo_go2_ws/install/unitree_go/include/unitree_go/msg/detail/path_point__rosidl_typesupport_fastrtps_cpp.hpp
[0.562s] -- Up-to-date symlink: /home/giovanna/argo_go2_ws/install/unitree_go/include/unitree_go/msg/detail/req__rosidl_typesupport_fastrtps_cpp.hpp
[0.563s] -- Up-to-date symlink: /home/giovanna/argo_go2_ws/install/unitree_go/include/unitree_go/msg/detail/res__rosidl_typesupport_fastrtps_cpp.hpp
[0.563s] -- Up-to-date symlink: /home/giovanna/argo_go2_ws/install/unitree_go/include/unitree_go/msg/detail/sport_mode_cmd__rosidl_typesupport_fastrtps_cpp.hpp
[0.563s] -- Up-to-date symlink: /home/giovanna/argo_go2_ws/install/unitree_go/include/unitree_go/msg/detail/sport_mode_state__rosidl_typesupport_fastrtps_cpp.hpp
[0.564s] -- Up-to-date symlink: /home/giovanna/argo_go2_ws/install/unitree_go/include/unitree_go/msg/detail/time_spec__rosidl_typesupport_fastrtps_cpp.hpp
[0.564s] -- Up-to-date symlink: /home/giovanna/argo_go2_ws/install/unitree_go/include/unitree_go/msg/detail/uwb_state__rosidl_typesupport_fastrtps_cpp.hpp
[0.564s] -- Up-to-date symlink: /home/giovanna/argo_go2_ws/install/unitree_go/include/unitree_go/msg/detail/uwb_switch__rosidl_typesupport_fastrtps_cpp.hpp
[0.564s] -- Up-to-date symlink: /home/giovanna/argo_go2_ws/install/unitree_go/include/unitree_go/msg/detail/wireless_controller__rosidl_typesupport_fastrtps_cpp.hpp
[0.564s] -- Up-to-date symlink: /home/giovanna/argo_go2_ws/install/unitree_go/include/unitree_go/msg/rosidl_typesupport_fastrtps_cpp__visibility_control.h
[0.566s] -- Up-to-date symlink: /home/giovanna/argo_go2_ws/install/unitree_go/lib/libunitree_go__rosidl_typesupport_fastrtps_cpp.so
[0.569s] -- Up-to-date symlink: /home/giovanna/argo_go2_ws/install/unitree_go/include/unitree_go/msg/detail/audio_data__rosidl_typesupport_introspection_c.h
[0.569s] -- Up-to-date symlink: /home/giovanna/argo_go2_ws/install/unitree_go/include/unitree_go/msg/detail/bms_cmd__rosidl_typesupport_introspection_c.h
[0.569s] -- Up-to-date symlink: /home/giovanna/argo_go2_ws/install/unitree_go/include/unitree_go/msg/detail/bms_state__rosidl_typesupport_introspection_c.h
[0.569s] -- Up-to-date symlink: /home/giovanna/argo_go2_ws/install/unitree_go/include/unitree_go/msg/detail/error__rosidl_typesupport_introspection_c.h
[0.569s] -- Up-to-date symlink: /home/giovanna/argo_go2_ws/install/unitree_go/include/unitree_go/msg/detail/height_map__rosidl_typesupport_introspection_c.h
[0.569s] -- Up-to-date symlink: /home/giovanna/argo_go2_ws/install/unitree_go/include/unitree_go/msg/detail/imu_state__rosidl_typesupport_introspection_c.h
[0.569s] -- Up-to-date symlink: /home/giovanna/argo_go2_ws/install/unitree_go/include/unitree_go/msg/detail/interface_config__rosidl_typesupport_introspection_c.h
[0.570s] -- Up-to-date symlink: /home/giovanna/argo_go2_ws/install/unitree_go/include/unitree_go/msg/detail/lidar_state__rosidl_typesupport_introspection_c.h
[0.570s] -- Up-to-date symlink: /home/giovanna/argo_go2_ws/install/unitree_go/include/unitree_go/msg/detail/low_cmd__rosidl_typesupport_introspection_c.h
[0.571s] -- Up-to-date symlink: /home/giovanna/argo_go2_ws/install/unitree_go/include/unitree_go/msg/detail/low_state__rosidl_typesupport_introspection_c.h
[0.571s] -- Up-to-date symlink: /home/giovanna/argo_go2_ws/install/unitree_go/include/unitree_go/msg/detail/motor_cmd__rosidl_typesupport_introspection_c.h
[0.571s] -- Up-to-date symlink: /home/giovanna/argo_go2_ws/install/unitree_go/include/unitree_go/msg/detail/motor_cmds__rosidl_typesupport_introspection_c.h
[0.572s] -- Up-to-date symlink: /home/giovanna/argo_go2_ws/install/unitree_go/include/unitree_go/msg/detail/motor_state__rosidl_typesupport_introspection_c.h
[0.572s] -- Up-to-date symlink: /home/giovanna/argo_go2_ws/install/unitree_go/include/unitree_go/msg/detail/motor_states__rosidl_typesupport_introspection_c.h
[0.572s] -- Up-to-date symlink: /home/giovanna/argo_go2_ws/install/unitree_go/include/unitree_go/msg/detail/path_point__rosidl_typesupport_introspection_c.h
[0.572s] -- Up-to-date symlink: /home/giovanna/argo_go2_ws/install/unitree_go/include/unitree_go/msg/detail/req__rosidl_typesupport_introspection_c.h
[0.573s] -- Up-to-date symlink: /home/giovanna/argo_go2_ws/install/unitree_go/include/unitree_go/msg/detail/res__rosidl_typesupport_introspection_c.h
[0.573s] -- Up-to-date symlink: /home/giovanna/argo_go2_ws/install/unitree_go/include/unitree_go/msg/detail/sport_mode_cmd__rosidl_typesupport_introspection_c.h
[0.573s] -- Up-to-date symlink: /home/giovanna/argo_go2_ws/install/unitree_go/include/unitree_go/msg/detail/sport_mode_state__rosidl_typesupport_introspection_c.h
[0.573s] -- Up-to-date symlink: /home/giovanna/argo_go2_ws/install/unitree_go/include/unitree_go/msg/detail/time_spec__rosidl_typesupport_introspection_c.h
[0.574s] -- Up-to-date symlink: /home/giovanna/argo_go2_ws/install/unitree_go/include/unitree_go/msg/detail/uwb_state__rosidl_typesupport_introspection_c.h
[0.574s] -- Up-to-date symlink: /home/giovanna/argo_go2_ws/install/unitree_go/include/unitree_go/msg/detail/uwb_switch__rosidl_typesupport_introspection_c.h
[0.574s] -- Up-to-date symlink: /home/giovanna/argo_go2_ws/install/unitree_go/include/unitree_go/msg/detail/wireless_controller__rosidl_typesupport_introspection_c.h
[0.574s] -- Up-to-date symlink: /home/giovanna/argo_go2_ws/install/unitree_go/include/unitree_go/msg/rosidl_typesupport_introspection_c__visibility_control.h
[0.579s] -- Up-to-date symlink: /home/giovanna/argo_go2_ws/install/unitree_go/include/unitree_go/msg/audio_data.hpp
[0.580s] -- Up-to-date symlink: /home/giovanna/argo_go2_ws/install/unitree_go/include/unitree_go/msg/bms_cmd.hpp
[0.580s] -- Up-to-date symlink: /home/giovanna/argo_go2_ws/install/unitree_go/include/unitree_go/msg/bms_state.hpp
[0.580s] -- Up-to-date symlink: /home/giovanna/argo_go2_ws/install/unitree_go/include/unitree_go/msg/detail/audio_data__builder.hpp
[0.580s] -- Up-to-date symlink: /home/giovanna/argo_go2_ws/install/unitree_go/include/unitree_go/msg/detail/audio_data__struct.hpp
[0.580s] -- Up-to-date symlink: /home/giovanna/argo_go2_ws/install/unitree_go/include/unitree_go/msg/detail/audio_data__traits.hpp
[0.580s] -- Up-to-date symlink: /home/giovanna/argo_go2_ws/install/unitree_go/include/unitree_go/msg/detail/audio_data__type_support.hpp
[0.581s] -- Up-to-date symlink: /home/giovanna/argo_go2_ws/install/unitree_go/include/unitree_go/msg/detail/bms_cmd__builder.hpp
[0.581s] -- Up-to-date symlink: /home/giovanna/argo_go2_ws/install/unitree_go/include/unitree_go/msg/detail/bms_cmd__struct.hpp
[0.582s] -- Up-to-date symlink: /home/giovanna/argo_go2_ws/install/unitree_go/include/unitree_go/msg/detail/bms_cmd__traits.hpp
[0.582s] -- Up-to-date symlink: /home/giovanna/argo_go2_ws/install/unitree_go/include/unitree_go/msg/detail/bms_cmd__type_support.hpp
[0.582s] -- Up-to-date symlink: /home/giovanna/argo_go2_ws/install/unitree_go/include/unitree_go/msg/detail/bms_state__builder.hpp
[0.583s] -- Up-to-date symlink: /home/giovanna/argo_go2_ws/install/unitree_go/include/unitree_go/msg/detail/bms_state__struct.hpp
[0.583s] -- Up-to-date symlink: /home/giovanna/argo_go2_ws/install/unitree_go/include/unitree_go/msg/detail/bms_state__traits.hpp
[0.583s] -- Up-to-date symlink: /home/giovanna/argo_go2_ws/install/unitree_go/include/unitree_go/msg/detail/bms_state__type_support.hpp
[0.584s] -- Up-to-date symlink: /home/giovanna/argo_go2_ws/install/unitree_go/include/unitree_go/msg/detail/error__builder.hpp
[0.584s] -- Up-to-date symlink: /home/giovanna/argo_go2_ws/install/unitree_go/include/unitree_go/msg/detail/error__struct.hpp
[0.584s] -- Up-to-date symlink: /home/giovanna/argo_go2_ws/install/unitree_go/include/unitree_go/msg/detail/error__traits.hpp
[0.584s] -- Up-to-date symlink: /home/giovanna/argo_go2_ws/install/unitree_go/include/unitree_go/msg/detail/error__type_support.hpp
[0.584s] -- Up-to-date symlink: /home/giovanna/argo_go2_ws/install/unitree_go/include/unitree_go/msg/detail/height_map__builder.hpp
[0.584s] -- Up-to-date symlink: /home/giovanna/argo_go2_ws/install/unitree_go/include/unitree_go/msg/detail/height_map__struct.hpp
[0.585s] -- Up-to-date symlink: /home/giovanna/argo_go2_ws/install/unitree_go/include/unitree_go/msg/detail/height_map__traits.hpp
[0.585s] -- Up-to-date symlink: /home/giovanna/argo_go2_ws/install/unitree_go/include/unitree_go/msg/detail/height_map__type_support.hpp
[0.585s] -- Up-to-date symlink: /home/giovanna/argo_go2_ws/install/unitree_go/include/unitree_go/msg/detail/imu_state__builder.hpp
[0.585s] -- Up-to-date symlink: /home/giovanna/argo_go2_ws/install/unitree_go/include/unitree_go/msg/detail/imu_state__struct.hpp
[0.585s] -- Up-to-date symlink: /home/giovanna/argo_go2_ws/install/unitree_go/include/unitree_go/msg/detail/imu_state__traits.hpp
[0.586s] -- Up-to-date symlink: /home/giovanna/argo_go2_ws/install/unitree_go/include/unitree_go/msg/detail/imu_state__type_support.hpp
[0.586s] -- Up-to-date symlink: /home/giovanna/argo_go2_ws/install/unitree_go/include/unitree_go/msg/detail/interface_config__builder.hpp
[0.586s] -- Up-to-date symlink: /home/giovanna/argo_go2_ws/install/unitree_go/include/unitree_go/msg/detail/interface_config__struct.hpp
[0.586s] -- Up-to-date symlink: /home/giovanna/argo_go2_ws/install/unitree_go/include/unitree_go/msg/detail/interface_config__traits.hpp
[0.586s] -- Up-to-date symlink: /home/giovanna/argo_go2_ws/install/unitree_go/include/unitree_go/msg/detail/interface_config__type_support.hpp
[0.586s] -- Up-to-date symlink: /home/giovanna/argo_go2_ws/install/unitree_go/include/unitree_go/msg/detail/lidar_state__builder.hpp
[0.587s] -- Up-to-date symlink: /home/giovanna/argo_go2_ws/install/unitree_go/include/unitree_go/msg/detail/lidar_state__struct.hpp
[0.587s] -- Up-to-date symlink: /home/giovanna/argo_go2_ws/install/unitree_go/include/unitree_go/msg/detail/lidar_state__traits.hpp
[0.587s] -- Up-to-date symlink: /home/giovanna/argo_go2_ws/install/unitree_go/include/unitree_go/msg/detail/lidar_state__type_support.hpp
[0.587s] -- Up-to-date symlink: /home/giovanna/argo_go2_ws/install/unitree_go/include/unitree_go/msg/detail/low_cmd__builder.hpp
[0.587s] -- Up-to-date symlink: /home/giovanna/argo_go2_ws/install/unitree_go/include/unitree_go/msg/detail/low_cmd__struct.hpp
[0.587s] -- Up-to-date symlink: /home/giovanna/argo_go2_ws/install/unitree_go/include/unitree_go/msg/detail/low_cmd__traits.hpp
[0.587s] -- Up-to-date symlink: /home/giovanna/argo_go2_ws/install/unitree_go/include/unitree_go/msg/detail/low_cmd__type_support.hpp
[0.587s] -- Up-to-date symlink: /home/giovanna/argo_go2_ws/install/unitree_go/include/unitree_go/msg/detail/low_state__builder.hpp
[0.587s] -- Up-to-date symlink: /home/giovanna/argo_go2_ws/install/unitree_go/include/unitree_go/msg/detail/low_state__struct.hpp
[0.587s] -- Up-to-date symlink: /home/giovanna/argo_go2_ws/install/unitree_go/include/unitree_go/msg/detail/low_state__traits.hpp
[0.587s] -- Up-to-date symlink: /home/giovanna/argo_go2_ws/install/unitree_go/include/unitree_go/msg/detail/low_state__type_support.hpp
[0.587s] -- Up-to-date symlink: /home/giovanna/argo_go2_ws/install/unitree_go/include/unitree_go/msg/detail/motor_cmd__builder.hpp
[0.588s] -- Up-to-date symlink: /home/giovanna/argo_go2_ws/install/unitree_go/include/unitree_go/msg/detail/motor_cmd__struct.hpp
[0.588s] -- Up-to-date symlink: /home/giovanna/argo_go2_ws/install/unitree_go/include/unitree_go/msg/detail/motor_cmd__traits.hpp
[0.588s] -- Up-to-date symlink: /home/giovanna/argo_go2_ws/install/unitree_go/include/unitree_go/msg/detail/motor_cmd__type_support.hpp
[0.588s] -- Up-to-date symlink: /home/giovanna/argo_go2_ws/install/unitree_go/include/unitree_go/msg/detail/motor_cmds__builder.hpp
[0.588s] -- Up-to-date symlink: /home/giovanna/argo_go2_ws/install/unitree_go/include/unitree_go/msg/detail/motor_cmds__struct.hpp
[0.588s] -- Up-to-date symlink: /home/giovanna/argo_go2_ws/install/unitree_go/include/unitree_go/msg/detail/motor_cmds__traits.hpp
[0.588s] -- Up-to-date symlink: /home/giovanna/argo_go2_ws/install/unitree_go/include/unitree_go/msg/detail/motor_cmds__type_support.hpp
[0.588s] -- Up-to-date symlink: /home/giovanna/argo_go2_ws/install/unitree_go/include/unitree_go/msg/detail/motor_state__builder.hpp
[0.588s] -- Up-to-date symlink: /home/giovanna/argo_go2_ws/install/unitree_go/include/unitree_go/msg/detail/motor_state__struct.hpp
[0.588s] -- Up-to-date symlink: /home/giovanna/argo_go2_ws/install/unitree_go/include/unitree_go/msg/detail/motor_state__traits.hpp
[0.588s] -- Up-to-date symlink: /home/giovanna/argo_go2_ws/install/unitree_go/include/unitree_go/msg/detail/motor_state__type_support.hpp
[0.589s] -- Up-to-date symlink: /home/giovanna/argo_go2_ws/install/unitree_go/include/unitree_go/msg/detail/motor_states__builder.hpp
[0.589s] -- Up-to-date symlink: /home/giovanna/argo_go2_ws/install/unitree_go/include/unitree_go/msg/detail/motor_states__struct.hpp
[0.589s] -- Up-to-date symlink: /home/giovanna/argo_go2_ws/install/unitree_go/include/unitree_go/msg/detail/motor_states__traits.hpp
[0.589s] -- Up-to-date symlink: /home/giovanna/argo_go2_ws/install/unitree_go/include/unitree_go/msg/detail/motor_states__type_support.hpp
[0.589s] -- Up-to-date symlink: /home/giovanna/argo_go2_ws/install/unitree_go/include/unitree_go/msg/detail/path_point__builder.hpp
[0.589s] -- Up-to-date symlink: /home/giovanna/argo_go2_ws/install/unitree_go/include/unitree_go/msg/detail/path_point__struct.hpp
[0.589s] -- Up-to-date symlink: /home/giovanna/argo_go2_ws/install/unitree_go/include/unitree_go/msg/detail/path_point__traits.hpp
[0.590s] -- Up-to-date symlink: /home/giovanna/argo_go2_ws/install/unitree_go/include/unitree_go/msg/detail/path_point__type_support.hpp
[0.590s] -- Up-to-date symlink: /home/giovanna/argo_go2_ws/install/unitree_go/include/unitree_go/msg/detail/req__builder.hpp
[0.590s] -- Up-to-date symlink: /home/giovanna/argo_go2_ws/install/unitree_go/include/unitree_go/msg/detail/req__struct.hpp
[0.590s] -- Up-to-date symlink: /home/giovanna/argo_go2_ws/install/unitree_go/include/unitree_go/msg/detail/req__traits.hpp
[0.590s] -- Up-to-date symlink: /home/giovanna/argo_go2_ws/install/unitree_go/include/unitree_go/msg/detail/req__type_support.hpp
[0.590s] -- Up-to-date symlink: /home/giovanna/argo_go2_ws/install/unitree_go/include/unitree_go/msg/detail/res__builder.hpp
[0.590s] -- Up-to-date symlink: /home/giovanna/argo_go2_ws/install/unitree_go/include/unitree_go/msg/detail/res__struct.hpp
[0.591s] -- Up-to-date symlink: /home/giovanna/argo_go2_ws/install/unitree_go/include/unitree_go/msg/detail/res__traits.hpp
[0.591s] -- Up-to-date symlink: /home/giovanna/argo_go2_ws/install/unitree_go/include/unitree_go/msg/detail/res__type_support.hpp
[0.591s] -- Up-to-date symlink: /home/giovanna/argo_go2_ws/install/unitree_go/include/unitree_go/msg/detail/sport_mode_cmd__builder.hpp
[0.591s] -- Up-to-date symlink: /home/giovanna/argo_go2_ws/install/unitree_go/include/unitree_go/msg/detail/sport_mode_cmd__struct.hpp
[0.591s] -- Up-to-date symlink: /home/giovanna/argo_go2_ws/install/unitree_go/include/unitree_go/msg/detail/sport_mode_cmd__traits.hpp
[0.591s] -- Up-to-date symlink: /home/giovanna/argo_go2_ws/install/unitree_go/include/unitree_go/msg/detail/sport_mode_cmd__type_support.hpp
[0.592s] -- Up-to-date symlink: /home/giovanna/argo_go2_ws/install/unitree_go/include/unitree_go/msg/detail/sport_mode_state__builder.hpp
[0.592s] -- Up-to-date symlink: /home/giovanna/argo_go2_ws/install/unitree_go/include/unitree_go/msg/detail/sport_mode_state__struct.hpp
[0.592s] -- Up-to-date symlink: /home/giovanna/argo_go2_ws/install/unitree_go/include/unitree_go/msg/detail/sport_mode_state__traits.hpp
[0.592s] -- Up-to-date symlink: /home/giovanna/argo_go2_ws/install/unitree_go/include/unitree_go/msg/detail/sport_mode_state__type_support.hpp
[0.592s] -- Up-to-date symlink: /home/giovanna/argo_go2_ws/install/unitree_go/include/unitree_go/msg/detail/time_spec__builder.hpp
[0.592s] -- Up-to-date symlink: /home/giovanna/argo_go2_ws/install/unitree_go/include/unitree_go/msg/detail/time_spec__struct.hpp
[0.592s] -- Up-to-date symlink: /home/giovanna/argo_go2_ws/install/unitree_go/include/unitree_go/msg/detail/time_spec__traits.hpp
[0.593s] -- Up-to-date symlink: /home/giovanna/argo_go2_ws/install/unitree_go/include/unitree_go/msg/detail/time_spec__type_support.hpp
[0.593s] -- Up-to-date symlink: /home/giovanna/argo_go2_ws/install/unitree_go/include/unitree_go/msg/detail/uwb_state__builder.hpp
[0.594s] -- Up-to-date symlink: /home/giovanna/argo_go2_ws/install/unitree_go/include/unitree_go/msg/detail/uwb_state__struct.hpp
[0.594s] -- Up-to-date symlink: /home/giovanna/argo_go2_ws/install/unitree_go/include/unitree_go/msg/detail/uwb_state__traits.hpp
[0.595s] -- Up-to-date symlink: /home/giovanna/argo_go2_ws/install/unitree_go/include/unitree_go/msg/detail/uwb_state__type_support.hpp
[0.595s] -- Up-to-date symlink: /home/giovanna/argo_go2_ws/install/unitree_go/include/unitree_go/msg/detail/uwb_switch__builder.hpp
[0.595s] -- Up-to-date symlink: /home/giovanna/argo_go2_ws/install/unitree_go/include/unitree_go/msg/detail/uwb_switch__struct.hpp
[0.595s] -- Up-to-date symlink: /home/giovanna/argo_go2_ws/install/unitree_go/include/unitree_go/msg/detail/uwb_switch__traits.hpp
[0.596s] -- Up-to-date symlink: /home/giovanna/argo_go2_ws/install/unitree_go/include/unitree_go/msg/detail/uwb_switch__type_support.hpp
[0.596s] -- Up-to-date symlink: /home/giovanna/argo_go2_ws/install/unitree_go/include/unitree_go/msg/detail/wireless_controller__builder.hpp
[0.596s] -- Up-to-date symlink: /home/giovanna/argo_go2_ws/install/unitree_go/include/unitree_go/msg/detail/wireless_controller__struct.hpp
[0.596s] -- Up-to-date symlink: /home/giovanna/argo_go2_ws/install/unitree_go/include/unitree_go/msg/detail/wireless_controller__traits.hpp
[0.597s] -- Up-to-date symlink: /home/giovanna/argo_go2_ws/install/unitree_go/include/unitree_go/msg/detail/wireless_controller__type_support.hpp
[0.597s] -- Up-to-date symlink: /home/giovanna/argo_go2_ws/install/unitree_go/include/unitree_go/msg/error.hpp
[0.597s] -- Up-to-date symlink: /home/giovanna/argo_go2_ws/install/unitree_go/include/unitree_go/msg/height_map.hpp
[0.597s] -- Up-to-date symlink: /home/giovanna/argo_go2_ws/install/unitree_go/include/unitree_go/msg/imu_state.hpp
[0.597s] -- Up-to-date symlink: /home/giovanna/argo_go2_ws/install/unitree_go/include/unitree_go/msg/interface_config.hpp
[0.597s] -- Up-to-date symlink: /home/giovanna/argo_go2_ws/install/unitree_go/include/unitree_go/msg/lidar_state.hpp
[0.597s] -- Up-to-date symlink: /home/giovanna/argo_go2_ws/install/unitree_go/include/unitree_go/msg/low_cmd.hpp
[0.597s] -- Up-to-date symlink: /home/giovanna/argo_go2_ws/install/unitree_go/include/unitree_go/msg/low_state.hpp
[0.597s] -- Up-to-date symlink: /home/giovanna/argo_go2_ws/install/unitree_go/include/unitree_go/msg/motor_cmd.hpp
[0.598s] -- Up-to-date symlink: /home/giovanna/argo_go2_ws/install/unitree_go/include/unitree_go/msg/motor_cmds.hpp
[0.598s] -- Up-to-date symlink: /home/giovanna/argo_go2_ws/install/unitree_go/include/unitree_go/msg/motor_state.hpp
[0.598s] -- Up-to-date symlink: /home/giovanna/argo_go2_ws/install/unitree_go/include/unitree_go/msg/motor_states.hpp
[0.598s] -- Up-to-date symlink: /home/giovanna/argo_go2_ws/install/unitree_go/include/unitree_go/msg/path_point.hpp
[0.598s] -- Up-to-date symlink: /home/giovanna/argo_go2_ws/install/unitree_go/include/unitree_go/msg/req.hpp
[0.599s] -- Up-to-date symlink: /home/giovanna/argo_go2_ws/install/unitree_go/include/unitree_go/msg/res.hpp
[0.599s] -- Up-to-date symlink: /home/giovanna/argo_go2_ws/install/unitree_go/include/unitree_go/msg/rosidl_generator_cpp__visibility_control.hpp
[0.599s] -- Up-to-date symlink: /home/giovanna/argo_go2_ws/install/unitree_go/include/unitree_go/msg/sport_mode_cmd.hpp
[0.599s] -- Up-to-date symlink: /home/giovanna/argo_go2_ws/install/unitree_go/include/unitree_go/msg/sport_mode_state.hpp
[0.599s] -- Up-to-date symlink: /home/giovanna/argo_go2_ws/install/unitree_go/include/unitree_go/msg/time_spec.hpp
[0.599s] -- Up-to-date symlink: /home/giovanna/argo_go2_ws/install/unitree_go/include/unitree_go/msg/uwb_state.hpp
[0.599s] -- Up-to-date symlink: /home/giovanna/argo_go2_ws/install/unitree_go/include/unitree_go/msg/uwb_switch.hpp
[0.599s] -- Up-to-date symlink: /home/giovanna/argo_go2_ws/install/unitree_go/include/unitree_go/msg/wireless_controller.hpp
[0.600s] -- Up-to-date symlink: /home/giovanna/argo_go2_ws/install/unitree_go/include/unitree_go/msg/detail/audio_data__rosidl_typesupport_introspection_cpp.hpp
[0.600s] -- Up-to-date symlink: /home/giovanna/argo_go2_ws/install/unitree_go/include/unitree_go/msg/detail/bms_cmd__rosidl_typesupport_introspection_cpp.hpp
[0.600s] -- Up-to-date symlink: /home/giovanna/argo_go2_ws/install/unitree_go/include/unitree_go/msg/detail/bms_state__rosidl_typesupport_introspection_cpp.hpp
[0.600s] -- Up-to-date symlink: /home/giovanna/argo_go2_ws/install/unitree_go/include/unitree_go/msg/detail/error__rosidl_typesupport_introspection_cpp.hpp
[0.600s] -- Up-to-date symlink: /home/giovanna/argo_go2_ws/install/unitree_go/include/unitree_go/msg/detail/height_map__rosidl_typesupport_introspection_cpp.hpp
[0.601s] -- Up-to-date symlink: /home/giovanna/argo_go2_ws/install/unitree_go/include/unitree_go/msg/detail/imu_state__rosidl_typesupport_introspection_cpp.hpp
[0.601s] -- Up-to-date symlink: /home/giovanna/argo_go2_ws/install/unitree_go/include/unitree_go/msg/detail/interface_config__rosidl_typesupport_introspection_cpp.hpp
[0.601s] -- Up-to-date symlink: /home/giovanna/argo_go2_ws/install/unitree_go/include/unitree_go/msg/detail/lidar_state__rosidl_typesupport_introspection_cpp.hpp
[0.601s] -- Up-to-date symlink: /home/giovanna/argo_go2_ws/install/unitree_go/include/unitree_go/msg/detail/low_cmd__rosidl_typesupport_introspection_cpp.hpp
[0.601s] -- Up-to-date symlink: /home/giovanna/argo_go2_ws/install/unitree_go/include/unitree_go/msg/detail/low_state__rosidl_typesupport_introspection_cpp.hpp
[0.601s] -- Up-to-date symlink: /home/giovanna/argo_go2_ws/install/unitree_go/include/unitree_go/msg/detail/motor_cmd__rosidl_typesupport_introspection_cpp.hpp
[0.601s] -- Up-to-date symlink: /home/giovanna/argo_go2_ws/install/unitree_go/include/unitree_go/msg/detail/motor_cmds__rosidl_typesupport_introspection_cpp.hpp
[0.602s] -- Up-to-date symlink: /home/giovanna/argo_go2_ws/install/unitree_go/include/unitree_go/msg/detail/motor_state__rosidl_typesupport_introspection_cpp.hpp
[0.602s] -- Up-to-date symlink: /home/giovanna/argo_go2_ws/install/unitree_go/include/unitree_go/msg/detail/motor_states__rosidl_typesupport_introspection_cpp.hpp
[0.602s] -- Up-to-date symlink: /home/giovanna/argo_go2_ws/install/unitree_go/include/unitree_go/msg/detail/path_point__rosidl_typesupport_introspection_cpp.hpp
[0.602s] -- Up-to-date symlink: /home/giovanna/argo_go2_ws/install/unitree_go/include/unitree_go/msg/detail/req__rosidl_typesupport_introspection_cpp.hpp
[0.602s] -- Up-to-date symlink: /home/giovanna/argo_go2_ws/install/unitree_go/include/unitree_go/msg/detail/res__rosidl_typesupport_introspection_cpp.hpp
[0.602s] -- Up-to-date symlink: /home/giovanna/argo_go2_ws/install/unitree_go/include/unitree_go/msg/detail/sport_mode_cmd__rosidl_typesupport_introspection_cpp.hpp
[0.602s] -- Up-to-date symlink: /home/giovanna/argo_go2_ws/install/unitree_go/include/unitree_go/msg/detail/sport_mode_state__rosidl_typesupport_introspection_cpp.hpp
[0.603s] -- Up-to-date symlink: /home/giovanna/argo_go2_ws/install/unitree_go/include/unitree_go/msg/detail/time_spec__rosidl_typesupport_introspection_cpp.hpp
[0.603s] -- Up-to-date symlink: /home/giovanna/argo_go2_ws/install/unitree_go/include/unitree_go/msg/detail/uwb_state__rosidl_typesupport_introspection_cpp.hpp
[0.603s] -- Up-to-date symlink: /home/giovanna/argo_go2_ws/install/unitree_go/include/unitree_go/msg/detail/uwb_switch__rosidl_typesupport_introspection_cpp.hpp
[0.603s] -- Up-to-date symlink: /home/giovanna/argo_go2_ws/install/unitree_go/include/unitree_go/msg/detail/wireless_controller__rosidl_typesupport_introspection_cpp.hpp
[0.603s] -- Up-to-date symlink: /home/giovanna/argo_go2_ws/install/unitree_go/share/unitree_go/environment/pythonpath.sh
[0.604s] -- Up-to-date symlink: /home/giovanna/argo_go2_ws/install/unitree_go/share/unitree_go/environment/pythonpath.dsv
[0.604s] -- Up-to-date symlink: /home/giovanna/argo_go2_ws/install/unitree_go/lib/python3.8/site-packages/unitree_go/__init__.py
[0.604s] -- Up-to-date symlink: /home/giovanna/argo_go2_ws/install/unitree_go/lib/python3.8/site-packages/unitree_go/msg/__init__.py
[0.605s] -- Up-to-date symlink: /home/giovanna/argo_go2_ws/install/unitree_go/lib/python3.8/site-packages/unitree_go/msg/_audio_data.py
[0.605s] -- Up-to-date symlink: /home/giovanna/argo_go2_ws/install/unitree_go/lib/python3.8/site-packages/unitree_go/msg/_bms_cmd.py
[0.605s] -- Up-to-date symlink: /home/giovanna/argo_go2_ws/install/unitree_go/lib/python3.8/site-packages/unitree_go/msg/_bms_state.py
[0.605s] -- Up-to-date symlink: /home/giovanna/argo_go2_ws/install/unitree_go/lib/python3.8/site-packages/unitree_go/msg/_error.py
[0.605s] -- Up-to-date symlink: /home/giovanna/argo_go2_ws/install/unitree_go/lib/python3.8/site-packages/unitree_go/msg/_height_map.py
[0.605s] -- Up-to-date symlink: /home/giovanna/argo_go2_ws/install/unitree_go/lib/python3.8/site-packages/unitree_go/msg/_imu_state.py
[0.606s] -- Up-to-date symlink: /home/giovanna/argo_go2_ws/install/unitree_go/lib/python3.8/site-packages/unitree_go/msg/_interface_config.py
[0.606s] -- Up-to-date symlink: /home/giovanna/argo_go2_ws/install/unitree_go/lib/python3.8/site-packages/unitree_go/msg/_lidar_state.py
[0.606s] -- Up-to-date symlink: /home/giovanna/argo_go2_ws/install/unitree_go/lib/python3.8/site-packages/unitree_go/msg/_low_cmd.py
[0.606s] -- Up-to-date symlink: /home/giovanna/argo_go2_ws/install/unitree_go/lib/python3.8/site-packages/unitree_go/msg/_low_state.py
[0.606s] -- Up-to-date symlink: /home/giovanna/argo_go2_ws/install/unitree_go/lib/python3.8/site-packages/unitree_go/msg/_motor_cmd.py
[0.606s] -- Up-to-date symlink: /home/giovanna/argo_go2_ws/install/unitree_go/lib/python3.8/site-packages/unitree_go/msg/_motor_cmds.py
[0.607s] -- Up-to-date symlink: /home/giovanna/argo_go2_ws/install/unitree_go/lib/python3.8/site-packages/unitree_go/msg/_motor_state.py
[0.607s] -- Up-to-date symlink: /home/giovanna/argo_go2_ws/install/unitree_go/lib/python3.8/site-packages/unitree_go/msg/_motor_states.py
[0.607s] -- Up-to-date symlink: /home/giovanna/argo_go2_ws/install/unitree_go/lib/python3.8/site-packages/unitree_go/msg/_path_point.py
[0.607s] -- Up-to-date symlink: /home/giovanna/argo_go2_ws/install/unitree_go/lib/python3.8/site-packages/unitree_go/msg/_req.py
[0.607s] -- Up-to-date symlink: /home/giovanna/argo_go2_ws/install/unitree_go/lib/python3.8/site-packages/unitree_go/msg/_res.py
[0.607s] -- Up-to-date symlink: /home/giovanna/argo_go2_ws/install/unitree_go/lib/python3.8/site-packages/unitree_go/msg/_sport_mode_cmd.py
[0.608s] -- Up-to-date symlink: /home/giovanna/argo_go2_ws/install/unitree_go/lib/python3.8/site-packages/unitree_go/msg/_sport_mode_state.py
[0.608s] -- Up-to-date symlink: /home/giovanna/argo_go2_ws/install/unitree_go/lib/python3.8/site-packages/unitree_go/msg/_time_spec.py
[0.608s] -- Up-to-date symlink: /home/giovanna/argo_go2_ws/install/unitree_go/lib/python3.8/site-packages/unitree_go/msg/_uwb_state.py
[0.608s] -- Up-to-date symlink: /home/giovanna/argo_go2_ws/install/unitree_go/lib/python3.8/site-packages/unitree_go/msg/_uwb_switch.py
[0.608s] -- Up-to-date symlink: /home/giovanna/argo_go2_ws/install/unitree_go/lib/python3.8/site-packages/unitree_go/msg/_wireless_controller.py
[0.609s] -- Up-to-date symlink: /home/giovanna/argo_go2_ws/install/unitree_go/lib/python3.8/site-packages/unitree_go/unitree_go_s__rosidl_typesupport_fastrtps_c.cpython-38-x86_64-linux-gnu.so
[0.609s] -- Up-to-date symlink: /home/giovanna/argo_go2_ws/install/unitree_go/lib/python3.8/site-packages/unitree_go/unitree_go_s__rosidl_typesupport_introspection_c.cpython-38-x86_64-linux-gnu.so
[0.609s] -- Up-to-date symlink: /home/giovanna/argo_go2_ws/install/unitree_go/lib/python3.8/site-packages/unitree_go/unitree_go_s__rosidl_typesupport_c.cpython-38-x86_64-linux-gnu.so
[0.610s] -- Up-to-date symlink: /home/giovanna/argo_go2_ws/install/unitree_go/lib/libunitree_go__python.so
[0.610s] -- Up-to-date symlink: /home/giovanna/argo_go2_ws/install/unitree_go/share/unitree_go/msg/AudioData.idl
[0.610s] -- Up-to-date symlink: /home/giovanna/argo_go2_ws/install/unitree_go/share/unitree_go/msg/BmsCmd.idl
[0.610s] -- Up-to-date symlink: /home/giovanna/argo_go2_ws/install/unitree_go/share/unitree_go/msg/BmsState.idl
[0.610s] -- Up-to-date symlink: /home/giovanna/argo_go2_ws/install/unitree_go/share/unitree_go/msg/Error.idl
[0.611s] -- Up-to-date symlink: /home/giovanna/argo_go2_ws/install/unitree_go/share/unitree_go/msg/HeightMap.idl
[0.612s] -- Up-to-date symlink: /home/giovanna/argo_go2_ws/install/unitree_go/share/unitree_go/msg/IMUState.idl
[0.612s] -- Up-to-date symlink: /home/giovanna/argo_go2_ws/install/unitree_go/share/unitree_go/msg/InterfaceConfig.idl
[0.612s] -- Up-to-date symlink: /home/giovanna/argo_go2_ws/install/unitree_go/share/unitree_go/msg/LidarState.idl
[0.612s] -- Up-to-date symlink: /home/giovanna/argo_go2_ws/install/unitree_go/share/unitree_go/msg/LowCmd.idl
[0.613s] -- Up-to-date symlink: /home/giovanna/argo_go2_ws/install/unitree_go/share/unitree_go/msg/LowState.idl
[0.613s] -- Up-to-date symlink: /home/giovanna/argo_go2_ws/install/unitree_go/share/unitree_go/msg/MotorCmd.idl
[0.613s] -- Up-to-date symlink: /home/giovanna/argo_go2_ws/install/unitree_go/share/unitree_go/msg/MotorCmds.idl
[0.613s] -- Up-to-date symlink: /home/giovanna/argo_go2_ws/install/unitree_go/share/unitree_go/msg/MotorState.idl
[0.614s] -- Up-to-date symlink: /home/giovanna/argo_go2_ws/install/unitree_go/share/unitree_go/msg/MotorStates.idl
[0.614s] -- Up-to-date symlink: /home/giovanna/argo_go2_ws/install/unitree_go/share/unitree_go/msg/PathPoint.idl
[0.614s] -- Up-to-date symlink: /home/giovanna/argo_go2_ws/install/unitree_go/share/unitree_go/msg/Req.idl
[0.615s] -- Up-to-date symlink: /home/giovanna/argo_go2_ws/install/unitree_go/share/unitree_go/msg/Res.idl
[0.615s] -- Up-to-date symlink: /home/giovanna/argo_go2_ws/install/unitree_go/share/unitree_go/msg/SportModeCmd.idl
[0.616s] -- Up-to-date symlink: /home/giovanna/argo_go2_ws/install/unitree_go/share/unitree_go/msg/SportModeState.idl
[0.616s] -- Up-to-date symlink: /home/giovanna/argo_go2_ws/install/unitree_go/share/unitree_go/msg/TimeSpec.idl
[0.616s] -- Up-to-date symlink: /home/giovanna/argo_go2_ws/install/unitree_go/share/unitree_go/msg/UwbState.idl
[0.616s] -- Up-to-date symlink: /home/giovanna/argo_go2_ws/install/unitree_go/share/unitree_go/msg/UwbSwitch.idl
[0.616s] -- Up-to-date symlink: /home/giovanna/argo_go2_ws/install/unitree_go/share/unitree_go/msg/WirelessController.idl
[0.616s] -- Up-to-date symlink: /home/giovanna/argo_go2_ws/install/unitree_go/share/unitree_go/msg/AudioData.msg
[0.617s] -- Up-to-date symlink: /home/giovanna/argo_go2_ws/install/unitree_go/share/unitree_go/msg/BmsCmd.msg
[0.617s] -- Up-to-date symlink: /home/giovanna/argo_go2_ws/install/unitree_go/share/unitree_go/msg/BmsState.msg
[0.617s] -- Up-to-date symlink: /home/giovanna/argo_go2_ws/install/unitree_go/share/unitree_go/msg/Error.msg
[0.617s] -- Up-to-date symlink: /home/giovanna/argo_go2_ws/install/unitree_go/share/unitree_go/msg/HeightMap.msg
[0.617s] -- Up-to-date symlink: /home/giovanna/argo_go2_ws/install/unitree_go/share/unitree_go/msg/IMUState.msg
[0.617s] -- Up-to-date symlink: /home/giovanna/argo_go2_ws/install/unitree_go/share/unitree_go/msg/InterfaceConfig.msg
[0.618s] -- Up-to-date symlink: /home/giovanna/argo_go2_ws/install/unitree_go/share/unitree_go/msg/LidarState.msg
[0.618s] -- Up-to-date symlink: /home/giovanna/argo_go2_ws/install/unitree_go/share/unitree_go/msg/LowCmd.msg
[0.618s] -- Up-to-date symlink: /home/giovanna/argo_go2_ws/install/unitree_go/share/unitree_go/msg/LowState.msg
[0.618s] -- Up-to-date symlink: /home/giovanna/argo_go2_ws/install/unitree_go/share/unitree_go/msg/MotorCmd.msg
[0.618s] -- Up-to-date symlink: /home/giovanna/argo_go2_ws/install/unitree_go/share/unitree_go/msg/MotorCmds.msg
[0.618s] -- Up-to-date symlink: /home/giovanna/argo_go2_ws/install/unitree_go/share/unitree_go/msg/MotorState.msg
[0.619s] -- Up-to-date symlink: /home/giovanna/argo_go2_ws/install/unitree_go/share/unitree_go/msg/MotorStates.msg
[0.619s] -- Up-to-date symlink: /home/giovanna/argo_go2_ws/install/unitree_go/share/unitree_go/msg/PathPoint.msg
[0.620s] -- Up-to-date symlink: /home/giovanna/argo_go2_ws/install/unitree_go/share/unitree_go/msg/Req.msg
[0.620s] -- Up-to-date symlink: /home/giovanna/argo_go2_ws/install/unitree_go/share/unitree_go/msg/Res.msg
[0.621s] -- Up-to-date symlink: /home/giovanna/argo_go2_ws/install/unitree_go/share/unitree_go/msg/SportModeCmd.msg
[0.621s] -- Up-to-date symlink: /home/giovanna/argo_go2_ws/install/unitree_go/share/unitree_go/msg/SportModeState.msg
[0.621s] -- Up-to-date symlink: /home/giovanna/argo_go2_ws/install/unitree_go/share/unitree_go/msg/TimeSpec.msg
[0.621s] -- Up-to-date symlink: /home/giovanna/argo_go2_ws/install/unitree_go/share/unitree_go/msg/UwbState.msg
[0.621s] -- Up-to-date symlink: /home/giovanna/argo_go2_ws/install/unitree_go/share/unitree_go/msg/UwbSwitch.msg
[0.622s] -- Up-to-date symlink: /home/giovanna/argo_go2_ws/install/unitree_go/share/unitree_go/msg/WirelessController.msg
[0.623s] -- Up-to-date symlink: /home/giovanna/argo_go2_ws/install/unitree_go/share/ament_index/resource_index/package_run_dependencies/unitree_go
[0.623s] -- Up-to-date symlink: /home/giovanna/argo_go2_ws/install/unitree_go/share/ament_index/resource_index/parent_prefix_path/unitree_go
[0.623s] -- Up-to-date symlink: /home/giovanna/argo_go2_ws/install/unitree_go/share/unitree_go/environment/ament_prefix_path.sh
[0.623s] -- Up-to-date symlink: /home/giovanna/argo_go2_ws/install/unitree_go/share/unitree_go/environment/ament_prefix_path.dsv
[0.623s] -- Up-to-date symlink: /home/giovanna/argo_go2_ws/install/unitree_go/share/unitree_go/environment/path.sh
[0.623s] -- Up-to-date symlink: /home/giovanna/argo_go2_ws/install/unitree_go/share/unitree_go/environment/path.dsv
[0.624s] -- Up-to-date symlink: /home/giovanna/argo_go2_ws/install/unitree_go/share/unitree_go/local_setup.bash
[0.624s] -- Up-to-date symlink: /home/giovanna/argo_go2_ws/install/unitree_go/share/unitree_go/local_setup.sh
[0.624s] -- Up-to-date symlink: /home/giovanna/argo_go2_ws/install/unitree_go/share/unitree_go/local_setup.zsh
[0.625s] -- Up-to-date symlink: /home/giovanna/argo_go2_ws/install/unitree_go/share/unitree_go/local_setup.dsv
[0.625s] -- Symlinking: /home/giovanna/argo_go2_ws/install/unitree_go/share/unitree_go/package.dsv
[0.629s] -- Up-to-date symlink: /home/giovanna/argo_go2_ws/install/unitree_go/share/ament_index/resource_index/packages/unitree_go
[0.629s] -- Up-to-date symlink: /home/giovanna/argo_go2_ws/install/unitree_go/share/unitree_go/cmake/rosidl_cmake-extras.cmake
[0.630s] -- Up-to-date symlink: /home/giovanna/argo_go2_ws/install/unitree_go/share/unitree_go/cmake/ament_cmake_export_dependencies-extras.cmake
[0.631s] -- Up-to-date symlink: /home/giovanna/argo_go2_ws/install/unitree_go/share/unitree_go/cmake/ament_cmake_export_libraries-extras.cmake
[0.631s] -- Up-to-date symlink: /home/giovanna/argo_go2_ws/install/unitree_go/share/unitree_go/cmake/ament_cmake_export_targets-extras.cmake
[0.631s] -- Up-to-date symlink: /home/giovanna/argo_go2_ws/install/unitree_go/share/unitree_go/cmake/ament_cmake_export_include_directories-extras.cmake
[0.631s] -- Up-to-date symlink: /home/giovanna/argo_go2_ws/install/unitree_go/share/unitree_go/cmake/rosidl_cmake_export_typesupport_libraries-extras.cmake
[0.631s] -- Up-to-date symlink: /home/giovanna/argo_go2_ws/install/unitree_go/share/unitree_go/cmake/rosidl_cmake_export_typesupport_targets-extras.cmake
[0.632s] -- Up-to-date symlink: /home/giovanna/argo_go2_ws/install/unitree_go/share/unitree_go/cmake/unitree_goConfig.cmake
[0.632s] -- Up-to-date symlink: /home/giovanna/argo_go2_ws/install/unitree_go/share/unitree_go/cmake/unitree_goConfig-version.cmake
[0.632s] -- Up-to-date symlink: /home/giovanna/argo_go2_ws/install/unitree_go/share/unitree_go/package.xml
[0.632s] -- Up-to-date: /home/giovanna/argo_go2_ws/install/unitree_go/lib/libunitree_go__rosidl_generator_c.so
[0.632s] -- Up-to-date: /home/giovanna/argo_go2_ws/install/unitree_go/lib/libunitree_go__rosidl_typesupport_introspection_c.so
[0.632s] -- Up-to-date: /home/giovanna/argo_go2_ws/install/unitree_go/lib/libunitree_go__rosidl_typesupport_c.so
[0.632s] -- Up-to-date: /home/giovanna/argo_go2_ws/install/unitree_go/lib/libunitree_go__rosidl_typesupport_introspection_cpp.so
[0.632s] -- Up-to-date: /home/giovanna/argo_go2_ws/install/unitree_go/lib/libunitree_go__rosidl_typesupport_cpp.so
[0.633s] -- Up-to-date: /home/giovanna/argo_go2_ws/install/unitree_go/share/unitree_go/cmake/unitree_go__rosidl_generator_cExport.cmake
[0.633s] -- Up-to-date: /home/giovanna/argo_go2_ws/install/unitree_go/share/unitree_go/cmake/unitree_go__rosidl_generator_cExport-noconfig.cmake
[0.633s] -- Up-to-date: /home/giovanna/argo_go2_ws/install/unitree_go/share/unitree_go/cmake/unitree_go__rosidl_typesupport_introspection_cExport.cmake
[0.634s] -- Up-to-date: /home/giovanna/argo_go2_ws/install/unitree_go/share/unitree_go/cmake/unitree_go__rosidl_typesupport_introspection_cExport-noconfig.cmake
[0.634s] -- Up-to-date: /home/giovanna/argo_go2_ws/install/unitree_go/share/unitree_go/cmake/unitree_go__rosidl_typesupport_cExport.cmake
[0.634s] -- Up-to-date: /home/giovanna/argo_go2_ws/install/unitree_go/share/unitree_go/cmake/unitree_go__rosidl_typesupport_cExport-noconfig.cmake
[0.634s] -- Up-to-date: /home/giovanna/argo_go2_ws/install/unitree_go/share/unitree_go/cmake/unitree_go__rosidl_generator_cppExport.cmake
[0.634s] -- Up-to-date: /home/giovanna/argo_go2_ws/install/unitree_go/share/unitree_go/cmake/unitree_go__rosidl_typesupport_introspection_cppExport.cmake
[0.634s] -- Up-to-date: /home/giovanna/argo_go2_ws/install/unitree_go/share/unitree_go/cmake/unitree_go__rosidl_typesupport_introspection_cppExport-noconfig.cmake
[0.634s] -- Up-to-date: /home/giovanna/argo_go2_ws/install/unitree_go/share/unitree_go/cmake/unitree_go__rosidl_typesupport_cppExport.cmake
[0.634s] -- Up-to-date: /home/giovanna/argo_go2_ws/install/unitree_go/share/unitree_go/cmake/unitree_go__rosidl_typesupport_cppExport-noconfig.cmake
[0.654s] Invoked command in '/home/giovanna/argo_go2_ws/build/unitree_go' returned '0': CMAKE_PREFIX_PATH=/opt/ros/foxy /usr/bin/cmake --install /home/giovanna/argo_go2_ws/build/unitree_go
