[0.050s] Invoking command in '/home/giovanna/argo_go2_ws/build/hesai_ros_driver': CMAKE_PREFIX_PATH=/opt/ros/foxy /usr/bin/cmake /home/giovanna/argo_go2_ws/src/hesai_ros_driver -DAMENT_CMAKE_SYMLINK_INSTALL=1 -DCMAKE_INSTALL_PREFIX=/home/giovanna/argo_go2_ws/install/hesai_ros_driver
[0.135s] -- The C compiler identification is GNU 9.4.0
[0.210s] -- The CXX compiler identification is GNU 9.4.0
[0.216s] -- Check for working C compiler: /usr/bin/cc
[0.312s] -- Check for working C compiler: /usr/bin/cc -- works
[0.314s] -- Detecting C compiler ABI info
[0.406s] -- Detecting C compiler ABI info - done
[0.428s] -- Detecting C compile features
[0.429s] -- Detecting C compile features - done
[0.430s] -- Check for working CXX compiler: /usr/bin/c++
[0.535s] -- Check for working CXX compiler: /usr/bin/c++ -- works
[0.535s] -- Detecting CXX compiler ABI info
[0.639s] -- Detecting CXX compiler ABI info - done
[0.651s] -- Detecting CXX compile features
[0.651s] -- Detecting CXX compile features - done
[0.652s] =============================================================
[0.652s] -- ROS_VERSION is 2
[0.652s] =============================================================
[0.679s] -- Found PythonInterp: /usr/bin/python3 (found suitable version "3.8.10", minimum required is "3") 
[0.679s] -- Using PYTHON_EXECUTABLE: /usr/bin/python3
[0.860s] -- Override CMake install command with custom implementation using symlinks instead of copying resources
[0.965s] -- Using all available rosidl_typesupport_c: rosidl_typesupport_fastrtps_c;rosidl_typesupport_introspection_c
[0.972s] -- Found rosidl_adapter: 1.3.1 (/opt/ros/foxy/share/rosidl_adapter/cmake)
[1.080s] -- Found OpenSSL: /usr/lib/x86_64-linux-gnu/libcrypto.so (found version "1.1.1f")  
[1.121s] -- Found FastRTPS: /opt/ros/foxy/include  
[1.216s] -- Using all available rosidl_typesupport_cpp: rosidl_typesupport_fastrtps_cpp;rosidl_typesupport_introspection_cpp
[1.283s] -- Found rmw_implementation_cmake: 1.0.4 (/opt/ros/foxy/share/rmw_implementation_cmake/cmake)
[1.285s] -- Using RMW implementation 'rmw_fastrtps_cpp' as default
[1.287s] -- Looking for pthread.h
[1.384s] -- Looking for pthread.h - found
[1.384s] -- Performing Test CMAKE_HAVE_LIBC_PTHREAD
[1.479s] -- Performing Test CMAKE_HAVE_LIBC_PTHREAD - Failed
[1.479s] -- Looking for pthread_create in pthreads
[1.557s] -- Looking for pthread_create in pthreads - not found
[1.557s] -- Looking for pthread_create in pthread
[1.646s] -- Looking for pthread_create in pthread - found
[1.647s] -- Found Threads: TRUE  
[1.910s] =============================================================
[1.910s] -- ROS2 Found. ROS2 Support is turned On.
[1.910s] =============================================================
[1.914s] -- Found sensor_msgs: 2.0.5 (/opt/ros/foxy/share/sensor_msgs/cmake)
[2.183s] -- Found rclcpp_action: 2.4.3 (/opt/ros/foxy/share/rclcpp_action/cmake)
[2.380s] -- Found rosidl_default_generators: 1.0.1 (/opt/ros/foxy/share/rosidl_default_generators/cmake)
[2.443s] -- Found PythonInterp: /usr/bin/python3 (found version "3.8.10") 
[2.835s] -- Found ament_cmake_ros: 0.9.2 (/opt/ros/foxy/share/ament_cmake_ros/cmake)
[3.285s] -- Using all available rosidl_typesupport_c: rosidl_typesupport_fastrtps_c;rosidl_typesupport_introspection_c
[3.644s] -- Using all available rosidl_typesupport_cpp: rosidl_typesupport_fastrtps_cpp;rosidl_typesupport_introspection_cpp
[3.745s] -- Found PythonInterp: /usr/bin/python3 (found suitable version "3.8.10", minimum required is "3.5") 
[3.748s] -- Found python_cmake_module: 0.8.1 (/opt/ros/foxy/share/python_cmake_module/cmake)
[3.876s] -- Found PythonLibs: /usr/lib/x86_64-linux-gnu/libpython3.8.so (found suitable version "3.8.10", minimum required is "3.5") 
[3.881s] -- Using PYTHON_EXECUTABLE: /usr/bin/python3
[3.881s] -- Using PYTHON_INCLUDE_DIRS: /usr/include/python3.8
[3.881s] -- Using PYTHON_LIBRARIES: /usr/lib/x86_64-linux-gnu/libpython3.8.so
[4.022s] -- Found PythonExtra: .so  
[4.424s] CMake Error at CMakeLists.txt:136 (find_package):
[4.424s]   By not providing "Findyaml-cpp.cmake" in CMAKE_MODULE_PATH this project has
[4.424s]   asked CMake to find a package configuration file provided by "yaml-cpp",
[4.425s]   but CMake did not find one.
[4.425s] 
[4.425s]   Could not find a package configuration file provided by "yaml-cpp" with any
[4.425s]   of the following names:
[4.425s] 
[4.426s]     yaml-cppConfig.cmake
[4.426s]     yaml-cpp-config.cmake
[4.426s] 
[4.427s]   Add the installation prefix of "yaml-cpp" to CMAKE_PREFIX_PATH or set
[4.427s]   "yaml-cpp_DIR" to a directory containing one of the above files.  If
[4.427s]   "yaml-cpp" provides a separate development package or SDK, be sure it has
[4.427s]   been installed.
[4.427s] 
[4.427s] 
[4.448s] -- Configuring incomplete, errors occurred!
[4.448s] See also "/home/giovanna/argo_go2_ws/build/hesai_ros_driver/CMakeFiles/CMakeOutput.log".
[4.449s] See also "/home/giovanna/argo_go2_ws/build/hesai_ros_driver/CMakeFiles/CMakeError.log".
[4.499s] Invoked command in '/home/giovanna/argo_go2_ws/build/hesai_ros_driver' returned '1': CMAKE_PREFIX_PATH=/opt/ros/foxy /usr/bin/cmake /home/giovanna/argo_go2_ws/src/hesai_ros_driver -DAMENT_CMAKE_SYMLINK_INSTALL=1 -DCMAKE_INSTALL_PREFIX=/home/giovanna/argo_go2_ws/install/hesai_ros_driver
