[0.000000] (-) TimerEvent: {}
[0.001471] (-) JobUnselected: {'identifier': 'go2_bringup'}
[0.001526] (-) JobUnselected: {'identifier': 'go2_description'}
[0.001551] (-) JobUnselected: {'identifier': 'go2_driver'}
[0.001572] (-) JobUnselected: {'identifier': 'go2_hardware'}
[0.001591] (-) JobUnselected: {'identifier': 'go2_interfaces'}
[0.001611] (-) JobUnselected: {'identifier': 'go2_robot'}
[0.001627] (-) JobUnselected: {'identifier': 'go2_rviz'}
[0.001646] (-) JobUnselected: {'identifier': 'go2_simulation'}
[0.001665] (-) JobUnselected: {'identifier': 'hesai_ros_driver'}
[0.001694] (-) JobUnselected: {'identifier': 'unitree_api'}
[0.001713] (-) JobUnselected: {'identifier': 'unitree_go'}
[0.001734] (go2_nav) JobQueued: {'identifier': 'go2_nav', 'dependencies': OrderedDict()}
[0.001759] (go2_nav) JobStarted: {'identifier': 'go2_nav'}
[0.012486] (go2_nav) JobProgress: {'identifier': 'go2_nav', 'progress': 'cmake'}
[0.013061] (go2_nav) JobProgress: {'identifier': 'go2_nav', 'progress': 'build'}
[0.013740] (go2_nav) Command: {'cmd': ['/usr/bin/cmake', '--build', '/home/giovanna/argo_go2_ws/build/go2_nav', '--', '-j16', '-l16'], 'cwd': '/home/giovanna/argo_go2_ws/build/go2_nav', 'env': OrderedDict([('GJS_DEBUG_TOPICS', 'JS ERROR;JS LOG'), ('LESSOPEN', '| /usr/bin/lesspipe %s'), ('VSCODE_CWD', '/home/giovanna'), ('USER', 'giovanna'), ('LC_TIME', 'it_IT.UTF-8'), ('VSCODE_NLS_CONFIG', '{"userLocale":"en-us","osLocale":"en-us","resolvedLanguage":"en","defaultMessagesFile":"/usr/share/antigravity/resources/app/out/nls.messages.json","locale":"en-us","availableLanguages":{}}'), ('SSH_AGENT_PID', '1697'), ('XDG_SESSION_TYPE', 'x11'), ('SHLVL', '0'), ('LD_LIBRARY_PATH', '/opt/ros/foxy/opt/yaml_cpp_vendor/lib:/opt/ros/foxy/opt/rviz_ogre_vendor/lib:/opt/ros/foxy/lib/x86_64-linux-gnu:/opt/ros/foxy/lib'), ('HOME', '/home/giovanna'), ('CHROME_DESKTOP', 'antigravity.desktop'), ('DESKTOP_SESSION', 'ubuntu'), ('VSCODE_IPC_HOOK', '/run/user/1000/vscode-de51444a-1.10-main.sock'), ('GIO_LAUNCHED_DESKTOP_FILE', '/usr/share/applications/antigravity.desktop'), ('ROS_PYTHON_VERSION', '3'), ('GNOME_SHELL_SESSION_MODE', 'ubuntu'), ('GTK_MODULES', 'gail:atk-bridge'), ('PAGER', 'cat'), ('LC_MONETARY', 'it_IT.UTF-8'), ('MANAGERPID', '1544'), ('DBUS_SESSION_BUS_ADDRESS', 'unix:path=/run/user/1000/bus'), ('ANTIGRAVITY_AGENT', '1'), ('GIO_LAUNCHED_DESKTOP_FILE_PID', '4222'), ('IM_CONFIG_PHASE', '1'), ('ROS_DISTRO', 'foxy'), ('LOGNAME', 'giovanna'), ('JOURNAL_STREAM', '8:40948'), ('_', '/usr/bin/colcon'), ('ROS_VERSION', '2'), ('XDG_SESSION_CLASS', 'user'), ('USERNAME', 'giovanna'), ('TERM', 'dumb'), ('GNOME_DESKTOP_SESSION_ID', 'this-is-deprecated'), ('FC_FONTATIONS', '1'), ('ROS_LOCALHOST_ONLY', '0'), ('WINDOWPATH', '2'), ('ANTIGRAVITY_EDITOR_APP_ROOT', '/usr/share/antigravity/resources/app'), ('PATH', '/opt/ros/foxy/bin:/usr/local/sbin:/usr/local/bin:/usr/sbin:/usr/bin:/sbin:/bin:/usr/games:/usr/local/games:/snap/bin'), ('SESSION_MANAGER', 'local/giovanna-lenovo20:@/tmp/.ICE-unix/1771,unix/giovanna-lenovo20:/tmp/.ICE-unix/1771'), ('INVOCATION_ID', '8a18892a46224c8c9d24bb25afa494f3'), ('XDG_MENU_PREFIX', 'gnome-'), ('LC_ADDRESS', 'it_IT.UTF-8'), ('XDG_RUNTIME_DIR', '/run/user/1000'), ('GDK_BACKEND', 'x11'), ('DISPLAY', ':0'), ('LANG', 'en_US.UTF-8'), ('XDG_CURRENT_DESKTOP', 'ubuntu:GNOME'), ('LC_TELEPHONE', 'it_IT.UTF-8'), ('XMODIFIERS', '@im=ibus'), ('XDG_SESSION_DESKTOP', 'ubuntu'), ('XAUTHORITY', '/run/user/1000/gdm/Xauthority'), ('LS_COLORS', ''), ('SSH_AUTH_SOCK', '/run/user/1000/keyring/ssh'), ('AMENT_PREFIX_PATH', '/opt/ros/foxy'), ('SHELL', '/bin/bash'), ('LC_NAME', 'it_IT.UTF-8'), ('QT_ACCESSIBILITY', '1'), ('GDMSESSION', 'ubuntu'), ('LESSCLOSE', '/usr/bin/lesspipe %s %s'), ('LC_MEASUREMENT', 'it_IT.UTF-8'), ('GPG_AGENT_INFO', '/run/user/1000/gnupg/S.gpg-agent:0:1'), ('GJS_DEBUG_OUTPUT', 'stderr'), ('LC_IDENTIFICATION', 'it_IT.UTF-8'), ('QT_IM_MODULE', 'ibus'), ('ANTIGRAVITY_TRAJECTORY_ID', '1f6d3fbb-af4b-4da7-8d7e-c84ab60d6b73'), ('PWD', '/home/giovanna/argo_go2_ws/build/go2_nav'), ('LC_ALL', 'en_US.UTF-8'), ('XDG_CONFIG_DIRS', '/etc/xdg/xdg-ubuntu:/etc/xdg'), ('VSCODE_CODE_CACHE_PATH', '/home/giovanna/.config/Antigravity/CachedData/15487b3041e65228cae24980a3f796c905ef582c'), ('XDG_DATA_DIRS', '/usr/share/ubuntu:/usr/local/share/:/usr/share/:/var/lib/snapd/desktop'), ('PYTHONPATH', '/opt/ros/foxy/lib/python3.8/site-packages'), ('LC_NUMERIC', 'it_IT.UTF-8'), ('LC_PAPER', 'it_IT.UTF-8'), ('COLCON', '1'), ('VSCODE_PID', '4222'), ('CMAKE_PREFIX_PATH', '/opt/ros/foxy')]), 'shell': False}
[0.055480] (go2_nav) StdoutLine: {'line': b'-- Found ament_cmake: 0.9.12 (/opt/ros/foxy/share/ament_cmake/cmake)\n'}
[0.085528] (go2_nav) StdoutLine: {'line': b'-- Using PYTHON_EXECUTABLE: /usr/bin/python3\n'}
[0.099671] (-) TimerEvent: {}
[0.200095] (-) TimerEvent: {}
[0.227508] (go2_nav) StdoutLine: {'line': b'-- Override CMake install command with custom implementation using symlinks instead of copying resources\n'}
[0.239032] (go2_nav) StdoutLine: {'line': b'-- Found ament_lint_auto: 0.9.8 (/opt/ros/foxy/share/ament_lint_auto/cmake)\n'}
[0.299766] (go2_nav) StdoutLine: {'line': b"-- Added test 'flake8' to check Python code syntax and style conventions\n"}
[0.300053] (go2_nav) StdoutLine: {'line': b"-- Added test 'lint_cmake' to check CMake code style\n"}
[0.300143] (-) TimerEvent: {}
[0.300293] (go2_nav) StdoutLine: {'line': b"-- Added test 'pep257' to check Python code against some of the style conventions in PEP 257\n"}
[0.300897] (go2_nav) StdoutLine: {'line': b"-- Added test 'xmllint' to check XML markup files\n"}
[0.302574] (go2_nav) StdoutLine: {'line': b'-- Configuring done\n'}
[0.304881] (go2_nav) StdoutLine: {'line': b'-- Generating done\n'}
[0.306309] (go2_nav) StdoutLine: {'line': b'-- Build files have been written to: /home/giovanna/argo_go2_ws/build/go2_nav\n'}
[0.343334] (go2_nav) CommandEnded: {'returncode': 0}
[0.344720] (go2_nav) JobProgress: {'identifier': 'go2_nav', 'progress': 'install'}
[0.362207] (go2_nav) Command: {'cmd': ['/usr/bin/cmake', '--install', '/home/giovanna/argo_go2_ws/build/go2_nav'], 'cwd': '/home/giovanna/argo_go2_ws/build/go2_nav', 'env': OrderedDict([('GJS_DEBUG_TOPICS', 'JS ERROR;JS LOG'), ('LESSOPEN', '| /usr/bin/lesspipe %s'), ('VSCODE_CWD', '/home/giovanna'), ('USER', 'giovanna'), ('LC_TIME', 'it_IT.UTF-8'), ('VSCODE_NLS_CONFIG', '{"userLocale":"en-us","osLocale":"en-us","resolvedLanguage":"en","defaultMessagesFile":"/usr/share/antigravity/resources/app/out/nls.messages.json","locale":"en-us","availableLanguages":{}}'), ('SSH_AGENT_PID', '1697'), ('XDG_SESSION_TYPE', 'x11'), ('SHLVL', '0'), ('LD_LIBRARY_PATH', '/opt/ros/foxy/opt/yaml_cpp_vendor/lib:/opt/ros/foxy/opt/rviz_ogre_vendor/lib:/opt/ros/foxy/lib/x86_64-linux-gnu:/opt/ros/foxy/lib'), ('HOME', '/home/giovanna'), ('CHROME_DESKTOP', 'antigravity.desktop'), ('DESKTOP_SESSION', 'ubuntu'), ('VSCODE_IPC_HOOK', '/run/user/1000/vscode-de51444a-1.10-main.sock'), ('GIO_LAUNCHED_DESKTOP_FILE', '/usr/share/applications/antigravity.desktop'), ('ROS_PYTHON_VERSION', '3'), ('GNOME_SHELL_SESSION_MODE', 'ubuntu'), ('GTK_MODULES', 'gail:atk-bridge'), ('PAGER', 'cat'), ('LC_MONETARY', 'it_IT.UTF-8'), ('MANAGERPID', '1544'), ('DBUS_SESSION_BUS_ADDRESS', 'unix:path=/run/user/1000/bus'), ('ANTIGRAVITY_AGENT', '1'), ('GIO_LAUNCHED_DESKTOP_FILE_PID', '4222'), ('IM_CONFIG_PHASE', '1'), ('ROS_DISTRO', 'foxy'), ('LOGNAME', 'giovanna'), ('JOURNAL_STREAM', '8:40948'), ('_', '/usr/bin/colcon'), ('ROS_VERSION', '2'), ('XDG_SESSION_CLASS', 'user'), ('USERNAME', 'giovanna'), ('TERM', 'dumb'), ('GNOME_DESKTOP_SESSION_ID', 'this-is-deprecated'), ('FC_FONTATIONS', '1'), ('ROS_LOCALHOST_ONLY', '0'), ('WINDOWPATH', '2'), ('ANTIGRAVITY_EDITOR_APP_ROOT', '/usr/share/antigravity/resources/app'), ('PATH', '/opt/ros/foxy/bin:/usr/local/sbin:/usr/local/bin:/usr/sbin:/usr/bin:/sbin:/bin:/usr/games:/usr/local/games:/snap/bin'), ('SESSION_MANAGER', 'local/giovanna-lenovo20:@/tmp/.ICE-unix/1771,unix/giovanna-lenovo20:/tmp/.ICE-unix/1771'), ('INVOCATION_ID', '8a18892a46224c8c9d24bb25afa494f3'), ('XDG_MENU_PREFIX', 'gnome-'), ('LC_ADDRESS', 'it_IT.UTF-8'), ('XDG_RUNTIME_DIR', '/run/user/1000'), ('GDK_BACKEND', 'x11'), ('DISPLAY', ':0'), ('LANG', 'en_US.UTF-8'), ('XDG_CURRENT_DESKTOP', 'ubuntu:GNOME'), ('LC_TELEPHONE', 'it_IT.UTF-8'), ('XMODIFIERS', '@im=ibus'), ('XDG_SESSION_DESKTOP', 'ubuntu'), ('XAUTHORITY', '/run/user/1000/gdm/Xauthority'), ('LS_COLORS', ''), ('SSH_AUTH_SOCK', '/run/user/1000/keyring/ssh'), ('AMENT_PREFIX_PATH', '/opt/ros/foxy'), ('SHELL', '/bin/bash'), ('LC_NAME', 'it_IT.UTF-8'), ('QT_ACCESSIBILITY', '1'), ('GDMSESSION', 'ubuntu'), ('LESSCLOSE', '/usr/bin/lesspipe %s %s'), ('LC_MEASUREMENT', 'it_IT.UTF-8'), ('GPG_AGENT_INFO', '/run/user/1000/gnupg/S.gpg-agent:0:1'), ('GJS_DEBUG_OUTPUT', 'stderr'), ('LC_IDENTIFICATION', 'it_IT.UTF-8'), ('QT_IM_MODULE', 'ibus'), ('ANTIGRAVITY_TRAJECTORY_ID', '1f6d3fbb-af4b-4da7-8d7e-c84ab60d6b73'), ('PWD', '/home/giovanna/argo_go2_ws/build/go2_nav'), ('LC_ALL', 'en_US.UTF-8'), ('XDG_CONFIG_DIRS', '/etc/xdg/xdg-ubuntu:/etc/xdg'), ('VSCODE_CODE_CACHE_PATH', '/home/giovanna/.config/Antigravity/CachedData/15487b3041e65228cae24980a3f796c905ef582c'), ('XDG_DATA_DIRS', '/usr/share/ubuntu:/usr/local/share/:/usr/share/:/var/lib/snapd/desktop'), ('PYTHONPATH', '/opt/ros/foxy/lib/python3.8/site-packages'), ('LC_NUMERIC', 'it_IT.UTF-8'), ('LC_PAPER', 'it_IT.UTF-8'), ('COLCON', '1'), ('VSCODE_PID', '4222'), ('CMAKE_PREFIX_PATH', '/opt/ros/foxy')]), 'shell': False}
[0.370536] (go2_nav) StdoutLine: {'line': b'-- Install configuration: ""\n'}
[0.370929] (go2_nav) StdoutLine: {'line': b'-- Execute custom install script\n'}
[0.371462] (go2_nav) StdoutLine: {'line': b'-- Up-to-date symlink: /home/giovanna/argo_go2_ws/install/go2_nav/share/go2_nav/launch/navigation.launch.foxy.py\n'}
[0.371618] (go2_nav) StdoutLine: {'line': b'-- Up-to-date symlink: /home/giovanna/argo_go2_ws/install/go2_nav/share/go2_nav/launch/navigation.launch.py\n'}
[0.371770] (go2_nav) StdoutLine: {'line': b'-- Up-to-date symlink: /home/giovanna/argo_go2_ws/install/go2_nav/share/go2_nav/launch/slam.launch.py\n'}
[0.372147] (go2_nav) StdoutLine: {'line': b'-- Up-to-date symlink: /home/giovanna/argo_go2_ws/install/go2_nav/share/go2_nav/params/go2_nav_params.yaml\n'}
[0.372345] (go2_nav) StdoutLine: {'line': b'-- Up-to-date symlink: /home/giovanna/argo_go2_ws/install/go2_nav/share/go2_nav/params/go2_nav_params_foxy.yaml\n'}
[0.372584] (go2_nav) StdoutLine: {'line': b'-- Up-to-date symlink: /home/giovanna/argo_go2_ws/install/go2_nav/share/ament_index/resource_index/package_run_dependencies/go2_nav\n'}
[0.372869] (go2_nav) StdoutLine: {'line': b'-- Up-to-date symlink: /home/giovanna/argo_go2_ws/install/go2_nav/share/ament_index/resource_index/parent_prefix_path/go2_nav\n'}
[0.373128] (go2_nav) StdoutLine: {'line': b'-- Up-to-date symlink: /home/giovanna/argo_go2_ws/install/go2_nav/share/go2_nav/environment/ament_prefix_path.sh\n'}
[0.373334] (go2_nav) StdoutLine: {'line': b'-- Up-to-date symlink: /home/giovanna/argo_go2_ws/install/go2_nav/share/go2_nav/environment/ament_prefix_path.dsv\n'}
[0.373605] (go2_nav) StdoutLine: {'line': b'-- Up-to-date symlink: /home/giovanna/argo_go2_ws/install/go2_nav/share/go2_nav/environment/path.sh\n'}
[0.373805] (go2_nav) StdoutLine: {'line': b'-- Up-to-date symlink: /home/giovanna/argo_go2_ws/install/go2_nav/share/go2_nav/environment/path.dsv\n'}
[0.374053] (go2_nav) StdoutLine: {'line': b'-- Up-to-date symlink: /home/giovanna/argo_go2_ws/install/go2_nav/share/go2_nav/local_setup.bash\n'}
[0.374244] (go2_nav) StdoutLine: {'line': b'-- Up-to-date symlink: /home/giovanna/argo_go2_ws/install/go2_nav/share/go2_nav/local_setup.sh\n'}
[0.374494] (go2_nav) StdoutLine: {'line': b'-- Up-to-date symlink: /home/giovanna/argo_go2_ws/install/go2_nav/share/go2_nav/local_setup.zsh\n'}
[0.374712] (go2_nav) StdoutLine: {'line': b'-- Up-to-date symlink: /home/giovanna/argo_go2_ws/install/go2_nav/share/go2_nav/local_setup.dsv\n'}
[0.374900] (go2_nav) StdoutLine: {'line': b'-- Symlinking: /home/giovanna/argo_go2_ws/install/go2_nav/share/go2_nav/package.dsv\n'}
[0.385957] (go2_nav) StdoutLine: {'line': b'-- Up-to-date symlink: /home/giovanna/argo_go2_ws/install/go2_nav/share/ament_index/resource_index/packages/go2_nav\n'}
[0.386188] (go2_nav) StdoutLine: {'line': b'-- Up-to-date symlink: /home/giovanna/argo_go2_ws/install/go2_nav/share/go2_nav/cmake/go2_navConfig.cmake\n'}
[0.386349] (go2_nav) StdoutLine: {'line': b'-- Up-to-date symlink: /home/giovanna/argo_go2_ws/install/go2_nav/share/go2_nav/cmake/go2_navConfig-version.cmake\n'}
[0.386697] (go2_nav) StdoutLine: {'line': b'-- Up-to-date symlink: /home/giovanna/argo_go2_ws/install/go2_nav/share/go2_nav/package.xml\n'}
[0.390424] (go2_nav) CommandEnded: {'returncode': 0}
[0.401431] (-) TimerEvent: {}
[0.411780] (go2_nav) JobEnded: {'identifier': 'go2_nav', 'rc': 0}
[0.412492] (-) EventReactorShutdown: {}
