-- Found ament_cmake: 0.9.12 (/opt/ros/foxy/share/ament_cmake/cmake)
-- Using PYTHON_EXECUTABLE: /usr/bin/python3
-- Override CMake install command with custom implementation using symlinks instead of copying resources
-- Found ament_lint_auto: 0.9.8 (/opt/ros/foxy/share/ament_lint_auto/cmake)
-- Added test 'flake8' to check Python code syntax and style conventions
-- Added test 'lint_cmake' to check CMake code style
-- Added test 'pep257' to check Python code against some of the style conventions in PEP 257
-- Added test 'xmllint' to check XML markup files
-- Configuring done
-- Generating done
-- Build files have been written to: /home/giovanna/argo_go2_ws/build/go2_nav
-- Install configuration: ""
-- Execute custom install script
-- Up-to-date symlink: /home/giovanna/argo_go2_ws/install/go2_nav/share/go2_nav/launch/navigation.launch.foxy.py
-- Up-to-date symlink: /home/giovanna/argo_go2_ws/install/go2_nav/share/go2_nav/launch/navigation.launch.py
-- Up-to-date symlink: /home/giovanna/argo_go2_ws/install/go2_nav/share/go2_nav/launch/slam.launch.py
-- Up-to-date symlink: /home/giovanna/argo_go2_ws/install/go2_nav/share/go2_nav/params/go2_nav_params.yaml
-- Up-to-date symlink: /home/giovanna/argo_go2_ws/install/go2_nav/share/go2_nav/params/go2_nav_params_foxy.yaml
-- Up-to-date symlink: /home/giovanna/argo_go2_ws/install/go2_nav/share/ament_index/resource_index/package_run_dependencies/go2_nav
-- Up-to-date symlink: /home/giovanna/argo_go2_ws/install/go2_nav/share/ament_index/resource_index/parent_prefix_path/go2_nav
-- Up-to-date symlink: /home/giovanna/argo_go2_ws/install/go2_nav/share/go2_nav/environment/ament_prefix_path.sh
-- Up-to-date symlink: /home/giovanna/argo_go2_ws/install/go2_nav/share/go2_nav/environment/ament_prefix_path.dsv
-- Up-to-date symlink: /home/giovanna/argo_go2_ws/install/go2_nav/share/go2_nav/environment/path.sh
-- Up-to-date symlink: /home/giovanna/argo_go2_ws/install/go2_nav/share/go2_nav/environment/path.dsv
-- Up-to-date symlink: /home/giovanna/argo_go2_ws/install/go2_nav/share/go2_nav/local_setup.bash
-- Up-to-date symlink: /home/giovanna/argo_go2_ws/install/go2_nav/share/go2_nav/local_setup.sh
-- Up-to-date symlink: /home/giovanna/argo_go2_ws/install/go2_nav/share/go2_nav/local_setup.zsh
-- Up-to-date symlink: /home/giovanna/argo_go2_ws/install/go2_nav/share/go2_nav/local_setup.dsv
-- Symlinking: /home/giovanna/argo_go2_ws/install/go2_nav/share/go2_nav/package.dsv
-- Up-to-date symlink: /home/giovanna/argo_go2_ws/install/go2_nav/share/ament_index/resource_index/packages/go2_nav
-- Up-to-date symlink: /home/giovanna/argo_go2_ws/install/go2_nav/share/go2_nav/cmake/go2_navConfig.cmake
-- Up-to-date symlink: /home/giovanna/argo_go2_ws/install/go2_nav/share/go2_nav/cmake/go2_navConfig-version.cmake
-- Up-to-date symlink: /home/giovanna/argo_go2_ws/install/go2_nav/share/go2_nav/package.xml
