[0.049s] Invoking command in '/home/giovanna/argo_go2_ws/build/go2_interfaces': CMAKE_PREFIX_PATH=/opt/ros/foxy /usr/bin/cmake /home/giovanna/argo_go2_ws/src/go2_interfaces -DAMENT_CMAKE_SYMLINK_INSTALL=1 -DCMAKE_INSTALL_PREFIX=/home/giovanna/argo_go2_ws/install/go2_interfaces
[0.200s] -- The C compiler identification is GNU 9.4.0
[0.338s] -- The CXX compiler identification is GNU 9.4.0
[0.346s] -- Check for working C compiler: /usr/bin/cc
[0.457s] -- Check for working C compiler: /usr/bin/cc -- works
[0.463s] -- Detecting C compiler ABI info
[0.556s] -- Detecting C compiler ABI info - done
[0.570s] -- Detecting C compile features
[0.571s] -- Detecting C compile features - done
[0.574s] -- Check for working CXX compiler: /usr/bin/c++
[0.684s] -- Check for working CXX compiler: /usr/bin/c++ -- works
[0.685s] -- Detecting CXX compiler ABI info
[0.802s] -- Detecting CXX compiler ABI info - done
[0.818s] -- Detecting CXX compile features
[0.819s] -- Detecting CXX compile features - done
[0.822s] -- Found rosidl_default_generators: 1.0.1 (/opt/ros/foxy/share/rosidl_default_generators/cmake)
[0.825s] -- Found ament_cmake_core: 0.9.12 (/opt/ros/foxy/share/ament_cmake_core/cmake)
[0.849s] -- Found PythonInterp: /usr/bin/python3 (found suitable version "3.8.10", minimum required is "3") 
[0.850s] -- Using PYTHON_EXECUTABLE: /usr/bin/python3
[1.111s] -- Override CMake install command with custom implementation using symlinks instead of copying resources
[1.118s] -- Using all available rosidl_typesupport_c: rosidl_typesupport_fastrtps_c;rosidl_typesupport_introspection_c
[1.135s] -- Found rosidl_adapter: 1.3.1 (/opt/ros/foxy/share/rosidl_adapter/cmake)
[1.326s] -- Found OpenSSL: /usr/lib/x86_64-linux-gnu/libcrypto.so (found version "1.1.1f")  
[1.363s] -- Found FastRTPS: /opt/ros/foxy/include  
[1.468s] -- Using all available rosidl_typesupport_cpp: rosidl_typesupport_fastrtps_cpp;rosidl_typesupport_introspection_cpp
[1.503s] -- Found std_msgs: 2.0.5 (/opt/ros/foxy/share/std_msgs/cmake)
[1.564s] -- Found PythonInterp: /usr/bin/python3 (found version "3.8.10") 
[1.750s] -- Found ament_cmake_ros: 0.9.2 (/opt/ros/foxy/share/ament_cmake_ros/cmake)
[1.850s] -- Using all available rosidl_typesupport_c: rosidl_typesupport_fastrtps_c;rosidl_typesupport_introspection_c
[1.859s] -- Using all available rosidl_typesupport_cpp: rosidl_typesupport_fastrtps_cpp;rosidl_typesupport_introspection_cpp
[1.886s] -- Found PythonInterp: /usr/bin/python3 (found suitable version "3.8.10", minimum required is "3.5") 
[1.889s] -- Found python_cmake_module: 0.8.1 (/opt/ros/foxy/share/python_cmake_module/cmake)
[1.926s] -- Found PythonLibs: /usr/lib/x86_64-linux-gnu/libpython3.8.so (found suitable version "3.8.10", minimum required is "3.5") 
[1.926s] -- Using PYTHON_EXECUTABLE: /usr/bin/python3
[1.926s] -- Using PYTHON_INCLUDE_DIRS: /usr/include/python3.8
[1.927s] -- Using PYTHON_LIBRARIES: /usr/lib/x86_64-linux-gnu/libpython3.8.so
[1.958s] -- Found PythonExtra: .so  
[2.008s] -- Found ament_lint_auto: 0.9.8 (/opt/ros/foxy/share/ament_lint_auto/cmake)
[2.027s] -- Added test 'lint_cmake' to check CMake code style
[2.028s] -- Added test 'xmllint' to check XML markup files
[2.034s] -- Configuring done
[2.084s] -- Generating done
[2.095s] -- Build files have been written to: /home/giovanna/argo_go2_ws/build/go2_interfaces
