-- Found ament_cmake: 0.9.12 (/opt/ros/foxy/share/ament_cmake/cmake)
-- Using PYTHON_EXECUTABLE: /usr/bin/python3
-- Override CMake install command with custom implementation using symlinks instead of copying resources
-- Found rclcpp: 2.4.3 (/opt/ros/foxy/share/rclcpp/cmake)
-- Using all available rosidl_typesupport_c: rosidl_typesupport_fastrtps_c;rosidl_typesupport_introspection_c
-- Found rosidl_adapter: 1.3.1 (/opt/ros/foxy/share/rosidl_adapter/cmake)
-- Using all available rosidl_typesupport_cpp: rosidl_typesupport_fastrtps_cpp;rosidl_typesupport_introspection_cpp
-- Found rmw_implementation_cmake: 1.0.4 (/opt/ros/foxy/share/rmw_implementation_cmake/cmake)
-- Using RMW implementation 'rmw_fastrtps_cpp' as default
-- Found rclcpp_lifecycle: 2.4.3 (/opt/ros/foxy/share/rclcpp_lifecycle/cmake)
-- Found rclcpp_components: 2.4.3 (/opt/ros/foxy/share/rclcpp_components/cmake)
-- Found sensor_msgs: 2.0.5 (/opt/ros/foxy/share/sensor_msgs/cmake)
-- Found nav_msgs: 2.0.5 (/opt/ros/foxy/share/nav_msgs/cmake)
-- Found unitree_go: 0.0.1 (/home/giovanna/argo_go2_ws/install/unitree_go/share/unitree_go/cmake)
-- Found unitree_api: 0.0.0 (/home/giovanna/argo_go2_ws/install/unitree_api/share/unitree_api/cmake)
-- Found tf2_ros: 0.13.14 (/opt/ros/foxy/share/tf2_ros/cmake)
-- Found go2_interfaces: 1.0.0 (/home/giovanna/argo_go2_ws/install/go2_interfaces/share/go2_interfaces/cmake)
-- Found ament_lint_auto: 0.9.8 (/opt/ros/foxy/share/ament_lint_auto/cmake)
-- Added test 'cppcheck' to perform static code analysis on C / C++ code
-- Configured cppcheck include dirs: /home/giovanna/argo_go2_ws/src/go2_driver/include
-- Configured cppcheck exclude dirs and/or files: 
-- Added test 'flake8' to check Python code syntax and style conventions
-- Added test 'lint_cmake' to check CMake code style
-- Added test 'pep257' to check Python code against some of the style conventions in PEP 257
-- Added test 'uncrustify' to check C / C++ code style
-- Configured uncrustify additional arguments: 
-- Added test 'xmllint' to check XML markup files
-- Configuring done
-- Generating done
-- Build files have been written to: /home/giovanna/argo_go2_ws/build/go2_driver
[35m[1mScanning dependencies of target go2_driver[0m
[ 50%] [32mBuilding CXX object CMakeFiles/go2_driver.dir/src/go2_driver/go2_driver.cpp.o[0m
[100%] [32m[1mLinking CXX shared library libgo2_driver.so[0m
[100%] Built target go2_driver
-- Install configuration: ""
-- Execute custom install script
-- Symlinking: /home/giovanna/argo_go2_ws/install/go2_driver/lib/libgo2_driver.so
-- Symlinking: /home/giovanna/argo_go2_ws/install/go2_driver/include/go2_driver/go2_api_id.hpp
-- Symlinking: /home/giovanna/argo_go2_ws/install/go2_driver/include/go2_driver/go2_driver.hpp
-- Symlinking: /home/giovanna/argo_go2_ws/install/go2_driver/share/go2_driver/launch/go2_driver.launch.py
-- Symlinking: /home/giovanna/argo_go2_ws/install/go2_driver/share/go2_driver/environment/library_path.sh
-- Symlinking: /home/giovanna/argo_go2_ws/install/go2_driver/share/go2_driver/environment/library_path.dsv
-- Symlinking: /home/giovanna/argo_go2_ws/install/go2_driver/share/ament_index/resource_index/package_run_dependencies/go2_driver
-- Symlinking: /home/giovanna/argo_go2_ws/install/go2_driver/share/ament_index/resource_index/parent_prefix_path/go2_driver
-- Symlinking: /home/giovanna/argo_go2_ws/install/go2_driver/share/go2_driver/environment/ament_prefix_path.sh
-- Symlinking: /home/giovanna/argo_go2_ws/install/go2_driver/share/go2_driver/environment/ament_prefix_path.dsv
-- Symlinking: /home/giovanna/argo_go2_ws/install/go2_driver/share/go2_driver/environment/path.sh
-- Symlinking: /home/giovanna/argo_go2_ws/install/go2_driver/share/go2_driver/environment/path.dsv
-- Symlinking: /home/giovanna/argo_go2_ws/install/go2_driver/share/go2_driver/local_setup.bash
-- Symlinking: /home/giovanna/argo_go2_ws/install/go2_driver/share/go2_driver/local_setup.sh
-- Symlinking: /home/giovanna/argo_go2_ws/install/go2_driver/share/go2_driver/local_setup.zsh
-- Symlinking: /home/giovanna/argo_go2_ws/install/go2_driver/share/go2_driver/local_setup.dsv
-- Symlinking: /home/giovanna/argo_go2_ws/install/go2_driver/share/go2_driver/package.dsv
-- Symlinking: /home/giovanna/argo_go2_ws/install/go2_driver/share/ament_index/resource_index/packages/go2_driver
-- Symlinking: /home/giovanna/argo_go2_ws/install/go2_driver/share/ament_index/resource_index/rclcpp_components/go2_driver
-- Symlinking: /home/giovanna/argo_go2_ws/install/go2_driver/share/go2_driver/cmake/ament_cmake_export_include_directories-extras.cmake
-- Symlinking: /home/giovanna/argo_go2_ws/install/go2_driver/share/go2_driver/cmake/ament_cmake_export_libraries-extras.cmake
-- Symlinking: /home/giovanna/argo_go2_ws/install/go2_driver/share/go2_driver/cmake/ament_cmake_export_dependencies-extras.cmake
-- Symlinking: /home/giovanna/argo_go2_ws/install/go2_driver/share/go2_driver/cmake/go2_driverConfig.cmake
-- Symlinking: /home/giovanna/argo_go2_ws/install/go2_driver/share/go2_driver/cmake/go2_driverConfig-version.cmake
-- Symlinking: /home/giovanna/argo_go2_ws/install/go2_driver/share/go2_driver/package.xml
