[0.120s] Invoking command in '/home/giovanna/argo_go2_ws/build/go2_driver': AMENT_PREFIX_PATH=/home/giovanna/argo_go2_ws/install/unitree_go:/home/giovanna/argo_go2_ws/install/unitree_api:/home/giovanna/argo_go2_ws/install/go2_interfaces:${AMENT_PREFIX_PATH} CMAKE_PREFIX_PATH=/home/giovanna/argo_go2_ws/install/unitree_go:/home/giovanna/argo_go2_ws/install/unitree_api:/home/giovanna/argo_go2_ws/install/go2_interfaces:/opt/ros/foxy LD_LIBRARY_PATH=/home/giovanna/argo_go2_ws/install/unitree_go/lib:/home/giovanna/argo_go2_ws/install/unitree_api/lib:/home/giovanna/argo_go2_ws/install/go2_interfaces/lib:${LD_LIBRARY_PATH} PYTHONPATH=/home/giovanna/argo_go2_ws/install/unitree_go/lib/python3.8/site-packages:/home/giovanna/argo_go2_ws/install/unitree_api/lib/python3.8/site-packages:/home/giovanna/argo_go2_ws/install/go2_interfaces/lib/python3.8/site-packages:${PYTHONPATH} /usr/bin/cmake --build /home/giovanna/argo_go2_ws/build/go2_driver -- -j16 -l16
[0.198s] -- Found ament_cmake: 0.9.12 (/opt/ros/foxy/share/ament_cmake/cmake)
[0.248s] -- Using PYTHON_EXECUTABLE: /usr/bin/python3
[0.584s] -- Override CMake install command with custom implementation using symlinks instead of copying resources
[0.594s] -- Found rclcpp: 2.4.3 (/opt/ros/foxy/share/rclcpp/cmake)
[0.639s] -- Using all available rosidl_typesupport_c: rosidl_typesupport_fastrtps_c;rosidl_typesupport_introspection_c
[0.642s] -- Found rosidl_adapter: 1.3.1 (/opt/ros/foxy/share/rosidl_adapter/cmake)
[0.831s] -- Using all available rosidl_typesupport_cpp: rosidl_typesupport_fastrtps_cpp;rosidl_typesupport_introspection_cpp
[0.936s] -- Found rmw_implementation_cmake: 1.0.4 (/opt/ros/foxy/share/rmw_implementation_cmake/cmake)
[0.940s] -- Using RMW implementation 'rmw_fastrtps_cpp' as default
[1.282s] -- Found rclcpp_lifecycle: 2.4.3 (/opt/ros/foxy/share/rclcpp_lifecycle/cmake)
[1.345s] -- Found rclcpp_components: 2.4.3 (/opt/ros/foxy/share/rclcpp_components/cmake)
[1.473s] -- Found sensor_msgs: 2.0.5 (/opt/ros/foxy/share/sensor_msgs/cmake)
[1.666s] -- Found nav_msgs: 2.0.5 (/opt/ros/foxy/share/nav_msgs/cmake)
[1.742s] -- Found unitree_go: 0.0.1 (/home/giovanna/argo_go2_ws/install/unitree_go/share/unitree_go/cmake)
[1.800s] -- Found unitree_api: 0.0.0 (/home/giovanna/argo_go2_ws/install/unitree_api/share/unitree_api/cmake)
[1.863s] -- Found tf2_ros: 0.13.14 (/opt/ros/foxy/share/tf2_ros/cmake)
[2.183s] -- Found go2_interfaces: 1.0.0 (/home/giovanna/argo_go2_ws/install/go2_interfaces/share/go2_interfaces/cmake)
[2.197s] -- Found ament_lint_auto: 0.9.8 (/opt/ros/foxy/share/ament_lint_auto/cmake)
[2.270s] -- Added test 'cppcheck' to perform static code analysis on C / C++ code
[2.270s] -- Configured cppcheck include dirs: /home/giovanna/argo_go2_ws/src/go2_driver/include
[2.270s] -- Configured cppcheck exclude dirs and/or files: 
[2.270s] -- Added test 'flake8' to check Python code syntax and style conventions
[2.271s] -- Added test 'lint_cmake' to check CMake code style
[2.271s] -- Added test 'pep257' to check Python code against some of the style conventions in PEP 257
[2.272s] -- Added test 'uncrustify' to check C / C++ code style
[2.272s] -- Configured uncrustify additional arguments: 
[2.273s] -- Added test 'xmllint' to check XML markup files
[2.279s] -- Configuring done
[2.296s] -- Generating done
[2.304s] -- Build files have been written to: /home/giovanna/argo_go2_ws/build/go2_driver
[2.340s] [35m[1mScanning dependencies of target go2_driver[0m
[2.400s] [ 50%] [32mBuilding CXX object CMakeFiles/go2_driver.dir/src/go2_driver/go2_driver.cpp.o[0m
[17.218s] [100%] [32m[1mLinking CXX shared library libgo2_driver.so[0m
[17.991s] [100%] Built target go2_driver
[18.008s] Invoked command in '/home/giovanna/argo_go2_ws/build/go2_driver' returned '0': AMENT_PREFIX_PATH=/home/giovanna/argo_go2_ws/install/unitree_go:/home/giovanna/argo_go2_ws/install/unitree_api:/home/giovanna/argo_go2_ws/install/go2_interfaces:${AMENT_PREFIX_PATH} CMAKE_PREFIX_PATH=/home/giovanna/argo_go2_ws/install/unitree_go:/home/giovanna/argo_go2_ws/install/unitree_api:/home/giovanna/argo_go2_ws/install/go2_interfaces:/opt/ros/foxy LD_LIBRARY_PATH=/home/giovanna/argo_go2_ws/install/unitree_go/lib:/home/giovanna/argo_go2_ws/install/unitree_api/lib:/home/giovanna/argo_go2_ws/install/go2_interfaces/lib:${LD_LIBRARY_PATH} PYTHONPATH=/home/giovanna/argo_go2_ws/install/unitree_go/lib/python3.8/site-packages:/home/giovanna/argo_go2_ws/install/unitree_api/lib/python3.8/site-packages:/home/giovanna/argo_go2_ws/install/go2_interfaces/lib/python3.8/site-packages:${PYTHONPATH} /usr/bin/cmake --build /home/giovanna/argo_go2_ws/build/go2_driver -- -j16 -l16
[18.012s] Invoking command in '/home/giovanna/argo_go2_ws/build/go2_driver': AMENT_PREFIX_PATH=/home/giovanna/argo_go2_ws/install/unitree_go:/home/giovanna/argo_go2_ws/install/unitree_api:/home/giovanna/argo_go2_ws/install/go2_interfaces:${AMENT_PREFIX_PATH} CMAKE_PREFIX_PATH=/home/giovanna/argo_go2_ws/install/unitree_go:/home/giovanna/argo_go2_ws/install/unitree_api:/home/giovanna/argo_go2_ws/install/go2_interfaces:/opt/ros/foxy LD_LIBRARY_PATH=/home/giovanna/argo_go2_ws/install/unitree_go/lib:/home/giovanna/argo_go2_ws/install/unitree_api/lib:/home/giovanna/argo_go2_ws/install/go2_interfaces/lib:${LD_LIBRARY_PATH} PYTHONPATH=/home/giovanna/argo_go2_ws/install/unitree_go/lib/python3.8/site-packages:/home/giovanna/argo_go2_ws/install/unitree_api/lib/python3.8/site-packages:/home/giovanna/argo_go2_ws/install/go2_interfaces/lib/python3.8/site-packages:${PYTHONPATH} /usr/bin/cmake --install /home/giovanna/argo_go2_ws/build/go2_driver
[18.021s] -- Install configuration: ""
[18.021s] -- Execute custom install script
[18.021s] -- Symlinking: /home/giovanna/argo_go2_ws/install/go2_driver/lib/libgo2_driver.so
[18.032s] -- Symlinking: /home/giovanna/argo_go2_ws/install/go2_driver/include/go2_driver/go2_api_id.hpp
[18.041s] -- Symlinking: /home/giovanna/argo_go2_ws/install/go2_driver/include/go2_driver/go2_driver.hpp
[18.050s] -- Symlinking: /home/giovanna/argo_go2_ws/install/go2_driver/share/go2_driver/launch/go2_driver.launch.py
[18.060s] -- Symlinking: /home/giovanna/argo_go2_ws/install/go2_driver/share/go2_driver/environment/library_path.sh
[18.069s] -- Symlinking: /home/giovanna/argo_go2_ws/install/go2_driver/share/go2_driver/environment/library_path.dsv
[18.078s] -- Symlinking: /home/giovanna/argo_go2_ws/install/go2_driver/share/ament_index/resource_index/package_run_dependencies/go2_driver
[18.087s] -- Symlinking: /home/giovanna/argo_go2_ws/install/go2_driver/share/ament_index/resource_index/parent_prefix_path/go2_driver
[18.096s] -- Symlinking: /home/giovanna/argo_go2_ws/install/go2_driver/share/go2_driver/environment/ament_prefix_path.sh
[18.105s] -- Symlinking: /home/giovanna/argo_go2_ws/install/go2_driver/share/go2_driver/environment/ament_prefix_path.dsv
[18.114s] -- Symlinking: /home/giovanna/argo_go2_ws/install/go2_driver/share/go2_driver/environment/path.sh
[18.125s] -- Symlinking: /home/giovanna/argo_go2_ws/install/go2_driver/share/go2_driver/environment/path.dsv
[18.134s] -- Symlinking: /home/giovanna/argo_go2_ws/install/go2_driver/share/go2_driver/local_setup.bash
[18.145s] -- Symlinking: /home/giovanna/argo_go2_ws/install/go2_driver/share/go2_driver/local_setup.sh
[18.155s] -- Symlinking: /home/giovanna/argo_go2_ws/install/go2_driver/share/go2_driver/local_setup.zsh
[18.166s] -- Symlinking: /home/giovanna/argo_go2_ws/install/go2_driver/share/go2_driver/local_setup.dsv
[18.180s] -- Symlinking: /home/giovanna/argo_go2_ws/install/go2_driver/share/go2_driver/package.dsv
[18.192s] -- Symlinking: /home/giovanna/argo_go2_ws/install/go2_driver/share/ament_index/resource_index/packages/go2_driver
[18.204s] -- Symlinking: /home/giovanna/argo_go2_ws/install/go2_driver/share/ament_index/resource_index/rclcpp_components/go2_driver
[18.215s] -- Symlinking: /home/giovanna/argo_go2_ws/install/go2_driver/share/go2_driver/cmake/ament_cmake_export_include_directories-extras.cmake
[18.225s] -- Symlinking: /home/giovanna/argo_go2_ws/install/go2_driver/share/go2_driver/cmake/ament_cmake_export_libraries-extras.cmake
[18.234s] -- Symlinking: /home/giovanna/argo_go2_ws/install/go2_driver/share/go2_driver/cmake/ament_cmake_export_dependencies-extras.cmake
[18.244s] -- Symlinking: /home/giovanna/argo_go2_ws/install/go2_driver/share/go2_driver/cmake/go2_driverConfig.cmake
[18.254s] -- Symlinking: /home/giovanna/argo_go2_ws/install/go2_driver/share/go2_driver/cmake/go2_driverConfig-version.cmake
[18.263s] -- Symlinking: /home/giovanna/argo_go2_ws/install/go2_driver/share/go2_driver/package.xml
[18.276s] Invoked command in '/home/giovanna/argo_go2_ws/build/go2_driver' returned '0': AMENT_PREFIX_PATH=/home/giovanna/argo_go2_ws/install/unitree_go:/home/giovanna/argo_go2_ws/install/unitree_api:/home/giovanna/argo_go2_ws/install/go2_interfaces:${AMENT_PREFIX_PATH} CMAKE_PREFIX_PATH=/home/giovanna/argo_go2_ws/install/unitree_go:/home/giovanna/argo_go2_ws/install/unitree_api:/home/giovanna/argo_go2_ws/install/go2_interfaces:/opt/ros/foxy LD_LIBRARY_PATH=/home/giovanna/argo_go2_ws/install/unitree_go/lib:/home/giovanna/argo_go2_ws/install/unitree_api/lib:/home/giovanna/argo_go2_ws/install/go2_interfaces/lib:${LD_LIBRARY_PATH} PYTHONPATH=/home/giovanna/argo_go2_ws/install/unitree_go/lib/python3.8/site-packages:/home/giovanna/argo_go2_ws/install/unitree_api/lib/python3.8/site-packages:/home/giovanna/argo_go2_ws/install/go2_interfaces/lib/python3.8/site-packages:${PYTHONPATH} /usr/bin/cmake --install /home/giovanna/argo_go2_ws/build/go2_driver
