[0.055s] Invoking command in '/home/giovanna/argo_go2_ws/build/go2_interfaces': CMAKE_PREFIX_PATH=/opt/ros/foxy /usr/bin/cmake --build /home/giovanna/argo_go2_ws/build/go2_interfaces -- -j16 -l16
[0.123s] [  1%] Built target go2_interfaces__cpp
[0.129s] [ 12%] Built target go2_interfaces__rosidl_generator_c
[0.170s] [ 25%] Built target go2_interfaces__rosidl_typesupport_introspection_cpp
[0.172s] [ 35%] Built target go2_interfaces__rosidl_typesupport_cpp
[0.203s] [ 47%] Built target go2_interfaces__rosidl_typesupport_fastrtps_cpp
[0.203s] [ 58%] Built target go2_interfaces__rosidl_typesupport_c
[0.208s] [ 70%] Built target go2_interfaces__rosidl_typesupport_introspection_c
[0.253s] [ 82%] Built target go2_interfaces__rosidl_typesupport_fastrtps_c
[0.278s] [ 82%] Built target go2_interfaces
[0.302s] [ 83%] Built target go2_interfaces__py
[0.343s] [ 93%] Built target go2_interfaces__python
[0.373s] [ 95%] Built target go2_interfaces__rosidl_typesupport_c__pyext
[0.373s] [ 97%] Built target go2_interfaces__rosidl_typesupport_fastrtps_c__pyext
[0.373s] [100%] Built target go2_interfaces__rosidl_typesupport_introspection_c__pyext
[0.403s] Invoked command in '/home/giovanna/argo_go2_ws/build/go2_interfaces' returned '0': CMAKE_PREFIX_PATH=/opt/ros/foxy /usr/bin/cmake --build /home/giovanna/argo_go2_ws/build/go2_interfaces -- -j16 -l16
[0.409s] Invoking command in '/home/giovanna/argo_go2_ws/build/go2_interfaces': CMAKE_PREFIX_PATH=/opt/ros/foxy /usr/bin/cmake --install /home/giovanna/argo_go2_ws/build/go2_interfaces
[0.425s] -- Install configuration: ""
[0.426s] -- Execute custom install script
[0.426s] -- Up-to-date symlink: /home/giovanna/argo_go2_ws/install/go2_interfaces/share/ament_index/resource_index/rosidl_interfaces/go2_interfaces
[0.428s] -- Up-to-date symlink: /home/giovanna/argo_go2_ws/install/go2_interfaces/include/go2_interfaces/msg/rosidl_generator_c__visibility_control.h
[0.428s] -- Up-to-date symlink: /home/giovanna/argo_go2_ws/install/go2_interfaces/include/go2_interfaces/srv/body_height.h
[0.428s] -- Up-to-date symlink: /home/giovanna/argo_go2_ws/install/go2_interfaces/include/go2_interfaces/srv/continuous_gait.h
[0.428s] -- Up-to-date symlink: /home/giovanna/argo_go2_ws/install/go2_interfaces/include/go2_interfaces/srv/detail/body_height__functions.h
[0.429s] -- Up-to-date symlink: /home/giovanna/argo_go2_ws/install/go2_interfaces/include/go2_interfaces/srv/detail/body_height__struct.h
[0.429s] -- Up-to-date symlink: /home/giovanna/argo_go2_ws/install/go2_interfaces/include/go2_interfaces/srv/detail/body_height__type_support.h
[0.429s] -- Up-to-date symlink: /home/giovanna/argo_go2_ws/install/go2_interfaces/include/go2_interfaces/srv/detail/continuous_gait__functions.h
[0.430s] -- Up-to-date symlink: /home/giovanna/argo_go2_ws/install/go2_interfaces/include/go2_interfaces/srv/detail/continuous_gait__struct.h
[0.430s] -- Up-to-date symlink: /home/giovanna/argo_go2_ws/install/go2_interfaces/include/go2_interfaces/srv/detail/continuous_gait__type_support.h
[0.430s] -- Up-to-date symlink: /home/giovanna/argo_go2_ws/install/go2_interfaces/include/go2_interfaces/srv/detail/euler__functions.h
[0.431s] -- Up-to-date symlink: /home/giovanna/argo_go2_ws/install/go2_interfaces/include/go2_interfaces/srv/detail/euler__struct.h
[0.431s] -- Up-to-date symlink: /home/giovanna/argo_go2_ws/install/go2_interfaces/include/go2_interfaces/srv/detail/euler__type_support.h
[0.431s] -- Up-to-date symlink: /home/giovanna/argo_go2_ws/install/go2_interfaces/include/go2_interfaces/srv/detail/foot_raise_height__functions.h
[0.431s] -- Up-to-date symlink: /home/giovanna/argo_go2_ws/install/go2_interfaces/include/go2_interfaces/srv/detail/foot_raise_height__struct.h
[0.431s] -- Up-to-date symlink: /home/giovanna/argo_go2_ws/install/go2_interfaces/include/go2_interfaces/srv/detail/foot_raise_height__type_support.h
[0.432s] -- Up-to-date symlink: /home/giovanna/argo_go2_ws/install/go2_interfaces/include/go2_interfaces/srv/detail/mode__functions.h
[0.432s] -- Up-to-date symlink: /home/giovanna/argo_go2_ws/install/go2_interfaces/include/go2_interfaces/srv/detail/mode__struct.h
[0.432s] -- Up-to-date symlink: /home/giovanna/argo_go2_ws/install/go2_interfaces/include/go2_interfaces/srv/detail/mode__type_support.h
[0.432s] -- Up-to-date symlink: /home/giovanna/argo_go2_ws/install/go2_interfaces/include/go2_interfaces/srv/detail/pose__functions.h
[0.432s] -- Up-to-date symlink: /home/giovanna/argo_go2_ws/install/go2_interfaces/include/go2_interfaces/srv/detail/pose__struct.h
[0.433s] -- Up-to-date symlink: /home/giovanna/argo_go2_ws/install/go2_interfaces/include/go2_interfaces/srv/detail/pose__type_support.h
[0.433s] -- Up-to-date symlink: /home/giovanna/argo_go2_ws/install/go2_interfaces/include/go2_interfaces/srv/detail/speed_level__functions.h
[0.433s] -- Up-to-date symlink: /home/giovanna/argo_go2_ws/install/go2_interfaces/include/go2_interfaces/srv/detail/speed_level__struct.h
[0.433s] -- Up-to-date symlink: /home/giovanna/argo_go2_ws/install/go2_interfaces/include/go2_interfaces/srv/detail/speed_level__type_support.h
[0.434s] -- Up-to-date symlink: /home/giovanna/argo_go2_ws/install/go2_interfaces/include/go2_interfaces/srv/detail/switch_gait__functions.h
[0.434s] -- Up-to-date symlink: /home/giovanna/argo_go2_ws/install/go2_interfaces/include/go2_interfaces/srv/detail/switch_gait__struct.h
[0.434s] -- Up-to-date symlink: /home/giovanna/argo_go2_ws/install/go2_interfaces/include/go2_interfaces/srv/detail/switch_gait__type_support.h
[0.434s] -- Up-to-date symlink: /home/giovanna/argo_go2_ws/install/go2_interfaces/include/go2_interfaces/srv/detail/switch_joystick__functions.h
[0.434s] -- Up-to-date symlink: /home/giovanna/argo_go2_ws/install/go2_interfaces/include/go2_interfaces/srv/detail/switch_joystick__struct.h
[0.435s] -- Up-to-date symlink: /home/giovanna/argo_go2_ws/install/go2_interfaces/include/go2_interfaces/srv/detail/switch_joystick__type_support.h
[0.435s] -- Up-to-date symlink: /home/giovanna/argo_go2_ws/install/go2_interfaces/include/go2_interfaces/srv/euler.h
[0.435s] -- Up-to-date symlink: /home/giovanna/argo_go2_ws/install/go2_interfaces/include/go2_interfaces/srv/foot_raise_height.h
[0.435s] -- Up-to-date symlink: /home/giovanna/argo_go2_ws/install/go2_interfaces/include/go2_interfaces/srv/mode.h
[0.435s] -- Up-to-date symlink: /home/giovanna/argo_go2_ws/install/go2_interfaces/include/go2_interfaces/srv/pose.h
[0.435s] -- Up-to-date symlink: /home/giovanna/argo_go2_ws/install/go2_interfaces/include/go2_interfaces/srv/speed_level.h
[0.436s] -- Up-to-date symlink: /home/giovanna/argo_go2_ws/install/go2_interfaces/include/go2_interfaces/srv/switch_gait.h
[0.436s] -- Up-to-date symlink: /home/giovanna/argo_go2_ws/install/go2_interfaces/include/go2_interfaces/srv/switch_joystick.h
[0.436s] -- Up-to-date symlink: /home/giovanna/argo_go2_ws/install/go2_interfaces/share/go2_interfaces/environment/library_path.sh
[0.436s] -- Up-to-date symlink: /home/giovanna/argo_go2_ws/install/go2_interfaces/share/go2_interfaces/environment/library_path.dsv
[0.438s] -- Up-to-date symlink: /home/giovanna/argo_go2_ws/install/go2_interfaces/include/go2_interfaces/msg/rosidl_typesupport_fastrtps_c__visibility_control.h
[0.438s] -- Up-to-date symlink: /home/giovanna/argo_go2_ws/install/go2_interfaces/include/go2_interfaces/srv/detail/body_height__rosidl_typesupport_fastrtps_c.h
[0.438s] -- Up-to-date symlink: /home/giovanna/argo_go2_ws/install/go2_interfaces/include/go2_interfaces/srv/detail/continuous_gait__rosidl_typesupport_fastrtps_c.h
[0.439s] -- Up-to-date symlink: /home/giovanna/argo_go2_ws/install/go2_interfaces/include/go2_interfaces/srv/detail/euler__rosidl_typesupport_fastrtps_c.h
[0.440s] -- Up-to-date symlink: /home/giovanna/argo_go2_ws/install/go2_interfaces/include/go2_interfaces/srv/detail/foot_raise_height__rosidl_typesupport_fastrtps_c.h
[0.441s] -- Up-to-date symlink: /home/giovanna/argo_go2_ws/install/go2_interfaces/include/go2_interfaces/srv/detail/mode__rosidl_typesupport_fastrtps_c.h
[0.442s] -- Up-to-date symlink: /home/giovanna/argo_go2_ws/install/go2_interfaces/include/go2_interfaces/srv/detail/pose__rosidl_typesupport_fastrtps_c.h
[0.442s] -- Up-to-date symlink: /home/giovanna/argo_go2_ws/install/go2_interfaces/include/go2_interfaces/srv/detail/speed_level__rosidl_typesupport_fastrtps_c.h
[0.443s] -- Up-to-date symlink: /home/giovanna/argo_go2_ws/install/go2_interfaces/include/go2_interfaces/srv/detail/switch_gait__rosidl_typesupport_fastrtps_c.h
[0.443s] -- Up-to-date symlink: /home/giovanna/argo_go2_ws/install/go2_interfaces/include/go2_interfaces/srv/detail/switch_joystick__rosidl_typesupport_fastrtps_c.h
[0.444s] -- Up-to-date symlink: /home/giovanna/argo_go2_ws/install/go2_interfaces/lib/libgo2_interfaces__rosidl_typesupport_fastrtps_c.so
[0.446s] -- Up-to-date symlink: /home/giovanna/argo_go2_ws/install/go2_interfaces/include/go2_interfaces/msg/rosidl_typesupport_fastrtps_cpp__visibility_control.h
[0.446s] -- Up-to-date symlink: /home/giovanna/argo_go2_ws/install/go2_interfaces/include/go2_interfaces/srv/detail/body_height__rosidl_typesupport_fastrtps_cpp.hpp
[0.446s] -- Up-to-date symlink: /home/giovanna/argo_go2_ws/install/go2_interfaces/include/go2_interfaces/srv/detail/continuous_gait__rosidl_typesupport_fastrtps_cpp.hpp
[0.446s] -- Up-to-date symlink: /home/giovanna/argo_go2_ws/install/go2_interfaces/include/go2_interfaces/srv/detail/euler__rosidl_typesupport_fastrtps_cpp.hpp
[0.446s] -- Up-to-date symlink: /home/giovanna/argo_go2_ws/install/go2_interfaces/include/go2_interfaces/srv/detail/foot_raise_height__rosidl_typesupport_fastrtps_cpp.hpp
[0.446s] -- Up-to-date symlink: /home/giovanna/argo_go2_ws/install/go2_interfaces/include/go2_interfaces/srv/detail/mode__rosidl_typesupport_fastrtps_cpp.hpp
[0.446s] -- Up-to-date symlink: /home/giovanna/argo_go2_ws/install/go2_interfaces/include/go2_interfaces/srv/detail/pose__rosidl_typesupport_fastrtps_cpp.hpp
[0.446s] -- Up-to-date symlink: /home/giovanna/argo_go2_ws/install/go2_interfaces/include/go2_interfaces/srv/detail/speed_level__rosidl_typesupport_fastrtps_cpp.hpp
[0.447s] -- Up-to-date symlink: /home/giovanna/argo_go2_ws/install/go2_interfaces/include/go2_interfaces/srv/detail/switch_gait__rosidl_typesupport_fastrtps_cpp.hpp
[0.447s] -- Up-to-date symlink: /home/giovanna/argo_go2_ws/install/go2_interfaces/include/go2_interfaces/srv/detail/switch_joystick__rosidl_typesupport_fastrtps_cpp.hpp
[0.449s] -- Up-to-date symlink: /home/giovanna/argo_go2_ws/install/go2_interfaces/lib/libgo2_interfaces__rosidl_typesupport_fastrtps_cpp.so
[0.449s] -- Up-to-date symlink: /home/giovanna/argo_go2_ws/install/go2_interfaces/include/go2_interfaces/msg/rosidl_typesupport_introspection_c__visibility_control.h
[0.449s] -- Up-to-date symlink: /home/giovanna/argo_go2_ws/install/go2_interfaces/include/go2_interfaces/srv/detail/body_height__rosidl_typesupport_introspection_c.h
[0.450s] -- Up-to-date symlink: /home/giovanna/argo_go2_ws/install/go2_interfaces/include/go2_interfaces/srv/detail/continuous_gait__rosidl_typesupport_introspection_c.h
[0.450s] -- Up-to-date symlink: /home/giovanna/argo_go2_ws/install/go2_interfaces/include/go2_interfaces/srv/detail/euler__rosidl_typesupport_introspection_c.h
[0.450s] -- Up-to-date symlink: /home/giovanna/argo_go2_ws/install/go2_interfaces/include/go2_interfaces/srv/detail/foot_raise_height__rosidl_typesupport_introspection_c.h
[0.450s] -- Up-to-date symlink: /home/giovanna/argo_go2_ws/install/go2_interfaces/include/go2_interfaces/srv/detail/mode__rosidl_typesupport_introspection_c.h
[0.450s] -- Up-to-date symlink: /home/giovanna/argo_go2_ws/install/go2_interfaces/include/go2_interfaces/srv/detail/pose__rosidl_typesupport_introspection_c.h
[0.451s] -- Up-to-date symlink: /home/giovanna/argo_go2_ws/install/go2_interfaces/include/go2_interfaces/srv/detail/speed_level__rosidl_typesupport_introspection_c.h
[0.451s] -- Up-to-date symlink: /home/giovanna/argo_go2_ws/install/go2_interfaces/include/go2_interfaces/srv/detail/switch_gait__rosidl_typesupport_introspection_c.h
[0.451s] -- Up-to-date symlink: /home/giovanna/argo_go2_ws/install/go2_interfaces/include/go2_interfaces/srv/detail/switch_joystick__rosidl_typesupport_introspection_c.h
[0.451s] -- Up-to-date symlink: /home/giovanna/argo_go2_ws/install/go2_interfaces/include/go2_interfaces/msg/rosidl_generator_cpp__visibility_control.hpp
[0.451s] -- Up-to-date symlink: /home/giovanna/argo_go2_ws/install/go2_interfaces/include/go2_interfaces/srv/body_height.hpp
[0.451s] -- Up-to-date symlink: /home/giovanna/argo_go2_ws/install/go2_interfaces/include/go2_interfaces/srv/continuous_gait.hpp
[0.451s] -- Up-to-date symlink: /home/giovanna/argo_go2_ws/install/go2_interfaces/include/go2_interfaces/srv/detail/body_height__builder.hpp
[0.451s] -- Up-to-date symlink: /home/giovanna/argo_go2_ws/install/go2_interfaces/include/go2_interfaces/srv/detail/body_height__struct.hpp
[0.452s] -- Up-to-date symlink: /home/giovanna/argo_go2_ws/install/go2_interfaces/include/go2_interfaces/srv/detail/body_height__traits.hpp
[0.452s] -- Up-to-date symlink: /home/giovanna/argo_go2_ws/install/go2_interfaces/include/go2_interfaces/srv/detail/body_height__type_support.hpp
[0.452s] -- Up-to-date symlink: /home/giovanna/argo_go2_ws/install/go2_interfaces/include/go2_interfaces/srv/detail/continuous_gait__builder.hpp
[0.453s] -- Up-to-date symlink: /home/giovanna/argo_go2_ws/install/go2_interfaces/include/go2_interfaces/srv/detail/continuous_gait__struct.hpp
[0.453s] -- Up-to-date symlink: /home/giovanna/argo_go2_ws/install/go2_interfaces/include/go2_interfaces/srv/detail/continuous_gait__traits.hpp
[0.453s] -- Up-to-date symlink: /home/giovanna/argo_go2_ws/install/go2_interfaces/include/go2_interfaces/srv/detail/continuous_gait__type_support.hpp
[0.453s] -- Up-to-date symlink: /home/giovanna/argo_go2_ws/install/go2_interfaces/include/go2_interfaces/srv/detail/euler__builder.hpp
[0.453s] -- Up-to-date symlink: /home/giovanna/argo_go2_ws/install/go2_interfaces/include/go2_interfaces/srv/detail/euler__struct.hpp
[0.453s] -- Up-to-date symlink: /home/giovanna/argo_go2_ws/install/go2_interfaces/include/go2_interfaces/srv/detail/euler__traits.hpp
[0.454s] -- Up-to-date symlink: /home/giovanna/argo_go2_ws/install/go2_interfaces/include/go2_interfaces/srv/detail/euler__type_support.hpp
[0.454s] -- Up-to-date symlink: /home/giovanna/argo_go2_ws/install/go2_interfaces/include/go2_interfaces/srv/detail/foot_raise_height__builder.hpp
[0.454s] -- Up-to-date symlink: /home/giovanna/argo_go2_ws/install/go2_interfaces/include/go2_interfaces/srv/detail/foot_raise_height__struct.hpp
[0.454s] -- Up-to-date symlink: /home/giovanna/argo_go2_ws/install/go2_interfaces/include/go2_interfaces/srv/detail/foot_raise_height__traits.hpp
[0.454s] -- Up-to-date symlink: /home/giovanna/argo_go2_ws/install/go2_interfaces/include/go2_interfaces/srv/detail/foot_raise_height__type_support.hpp
[0.455s] -- Up-to-date symlink: /home/giovanna/argo_go2_ws/install/go2_interfaces/include/go2_interfaces/srv/detail/mode__builder.hpp
[0.455s] -- Up-to-date symlink: /home/giovanna/argo_go2_ws/install/go2_interfaces/include/go2_interfaces/srv/detail/mode__struct.hpp
[0.455s] -- Up-to-date symlink: /home/giovanna/argo_go2_ws/install/go2_interfaces/include/go2_interfaces/srv/detail/mode__traits.hpp
[0.455s] -- Up-to-date symlink: /home/giovanna/argo_go2_ws/install/go2_interfaces/include/go2_interfaces/srv/detail/mode__type_support.hpp
[0.455s] -- Up-to-date symlink: /home/giovanna/argo_go2_ws/install/go2_interfaces/include/go2_interfaces/srv/detail/pose__builder.hpp
[0.456s] -- Up-to-date symlink: /home/giovanna/argo_go2_ws/install/go2_interfaces/include/go2_interfaces/srv/detail/pose__struct.hpp
[0.457s] -- Up-to-date symlink: /home/giovanna/argo_go2_ws/install/go2_interfaces/include/go2_interfaces/srv/detail/pose__traits.hpp
[0.457s] -- Up-to-date symlink: /home/giovanna/argo_go2_ws/install/go2_interfaces/include/go2_interfaces/srv/detail/pose__type_support.hpp
[0.457s] -- Up-to-date symlink: /home/giovanna/argo_go2_ws/install/go2_interfaces/include/go2_interfaces/srv/detail/speed_level__builder.hpp
[0.457s] -- Up-to-date symlink: /home/giovanna/argo_go2_ws/install/go2_interfaces/include/go2_interfaces/srv/detail/speed_level__struct.hpp
[0.457s] -- Up-to-date symlink: /home/giovanna/argo_go2_ws/install/go2_interfaces/include/go2_interfaces/srv/detail/speed_level__traits.hpp
[0.458s] -- Up-to-date symlink: /home/giovanna/argo_go2_ws/install/go2_interfaces/include/go2_interfaces/srv/detail/speed_level__type_support.hpp
[0.458s] -- Up-to-date symlink: /home/giovanna/argo_go2_ws/install/go2_interfaces/include/go2_interfaces/srv/detail/switch_gait__builder.hpp
[0.459s] -- Up-to-date symlink: /home/giovanna/argo_go2_ws/install/go2_interfaces/include/go2_interfaces/srv/detail/switch_gait__struct.hpp
[0.459s] -- Up-to-date symlink: /home/giovanna/argo_go2_ws/install/go2_interfaces/include/go2_interfaces/srv/detail/switch_gait__traits.hpp
[0.459s] -- Up-to-date symlink: /home/giovanna/argo_go2_ws/install/go2_interfaces/include/go2_interfaces/srv/detail/switch_gait__type_support.hpp
[0.459s] -- Up-to-date symlink: /home/giovanna/argo_go2_ws/install/go2_interfaces/include/go2_interfaces/srv/detail/switch_joystick__builder.hpp
[0.460s] -- Up-to-date symlink: /home/giovanna/argo_go2_ws/install/go2_interfaces/include/go2_interfaces/srv/detail/switch_joystick__struct.hpp
[0.460s] -- Up-to-date symlink: /home/giovanna/argo_go2_ws/install/go2_interfaces/include/go2_interfaces/srv/detail/switch_joystick__traits.hpp
[0.460s] -- Up-to-date symlink: /home/giovanna/argo_go2_ws/install/go2_interfaces/include/go2_interfaces/srv/detail/switch_joystick__type_support.hpp
[0.460s] -- Up-to-date symlink: /home/giovanna/argo_go2_ws/install/go2_interfaces/include/go2_interfaces/srv/euler.hpp
[0.460s] -- Up-to-date symlink: /home/giovanna/argo_go2_ws/install/go2_interfaces/include/go2_interfaces/srv/foot_raise_height.hpp
[0.460s] -- Up-to-date symlink: /home/giovanna/argo_go2_ws/install/go2_interfaces/include/go2_interfaces/srv/mode.hpp
[0.460s] -- Up-to-date symlink: /home/giovanna/argo_go2_ws/install/go2_interfaces/include/go2_interfaces/srv/pose.hpp
[0.460s] -- Up-to-date symlink: /home/giovanna/argo_go2_ws/install/go2_interfaces/include/go2_interfaces/srv/speed_level.hpp
[0.461s] -- Up-to-date symlink: /home/giovanna/argo_go2_ws/install/go2_interfaces/include/go2_interfaces/srv/switch_gait.hpp
[0.462s] -- Up-to-date symlink: /home/giovanna/argo_go2_ws/install/go2_interfaces/include/go2_interfaces/srv/switch_joystick.hpp
[0.464s] -- Up-to-date symlink: /home/giovanna/argo_go2_ws/install/go2_interfaces/include/go2_interfaces/srv/detail/body_height__rosidl_typesupport_introspection_cpp.hpp
[0.464s] -- Up-to-date symlink: /home/giovanna/argo_go2_ws/install/go2_interfaces/include/go2_interfaces/srv/detail/continuous_gait__rosidl_typesupport_introspection_cpp.hpp
[0.464s] -- Up-to-date symlink: /home/giovanna/argo_go2_ws/install/go2_interfaces/include/go2_interfaces/srv/detail/euler__rosidl_typesupport_introspection_cpp.hpp
[0.464s] -- Up-to-date symlink: /home/giovanna/argo_go2_ws/install/go2_interfaces/include/go2_interfaces/srv/detail/foot_raise_height__rosidl_typesupport_introspection_cpp.hpp
[0.467s] -- Up-to-date symlink: /home/giovanna/argo_go2_ws/install/go2_interfaces/include/go2_interfaces/srv/detail/mode__rosidl_typesupport_introspection_cpp.hpp
[0.467s] -- Up-to-date symlink: /home/giovanna/argo_go2_ws/install/go2_interfaces/include/go2_interfaces/srv/detail/pose__rosidl_typesupport_introspection_cpp.hpp
[0.467s] -- Up-to-date symlink: /home/giovanna/argo_go2_ws/install/go2_interfaces/include/go2_interfaces/srv/detail/speed_level__rosidl_typesupport_introspection_cpp.hpp
[0.468s] -- Up-to-date symlink: /home/giovanna/argo_go2_ws/install/go2_interfaces/include/go2_interfaces/srv/detail/switch_gait__rosidl_typesupport_introspection_cpp.hpp
[0.468s] -- Up-to-date symlink: /home/giovanna/argo_go2_ws/install/go2_interfaces/include/go2_interfaces/srv/detail/switch_joystick__rosidl_typesupport_introspection_cpp.hpp
[0.468s] -- Up-to-date symlink: /home/giovanna/argo_go2_ws/install/go2_interfaces/share/go2_interfaces/environment/pythonpath.sh
[0.468s] -- Up-to-date symlink: /home/giovanna/argo_go2_ws/install/go2_interfaces/share/go2_interfaces/environment/pythonpath.dsv
[0.468s] -- Up-to-date symlink: /home/giovanna/argo_go2_ws/install/go2_interfaces/lib/python3.8/site-packages/go2_interfaces/__init__.py
[0.470s] -- Up-to-date symlink: /home/giovanna/argo_go2_ws/install/go2_interfaces/lib/python3.8/site-packages/go2_interfaces/srv/__init__.py
[0.470s] -- Up-to-date symlink: /home/giovanna/argo_go2_ws/install/go2_interfaces/lib/python3.8/site-packages/go2_interfaces/srv/_body_height.py
[0.471s] -- Up-to-date symlink: /home/giovanna/argo_go2_ws/install/go2_interfaces/lib/python3.8/site-packages/go2_interfaces/srv/_continuous_gait.py
[0.472s] -- Up-to-date symlink: /home/giovanna/argo_go2_ws/install/go2_interfaces/lib/python3.8/site-packages/go2_interfaces/srv/_euler.py
[0.472s] -- Up-to-date symlink: /home/giovanna/argo_go2_ws/install/go2_interfaces/lib/python3.8/site-packages/go2_interfaces/srv/_foot_raise_height.py
[0.472s] -- Up-to-date symlink: /home/giovanna/argo_go2_ws/install/go2_interfaces/lib/python3.8/site-packages/go2_interfaces/srv/_mode.py
[0.472s] -- Up-to-date symlink: /home/giovanna/argo_go2_ws/install/go2_interfaces/lib/python3.8/site-packages/go2_interfaces/srv/_pose.py
[0.473s] -- Up-to-date symlink: /home/giovanna/argo_go2_ws/install/go2_interfaces/lib/python3.8/site-packages/go2_interfaces/srv/_speed_level.py
[0.473s] -- Up-to-date symlink: /home/giovanna/argo_go2_ws/install/go2_interfaces/lib/python3.8/site-packages/go2_interfaces/srv/_switch_gait.py
[0.473s] -- Up-to-date symlink: /home/giovanna/argo_go2_ws/install/go2_interfaces/lib/python3.8/site-packages/go2_interfaces/srv/_switch_joystick.py
[0.474s] -- Up-to-date symlink: /home/giovanna/argo_go2_ws/install/go2_interfaces/lib/python3.8/site-packages/go2_interfaces/go2_interfaces_s__rosidl_typesupport_fastrtps_c.cpython-38-x86_64-linux-gnu.so
[0.474s] -- Up-to-date symlink: /home/giovanna/argo_go2_ws/install/go2_interfaces/lib/python3.8/site-packages/go2_interfaces/go2_interfaces_s__rosidl_typesupport_introspection_c.cpython-38-x86_64-linux-gnu.so
[0.474s] -- Up-to-date symlink: /home/giovanna/argo_go2_ws/install/go2_interfaces/lib/python3.8/site-packages/go2_interfaces/go2_interfaces_s__rosidl_typesupport_c.cpython-38-x86_64-linux-gnu.so
[0.474s] -- Up-to-date symlink: /home/giovanna/argo_go2_ws/install/go2_interfaces/lib/libgo2_interfaces__python.so
[0.474s] -- Up-to-date symlink: /home/giovanna/argo_go2_ws/install/go2_interfaces/share/go2_interfaces/srv/BodyHeight.idl
[0.475s] -- Up-to-date symlink: /home/giovanna/argo_go2_ws/install/go2_interfaces/share/go2_interfaces/srv/ContinuousGait.idl
[0.475s] -- Up-to-date symlink: /home/giovanna/argo_go2_ws/install/go2_interfaces/share/go2_interfaces/srv/Euler.idl
[0.475s] -- Up-to-date symlink: /home/giovanna/argo_go2_ws/install/go2_interfaces/share/go2_interfaces/srv/FootRaiseHeight.idl
[0.476s] -- Up-to-date symlink: /home/giovanna/argo_go2_ws/install/go2_interfaces/share/go2_interfaces/srv/Mode.idl
[0.476s] -- Up-to-date symlink: /home/giovanna/argo_go2_ws/install/go2_interfaces/share/go2_interfaces/srv/Pose.idl
[0.476s] -- Up-to-date symlink: /home/giovanna/argo_go2_ws/install/go2_interfaces/share/go2_interfaces/srv/SpeedLevel.idl
[0.476s] -- Up-to-date symlink: /home/giovanna/argo_go2_ws/install/go2_interfaces/share/go2_interfaces/srv/SwitchGait.idl
[0.476s] -- Up-to-date symlink: /home/giovanna/argo_go2_ws/install/go2_interfaces/share/go2_interfaces/srv/SwitchJoystick.idl
[0.476s] -- Up-to-date symlink: /home/giovanna/argo_go2_ws/install/go2_interfaces/share/go2_interfaces/srv/BodyHeight.srv
[0.478s] -- Up-to-date symlink: /home/giovanna/argo_go2_ws/install/go2_interfaces/share/go2_interfaces/srv/BodyHeight_Request.msg
[0.478s] -- Up-to-date symlink: /home/giovanna/argo_go2_ws/install/go2_interfaces/share/go2_interfaces/srv/BodyHeight_Response.msg
[0.478s] -- Up-to-date symlink: /home/giovanna/argo_go2_ws/install/go2_interfaces/share/go2_interfaces/srv/ContinuousGait.srv
[0.478s] -- Up-to-date symlink: /home/giovanna/argo_go2_ws/install/go2_interfaces/share/go2_interfaces/srv/ContinuousGait_Request.msg
[0.478s] -- Up-to-date symlink: /home/giovanna/argo_go2_ws/install/go2_interfaces/share/go2_interfaces/srv/ContinuousGait_Response.msg
[0.478s] -- Up-to-date symlink: /home/giovanna/argo_go2_ws/install/go2_interfaces/share/go2_interfaces/srv/Euler.srv
[0.478s] -- Up-to-date symlink: /home/giovanna/argo_go2_ws/install/go2_interfaces/share/go2_interfaces/srv/Euler_Request.msg
[0.478s] -- Up-to-date symlink: /home/giovanna/argo_go2_ws/install/go2_interfaces/share/go2_interfaces/srv/Euler_Response.msg
[0.478s] -- Up-to-date symlink: /home/giovanna/argo_go2_ws/install/go2_interfaces/share/go2_interfaces/srv/FootRaiseHeight.srv
[0.479s] -- Up-to-date symlink: /home/giovanna/argo_go2_ws/install/go2_interfaces/share/go2_interfaces/srv/FootRaiseHeight_Request.msg
[0.479s] -- Up-to-date symlink: /home/giovanna/argo_go2_ws/install/go2_interfaces/share/go2_interfaces/srv/FootRaiseHeight_Response.msg
[0.480s] -- Up-to-date symlink: /home/giovanna/argo_go2_ws/install/go2_interfaces/share/go2_interfaces/srv/Mode.srv
[0.480s] -- Up-to-date symlink: /home/giovanna/argo_go2_ws/install/go2_interfaces/share/go2_interfaces/srv/Mode_Request.msg
[0.480s] -- Up-to-date symlink: /home/giovanna/argo_go2_ws/install/go2_interfaces/share/go2_interfaces/srv/Mode_Response.msg
[0.481s] -- Up-to-date symlink: /home/giovanna/argo_go2_ws/install/go2_interfaces/share/go2_interfaces/srv/Pose.srv
[0.481s] -- Up-to-date symlink: /home/giovanna/argo_go2_ws/install/go2_interfaces/share/go2_interfaces/srv/Pose_Request.msg
[0.481s] -- Up-to-date symlink: /home/giovanna/argo_go2_ws/install/go2_interfaces/share/go2_interfaces/srv/Pose_Response.msg
[0.482s] -- Up-to-date symlink: /home/giovanna/argo_go2_ws/install/go2_interfaces/share/go2_interfaces/srv/SpeedLevel.srv
[0.482s] -- Up-to-date symlink: /home/giovanna/argo_go2_ws/install/go2_interfaces/share/go2_interfaces/srv/SpeedLevel_Request.msg
[0.482s] -- Up-to-date symlink: /home/giovanna/argo_go2_ws/install/go2_interfaces/share/go2_interfaces/srv/SpeedLevel_Response.msg
[0.482s] -- Up-to-date symlink: /home/giovanna/argo_go2_ws/install/go2_interfaces/share/go2_interfaces/srv/SwitchGait.srv
[0.482s] -- Up-to-date symlink: /home/giovanna/argo_go2_ws/install/go2_interfaces/share/go2_interfaces/srv/SwitchGait_Request.msg
[0.482s] -- Up-to-date symlink: /home/giovanna/argo_go2_ws/install/go2_interfaces/share/go2_interfaces/srv/SwitchGait_Response.msg
[0.483s] -- Up-to-date symlink: /home/giovanna/argo_go2_ws/install/go2_interfaces/share/go2_interfaces/srv/SwitchJoystick.srv
[0.483s] -- Up-to-date symlink: /home/giovanna/argo_go2_ws/install/go2_interfaces/share/go2_interfaces/srv/SwitchJoystick_Request.msg
[0.483s] -- Up-to-date symlink: /home/giovanna/argo_go2_ws/install/go2_interfaces/share/go2_interfaces/srv/SwitchJoystick_Response.msg
[0.483s] -- Up-to-date symlink: /home/giovanna/argo_go2_ws/install/go2_interfaces/share/ament_index/resource_index/package_run_dependencies/go2_interfaces
[0.483s] -- Up-to-date symlink: /home/giovanna/argo_go2_ws/install/go2_interfaces/share/ament_index/resource_index/parent_prefix_path/go2_interfaces
[0.484s] -- Up-to-date symlink: /home/giovanna/argo_go2_ws/install/go2_interfaces/share/go2_interfaces/environment/ament_prefix_path.sh
[0.484s] -- Up-to-date symlink: /home/giovanna/argo_go2_ws/install/go2_interfaces/share/go2_interfaces/environment/ament_prefix_path.dsv
[0.484s] -- Up-to-date symlink: /home/giovanna/argo_go2_ws/install/go2_interfaces/share/go2_interfaces/environment/path.sh
[0.484s] -- Up-to-date symlink: /home/giovanna/argo_go2_ws/install/go2_interfaces/share/go2_interfaces/environment/path.dsv
[0.484s] -- Up-to-date symlink: /home/giovanna/argo_go2_ws/install/go2_interfaces/share/go2_interfaces/local_setup.bash
[0.484s] -- Up-to-date symlink: /home/giovanna/argo_go2_ws/install/go2_interfaces/share/go2_interfaces/local_setup.sh
[0.484s] -- Up-to-date symlink: /home/giovanna/argo_go2_ws/install/go2_interfaces/share/go2_interfaces/local_setup.zsh
[0.485s] -- Up-to-date symlink: /home/giovanna/argo_go2_ws/install/go2_interfaces/share/go2_interfaces/local_setup.dsv
[0.485s] -- Symlinking: /home/giovanna/argo_go2_ws/install/go2_interfaces/share/go2_interfaces/package.dsv
[0.488s] -- Up-to-date symlink: /home/giovanna/argo_go2_ws/install/go2_interfaces/share/ament_index/resource_index/packages/go2_interfaces
[0.489s] -- Up-to-date symlink: /home/giovanna/argo_go2_ws/install/go2_interfaces/share/go2_interfaces/cmake/rosidl_cmake-extras.cmake
[0.489s] -- Up-to-date symlink: /home/giovanna/argo_go2_ws/install/go2_interfaces/share/go2_interfaces/cmake/ament_cmake_export_dependencies-extras.cmake
[0.489s] -- Up-to-date symlink: /home/giovanna/argo_go2_ws/install/go2_interfaces/share/go2_interfaces/cmake/ament_cmake_export_libraries-extras.cmake
[0.490s] -- Up-to-date symlink: /home/giovanna/argo_go2_ws/install/go2_interfaces/share/go2_interfaces/cmake/ament_cmake_export_targets-extras.cmake
[0.490s] -- Up-to-date symlink: /home/giovanna/argo_go2_ws/install/go2_interfaces/share/go2_interfaces/cmake/ament_cmake_export_include_directories-extras.cmake
[0.491s] -- Up-to-date symlink: /home/giovanna/argo_go2_ws/install/go2_interfaces/share/go2_interfaces/cmake/rosidl_cmake_export_typesupport_libraries-extras.cmake
[0.491s] -- Up-to-date symlink: /home/giovanna/argo_go2_ws/install/go2_interfaces/share/go2_interfaces/cmake/rosidl_cmake_export_typesupport_targets-extras.cmake
[0.492s] -- Up-to-date symlink: /home/giovanna/argo_go2_ws/install/go2_interfaces/share/go2_interfaces/cmake/go2_interfacesConfig.cmake
[0.492s] -- Up-to-date symlink: /home/giovanna/argo_go2_ws/install/go2_interfaces/share/go2_interfaces/cmake/go2_interfacesConfig-version.cmake
[0.492s] -- Up-to-date symlink: /home/giovanna/argo_go2_ws/install/go2_interfaces/share/go2_interfaces/package.xml
[0.495s] -- Up-to-date: /home/giovanna/argo_go2_ws/install/go2_interfaces/lib/libgo2_interfaces__rosidl_generator_c.so
[0.495s] -- Up-to-date: /home/giovanna/argo_go2_ws/install/go2_interfaces/lib/libgo2_interfaces__rosidl_typesupport_introspection_c.so
[0.496s] -- Up-to-date: /home/giovanna/argo_go2_ws/install/go2_interfaces/lib/libgo2_interfaces__rosidl_typesupport_c.so
[0.496s] -- Up-to-date: /home/giovanna/argo_go2_ws/install/go2_interfaces/lib/libgo2_interfaces__rosidl_typesupport_introspection_cpp.so
[0.496s] -- Up-to-date: /home/giovanna/argo_go2_ws/install/go2_interfaces/lib/libgo2_interfaces__rosidl_typesupport_cpp.so
[0.534s] -- Up-to-date: /home/giovanna/argo_go2_ws/install/go2_interfaces/share/go2_interfaces/cmake/go2_interfaces__rosidl_generator_cExport.cmake
[0.535s] -- Up-to-date: /home/giovanna/argo_go2_ws/install/go2_interfaces/share/go2_interfaces/cmake/go2_interfaces__rosidl_generator_cExport-noconfig.cmake
[0.535s] -- Up-to-date: /home/giovanna/argo_go2_ws/install/go2_interfaces/share/go2_interfaces/cmake/go2_interfaces__rosidl_typesupport_introspection_cExport.cmake
[0.535s] -- Up-to-date: /home/giovanna/argo_go2_ws/install/go2_interfaces/share/go2_interfaces/cmake/go2_interfaces__rosidl_typesupport_introspection_cExport-noconfig.cmake
[0.535s] -- Up-to-date: /home/giovanna/argo_go2_ws/install/go2_interfaces/share/go2_interfaces/cmake/go2_interfaces__rosidl_typesupport_cExport.cmake
[0.535s] -- Up-to-date: /home/giovanna/argo_go2_ws/install/go2_interfaces/share/go2_interfaces/cmake/go2_interfaces__rosidl_typesupport_cExport-noconfig.cmake
[0.537s] -- Up-to-date: /home/giovanna/argo_go2_ws/install/go2_interfaces/share/go2_interfaces/cmake/go2_interfaces__rosidl_generator_cppExport.cmake
[0.537s] -- Up-to-date: /home/giovanna/argo_go2_ws/install/go2_interfaces/share/go2_interfaces/cmake/go2_interfaces__rosidl_typesupport_introspection_cppExport.cmake
[0.537s] -- Up-to-date: /home/giovanna/argo_go2_ws/install/go2_interfaces/share/go2_interfaces/cmake/go2_interfaces__rosidl_typesupport_introspection_cppExport-noconfig.cmake
[0.537s] -- Up-to-date: /home/giovanna/argo_go2_ws/install/go2_interfaces/share/go2_interfaces/cmake/go2_interfaces__rosidl_typesupport_cppExport.cmake
[0.538s] -- Up-to-date: /home/giovanna/argo_go2_ws/install/go2_interfaces/share/go2_interfaces/cmake/go2_interfaces__rosidl_typesupport_cppExport-noconfig.cmake
[0.548s] Invoked command in '/home/giovanna/argo_go2_ws/build/go2_interfaces' returned '0': CMAKE_PREFIX_PATH=/opt/ros/foxy /usr/bin/cmake --install /home/giovanna/argo_go2_ws/build/go2_interfaces
